AhOfWKx168fAxoq0oHLO29IGpLpCUPIZEHYyW20565i3TCWaN0CiPJybWje69vVBPwYwI9ULl86PpokIk5SFsOnoS4koDCJWjeLaEXML5p7ws86w/M8sBEMtROhViyjsy1twh18C+pnX/87VA+BJSHlc8hJl+QyILdIQ4Ol5Km5PisYDJlKc9DVfI+O7vrTb
9BsStByVIscirNgZTRBlrmCR2vrVTlMYHgBshv4lqM67GEAym81JBph8AyRPVpGZktiB0Nwvu7FQRCYkA8tUWpL8aRxCo/+NZgREHSZSIHl8TgdzfDq5bQjW31V4hWMUCnPzwZanT6aJko2yWrD5j5wCqUzockXfShQbxA7B2oSs3lEhO9G3uLTB
bMmN2Qay8v02UkpDcFoEpqnFxAh6/wJdBaflXSknw3nr+s+J4i9eWcdJhK3N4NSJGR8qagIQOSiUjh1vAaTuSbw0hHxyuP3mi9kBohjYSzBahzsdMhypxIz7MxUQYC7wU1/8nrL4QcjSN7epZiAMibaGCH1ciq/nLO6xSUhyV4EokUvQqvdbFYazBwIJNsWmSmRRCzzGgVi4ps17CjATEF5VckCM2nn1q0X/nLTl
1YkIZLMidiJB4wYpBpfRYDlbEW+h2Ve2z9AkiO1XOL/tONWxk8LPHur6udt/YOp9aqC9xMMXxmpZiu0DYy72qcamzZbKwq/O6vTPvfzgX98WWI+dEkyovffygvnempJ5jen7/8Ue7bc8NKMzoxT3w0T6rbljWoykx/SPex4XxKGztMg=
G4+pcU5n2sZ3/zf+NB2DpMsLCryQht286drO3ruV10nsjFOy0+0UYSmn3CdhuFkp97uKVtbapdN7cM5FJuDxvKeHQuLFahHLpx7SscqmwY7u8msGFhRTNXhwO6daGMOlNlystevSvrGa6vbhAWl3ZyHuKX8AFL87pwTT+4g6YUGHyggsW5TzM1on4Lm/tMQ=
AHZhVMTFzUNSBSWkfexDV8sLCryQht286drO3ruV10nsnVu81eIVMymn3CdhuFkp97qKVtbapdN7cM5FJuDxvKeHQuLFahHLpx7SscqmwY7u8msGFhRTNXhwO6daGMOlNlystevSvrGa6vbhAWl3ZyHuKX8AFL87pwTT+4g6YUGHyggsW5TzM1on4Lm/tMQ=
PdCW80AprRtkNrDosXVYr+kqJgRFkTL2gjsmOp5BCzoDZV43j7vuNAzmYXTJ2sSgV1FwMykN+rP7g107DdeY/404NXEzSa5eyvpZGx/gSr2KoJ2Eo5dmqnmKjUPDrhZp5qbtVipCD46K9O99XGA/nzZYb12yzMh9F/Kiub4aMrlt6Zu/ZZ4Ndxw0w3NDlFeDJPqNeYPaLOTn9G+7vpek4ZO06A==
Fg8bMa1FoY3EjWELud6uwM22akoBpCZeRC1aXAhPJSk4yAUcG+hZRgt5wYIY+IuQ3Cf4PTJ8aSQMm/P1EABuENM/vH6y2AFoUpf3iWYATCk2JkhdXGrvh6wO8SlIkpfhqHGLsKrXm7UGE8ciCRYFBsrEkSs8pkG4OMYNmwpQU/DeNTKgjPo5VSvlv7y0xQ==
vupOMzKiUBpKkeJ3xeqTMHY/NEjZY3GMdC/xlJ6X/BNBUXFB1NzkQS5I7Vu9F0jf/TjFUWMPHr56esm7z6A6nZqgjeSTV7bK6Qp947PuxonWpt22+gJ/Lnp0fx2MoA//Jlh/fcKMGN2HchJZDlpimZ3p65+1Xr0XrLRT0xNUp6M0+p2Zs5p8BHd0HxtOV/SBo7TY
O3g7d4drtmmFBPLu8O65PY8VrqpeWPFKCnQsS35+97u3QSX1US7LJpWMQz+FwNgmd0picYxvgtKFzqQ9l5ewvvLqS4koDCJWjeLaEXML5p7ws86w/M8sBEMtROhViyjsy1twh18C+pnX/87VA+BJSHlc8hJl+QyILdIQ4Ol5Km5PisYDJlKc9DVfI+O7vrTb
wOVKVgC8Oz7QnwH82xhq5r3vOUQ294SD+dGJ0XN2wkMjwyWrlTdQr+U43aF7LTbOMjoBaycAgg3iIDV0a7cemqFKNdNbDt65zqbFhuLilx4yNDdNJED3b57YB+16LPANTzJaKSZ6emmF6fPvrX6V52R0G4N79B8zzHolCcv61NS/tNcrJjfssbu0wA==
w8U3wCyoUYg4R8UHOxlope7D2JqtgqhXU574gZxyyJ4rQdGKGPCbqP3+CPXytNl8bONjfZCI/ugz5ww28pBxMHKv54FmCFwRFn44FRwiX19M9mGhyBoHmcgpO3hqH2ttJivXKgkeFT7qHGHj/G7x4Fi+nROK2MMIPu2C6MyySQ0L3a+0tM0=
ZQioIiHl710I71KvlW7x4MG3ZkcY5W8WWzoDUUQQens60UQcG+hZRgt5wYIY+IuQ2yb4PTJ8aSQMm/P1EABuENM/vH6y2AFoUpf3iWYATCk2JkhdXGrvh6wO8SlIkpfhqHGLsKrXm7UGE8ciCRYFBsrEkSs8pkG4OMYNmwpQU/DeNTKgjPo5VSvlv7y0xQ==
MlmFcq9QKv8kpYMe/rMkpSdUabjF1h37wqfbVGnYmHylJ9GgmPQrsy5HfQiLuCOog9hWFxOZ04bXEqVk+kYdmwz54FjQDB2mf8U4BaljWjcMvOmpHcjxX8t/02GrWB6GCzClPjYP9QVMlurN0eCza70cWOJ/BvEEldMiNu1iFClvC3C6umYbvfBwwnIlDqrFy1fm2nh/3kRk8wxgqwF0fC2XaGgDV6AzB/6aPf+TPoE7PMmMcRBiZn1FrGxFfqD0EeXqagcGljf+LnzQnbNTNwPitJ8=
Uhihtb0nsAffWKk1zhvc1U/+YkCFgyxQLl9lCfAE2l0PKudxbncHMIHA4b62+Vam9wLaZ2X3YM/1OM1BS2NHb4K6kct3QNItEiAFFDv3znoxykWz684umd6m1aYSIid+QrSnrfQApw+u2PfNKmygrd+y6olWOkqJlenjj52+ZUfU9IsjqzTPE7x6FekbOoS0LzQny5Z3nJGrtNA=
0/z+m3dRjfSvCk+6WJn2ehkA572r3gZYmZMgWCpfYQH8FMZFawoDSRJHy/jFgCV2+onqXlNifv/5Z+xHcbhJycfz2/cmWjWzy7AeZVbgwVx3xzJCVeqhq/feIpHaptGuHjI7ZqaUw5UIMOtHahizheacHNV7Uk4RyqrGARFpZwcRLvnfcJQv2xdEg9t4OlEh1wr4jMsUQ9OKZ5CZr7TU
zjKAezqhHcn/8tBgC7sty8qYh2o5IlaB3hwXo9qr397/QWh9v9JytL+nM3gKdPCKmFflQbT6CtkZXANPpdDYFhcar4At/wJiZR7kTbeHsI6Suot5iJyi5m0ymmFTG+aukOMOQFxfrLSj/QSYdZso3KsLsHf/knopNy+OpSPwSXgZDDLixWmMOM0CUJDJaSpeL9oG84bCHETVj2OTm6606w==
BcQkgPeNLabX8rI3Gl8j4dk5KvDTzpUuOCSnax4kFF9ffcLs+DlV+j01LL/1hPtgGwrEcdQibZJAg8ef0jtPePe1eQtli5iqi891SKAZ6AB/IMk/jD7rGh/XSSac7WQmb9KgyoUaGGR96bbIVTvU+A35WGSiqcWi8G10Unh9r6lZey/Wx6NOZBGnKby9p0bab13p8sbw9eR9r7SfruWRtOo=
YsQLXytwLppFCnB9E/T8sri1ixOmoFJW4XgeCjZncNTFmoMnSJL0lLUhk9p75XkemGQzDKa5QaHSoNF4fMdLKdDcVkyjY4SiUsQ5dCKLz5VmHHQ1RjpwQby219vcUsn1iE4vvdgtM2xKSyMpdo9/vomKvZq6WCm33Hr55EiatUfKjGusrmkKfGzmAUlb+YegtNk=
34SeMmlr1QY65TesJPOJymXn4oF9wo7trqiercr9QqRg7LCnNoPjbxZjI/gbbT1yRoxkiteH0dgkoYRAU9jNL+h2N/qjXy2WWDVIJkMKZHrhkqSEoaHS2FHD+LhhQdz0BuGZggxlUCI8pUMpNSPrJuOrMkTNb40sOR+qGkMl7eIiOKmEwSdQL+q9vbTG
S3eZcYID+wlWQxFTACcV0GcF+LRg/r3TL6+nH3L7r3iX9dmBgkS4quuP1chA2cgAH2Bpv2z+yxp/l+mmfC1EJk8SQEolWnhkXSlWSPV7tPgtObjkAumlotCtlNLYPc+pubuPVqfjbmTxZ4k83edm2o+dSXKmsNXknW8UH86lsbTK
iH0t6M6wN8xiVHc0g517updrMfZ+Nku2NTyD72Uw2DZXeiQn4h8CQiV+ZO13Z7Cu0toL2Uh8osYtUhrBk/vmjtCDjuCcv6yU452EOLV7KPzrazDXP3J6CXdPDgXjEElYWWyyQgWJjBiNYtAwCYkqfm+6hlNGIhxkle/jM1tOtMs=
HUuDqnaCBlva5Nen/fZ2A2UF+KVi6LnTL6+nH3L7r3iX9dmHgkS4quuP1chA2cgAH2Bpv2z+yxp/l+mmfC1EJk8SQEolWnhkXSlWSPV7tPgtObjkAumlotCtlNLYPc+pubuPVqfjbmTxZ4k83edm2o+dSXKmsNXknW8UH86lsbTK
xQpbvWuGLDj3abgd+6NGJ5drN+BiK0u2NTyD72Uw2DZXeiIn4h8CQiV+ZO13Z7Cu0toL2Uh8osYtUhrBk/vmjtCDjuCcv6yU452EOLV7KPzrazDXP3J6CXdPDgXjEElYWWyyQgWJjBiNYtAwCYkqfm+6hlNGIhxkle/jM1tOtMs=
QT5r0WB2vHoayKCdd9KTK5drNvZwLku2NTyD72Uw2DZXeiEn4h8CQiV+ZO13Z7Cu0toL2Uh8osYtUhrBk/vmjtCDjuCcv6yU452EOLV7KPzrazDXP3J6CXdPDgXjEElYWWyyQgWJjBiNYtAwCYkqfm+6hlNGIhxkle/jM1tOtMs=
Nvdfz7ovtJbHHeMZWC99iefs2ACsvlVT9zFQDiphNtLFlNN0Xprvh7Qmsdp75XkemGQzDKe4T6HSoNF4fMdLKdDcVkyjY4SiUsQ5dCKLz5VmHHQ1RjpwQby219vcUsn1iE4vvdgtM2xKSyMpdo9/vomKvZq6WCm33Hr55EiatUXKjGusrmkKfGzmAUlb+YegtNk=
NOEjYCwv4Ij408UrmRmVNsglVWwJ35NIdu6QuunsgXqtKJD2nZfdu9QLLR8NeYsMc5rxvtoMShbLieGSGOirYBt1l42yjMl0TKsT5RAQDiAT7xwOMmjhuBLn15lmEGxZdvao7dwaT1dsPpE5SIJ30eghK0AqZ/vlxuPnMgkGJfYKlPGbvFbh6Hj27YkKQDPAHuWS0AxK2YVrlZ+stNU=
vbqSVk20+vucGh4EpdIo29QsSNTivwWzXo8+L0jIu2fTWLFwyb/4me6b51gJPNwGLuUUAQXgwr1HfCwJLdqt9snNBkgfNPJT/mWJjtF2gxKh1OEOe7r/0mWq/YaDa5R6kpyp/MLDv61mJAR9prLgGXxux9P8mnmNCLaf9fglIzQKk7OhFkePhomyTVLa0LlvnCLp7GjSBb1K9NtkjmEapKy+kcG7sfeYtOE=
vbqSVk20+vucGh4EpdIo29QsSNTivwWzXo8+L0jIu2fTWLFwyb/4me6b51gJPNwGLuUUAQXgwr1HfCwJLdqt9snNBkgfNPJT/mWJjtF2gxKh1OEOe7r/0mWq/YaDa5R6kpyp/MLDv61mJAR9prLgGXxux9P8mnmNCLaf9fglIzQKk7OhFkePhomyTVLa0LlvnCLp7GjSBb1K9NtkjmEapKy+kcG7sfeYtOE=
5tz6tlqoU4IQijlX4UgP7fjtw+7ZxsXNs543bYXXhddQ741rEjm157TFeSq+qZ57tGvNfWI3/DxaJgvJoOt7fjWtRHE+JSajE9WsXmbeyCcjlCqhIGQHgSpkJFNgYFpV9ztJ35CSEYa3BU/TNV0LNVH7q78sfgsaPxcppjythCaPkgBK5do4ZJ2pFkg1+/T47bn45MJp5aIQLdTSGL2PqXk7z1ZnYy5kMefJPB1nItpPHQlyZjCV5F3vVB8OJfG0ig==
ega0miZmvzDHz6U/LZ0U7emINzqYSPmSY8hna3tzSnL7fMhH/UENluGuNz0Vyr9LlwZvMVeWVk/vRUuJQdp5a8mf5A/ktGUBffD+uDfjxYfrdUt2J6NCd/jzc/7e3cXJ+oQ5n8Z7nyGWMXXaAU7LifziznJX4G+E25DFLBH8e2VAKAIqFdbK3ftP5sJIZ76cVKvMOBvZFOSdD+jws8/A67emWmXPS16ZCyTJlEEIAr5NHWw09abAbKF5avK3nvbvTna8iK1rMy8z+rSH
6r4M4nQKjmBx5eHp4XvVYozooqvUC7+TT6PDbj0VGMaV7K3qtkG0SN3b5Ss9Lb7ENFRf0ezc9cETEyJ2bSIUae/LcHo6Jhv9cDDCsqXOqgVLF+aa+L/ehOQzDCArQXQ8rVdoqIMXoHOHvpr9f1M+Qbt8yczx0GKm/YWsLMU+oLSRIeqqh0aWd35ufBAdc1P3g6K03w==
lg/Fgo8FVCr/IhP7MYubpyBQz2tr38Npw9/ypJ/jv30fbP7wCZMQHfYPetLtErd/9Ia4wdDtCCp7byUIkPn4AG8AOf/cXluaj3c5ZkwNVCZfMnCK9bqI5M2J5gilG8T4HRloJPIJNSJgDcSSqF3fqalbf5Z3Q97kYQf5fI3HUtp/fZmyFhBFZO0PRF/+haG02g==
AzU0hXCBRbptnh6Td+m+Hd/4242Yog+Y1FQMv6lj2N23iAxpRuYQl1yK2XQIqlWeytwLnG75Kgzs1uHZG4kncLQJ
gYJ2M5XOKteRnW0/VXr0+Ef6bkiAt39KIGIqGepNuV9cENtfX2IUIoKFp6Gguhym/xbRRAiuMOnBFdc4PjwdMd66iNo6XecpERULDzn3znoxykWz684umd6m1aYSIid+QrSnrfQApw+u2PfNKmygrd+y6olWOkqJlenjj52+ZUfU9IsjqzTPE7V6FekbOoS0LzQny5Z3nJGrtNA=
Vmi43+hx2Sy57hdQdFb+PDBVdO/bNBdJYQ5K2rpOhYgf2iRrJKf/uEWfT/JKSHorYso2r+hGnZjtztq/SZEsmJC+neUNI/XgVG7AMbQ1gjx4Xbdnmj+PA6Vgut5+KiONABGxnZfVGe1QtIZUw9t0ChIsCQyCE5+9ZjQkreZCQKn8HidjvEoZnQimf6U4lUPEiiMT0dYXr5aJom0CGqAZ3xzSiVyoguWnSuS7tM7R+tQsDjEx+2HXiLTx
6/23G88HZ1UOVCAUMGPOLB5hpJUnE6jvXt87ajVlP4YeKiey9ikh7+/oJFluRv0NpHTbAzv037MEemWJC/oUVP+0F6vmN6wxe7QA
PQM/nlSjxtHJdozld9N0qDfV4vL36NM2V8nVOpp5U2epHx8aHX/Ntemwg0BOVRSlRuRRb28l1JRBTSVcOzqu3ahyWBdPYmB6teI6BHXfVcwx70qa6xXlwnpI0cTZN2iPYm1VtC4=
4gq2k1Gw8X/zsW2nsmfJYPaEJ1eNrSoBhh6IHc/VDwesVF1eWt65kPkuSkoYFZvhkQm2gJ9cU/lIlmdcdNDki7mXkHk3LESdVtL4E/xOsUDY3t07ivgD6L5NQsjM0glti31vVLQt
dENocxcwoCyRudbNm+mU8xd+YCxRRiViWuLBrAkSMvb4qeNdYbXOPF9gK8W4qh9glOycN0kr6MW3kDwhpm6ALxxyyXwo4qUHSkR7VE7xOnQsbnFRe0EXaLQR
lCigPSVR2/gJZWHMlLchVyppy9cvmVEZQ08tZlrmybgZBhoS2M3LiTHhBvgfpOOR6H63BDQINKPZv2BBNxS0tTb6KMu8FmGoeLZtwwqAswAeJRIQDIpZRWtVH2y0FQ==
yCPHISVWuSZ3ngB2drtliQNa5PIeq3ADdE8tZlrmybgZBhoS2M3LiTHhBvgfpOOR6H63BDQINKPZv2BBNxS0tTb6KMu8FmGoeLZtwwqAswAeJRIQDIpZRWtVH2y0FQ==
bhFIAAfnuG7yJv5o8RAGW3M1mRjFp93noeDaZE02kZyGhEg/f/eJC6qevwaHPwDEy7LEWmB9AfUsh/dWcHt+oPQd7CSVlgCcgeVqYpduNt8uZjyYTVtzXxNqtBc=
DmCoqvTl44+5feO/OcGY9NQsSNTivwWzXo8+L0jIu2fTWLFwyb/4me6b51gJPNwGLuUUAQXgwr1HfCwJLdqt9snNBkgfNPJT/mWJjtF2gxKh1OEOe7r/0mWq/YaDa5R6kpyp/MLDv61mJAR9prLgGXxux9P8mnmNCLaf9fglIzQKk7OhFkePhomyTVLa0LlvnCLp7GjSBbdK9NtkjmEapKy+kcG7sfeYtOE=
6efw66F9XsTp54z0NNhL6B5hpJQnE6jvXt87ajVlP4YeKiey9ikh7+/oJFluRv0NpHTbAzv037MEemWJC/oUVP+0F6vmN6wxe7QA
N3nVtFmxyGe2aZcX4GU3gjPWhDtMX0/JmR9yGleWIf9YeSi5vRKB7RsLXz7SBtc4DlvNjHX4eWGNKOXiPOPpdbmcGDpxRxKXU7IjBUqMPoH4zfwhQh13N5e3sOYqb8XpbNPrlERKcC1L3QteN6tiv6hb/VKMFeXB6qx5N1bzP+nGGXXyUYZrAWxKjlpH6E9MizhFhEE0W21QAEKChV5qFatn5uoYrx4UxAOMEAvRNCzNp2hY4wfg46eOGs1fw/5RWwzJvBHAojbdtSwc5a7gpPHd6lrnVtbnXl78ID3jk+dj0rSv
fMpUvKaRpLG0tJwZmTOO5KGW7p5HQQJuNSdchFRluZigtafz1wW2RIukhaRXS/EDDGx80ZGGhkp4nUafCoHUGnH+FNypqez5W7ua3CHKMop8bLbciPu8Lc44aazyQWruUmsTys/stsFUsyGBJvYsOsoN5fKgCWpwNdHY8I6bCmR4FVW/Ixe6huPWBZEF+z85yZXTH+GXJiq5ik3DA67W6SamLdbqQs8OSvQv/Rxgfx92WC/d8syI/Vfy4jn+GnI5LelbP6WezffcNAPzg5SXA+z6TflD2uxkp/QvO/6X5GHTtKg=
V45EAXj/fIPI4JvmYUNB2dUcXHu9c9Xei9lKVPGweu4UF0ETJcNj8e281aRlkvTcNBKcln+53BO1bjTPAfwUnf43lT8EzJg37zvsG4FJszqeeSvzlm4Lpx0RzqZ7NFmLQix9PHXPWajWtfjFqb3yTMBDfs0GnHjDGP7EXzYkeR5rupflw5W+Hwy4edTfJuX04ef3uVtIm9HS38Zwmo2JLuGTVPDIn2z386jlRvoNJcRqqtjDErDwD5XbTN8uGBiEaOfyr/9Xc7hrvqZfjttI2cgwWrcO9g6PJVZ8X8QZIMewqY5hibtydv53r74Ye9kVQ0ZkPgl7ILlD6KOwysN5tfH+3u16NWypozYaXXqUf2ZvoDhFKnh/HvYzLBlAE5W4jkkeEl5E+55MeZYIwbFMqJLLpkxMlWGXj8emXnc2cWl5C1PR3VVHN80nmhINKlmbn/46gdKm2b4GElNWXlSbxaDQUzfimDs1njz0BSMSduHiyt4RGWlvFwnO0a9IVPeLf+R7a/i62dFvalBcE1Q742JHiImntNw=
hGtyuHBaEnE+XN7t14b8V5zP1f2lgag35RFDBjhlxGMCj9s47OqoKY7SbXj4jbChApa0Zpxr9Ryc/7L3aWKJ45ULitZhwDZh95/d1F/NPWZx5mitheKt2a7GfVZlf3CsnDwp4cDEUupfpCJNMXlDLiWH/lPf17OpfJV5c6oVqYFsPNyods6r/GVjNXecmDL4XvDmEtv+p1RIlsvZ6zdmjeWszAK/Ld4XT1G9qGwkgL1VkDa59rF9/RBddT5P3WlZkJ0G62trIQDn7tLQWgf56WOdC3tME2nBtkPV7qJNCZMxxeWTxbePlqsPfOVzrrgfYywnUFpNwCYbTYOoPPLG/Qu897KyByPFRTEDWJJ7O91s6vQcHLHbpfjyhH2HXY/X+zDa7eXnvAEURlSXPddOBml52sEXT3IjtUxtpNO3aIA+dGt6B0rfomVa3fZDuzTqEgzJrALz351mFGRNZuKAifz+ZwM86ll9CMa/Bbh1g6SKA1NxVndvtomCrWKaAFn/HLJJvCgiJcdKBPsUTrG6NCwu8ZF7gZeotNE=
DX+e/3cr4ZVVBgcJrX0RHRgueL9qpfLhmIeEtTflKEFHTDejkIdF98da1zD35k5j24Z2PCLMXUF3PY0MBQMN8PbWbsr7QO4xX2eSo7iwzUXpIR4uxE2sf3cRcud5pcu7fr/bmak+jJHphyzusdPf+dyiYeQDL9CkH4iP7yOcNP2qYTMtqIgSK3w5PNzCN5qWFptsNGM6OfJ1Ubk1RCtusGvwhfZ/cHMPNc1hSKGlEDdU9ABd0wrzmzbEMj8WQxHgt2LgHX8AuMJaN6jwyvuXs54bdIiCIDqvEJuFd4kMCTY0+9QLUt3a2JjDtHa0++e+blveyXpjIiHs1XObCEIcP/0aguuD0ZEuZsozO5pNwYBxdJDTY5GjtjxZAJWWncE+CHkgROXi/Uj6MRB4RWo0276d2sPPnJxBfCak5IEqrjHELNuhFmxAoyS49tVbY42vdJotpuvNK0Ox5ad1vYOvrwi2V/pDn40W+PVoJmPKxPpBUkSEwWEyWDGDGLhBAXx0pqG5giwlMKLc5SMp1eOLpgNrEkTtry2smd+CGiPlDWJCeEmEoWfwr0r9nbTm
0qp90iQ0Eb/bfrmOVy5AEr6kgfRChQdKInQWoyWsnbaq1MLxN2oRmjxR2AHnbXzFvV9XxvSuSMn76Rsgx3aerxlxbIcja/xLHfHN5EYd3D7pTttHli8jGasIw8O3qhOWRyn1EtES4MlVJsXtrvIVkrUb+Fg8SOEF0MC63h8QysmhnYtaBXP2Nw8T2x38IRG3enGhdUxIFEzmSkNIJVfdc4x8+oz+BG52CzrPYEiiox07U+55RdgE5q8pNiMP5VUs/MBIyXVkPt0mdRVJkOkd+p+5Ya2w6c4P++/JtKfaOtRK4zGdw2mDH5zXAfW2d70qcimBZ5GxLXfVs2ei67uUYeNKcGtD2C80iomokpv562zsls4JK8g/ViKDy3EFBetcgp/zqcwefHjMdbOR+MbsuVc5ByNbRBIJ9eNUNVTyvBOtM4ZySY3SpceLGpc1+AVgA9NgdB4Ao56XzjcWJW418lNf/J6y+EHI0je3qWYgDIm2hgh9XIqv5yzusUlIcleBKJFL0Kr3WxWGswcCCTbFpkpkUQs8xoFYuKbNcwowExBeVXJAjNp59atF/5y05Q==
GFPRGZJq98plTFdVVIeAdZo4hbK1y72ImJiq1LlIZ5ihvEIyEeLdN86KLvIBLPfqNsroQNlwio2fV7yE+M50N2//+Kw4//+Li70LvncL4t9oe/Z3S3VlYapMeVeWU78Jhjl10hFm66GsKo66B0jPLEsYRaSBVNvNEOBC4kX+6vXrR+bKWE+etARjjPBLcbRMDYdoeCNnYEPnbhqtn2N+sRssyZxRICKWHdUs/KUOYMQx9Ol6JzZWRx6+/ED9QxMHI/K0jw==
xKWQ6nQA2SzEbUKlsHBDlT0yKF+CEo71CFcZQd+q8mwyNevWMBJuaTljQq4Pp/u9WneTHuyeowNXhMzHwQwj0bW7a/VI0z77FwA1B8tb4W9CEvgMqgod4xtdz5N+6QRoA4gQaXj6WGsZ3t3EVOU+4+tE8LFg7iCkjmYygej0v0EyVOwz2LAyVR9r8T/YognGD5UH8y0to7U5y7Pf5O5z2idn4QZEfawmp0J46i2qIKTlOd4oLcuceEXJ4MSK+V3iCB2cMqDtZ6kR63c2r1M2pIl3ARwFl49Zpy0Rki6gbaRFHxy/9nXZtKI=
d4ncPaHcGNuS4WqfSWPw+T0yKF+CEo71CFcZQd+q8mwyNevWMBJuaTljQq4Pp/u9WneTHuyeowNQhszHwQwj0bW7avVI0z77FwA1B8tb4W9CEvgMqgod4xtdz5N+6QRoA4gQaXj6WGsZ3t3EVOU+4+tE8LFg7iCkjmYygej0v0EyVOwz2LAyVR9r8T/YognGD5UH8y0to7U5y7Pf5O5z2idn4QZEfawmp0J46i2qIKTlOd4oLcuceEXJ4MSK+V3iCB2cMqDtZ6kR63c2r1M2pIl3ARwFl49Zpy0Rki6gbaRFHxy/9nXZtKI=
rZqMba1XHIhc5RPkjLXd5T0yKF+CEo71CFcZQd+q8mwyNevWMBJuaTljQq4Pp/u9WneTHuyeowNXhMzHwQwj0bW7ZfVI0z77FwA1B8tb4W9CEvgMqgod4xtdz5N+6QRoA4gQaXj6WGsZ3t3EVOU+4+tE8LFg7iCkjmYygej0v0EyVOwz2LAyVR9r8T/YognGD5UH8y0to7U5y7Pf5O5z2idn4QZEfawmp0J46i2qIKTlOd4oLcuceEXJ4MSK+V3iCB2cMqDtZ6kR63c2r1M2pIl3ARwFl49Zpy0Rki6gbaRFHxy/9nXZtKI=
4XzFY11bwPonXRMhgTILoD0yKF+CEo71CFcZQd+q8mwyNevWMBJuaTljQq4Pp/u9WneTHuyeowNQhszHwQwj0bW7ZPVI0z77FwA1B8tb4W9CEvgMqgod4xtdz5N+6QRoA4gQaXj6WGsZ3t3EVOU+4+tE8LFg7iCkjmYygej0v0EyVOwz2LAyVR9r8T/YognGD5UH8y0to7U5y7Pf5O5z2idn4QZEfawmp0J46i2qIKTlOd4oLcuceEXJ4MSK+V3iCB2cMqDtZ6kR63c2r1M2pIl3ARwFl49Zpy0Rki6gbaRFHxy/9nXZtKI=
rj+HTN/Zk3PubphN2bCObj0yKF+CEo71CFcZQd+q8mwyNevWMBJuaTljQq4Pp/u9WneTHuyeowNXhMzHwQwj0bW7Z/VI0z77FwA1B8tb4W9CEvgMqgod4xtdz5N+6QRoA4gQaXj6WGsZ3t3EVOU+4+tE8LFg7iCkjmYygej0v0EyVOwz2LAyVR9r8T/YognGD5UH8y0to7U5y7Pf5O5z2idn4QZEfawmp0J46i2qIKTlOd4oLcuceEXJ4MSK+V3iCB2cMqDtZ6kR63c2r1M2pIl3ARwFl49Zpy0Rki6gbaRFHxy/9nXZtKI=
/4wTJrdHl3VJ7htEdVDqvT0yKF+CEo71CFcZQd+q8mwyNevWMBJuaTljQq4Pp/u9WneTHuyeowNQhszHwQwj0bW7ZvVI0z77FwA1B8tb4W9CEvgMqgod4xtdz5N+6QRoA4gQaXj6WGsZ3t3EVOU+4+tE8LFg7iCkjmYygej0v0EyVOwz2LAyVR9r8T/YognGD5UH8y0to7U5y7Pf5O5z2idn4QZEfawmp0J46i2qIKTlOd4oLcuceEXJ4MSK+V3iCB2cMqDtZ6kR63c2r1M2pIl3ARwFl49Zpy0Rki6gbaRFHxy/9nXZtKI=
h5yQTLLku90pt91NgX2Ehj0yKF+CEo71CFcZQd+q8mwyNevWMBJuaTljQq4Pp/u9WneTHuyeowNXhMzHwQwj0bW7YfVI0z77FwA1B8tb4W9CEvgMqgod4xtdz5N+6QRoA4gQaXj6WGsZ3t3EVOU+4+tE8LFg7iCkjmYygej0v0EyVOwz2LAyVR9r8T/YognGD5UH8y0to7U5y7Pf5O5z2idn4QZEfawmp0J46i2qIKTlOd4oLcuceEXJ4MSK+V3iCB2cMqDtZ6kR63c2r1M2pIl3ARwFl49Zpy0Rki6gbaRFHxy/9nXZtKI=
ACZLcrd3Kx6I9khYKLbuLD0yKF+CEo71CFcZQd+q8mwyNevWMBJuaTljQq4Pp/u9WneTHuyeowNQhszHwQwj0bW7YPVI0z77FwA1B8tb4W9CEvgMqgod4xtdz5N+6QRoA4gQaXj6WGsZ3t3EVOU+4+tE8LFg7iCkjmYygej0v0EyVOwz2LAyVR9r8T/YognGD5UH8y0to7U5y7Pf5O5z2idn4QZEfawmp0J46i2qIKTlOd4oLcuceEXJ4MSK+V3iCB2cMqDtZ6kR63c2r1M2pIl3ARwFl49Zpy0Rki6gbaRFHxy/9nXZtKI=
U2fUtRK4+29MPAFXRtJ4CT0yKF+CEo71CFcZQd+q8mwyNevWMBJuaTljQq4Pp/u9WneTHuyeowNXhMzHwQwj0bW7Y/VI0z77FwA1B8tb4W9CEvgMqgod4xtdz5N+6QRoA4gQaXj6WGsZ3t3EVOU+4+tE8LFg7iCkjmYygej0v0EyVOwz2LAyVR9r8T/YognGD5UH8y0to7U5y7Pf5O5z2idn4QZEfawmp0J46i2qIKTlOd4oLcuceEXJ4MSK+V3iCB2cMqDtZ6kR63c2r1M2pIl3ARwFl49Zpy0Rki6gbaRFHxy/9nXZtKI=
KXIx4rL37aigX2K/SJ2z3j0yKF+CEo71CFcZQd+q8mwyNevWMBJuaTljQq4Pp/u9WneTHuyeowNQhszHwQwj0bW7YvVI0z77FwA1B8tb4W9CEvgMqgod4xtdz5N+6QRoA4gQaXj6WGsZ3t3EVOU+4+tE8LFg7iCkjmYygej0v0EyVOwz2LAyVR9r8T/YognGD5UH8y0to7U5y7Pf5O5z2idn4QZEfawmp0J46i2qIKTlOd4oLcuceEXJ4MSK+V3iCB2cMqDtZ6kR63c2r1M2pIl3ARwFl49Zpy0Rki6gbaRFHxy/9nXZtKI=
/NSaACKUxLof8E9tzMP8jD0yKF+CEo71CFcZQd+q8mwyNevWMBJuaTljQq4Pp/u9WneTHuyeowNXhMzHwQwj0bW7a/RI0z77FwA1B8tb4W9CEvgMqgod4xtdz5N+6QRoA4gQaXj6WGsZ3t3EVOU+4+tE8LFg7iCkjmYygej0v0EyVOwz2LAyVR9r8T/YognGD5UH8y0to7U5y7Pf5O5z2idn4QZEfawmp0J46i2qIKTlOd4oLcuceEXJ4MSK+V3iCB2cMqDtZ6kR63c2r1M2pIl3ARwFl49Zpy0Rki6gbaRFHxy/9nXZtKI=
gNJPs+ThBBJbt6/3Uqw7pj0yKF+CEo71CFcZQd+q8mwyNevWMBJuaTljQq4Pp/u9WneTHuyeowNQhszHwQwj0bW7avRI0z77FwA1B8tb4W9CEvgMqgod4xtdz5N+6QRoA4gQaXj6WGsZ3t3EVOU+4+tE8LFg7iCkjmYygej0v0EyVOwz2LAyVR9r8T/YognGD5UH8y0to7U5y7Pf5O5z2idn4QZEfawmp0J46i2qIKTlOd4oLcuceEXJ4MSK+V3iCB2cMqDtZ6kR63c2r1M2pIl3ARwFl49Zpy0Rki6gbaRFHxy/9nXZtKI=
HfiKA8919JduNMfDI7+hBj0yKF+CEo71CFcZQd+q8mwyNevWMBJuaTljQq4Pp/u9WneTHuyeowNXhMzHwQwj0bW7ZfRI0z77FwA1B8tb4W9CEvgMqgod4xtdz5N+6QRoA4gQaXj6WGsZ3t3EVOU+4+tE8LFg7iCkjmYygej0v0EyVOwz2LAyVR9r8T/YognGD5UH8y0to7U5y7Pf5O5z2idn4QZEfawmp0J46i2qIKTlOd4oLcuceEXJ4MSK+V3iCB2cMqDtZ6kR63c2r1M2pIl3ARwFl49Zpy0Rki6gbaRFHxy/9nXZtKI=
wxod6gm10PVvZL0VsVEZuT0yKF+CEo71CFcZQd+q8mwyNevWMBJuaTljQq4Pp/u9WneTHuyeowNQhszHwQwj0bW7ZPRI0z77FwA1B8tb4W9CEvgMqgod4xtdz5N+6QRoA4gQaXj6WGsZ3t3EVOU+4+tE8LFg7iCkjmYygej0v0EyVOwz2LAyVR9r8T/YognGD5UH8y0to7U5y7Pf5O5z2idn4QZEfawmp0J46i2qIKTlOd4oLcuceEXJ4MSK+V3iCB2cMqDtZ6kR63c2r1M2pIl3ARwFl49Zpy0Rki6gbaRFHxy/9nXZtKI=
SJOYfV1JxBbwXzYUUtp+GkEcy90/bS2acsn2+AjY+SoAK+MJt9I2b1fnJi3ppVotld240IKtGV29eXV8claXZq93WRJTXYtsuzdA3v4rVL7A669qULFfvAT1h1+10Jfx2332AkLsa7Jk8erUbzXDo6IR0Mi3EGw5NNJMaw32kZQofYpDP704jnKGVO07zr5xNEzrIUZM0OMUWKbViwO9b+S6/SbbLVuDoYUXdc0jv++4lid6k/8d1ohVuCazarQ60TKUBLFBghghI2i48WFstNZBiQL8BaBi7IXzKYUDu+aTS0LE3c/d7Ik/OxnTRR2i8li5BPGHYO+6Xc20tg==
mXSrdVYsvRJ4rWCoAeskRT0yKF+CEo71CFcZQd+q8mwyNevWMBJuaTljQq4Pp/u9WneTHuyeowNQhszHwQwj0bW7Z/RI0z77FwA1B8tb4W9CEvgMqgod4xtdz5N+6QRoA4gQaXj6WGsZ3t3EVOU+4+tE8LFg7iCkjmYygej0v0EyVOwz2LAyVR9r8T/YognGD5UH8y0to7U5y7Pf5O5z2idn4QZEfawmp0J46i2qIKTlOd4oLcuceEXJ4MSK+V3iCB2cMqDtZ6kR63c2r1M2pIl3ARwFl49Zpy0Rki6gbaRFHxy/9nXZtKI=
UE7aDipeNwXA16aqc3JZuYaz72uldUfwtbBJ8foStx5ApPrEmjFPg88H3/DyLH65Y/MfM5DjojTYNrcs+v1HIbnfo+oUULxr2M8+HNl6YnD2wF3ZehmirmaLA2tEzGOO38U76cBc7rn9i3Dd655QLFj/h2NbBJNd+j3U9V24OFOt8waySU1S5cfLmlc1OIUgA5PgtB7AI16XjrdWJa61MlMffN6yuMEI0vc36WZgjEm2Rog9XMovpywuMYlIMtfBKFHLEKo321WG84fCCfZF5kok0cs8BgGYuOZNOgnwk9BeFfIAjJr5NauFf9y0pQ==
SJOYfV1JxBbwXzYUUtp+GkEcy90/bS2acsn2+AjY+SoAK+MJt9I2b1fnJi3ppVotld240IKtGV29eXV8claXZq93WRJTXYtsuzdA3v4rVL7A669qULFfvAT1h1+10Jfx2332AkLsa7Jk8erUbzXDo6IR0Mi3EGw5NNJMaw32kZQofYpDP704jnKGVO07zr5xNEzrIUZM0OMUWKbViwO9b+S6/SbbLVuDoYUXdc0jv++4lid6k/8d1ohVuCazarQ60TKUBLFBghghI2i48WFstNZBiQL8BaBi7IXzKYUDu+aTS0LE3c/d7Ik/OxnTRR2i8li5BPGHYO+6Xc20tg==
UE7aDipeNwXA16aqc3JZuYaz72uldUfwtbBJ8foStx5ApPrEmjFPg88H3/DyLH65Y/MfM5DjojTYNrcs+v1HIbnfo+oUULxr2M8+HNl6YnD2wF3ZehmirmaLA2tEzGOO38U76cBc7rn9i3Dd655QLFj/h2NbBJNd+j3U9V24OFOt8waySU1S5cfLmlc1OIUgA5PgtB7AI16XjrdWJa61MlMffN6yuMEI0vc36WZgjEm2Rog9XMovpywuMYlIMtfBKFHLEKo321WG84fCCfZF5kok0cs8BgGYuOZNOgnwk9BeFfIAjJr5NauFf9y0pQ==
SJOYfV1JxBbwXzYUUtp+GkEcy90/bS2acsn2+AjY+SoAK+MJt9I2b1fnJi3ppVotld240IKtGV29eXV8claXZq93WRJTXYtsuzdA3v4rVL7A669qULFfvAT1h1+10Jfx2332AkLsa7Jk8erUbzXDo6IR0Mi3EGw5NNJMaw32kZQofYpDP704jnKGVO07zr5xNEzrIUZM0OMUWKbViwO9b+S6/SbbLVuDoYUXdc0jv++4lid6k/8d1ohVuCazarQ60TKUBLFBghghI2i48WFstNZBiQL8BaBi7IXzKYUDu+aTS0LE3c/d7Ik/OxnTRR2i8li5BPGHYO+6Xc20tg==
UE7aDipeNwXA16aqc3JZuYaz72uldUfwtbBJ8foStx5ApPrEmjFPg88H3/DyLH65Y/MfM5DjojTYNrcs+v1HIbnfo+oUULxr2M8+HNl6YnD2wF3ZehmirmaLA2tEzGOO38U76cBc7rn9i3Dd655QLFj/h2NbBJNd+j3U9V24OFOt8waySU1S5cfLmlc1OIUgA5PgtB7AI16XjrdWJa61MlMffN6yuMEI0vc36WZgjEm2Rog9XMovpywuMYlIMtfBKFHLEKo321WG84fCCfZF5kok0cs8BgGYuOZNOgnwk9BeFfIAjJr5NauFf9y0pQ==
SJOYfV1JxBbwXzYUUtp+GkEcy90/bS2acsn2+AjY+SoAK+MJt9I2b1fnJi3ppVotld240IKtGV29eXV8claXZq93WRJTXYtsuzdA3v4rVL7A669qULFfvAT1h1+10Jfx2332AkLsa7Jk8erUbzXDo6IR0Mi3EGw5NNJMaw32kZQofYpDP704jnKGVO07zr5xNEzrIUZM0OMUWKbViwO9b+S6/SbbLVuDoYUXdc0jv++4lid6k/8d1ohVuCazarQ60TKUBLFBghghI2i48WFstNZBiQL8BaBi7IXzKYUDu+aTS0LE3c/d7Ik/OxnTRR2i8li5BPGHYO+6Xc20tg==
UE7aDipeNwXA16aqc3JZuYaz72uldUfwtbBJ8foStx5ApPrEmjFPg88H3/DyLH65Y/MfM5DjojTYNrcs+v1HIbnfo+oUULxr2M8+HNl6YnD2wF3ZehmirmaLA2tEzGOO38U76cBc7rn9i3Dd655QLFj/h2NbBJNd+j3U9V24OFOt8waySU1S5cfLmlc1OIUgA5PgtB7AI16XjrdWJa61MlMffN6yuMEI0vc36WZgjEm2Rog9XMovpywuMYlIMtfBKFHLEKo321WG84fCCfZF5kok0cs8BgGYuOZNOgnwk9BeFfIAjJr5NauFf9y0pQ==
SJOYfV1JxBbwXzYUUtp+GkEcy90/bS2acsn2+AjY+SoAK+MJt9I2b1fnJi3ppVotld240IKtGV29eXV8claXZq93WRJTXYtsuzdA3v4rVL7A669qULFfvAT1h1+10Jfx2332AkLsa7Jk8erUbzXDo6IR0Mi3EGw5NNJMaw32kZQofYpDP704jnKGVO07zr5xNEzrIUZM0OMUWKbViwO9b+S6/SbbLVuDoYUXdc0jv++4lid6k/8d1ohVuCazarQ60TKUBLFBghghI2i48WFstNZBiQL8BaBi7IXzKYUDu+aTS0LE3c/d7Ik/OxnTRR2i8li5BPGHYO+6Xc20tg==
UE7aDipeNwXA16aqc3JZuYaz72uldUfwtbBJ8foStx5ApPrEmjFPg88H3/DyLH65Y/MfM5DjojTYNrcs+v1HIbnfo+oUULxr2M8+HNl6YnD2wF3ZehmirmaLA2tEzGOO38U76cBc7rn9i3Dd655QLFj/h2NbBJNd+j3U9V24OFOt8waySU1S5cfLmlc1OIUgA5PgtB7AI16XjrdWJa61MlMffN6yuMEI0vc36WZgjEm2Rog9XMovpywuMYlIMtfBKFHLEKo321WG84fCCfZF5kok0cs8BgGYuOZNOgnwk9BeFfIAjJr5NauFf9y0pQ==
SJOYfV1JxBbwXzYUUtp+GkEcy90/bS2acsn2+AjY+SoAK+MJt9I2b1fnJi3ppVotld240IKtGV29eXV8claXZq93WRJTXYtsuzdA3v4rVL7A669qULFfvAT1h1+10Jfx2332AkLsa7Jk8erUbzXDo6IR0Mi3EGw5NNJMaw32kZQofYpDP704jnKGVO07zr5xNEzrIUZM0OMUWKbViwO9b+S6/SbbLVuDoYUXdc0jv++4lid6k/8d1ohVuCazarQ60TKUBLFBghghI2i48WFstNZBiQL8BaBi7IXzKYUDu+aTS0LE3c/d7Ik/OxnTRR2i8li5BPGHYO+6Xc20tg==
UE7aDipeNwXA16aqc3JZuYaz72uldUfwtbBJ8foStx5ApPrEmjFPg88H3/DyLH65Y/MfM5DjojTYNrcs+v1HIbnfo+oUULxr2M8+HNl6YnD2wF3ZehmirmaLA2tEzGOO38U76cBc7rn9i3Dd655QLFj/h2NbBJNd+j3U9V24OFOt8waySU1S5cfLmlc1OIUgA5PgtB7AI16XjrdWJa61MlMffN6yuMEI0vc36WZgjEm2Rog9XMovpywuMYlIMtfBKFHLEKo321WG84fCCfZF5kok0cs8BgGYuOZNOgnwk9BeFfIAjJr5NauFf9y0pQ==
SJOYfV1JxBbwXzYUUtp+GkEcy90/bS2acsn2+AjY+SoAK+MJt9I2b1fnJi3ppVotld240IKtGV29eXV8claXZq93WRJTXYtsuzdA3v4rVL7A669qULFfvAT1h1+10Jfx2332AkLsa7Jk8erUbzXDo6IR0Mi3EGw5NNJMaw32kZQofYpDP704jnKGVO07zr5xNEzrIUZM0OMUWKbViwO9b+S6/SbbLVuDoYUXdc0jv++4lid6k/8d1ohVuCazarQ60TKUBLFBghghI2i48WFstNZBiQL8BaBi7IXzKYUDu+aTS0LE3c/d7Ik/OxnTRR2i8li5BPGHYO+6Xc20tg==
UE7aDipeNwXA16aqc3JZuYaz72uldUfwtbBJ8foStx5ApPrEmjFPg88H3/DyLH65Y/MfM5DjojTYNrcs+v1HIbnfo+oUULxr2M8+HNl6YnD2wF3ZehmirmaLA2tEzGOO38U76cBc7rn9i3Dd655QLFj/h2NbBJNd+j3U9V24OFOt8waySU1S5cfLmlc1OIUgA5PgtB7AI16XjrdWJa61MlMffN6yuMEI0vc36WZgjEm2Rog9XMovpywuMYlIMtfBKFHLEKo321WG84fCCfZF5kok0cs8BgGYuOZNOgnwk9BeFfIAjJr5NauFf9y0pQ==
UE7aDipeNwXA16aqc3JZuYaz72uldUfwtbBJ8foStx5ApPrEmjFPg88H3/DyLH65Y/MfM5DjojTYNrcs+v1HIbnfo+oUULxr2M8+HNl6YnD2wF3ZehmirmaLA2tEzGOO38U76cBc7rn9i3Dd655QLFj/h2NbBJNd+j3U9V24OFOt8waySU1S5cfLmlc1OIUgA5PgtB7AI16XjrdWJa61MlMffN6yuMEI0vc36WZgjEm2Rog9XMovpywuMYlIMtfBKFHLEKo321WG84fCCfZF5kok0cs8BgGYuOZNOgnwk9BeFfIAjJr5NauFf9y0pQ==
yDTGdkqGkjzPQ6QouYIr2pqEUF13rGE2Xi2ElTyu1C9JBxARphB1gd0LCqZAORAcEV0zG+HG1/Kn69max1uq4k5Z1KhKcl9yXwI9BA0XxfqckMUt7sny5EHHWfwtB3XYn715MvbQpWQNz6TfHkVBtDo=
Ob9wH6DnG826tIElIJiWKX15D/DIQmIXLH80R0+YlVk0SgT8YxHEunU0IMDdh9fLPJT9utA9TehOf/Diir57pcDoAmqVlsodew/mgsinvtzU68z4mxkUpB3P6DAzj8ArN2ZaJU8LXlmLZMnUwcgC/s1dbPR1ZsAsIb5oMjfe9i/OtrzILSsz77O6tMc=
Hsw+OeWMiPN5bTBiE4W/ptIJs6FHReMkEHYyW24/65i3TCX1XC6kQPvlVDb9sKBcZRMnJ5QwncaIiZ0khruwvvLqS4koDCJWjeLaEXML5p7ws86w/M8sBEMtROhViyjsy1twh18C+pnX/87VA+BJSHlc8hJl+QyILdIQ4Ol6KG5PisYDJlKc9DVfI+O7vrTb
p1hVXelp+PUKQqYIxVvwUzBVdO/bNBdJYQ5K2rpOhYgf2iRrJKf/uEWfT/JKSHorYso2r+hGnZjtztq/SZEsmJC+neUNI/XgVG7AMbQ1gjx4Xbdnmj+PA6Vgut5+KiONABGxnZfVGe1QtIZUw9t0ChIsCQyCE5+9ZjQkreZCQKn8HidjvEoZnQimf6U4lUPEiiMT0dYXr5aJom0CGqAZ3xzSiVyoguWsSOS7tM7R+tQsDjEx+2HXiLTx
QmN54uXlwQETYzzHFfy9ktFOMO3Jk5Sm48bI3K6b9xnhyR72h8wnXUCw1V8RwCM7rvvcTonFsd48SddUCuDxvKeHQuLFahHLpx7SscqmwY7u8msGFhRTNXhwO6daGMOlNlystevSvrGa6vbhAWl3ZyHuKX8AFL87pwTT+4s4YUGHyggsW5TzM1on4Lm/tMQ=
r2cd30pYePzfeEpjKzjyrNQsRtzm4QC0Q9hqIAexmk/pcIJf+pb4mOLaqF9ML8URM+QUCAqpwrlLQmNiLdegmNTKHzsMJPFW4CbRnY9lyCaN7Mw3ZZbq/VCk5oSDa5R6kpyp/MLDv61mJAR9prLgGXxux9P8mnmNCLaf9fglIzQKk7OhFkePhomyTVLa0LlvnCLp7GjSBbxI9NtkjmEapKy+kcG7sfeYtOE=
mGaDmq9gfFLB6ipV7QFTsmLq9B47qcqj+6uEfYp1v46+YLTYytniSUsyQ5JthwAIVFr/60wUEWbgFjGtz7Uotg18bGclZsqNUFTG9EO7NOoSDMmsAvPfnWYUZE1m4oCJ/P5nAzzqWX0Ixr8FuHWDpIoDU3FWd2+2iYKtYpoAWf8cskm8KCIlzEgE+xROsbo0LC7xkXuBl6i00Q==
vup9IuLNUQpb/lWC8NSwvK/rFavNtOntzHGTibedo0xAztKz3qdrECe0hV0sdmSIK900Xs2ooFR1awcPZOjdjtgxfcw2IzA2YhLrIVhU4p5d2rp5QxPmluDL7pgMF2xME5WkAOUTqGRbo9AvL1o6UQfHrr0z+ElAaSTSOpUhTMB9avAIWeKo5t9yZqtWClw85WdDi4umtNM=
vvaP0lAzEUOl3NogXtOUxw+ewy7QctQXm2e4PG6j4S089FFSWkiV6tFhsyP8LnGgWH4dUIgYQ0g+LQIozPLJzQudL3S0DQ==
vxA6QaYNT2574fGhxQZ7qg6ewy7QctQXm2e4PG6j4S089FFSWkiV6tFhsyP8LnGgWH4dUIgYQ0g+LQIozPLJzQudL3S0DQ==
qMgX4QLCG/t3xrwQo5YtGg2ewy7QctQXm2e4PG6j4S089FFSWkiV6tFhsyP8LnGgWH4dUIgYQ0g+LQIozPLJzQudL3S0DQ==
414LOYtZ1BePmZZZKxqQRCkFhbdm5hhiED4MWyvL4NAOT3mBjHjJ3trEDWZhzSvPnMIpDOgyxRxIVJsEDgFaxKwe0eE7kTd4tAE=
qJUqHneiDZzPyVl3AFGdD5wFinpShUtEvq4hDSOE/4nRUkElUpK3nMVBh6C58gJnOILtBiBPQPjTQ6t6c0OPXc7Z4sQ9j71sqX/ZGHOFfSLSGBkEkUdAb1odbbQW
3ipJ5QGbLG2BFWiLLQXl+igFhbdm5hhiED4MWyvL4NAOT3mBjHjJ3trEDWZhzSvPnMIpDOgyxRxIVJsEDgFaxKwe0eE7kTd4tAE=
jAZnpZ9Coq/w+3ahJyKjFAyewy7QctQXm2e4PG6j4S089FFSWkiV6tFhsyP8LnGgWH4dUIgYQ0g+LQIozPLJzQudL3S0DQ==
TIswYq0jG7TnurUvzeFa+isFhbdm5hhiED4MWyvL4NAOT3mBjHjJ3trEDWZhzSvPnMIpDOgyxRxIVJsEDgFaxKwe0eE7kTd4tAE=
ivAKCr6dBmmYxEPteL5uhRIVepbdgKOGIK9KZleW2gtyENF3cTqp9w21fJ0Y1Adrz6QLC0O4KXFfKiB8I9Trw/IHmCl3tAw=
OsMBAv2wpb2DQYaXDJJ/KREVepbdgKOGIK9KZleW2gtyENF3cTqp9w21fJ0Y1Adrz6QLC0O4KXFfKiB8I9Trw/IHmCl3tAw=
f9JsoD7IDW5nSq0h7zKS1igfg7d6/hliED4MWyvL4NAOT3mBjHjJ3trEDWZhzSvPnMIpDOgyxRxIVJsEDgFaxKwe0eE7kTd4tAE=
DlJvUODMsJzpiKHvnwjP3Auewy7QctQXm2e4PG6j4S089FFSWkiV6tFhsyP8LnGgWH4dUIgYQ0g+LQIozPLJzQudL3S0DQ==
IhD+HalF4/pru8/bwoM1BSoFhbdm5hhiED4MWyvL4NAOT3mBjHjJ3trEDWZhzSvPnMIpDOgyxRxIVJsEDgFaxKwe0eE7kTd4tAE=
oQf4XvJdX5E/lzWJzKtVpCsfg7d6/hliED4MWyvL4NAOT3mBjHjJ3trEDWZhzSvPnMIpDOgyxRxIVJsEDgFaxKwe0eE7kTd4tAE=
LNw9b1qLXpaJ2Jzmv8DuPyofg7d6/hliED4MWyvL4NAOT3mBjHjJ3trEDWZhzSvPnMIpDOgyxRxIVJsEDgFaxKwe0eE7kTd4tAE=
wlMGluEIoL9lwkB1MoPZdi0fg7d6/hliED4MWyvL4NAOT3mBjHjJ3trEDWZhzSvPnMIpDOgyxRxIVJsEDgFaxKwe0eE7kTd4tAE=
vKXib9LYKVqw/NKGt7NYXSwfg7d6/hliED4MWyvL4NAOT3mBjHjJ3trEDWZhzSvPnMIpDOgyxRxIVJsEDgFaxKwe0eE7kTd4tAE=
8ESn6lkduybW1ey7UKkuHi8fg7d6/hliED4MWyvL4NAOT3mBjHjJ3trEDWZhzSvPnMIpDOgyxRxIVJsEDgFaxKwe0eE7kTd4tAE=
x/HB7lt/79xMXimfEY6xWC0Fhbdm5hhiED4MWyvL4NAOT3mBjHjJ3trEDWZhzSvPnMIpDOgyxRxIVJsEDgFaxKwe0eE7kTd4tAE=
Rb1hAReB1uUe/mM7ZAagwC8Fhbdm5hhiED4MWyvL4NAOT3mBjHjJ3trEDWZhzSvPnMIpDOgyxRxIVJsEDgFaxKwe0eE7kTd4tAE=
64TdYqtviBsp858vqkyNbZ0FinpShUtEvq4hDSOE/4nRUkElUpK3nMVBh6C58gJnOILtBiBPQPjTQ6t6c0OPXc7Z4sQ9j71sqX/ZGHOFfSLSGBkEkUdAb1odbbQW
RT8dmlnlU9WcB95g8VX4VAqewy7QctQXm2e4PG6j4S089FFSWkiV6tFhsyP8LnGgWH4dUIgYQ0g+LQIozPLJzQudL3S0DQ==
3bF9PX8zmZebkIuU67kwGgmewy7QctQXm2e4PG6j4S089FFSWkiV6tFhsyP8LnGgWH4dUIgYQ0g+LQIozPLJzQudL3S0DQ==
bB14WU3YMnab2lkV3tb2zKLwlw27pVJa9SsEACphcsHLutMqDd+wwJQSj7Ns7AFu4B4hVe/tWP7NtNw/Rd5aBdDcVkyjY4SiUsQ5dCKLz5VmHHQ1RjpwQby219vcUsn1iE4vvdgtM2xKSyMpdo9/vomKvZq6WCm33Hr55EiatUTIjGusrmkKfGzmAUlb+YegtNk=
9Iv0gzzrIzDNoyKRC6h8/IKo4+yAHriIS77DKngaAo+W46vc/wD1AYSSxCRTSaSiRSwg2O2ft5MMTD1iYGUtcP7ncHo6Jhv9cDDCsqXOqgVLF+aa+L/ehOQzDCArQXQ8rVdoqIMXoHOHvpr9f1M+Qbt8yczx0GKm/YWsLMU+oLSRJuiqh0aWd35ufBAdc1P3g6K03w==
rr6pBdL7r/qbdfnZfEbmrTOHLko2aGk/tykdMxJd5ta7ZiBMFhuPiUkpxkbPjG+NuJD9LwnAO8uG26QeQQV5bmQpf8TyYEkszyeaEg0qWZuf/jqB0qbZvgYSU1ZeVJvFoNBTN+KYOzWePPQFIxJ24eLK3hEZaW8XCc7Rr0hU94t/5Htr87jZ0W9qUFwTVDvjYkeIiae03A==
yv8ICU1mKRW6Rs+IGx4UiB9FL2VwBYgBV8s2QYTioY4aKHQ7bW1zQZxyPVxd+eJYB+tLgHkPfBP+avPVi9o+QcUgEMArSHXPAKZ/uutvBXZABVAmWzp8msmi7MTpcTo46VOAONnRJFSusdHCxJW4AiTVWykt0/MGi9t6hAW/JYxBjxGYu7VVgkpoYUQJF3hP8o2ltN4=
UO23yXU6Sgia79PtDZCYSnSGVMxnQiD2pCFDyIaNc+C5Nl930i6+ZLHnSTydZ6XYzx2JcuYwFeTd79QfjiVxtAo=
onbFAMQBvIpwisiFMkcCuxkg1ohvMgffWlSluprblPNCbBzL+OkHOOIV/2A1rrsHFmZiRI3vTSz5n+kYg6Ut4mK46YQBpxAvqj19tAY=
gA49egGZjw91DAHNKZJdGZ1P2jNQhWEWtak8PCKV952FREsAFJK3n8R4h+zktUs7M4DvQGhJV/jSde9gJU6LR8bG8sQ9j71sqX/ZGHOFfSLSGBkEkUdAb1odbbQW
d2JZjwwitl0uRJa1QOmc3TY9hRjYoJjw6+DUN1An0IiPhF0ibeqHXOaW9hGHOA/e1rCYQSNsBPcbyIBEbGhju+Ad7CSVlgCcge5oYpduNt8uZjyYTVtzXxNqtBc=
1e9DyabrjqmryATE9pyEynWFofLz8dRzYcbIJ41+B2+GRAINTmLc9P25g1VTRwmrEahZJngl05tbUCcAIHm/2KpFF2BdfnNnrvY6BHXfVcwx70GY6xXlwnpI0cTZN2iPYm1VtC4=
C87Yf3Jn2U0vppOt2M/3Gm0EnqYvsmIkFmdLEnfA4tJIB3+WjHn/msCSAGJ7xTTfnMIpDOgyxRxIVJsEDgFaxKwe0eE7kTd4tAE=
khYsyYHp3OE1h/sidK5BW1QKcIDdzP7BafNBZFXQkg1lENBBNSD/+gmvdIII1Adrz6QLC0O4KXFfKiB8I9Trw/IHmCl3tAw=
JPwQjB4VduGnoTdOKWyizVSmdOxHYiD2vidD1J6Mc+C6LFl3zja/ZLHnSTydZ6XYzx2JcuYwFeTd79QfjiVxtAo=
+SkKrhw5wEdCmi9MGoUg4xkg1ohvMgffWlSluprblPNCbBzL4u8HJPoU/2A2tL0HCn5jRI3vTSz5n+kYg6Ut4mK46YQBpxAvqj19tAY=
Zk3RdpxPOYKYVljA2niSzJxP2TNQhWEWtak8PCKV952FREsAFJK3n8R4h+zktUs7M4DvQHJPV+TKdO9gJlSNR9re88Q9j71sqX/ZGHOFfSLSGBkEkUdAb1odbbQW
ArcfcX6cDCLjOh3+oevVrTSJna8VHPzyzgc4Wy3AjeYsjS8rN4jzYA6Hk5Ru7GPgqswpt56WD+Qhh7l8TUeV2L/92bJWkIVkLY8EX74FYbQa
Cjpt6pmRNliSdM/OFXE/hm0EnqYvsmIkFmdLEnfA4tJIHXmWkGH+msCRGmR72SzenMIpDOgyxRxIVJsEDgFaxKwe0eE7kTd4tAE=
cYlAzpNvPTmCBnbrfGDFA1cs+b0RAusF167a/O///F8vACn06qCocTAoA13uFHxpP8y/sn5UOMe9+IhjkkwA+47aEwsQuIz4TcJQUEmqKJ6vGgYzBgIchFVPY1MbbrQr
jDmQ0MZVHGQRgNDbMLJue2CqZqVK99kQpYI1LL6YuBdvA07W1JTAVxElqdcwHIIRoZNZVD0QIJudrICwLSDkkMcPEAqhlO9b10RDW7s4kaEXCjgMCxSDU0pnUBlvtBQ=
BOdJxQ2esP1Ft2Tx1lotfeVamc91CioDny48KShNON1NLkGl5W5NHTEBCwoDdCLftKGoiMKjK03zE8K88JU7e+Mgf8DCr+ekmlQfYFZ0XYdqvkNErS/trFlfyRhjZU1igviJhOHnsK8KfV20Jg==
hC0O1bN/6ZLR7ogsbyXBaAEowIQiY0vNE1OivNDVm/tDYF/A4u8HJPoU/2A2tL0HCn5jRI3vTSz5n+kYg6Ut4mK46YQBpxAvqj19tAY=
ggggNCYAwSPOtpj4nMXceme1dttLo8IR654/Lb68oBF9FQ/Q2ZCGBl03rtxlTIYRoZNZVD0QIJudrICwLSDkkMcPEAqhlO9b10RDW7s4kaEXCjgMCxSDU0pnUBlvtBQ=
b4oTPh9upRTHNjI3HCFeiXg7+5EvkFpqTnBqfVj51ahHAxgf3JmNznn8AeNMs+OW52SqBmgJcbLApVYOQAWyoCv9JMq8FmGoeLZtyAiAswAeJRIQDIpZRWtVH2y0FQ==
qooJh2pDyiUvDR1v6DmPueVamc91CioDny48KShNO91MLkGl5W5NHTEBCwoDdCLftKGoiMKjK03zE8K88JU7e+Mgf8DCr+ekmlQfYFZ0XYdqvkNErS/trFlfyRhjZU1igviJhOHnsK8KfV20Jg==
hC0O1bN/6ZLR7ogsbyXBaAEowIQiY0vNE1OivNDVm/tDYF/A4u8HJPoU/2A2tL0HCn5jRI3vTSz5n+kYg6Ut4mK46YQBpxAvqj19tAY=
X78g7+A4U2/qv19Ib+fPvVSmdOxHYiD2pCFDyIaNc+C5Nl930i6+ZLHnSTydZ6XYzx2JcuYwFeTd79QfjiVxtAo=
onbFAMQBvIpwisiFMkcCuxkg1ohvMgffWlSluprblPNCbBzL+OkHOOIV/2A1rrsHFmZiRI3vTSz5n+kYg6Ut4mK46YQBpxAvqj19tAY=
/Z+/cAYYnf3sGL+yluOvYHzty1ZhDsa+uHNEDtsXUvrc+7t612iyKgg/r/5sUc+CwIowSput5OfcOnmkSFo1hMjM6+yuqYq8bCaBCVu5B2C0GQ==
6hQXuVHOAcUZ5cQ9Qy9uoG8qhZN7i1skUnprfXzh07pRQh4S2N/cgmv7CrYct+OW52SqBmgTd7LcvVcOQAaopivhPMu8FmGoeLZtyAiAswAeJRIQDIpZRWtVH2y0FQ==
d2JZjwwitl0uRJa1QOmc3TY9hRjYoJjw6+DUN1An0IiPhF0ibeqHXOaW9hGHOA/e1rCYQSNsBPcbyIBEbGhju+Ad7CSVlgCcge5oYpduNt8uZjyYTVtzXxNqtBc=
SdAQns8vBMyAA11oyXR18HCBofLz8dRzYcbIJ41+B2+GRAINTmLc9P25g1VTRwmrEahZJngl05tbUCcAIHm/2KpFF2BdfnNnrvY6BHXfVcwx70GY6xXlwnpI0cTZN2iPYm1VtC4=
C87Yf3Jn2U0vppOt2M/3Gm0EnqYvsmIkFmdLEnfA4tJIB3+WjHn/msCSAGJ7xTTfnMIpDOgyxRxIVJsEDgFaxKwe0eE7kTd4tAE=
0ESLbSSotNfOLKqlU7cMr2kWxa1aXghnnMC8BadIz262IBjRw9xEBzvYgFRMmCMLAI1stPUmwOyh/mhytx72b072vAit6zOvM3q0Bw==
ofHTIX0lv9Jeo0LcC1G0rUBIPI034G/G5uhYGZP0ZC8r0IBcXLADI1BFLHyljmBEMXbo+ie2VscePvzA/cMThyNytA8=
cvcwNYM59KC5d7MNbK04Jkov2Y10YBXEEkL37NTVm/tDYF/A+OkHOOIV/2A1rrsHFmZiRI3vTSz5n+kYg6Ut4mK46YQBpxAvqj19tAY=
vKIbnMgbCMQbeNQXsU0mPm0b9hdBjPzB77Sfug6M+LUrQPSzo1QA0MQks5/44cwQXfqwGPkyqDZ/YiY7dtrc7MX3A5srdrQD
KWD71MV7B4dtKfKiYbWt8WkExrRg+ThiXGNLEnfA4tJIB3+WjHn/msCSAGJ7xTTfnMIpDOgyxRxIVJsEDgFaxKwe0eE7kTd4tAE=
khYsyYHp3OE1h/sidK5BW1QKcIDdzP7BafNBZFXQkg1lENBBNSD/+gmvdIII1Adrz6QLC0O4KXFfKiB8I9Trw/IHmCl3tAw=
a/ED58xHjnB0v4tTcsN0zhEJc9Jw/mbA+qtTGZP0ZC8r0IBcXLADI1BFLHyljmBEMXbo+ie2VscePvzA/cMThyNytA8=
Q9gL51cexhvdAV/WicrxaFff+tZbczrCwXxRscJQMRkYAnbEwoezbVuo1IuzXADI9AzTZ6gpDEitkhCgaboors/KxkOmkpw0tR8jozt+tBs=
lI2vOecupzttGQMgqHx8KFde+q9QJHzSq4Vm9ErpDamvtQY146MXYhzNdx5AFojW6zFcezxmwXg4ho3YCJDTMN51suCMOrkVK6U/fLQF
1TmH77IB9Y8KzzEkil5Q351P2TNQhWEWtak8PCKV952FREsAFJK3n8R4h+zktUs7M4DvQGhJV/jSde9gJU6LR8bG8sQ9j71sqX/ZGHOFfSLSGBkEkUdAb1odbbQW
d2JZjwwitl0uRJa1QOmc3TY9hRjYoJjw6+DUN1An0IiPhF0ibeqHXOaW9hGHOA/e1rCYQSNsBPcbyIBEbGhju+Ad7CSVlgCcge5oYpduNt8uZjyYTVtzXxNqtBc=
SdAQns8vBMyAA11oyXR18HCBofLz8dRzYcbIJ41+B2+GRAINTmLc9P25g1VTRwmrEahZJngl05tbUCcAIHm/2KpFF2BdfnNnrvY6BHXfVcwx70GY6xXlwnpI0cTZN2iPYm1VtC4=
C87Yf3Jn2U0vppOt2M/3Gm0EnqYvsmIkFmdLEnfA4tJIB3+WjHn/msCSAGJ7xTTfnMIpDOgyxRxIVJsEDgFaxKwe0eE7kTd4tAE=
DN8vudmgak5Dm7S8ycKjl1SmdOxHYiD2pCFDyIaNc+C6Nl930i6+ZLHnSTydZ6XYzx2JcuYwFeTd79QfjiVxtAo=
h73ZNMX/S1Bz91ODFwH38xkg1ohvMgffWlSluprblPNCbBzL+OkHOOIV/2A2rrsHFmZiRI3vTSz5n+kYg6Ut4mK46YQBpxAvqj19tAY=
0gLsuxVbJk2y2o/S2cFh+51P2jNQhWEWtak8PCKV952FREsAFJK3n8R4h+zktUs7M4DvQGhJV/jSde9gJk6LR8bG8sQ9j71sqX/ZGHOFfSLSGBkEkUdAb1odbbQW
8+TwKSgtYVFys+/HqMVNcTY9hRjYoJjw6+DUN1An0IiPhF0ibeqHXOaW9hGHOA/e1rCYQSNsBPcbyIBHbGhju+Ad7CSVlgCcge5oYpduNt8uZjyYTVtzXxNqtBc=
g62JjZI1mlNr49MI8XbDe3CBofLz8dRzYcbIJ41+B2+GRAINTmLc9P25g1VTRwmrEahZJngl05tbUCcAIHm/2KpFF2BefnNnrvY6BHXfVcwx70GY6xXlwnpI0cTZN2iPYm1VtC4=
+5/kOqsDj713eUsoHgVhgW0EnqYvsmIkFmdLEnfA4tJIB3+WjHn/msCRAGJ7xTTfnMIpDOgyxRxIVJsEDgFaxKwe0eE7kTd4tAE=
rFSSH3hw0x69jVseaZGTYFQKcIDdzP7BafNBZFXQkg1lENBBNSD8+gmvdIII1Adrz6QLC0O4KXFfKiB8I9Trw/IHmCl3tAw=
UgSQKJtz3vOnf+8pplVNUVff+tZbczrCwXxRscJQMRkYAnbEwoezbVuo1IuzXADL9AzTZ6gpDEitkhCgaboors/KxkOmkpw0tR8jozt+tBs=
SWWs/CgussvHXCUlZumKQ0N07LrIHLMskB3HS+84u6BcUauonp174LEmR5e63sak6TfhnCXXLVhHbXESDmDNpOXf/D+WNXm0Ag==
ISNGYes95efeR4s8Lr7BPxz0wesPNiTGzGlErM8EfFlfHH/C3sS4bVuo1IuzXADI9AzTZ6gpDEitkhCgaboors/KxkOmkpw0tR8jozt+tBs=
dzpsVwaJkp7bH1U71ZmFSAj9/W/TcNQUiGW8O27s52YQzHsWQB6Y7stprDP8LnGgWH4dUIgYQ0g+LQIozPLJzQudL3S0DQ==
vJRmJbqY2Rvj/n4P89HTM0ZkyZIZLGPWsYUgr1HvCLnsvQxzrqQXPjD0ax5AFojW6zFcezxmwXg4ho3YCJDTMN51suCMOrkVK6U/fLQF
eLMNMQZAOHIbCcnAuT0Y5FJx9r6GWrph2BbYAOY+vuZbUfeEp4F74LEmR5e63sak6TfhnCXXLVhHbXESDmDNpOXf/D+WNXm0Ag==
dzpsVwaJkp7bH1U71ZmFSAj9/W/TcNQUiGW8O27s52YQzHsWQB6Y7stprDP8LnGgWH4dUIgYQ0g+LQIozPLJzQudL3S0DQ==
wh4+9gIouXHCz6E3+NkCjEVkyZIZLGPWsYUgr1HvCLnsvQxzrqQXPjD0ax5AFojW6zFcezxmwXg4ho3YCJDTMN51suCMOrkVK6U/fLQF
eLMNMQZAOHIbCcnAuT0Y5FJx9r6GWrph2BbYAOY+vuZbUfeEp4F74LEmR5e63sak6TfhnCXXLVhHbXESDmDNpOXf/D+WNXm0Ag==
1Yd3dh5v5XO2gvDKYInK4hBSKIucg6GGI7xIYlCWlQ05POldNSD/+gmvdIII1Adrz6QLC0O4KXFfKiB8I9Trw/IHmCl3tAw=
vJRmJbqY2Rvj/n4P89HTM0ZkyZIZLGPWsYUgr1HvCLnsvQxzrqQXPjD0ax5AFojW6zFcezxmwXg4ho3YCJDTMN51suCMOrkVK6U/fLQF
eLMNMQZAOHIbCcnAuT0Y5FJx9r6GWrph2BbYAOY+vuZbUfeEp4F74LEmR5e63sak6TfhnCXXLVhHbXESDmDNpOXf/D+WNXm0Ag==
u30WgRGEIGiY46I5L+yPxUo0JH5EbmV/XPncqlMFMvO5uOVSKbPOJhEzbIj4uQRnjvDfemAQw4rAgiAyu3WULxxyyXwo4qUMSER7VE7xOnQsbnFRe0EXaLQR
/SFwWxMTd5H9BkFAvhSrUDOrhhevqGwcNoHnyz1rIzH+24py4SpDLKD8t8BWXk5my7GnRHfha+ChxhfXar5WJJnXUdzVtx1YN01BUv7AfSR1fyx/RhVptBI=
mpHMtpALTsPvRSTOgp9o16iDvA31inY+vZyzCXFDR9+xoWwvMBp7jiGMQljtKOwqnLaZBV0MLSWpoGMCTZ+QigT0S6NrNI+T/3hVaVs6xDRvNGdLVndcEWu0EA==
dF0ROsuMYqYEZ1NTiR6SSFQKcIDdzP7AabhIYlCWlQ05POldNSD/+gmvdIII1Adrz6QLC0O4KXFfKiB8I9Trw/IHmCl3tAw=
qskGwZJdB1ukZWmVkvztPko0J35EbmV/XPncilMFMvO5uOVSKbPOJhEzbIj4uQRnjvDfemAQw4rAgiAyu3WULxxyyXwo4qUMSER7VE7xOnQsbnFRe0EXaLQR
izemmsKYjq9RNYdaWiELHGbkzg2Z5LNTe3ted4dYVBwOcc+r5btrcTZr8tIJutusOGwfIO4uhqaD4X9kH9GT4Nn2//cybp5k0SfpvH0nhdiv3SnyBnA15L0vdJ9uZVG0Kg==
/SFwWxMTd5H9BkFAvhSrUDOrhhevqGwcNoHnyz1rIzH+24py4SpDLKD8t8BWXk5my7GnRHfha+ChxhfXar5WJJnXUdzVtx1YN01BUv7AfSR1fyx/RhVptBI=
u98g2AaPszBSHSf485sjUSZnywPLuM61/PzcdEc0n4yViFkjee3OCLzQvBWGOETX0LXeRiMwKM4HyIBEbGhju+Ad7CSVlgCcge5oYpduNt8uZjyYTVtzXxNqtBc=
dF0ROsuMYqYEZ1NTiR6SSFQKcIDdzP7AabhIYlCWlQ05POldNSD/+gmvdIII1Adrz6QLC0O4KXFfKiB8I9Trw/IHmCl3tAw=
EMXUA09ezENz2RUY2UjJhgsBZ8FwqiDP4O0eHpOoSBY30IBcXLADI1BFLHyljmBEMXbo+ie2VscePvzA/cMThyNytA8=
A6AxjO9TxNlG0nBlcEnLfl+revsJcG+gv2IU5L+Rc+C5Nl930i6+ZLHnSTydZ6XYzx2JcuYwFeTd79QfjiVxtAo=
+KG9AMI+eJto56y8J4EZulff+tZbczrCwXxRscJQMRkYAnbEwoeubVuo1IuzXADL9AzTZ6gpDEitkhCgaboors/KxkOmkpw0tR8jozt+tBs=
yHZ4hb+WLA26PerU/ou6eBkg1ohvMgffWlSluprblPNCbBzW+OkHOOIV/2A2rrsHFmZiRI3vTSz5n+kYg6Ut4mK46YQBpxAvqj19tAY=
DN8vudmgak5Dm7S8ycKjl1SmdOxHYiD2pCFDyIaNc+C6Nl930i6+ZLHnSTydZ6XYzx2JcuYwFeTd79QfjiVxtAo=
h73ZNMX/S1Bz91ODFwH38xkg1ohvMgffWlSluprblPNCbBzL+OkHOOIV/2A2rrsHFmZiRI3vTSz5n+kYg6Ut4mK46YQBpxAvqj19tAY=
GGTv0Pn4tgfj+0klDiLtgilcxq1u/T1iXGNLEnfA4tJIB3+WjHn/msCRAGJ7xTTfnMIpDOgyxRxIVJsEDgFaxKwe0eE7kTd4tAE=
Wf1br+saUqOxE8acB1pAXmuooJhBDPnggEh1UmCIh/ksjS8rN4jzYBSBk4h27WPgqtYvt4KODuQhh7l8TUeV2L/92bJWkIVkLY8EX74FYbQa
BCVjUkjX3l+0rkJxnIplj3Me0b5aCk5hjozpAadIz262IBjRw9xEBzvYgFdMmCMLAI1stPUmwOyh/mhytx72b072vAit6zOvM3q0Bw==
o0R9M1Ej1Enwjm4G06cd7BE44LrKD7MskB3HS+84u6BcUauonp174LImR5e63sak6TfhnCXXLVhHbXESDmDNpOXf/D+WNXm0Ag==
Mb0fX+OwN2BI0SZpbdBeHGiooJhBDPnggEh1UmCIh/ksjS8rN4jzYBSBk4h27WPgqtYvt4KODuQhh7l8TUeV2L/92bJWkIVkLY8EX74FYbQa
BCVjUkjX3l+0rkJxnIplj3Me0b5aCk5hjozpAadIz262IBjRw9xEBzvYgFdMmCMLAI1stPUmwOyh/mhytx72b072vAit6zOvM3q0Bw==
z6vWfRD5V53u55MAapubtp1P2zNQhWEWtak8PCKV952FREsAFJK3n8R4h+zktUs7M4DvQGhJV/jSde9gJk6LR8bG8sQ9j71sqX/ZGHOFfSLSGBkEkUdAb1odbbQW
FDsbxkeJzvHt6b9LkfojbfTNpx7t3DMpoZTwHmIMQ8W9pW07N1Mv1GfGRlntY+UsmfCeBQEgFDmpoGACTZ+QigT0S6NrNI+T/3hVaVs6xDRvNGdLVndcEWu0EA==
ZV4VRPHCu/SgS+4UtfWqKmWqZpoa78BU9p8/JqmY9BZuHF/d2YWJA0tj45wjBoIRoZNZVD0QOp2dsJixLSDkisEPDBKglO9b10RDW7s4kaEXCjgMCxSDU0pnUBlvtBQ=
+5/kOqsDj713eUsoHgVhgW0EnqYvsmIkFmdLEnfA4tJIB3+WjHn/msCRAGJ7xTTfnMIpDOgyxRxIVJsEDgFaxKwe0eE7kTd4tAE=
z6vWfRD5V53u55MAapubtp1P2zNQhWEWtak8PCKV952FREsAFJK3n8R4h+zktUs7M4DvQGhJV/jSde9gJk6LR8bG8sQ9j71sqX/ZGHOFfSLSGBkEkUdAb1odbbQW
FDsbxkeJzvHt6b9LkfojbfTNpx7t3DMpoZTwHmIMQ8W9pW07N1Mv1GfGRlntY+UsmfCeBQEgFDmpoGACTZ+QigT0S6NrNI+T/3hVaVs6xDRvNGdLVndcEWu0EA==
g62JjZI1mlNr49MI8XbDe3CBofLz8dRzYcbIJ41+B2+GRAINTmLc9P25g1VTRwmrEahZJngl05tbUCcAIHm/2KpFF2BefnNnrvY6BHXfVcwx70GY6xXlwnpI0cTZN2iPYm1VtC4=
+5/kOqsDj713eUsoHgVhgW0EnqYvsmIkFmdLEnfA4tJIB3+WjHn/msCRAGJ7xTTfnMIpDOgyxRxIVJsEDgFaxKwe0eE7kTd4tAE=
mg5vmVpnOQJTOtrgWV8j5VRIPI034G/G5uhYGZP0ZC8r0IBfXLADI1BFLHyljmBEMXbo+ie2VscePvzA/cMThyNytA8=
fB5YzLg2Fqnc5MvcWL5xRluz9i6cL5Nex2y6Pijr5zo89WcWQB2Y7stprDP8LnGgWH4dUIgYQ0g+LQIozPLJzQudL3S0DQ==
Lht4tT5prxRYRUfnOrCLdkzUlrNkHhP5r235OxsaLXbvWu8o7ptKPU3wqFE9IPTq8c9cslAUf7tnBJN7yzihwcfKSKyblDOzGiegOX+0BA==
7g79i3Q4TqX3WZeKwAt1dFde+q9QJHzSq4Vm9ErpDamvtQY146MXYhzNdx5AFYjW6zFcezxmwXg4ho3YCJDTMN51suCMOrkVK6U/fLQF
z6vWfRD5V53u55MAapubtp1P2zNQhWEWtak8PCKV952FREsAFJK3n8R4h+zktUs7M4DvQGhJV/jSde9gJk6LR8bG8sQ9j71sqX/ZGHOFfSLSGBkEkUdAb1odbbQW
Jb/W7S5M9R18hbG877yyOiPoI5cY4pYR4YM3Zb6LuxJ0EFvczYLAG1Zj45wjBoIRoZNZVD0QOp2dsJixLSDkisEPDBKglO9b10RDW7s4kaEXCjgMCxSDU0pnUBlvtBQ=
SjiHfPjYubUzVPnutZ1QqLm0o9XeS6S8yLAjFbNCW0FLxqiPpCpqOiqlubXPijLMlg+bKhfY0rqIrw8OLAEvssC50BrbXUR3XKoZFIgKFXTIvMs87hlqLOy2IXmbaWdQtCk=
1APAmxcSmg5JlxMwMRibHUJ26/uFUPVmlB3HS+84u6BcUauonp174LImR5e63sak6TfhnCXXLVhHbXESDmDNpOXf/D+WNXm0Ag==
Lht4tT5prxRYRUfnOrCLdkzUlrNkHhP5r235OxsaLXbvWu8o7ptKPU3wqFE9IPTq8c9cslAUf7tnBJN7yzihwcfKSKyblDOzGiegOX+0BA==
7g79i3Q4TqX3WZeKwAt1dFde+q9QJHzSq4Vm9ErpDamvtQY146MXYhzNdx5AFYjW6zFcezxmwXg4ho3YCJDTMN51suCMOrkVK6U/fLQF
z6vWfRD5V53u55MAapubtp1P2zNQhWEWtak8PCKV952FREsAFJK3n8R4h+zktUs7M4DvQGhJV/jSde9gJk6LR8bG8sQ9j71sqX/ZGHOFfSLSGBkEkUdAb1odbbQW
8+TwKSgtYVFys+/HqMVNcTY9hRjYoJjw6+DUN1An0IiPhF0ibeqHXOaW9hGHOA/e1rCYQSNsBPcbyIBHbGhju+Ad7CSVlgCcge5oYpduNt8uZjyYTVtzXxNqtBc=
1APAmxcSmg5JlxMwMRibHUJ26/uFUPVmlB3HS+84u6BcUauonp174LImR5e63sak6TfhnCXXLVhHbXESDmDNpOXf/D+WNXm0Ag==
Lht4tT5prxRYRUfnOrCLdkzUlrNkHhP5r235OxsaLXbvWu8o7ptKPU3wqFE9IPTq8c9cslAUf7tnBJN7yzihwcfKSKyblDOzGiegOX+0BA==
h73ZNMX/S1Bz91ODFwH38xkg1ohvMgffWlSluprblPNCbBzL+OkHOOIV/2A2rrsHFmZiRI3vTSz5n+kYg6Ut4mK46YQBpxAvqj19tAY=
ovDzImSQ1XgsqPN4GLIq1Z1P2DNQhWEWtak8PCKV952FREsAFJK3n8R4h+zktUs7M4DvQGhJV/jSde9gJk6LR8bG8sQ9j71sqX/ZGHOFfSLSGBkEkUdAb1odbbQW
OgkO/AFzjCkkCJzipbGlXGUljg7JtZjw6+DUN1An0IiPhF0ibeqHXOaW9hGHOA/e1rCYQSNsBPcbyIBHbGhju+Ad7CSVlgCcge5oYpduNt8uZjyYTVtzXxNqtBc=
HIP/w5uGwA6DFnvfeOpCFWCqZpoa78BU9p8/JqmY9BZuHF/d2YWJA0tj45wjBoIRoZNZVD0QOp2dsJixLSDkisEPDBKglO9b10RDW7s4kaEXCjgMCxSDU0pnUBlvtBQ=
+5/kOqsDj713eUsoHgVhgW0EnqYvsmIkFmdLEnfA4tJIB3+WjHn/msCRAGJ7xTTfnMIpDOgyxRxIVJsEDgFaxKwe0eE7kTd4tAE=
rFSSH3hw0x69jVseaZGTYFQKcIDdzP7BafNBZFXQkg1lENBBNSD8+gmvdIII1Adrz6QLC0O4KXFfKiB8I9Trw/IHmCl3tAw=
Lht4tT5prxRYRUfnOrCLdkzUlrNkHhP5r235OxsaLXbvWu8o7ptKPU3wqFE9IPTq8c9cslAUf7tnBJN7yzihwcfKSKyblDOzGiegOX+0BA==
h73ZNMX/S1Bz91ODFwH38xkg1ohvMgffWlSluprblPNCbBzL+OkHOOIV/2A2rrsHFmZiRI3vTSz5n+kYg6Ut4mK46YQBpxAvqj19tAY=
OQ52U36rDm4mGC2bycQ50J1P2TNQhWEWtak8PCKV952FREsAFJK3n8R4h+zktUs7M4DvQGhJV/jSde9gJk6LR8bG8sQ9j71sqX/ZGHOFfSLSGBkEkUdAb1odbbQW
OgkO/AFzjCkkCJzipbGlXGUljg7JtZjw6+DUN1An0IiPhF0ibeqHXOaW9hGHOA/e1rCYQSNsBPcbyIBHbGhju+Ad7CSVlgCcge5oYpduNt8uZjyYTVtzXxNqtBc=
ZfrbIc7BY1+JgJBFAhKL13g7xME3iR45U3pgali11KlYEhMS0M3ZlD+2SvBWs+OW52SqBmgTd7LcvVcOQAWopivhPMu8FmGoeLZtyAiAswAeJRIQDIpZRWtVH2y0FQ==
2zLuMbsVRs0xD1vLzWFxXng7xME3iR45U3pgali11KlYEhMSzdDZlD+2SvBWs+OW52SqBmgTd7LcvVcOQAWopivhPMu8FmGoeLZtyAiAswAeJRIQDIpZRWtVH2y0FQ==
+5/kOqsDj713eUsoHgVhgW0EnqYvsmIkFmdLEnfA4tJIB3+WjHn/msCRAGJ7xTTfnMIpDOgyxRxIVJsEDgFaxKwe0eE7kTd4tAE=
rFSSH3hw0x69jVseaZGTYFQKcIDdzP7BafNBZFXQkg1lENBBNSD8+gmvdIII1Adrz6QLC0O4KXFfKiB8I9Trw/IHmCl3tAw=
JpvL/SPMXBan+A+vvs4EDBBb/a9WKi7Qscxt6Er8RLiushY146MXYhzNdx5AFYjW6zFcezxmwXg4ho3YCJDTMN51suCMOrkVK6U/fLQF
Lht4tT5prxRYRUfnOrCLdkzUlrNkHhP5r235OxsaLXbvWu8o7ptKPU3wqFE9IPTq8c9cslAUf7tnBJN7yzihwcfKSKyblDOzGiegOX+0BA==
Lht4tT5prxRYRUfnOrCLdkzUlrNkHhP5r235OxsaLXbvWu8o7ptKPU3wqFE9IPTq8c9cslAUf7tnBJN7yzihwcfKSKyblDOzGiegOX+0BA==
Lht4tT5prxRYRUfnOrCLdkzUlrNkHhP5r235OxsaLXbvWu8o7ptKPU3wqFE9IPTq8c9cslAUf7tnBJN7yzihwcfKSKyblDOzGiegOX+0BA==
BnMq5hKqGvqS6ZyCkk02PXSGVMxnQiD2pCFDyIaNc+C7Nl930i6+ZLHnSTydZ6XYzx2JcuYwFeTd79QfjiVxtAo=
bQg0CbqtyBJYGd2qiPLfghkg1ohvMgffWlSluprblPNCbBzL+OkHOOIV/2A3rrsHFmZiRI3vTSz5n+kYg6Ut4mK46YQBpxAvqj19tAY=
Tg0b37mOkR7OCNXtGHpfXylcxq1u/T1iXGNLEnfA4tJIB3+WjHn/msCQAGJ7xTTfnMIpDOgyxRxIVJsEDgFaxKwe0eE7kTd4tAE=
0iLwa/z/LepZW+cN6vj1qgi57mVUDsawuHsWSIYXWraJ/7t612iyKgg/r/5sUc+CwIgwSput5OfcOnmkSFo1hMjM6+yuqYq8bCaBCVu5B2C0GQ==
KH7Ru4cGxT4LWGddn4bmrHMe0b5aCk5hjozpAadIz262IBjRw9xEBzvYgFZMmCMLAI1stPUmwOyh/mhytx72b072vAit6zOvM3q0Bw==
rG+OS3eoZvH85mhVqpa7NxE44LrKD7MskB3HS+84u6BcUauonp174LMmR5e63sak6TfhnCXXLVhHbXESDmDNpOXf/D+WNXm0Ag==
cZZ+XDBoLSbduMlSXYBBS2iooJhBDPnggEh1UmCIh/ksjS8rN4jzYBSBk4h27WPgq9Yvt4KODuQhh7l8TUeV2L/92bJWkIVkLY8EX74FYbQa
KH7Ru4cGxT4LWGddn4bmrHMe0b5aCk5hjozpAadIz262IBjRw9xEBzvYgFZMmCMLAI1stPUmwOyh/mhytx72b072vAit6zOvM3q0Bw==
Tg0b37mOkR7OCNXtGHpfXylcxq1u/T1iXGNLEnfA4tJIB3+WjHn/msCQAGJ7xTTfnMIpDOgyxRxIVJsEDgFaxKwe0eE7kTd4tAE=
4yXdlWtq8J4pOlyPPsBdIGuooJhBDPnggEh1UmCIh/ksjS8rN4jzYBSBk4h27WPgq9Yvt4KODuQhh7l8TUeV2L/92bJWkIVkLY8EX74FYbQa
KH7Ru4cGxT4LWGddn4bmrHMe0b5aCk5hjozpAadIz262IBjRw9xEBzvYgFZMmCMLAI1stPUmwOyh/mhytx72b072vAit6zOvM3q0Bw==
WjjglzQ350ksE3hUMTyYiW8qhZJ7i1skUnprfXzh07pRQh4S2N/cgmv7CrYct+OW52SqBmgTd7LcvVcOQASopivhPMu8FmGoeLZtyAiAswAeJRIQDIpZRWtVH2y0FQ==
wKTvii27GqQXIQKnBiO4qPTNpx7t3DMpoZTwHmIMQ8W9pW07N1Mv1GfGRlntY+UsmfCeBQEgFDmpoGECTZ+QigT0S6NrNI+T/3hVaVs6xDRvNGdLVndcEWu0EA==
tYtgs8HaqT7MMDRjg6tPdnCBofLz8dRzYcbIJ41+B2+GRAINTmLc9P25g1VTRwmrEahZJngl05tbUCcAIHm/2KpFF2BffnNnrvY6BHXfVcwx70GY6xXlwnpI0cTZN2iPYm1VtC4=
IMUKiGeXaxaK5KVGKxSYF20EnqYvsmIkFmdLEnfA4tJIB3+WjHn/msCQAGJ7xTTfnMIpDOgyxRxIVJsEDgFaxKwe0eE7kTd4tAE=
xREeLdqGNeg3ULeEDk4cZ1QKcIDdzP7BafNBZFXQkg1lENBBNSD9+gmvdIII1Adrz6QLC0O4KXFfKiB8I9Trw/IHmCl3tAw=
GaJxC+2XajAV48YJI8O4KUzUlrNkHhP5r235OxsaLXbvWu8o7ptKPU3wqFE9IPXq8c9cslAUf7tnBJN7yzihwcfKSKyblDOzGiegOX+0BA==
bQg0CbqtyBJYGd2qiPLfghkg1ohvMgffWlSluprblPNCbBzL+OkHOOIV/2A3rrsHFmZiRI3vTSz5n+kYg6Ut4mK46YQBpxAvqj19tAY=
1PxL2qaX5BLTqxuIX4Sxv51P2DNQhWEWtak8HCKV952FREsAFJK3n8R4h+zktUs7M4DvQGhJV/jSde9gJ06LR8bG8sQ9j71sqX/ZGHOFfSLSGBkEkUdAb1odbbQW
O98H1v8W76XntfV1E+aIWWUljg7JtZjw6+DUN1An0IiPhF0ibeqHXOaW9hGHOA/e1rCYQSNsBPcbyIBGbGhju+Ad7CSVlgCcge5oYpduNt8uZjyYTVtzXxNqtBc=
Duh9oIsD2JohsEtAS08CU2CqZpoa78BU9p8/JqmY9BZuHF/d2YWJA0tj45wjBoIRoZNZVD0QOp2dsJixLSDlisEPDBKglO9b10RDW7s4kaEXCjgMCxSDU0pnUBlvtBQ=
IMUKiGeXaxaK5KVGKxSYF20EnqYvsmIkFmdLEnfA4tJIB3+WjHn/msCQAGJ7xTTfnMIpDOgyxRxIVJsEDgFaxKwe0eE7kTd4tAE=
zPymYygeMS7wu3718Coi6p1P2TNQhWEWtak8HCKV952FREsAFJK3n8R4h+zktUs7M4DvQGhJV/jSde9gJ06LR8bG8sQ9j71sqX/ZGHOFfSLSGBkEkUdAb1odbbQW
O98H1v8W76XntfV1E+aIWWUljg7JtZjw6+DUN1An0IiPhF0ibeqHXOaW9hGHOA/e1rCYQSNsBPcbyIBGbGhju+Ad7CSVlgCcge5oYpduNt8uZjyYTVtzXxNqtBc=
CcxkrFMmLfCAFWg5t+r/eng7xME3iR45U3pgali11KlYEhMSzdDZlD+2SvBWs+OW52SqBmgTd7LcvVcOQASopivhPMu8FmGoeLZtyAiAswAeJRIQDIpZRWtVH2y0FQ==
IMUKiGeXaxaK5KVGKxSYF20EnqYvsmIkFmdLEnfA4tJIB3+WjHn/msCQAGJ7xTTfnMIpDOgyxRxIVJsEDgFaxKwe0eE7kTd4tAE=
xREeLdqGNeg3ULeEDk4cZ1QKcIDdzP7BafNBZFXQkg1lENBBNSD9+gmvdIII1Adrz6QLC0O4KXFfKiB8I9Trw/IHmCl3tAw=
GaJxC+2XajAV48YJI8O4KUzUlrNkHhP5r235OxsaLXbvWu8o7ptKPU3wqFE9IPXq8c9cslAUf7tnBJN7yzihwcfKSKyblDOzGiegOX+0BA==
7yzsJBghuiSm5SCP5oxA8VSmdOxHYiD2vidD1J6Mc+C5LFl3zja/ZLHnSTydZ6XYzx2JcuYwFeTd79QfjiVxtAo=
IoPnclUwrQOygwhELDDpcRkg1ohvMgffWlSluprblPNCbBzL4u8HJPoU/2A1tL0HCn5jRI3vTSz5n+kYg6Ut4mK46YQBpxAvqj19tAY=
QHB1EWyhS7a4ruBGsFyssJxP2TNQhWEWtak8PCKV952FREsAFJK3n8R4h+zktUs7M4DvQHJPV+TKdO9gJVSNR9re88Q9j71sqX/ZGHOFfSLSGBkEkUdAb1odbbQW
dz9oufqlVxcfPA1JCwcDfOVamc91CioDny48KShNOsJSMEmi+nhJFS4TQUhGdTXep+W8gMLwawu5WNGm8JU7e+Mgf8DCr+ekmlQfYFV0XYdqvkNErS/trFlfyRhjZU1igviJhOHnsK8KfV20Jg==
ssoW5Btfmj2RidWrifXssTSJna8VHPzyzgc4Wy3AjeYsjS8rN4jzYA6Hk5Ru7GPgqcwpt56WD+Qhh7l8TUeV2L/92bJWkIVkLY8EX74FYbQa
UYXMiEkjl43ahjPt+S0wvUs0JH5camJ/XOKIqkQXNef8qehab+KCNBZ3K8K3sAJiyO3ZJlAx3orAgjo0u2mMLhxyyXwo4qUMSER7VE7xOnQsbnFRe0EXaLQR
MVk6Zh6B4F7zCOD2RdPTKWaG33mUvFmaxatC0LzqOhfSNnifx4OLAz8KCk7b3+j/4nw3uF7qtuWvVB/azqz4j+0gaEvidADwnsIz4yDAzDCdmjD4uRKoFj+Cplu2+tzMBZeDe2tWtCM=
ssoW5Btfmj2RidWrifXssTSJna8VHPzyzgc4Wy3AjeYsjS8rN4jzYA6Hk5Ru7GPgqcwpt56WD+Qhh7l8TUeV2L/92bJWkIVkLY8EX74FYbQa
7yzsJBghuiSm5SCP5oxA8VSmdOxHYiD2vidD1J6Mc+C5LFl3zja/ZLHnSTydZ6XYzx2JcuYwFeTd79QfjiVxtAo=
IoPnclUwrQOygwhELDDpcRkg1ohvMgffWlSluprblPNCbBzL4u8HJPoU/2A1tL0HCn5jRI3vTSz5n+kYg6Ut4mK46YQBpxAvqj19tAY=
+THk1WQ5T3MCgiAfJ7rc1F3jcXWumLUAYSDn4KFQXlb11xas7cwOoVkzMYTlUBhrtcyYoCUg74Df7zh6mVS3Cz/kO+szuBlRr2qQ3FNUe2MiR0gJZ7Qc
s/3c63WbOotWZ7U2kSUQIWaG33mUvFmaxatC0LzqOhfSNnifxYOLAz8KCk7b3+j/4nw3uF7qtuWvVB/azqz4j+0gaEvidADwnsIz4yDAzDCdmjD4uRKoFj+Cplu2+tzMBZeDe2tWtCM=
ssoW5Btfmj2RidWrifXssTSJna8VHPzyzgc4Wy3AjeYsjS8rN4jzYA6Hk5Ru7GPgqcwpt56WD+Qhh7l8TUeV2L/92bJWkIVkLY8EX74FYbQa
MmeBmhRc7w/ku3B0fAh4D20EnqYvsmIkFmdLEnfA4tJIHXmWkGH+msCSGmR72SzenMIpDOgyxRxIVJsEDgFaxKwe0eE7kTd4tAE=
RdELWLnAn+u4AiZ9H41oMVSmdOxHYiD2vidD1J6Mc+C4LFl3zja/ZLHnSTydZ6XYzx2JcuYwFeTd79QfjiVxtAo=
eGFuc9JxTtw7oHtqnUFK1xkg1ohvMgffWlSluprblPNCbBzL4u8HJPoU/2A0tL0HCn5jRI3vTSz5n+kYg6Ut4mK46YQBpxAvqj19tAY=
1W+Hz5Qi4bo6FAYv92nC013jcHWumLUAYSDn4KFQXlb11xas7cwOoVkzMYTlUBhrtcyYoCUg7oDf7zh6mVS3Cz/kO+szuBlRr2qQ3FNUe2MiR0gJZ7Qc
CTwAB1UppoIV1z/oHi6ryGaG33mUvFmaxatC0LzqORfSNnifx4OLAz8KCk7b3+j/4nw3uF7qtuWvVB/azqz4j+0gaEvidADxnsIz4yDAzDCdmjD4uRKoFj+Cplu2+tzMBZeDe2tWtCM=
nBlwPU1QQX7ULGG4Aq2ZjW0EnqYvsmIkFmdLEnfA4tJIHXmWkGH+msCTGmR72SzenMIpDOgyxRxIVJsEDgFaxKwe0eE7kTd4tAE=
uzl3tdIxAfSS+Av6tGXRzV3jcXWumLUAYSDn4KFQXlb11xas7cwOoVkzMYTlUBhrtcyYoCUg7oDf7zh6mVS3Cz/kO+szuBlRr2qQ3FNUe2MiR0gJZ7Qc
vUUwDXCfXFjghrpet3T2ZmaG33mUvFmaxatC0LzqOhfSNnifxoOLAz8KHFnb3+j/4nw3uF7qtuWvVB/azqz4j+0gaEvidADxnsIz4yDAzDCdmjD4uRKoFj+Cplu2+tzMBZeDe2tWtCM=
MfnSCUVd06i6yrIO8NPu1maG33mUvFmaxatC0LzqOhfSNnifxoOLAz8KCk7b3+j/4nw3uF7qtuWvVB/azqz4j+0gaEvidADxnsIz4yDAzDCdmjD4uRKoFj+Cplu2+tzMBZeDe2tWtCM=
nBlwPU1QQX7ULGG4Aq2ZjW0EnqYvsmIkFmdLEnfA4tJIHXmWkGH+msCTGmR72SzenMIpDOgyxRxIVJsEDgFaxKwe0eE7kTd4tAE=
1W+Hz5Qi4bo6FAYv92nC013jcHWumLUAYSDn4KFQXlb11xas7cwOoVkzMYTlUBhrtcyYoCUg7oDf7zh6mVS3Cz/kO+szuBlRr2qQ3FNUe2MiR0gJZ7Qc
CTwAB1UppoIV1z/oHi6ryGaG33mUvFmaxatC0LzqORfSNnifx4OLAz8KCk7b3+j/4nw3uF7qtuWvVB/azqz4j+0gaEvidADxnsIz4yDAzDCdmjD4uRKoFj+Cplu2+tzMBZeDe2tWtCM=
Sc0Y3jmSq7fya+DPVXmfwzSJna8VHPzyzgc4Wy3AjeYsjS8rN4jzYA6Hk5Ru7GPgqMwpt56WD+Qhh7l8TUeV2L/92bJWkIVkLY8EX74FYbQa
nBlwPU1QQX7ULGG4Aq2ZjW0EnqYvsmIkFmdLEnfA4tJIHXmWkGH+msCTGmR72SzenMIpDOgyxRxIVJsEDgFaxKwe0eE7kTd4tAE=
uzl3tdIxAfSS+Av6tGXRzV3jcXWumLUAYSDn4KFQXlb11xas7cwOoVkzMYTlUBhrtcyYoCUg7oDf7zh6mVS3Cz/kO+szuBlRr2qQ3FNUe2MiR0gJZ7Qc
MfnSCUVd06i6yrIO8NPu1maG33mUvFmaxatC0LzqOhfSNnifxoOLAz8KCk7b3+j/4nw3uF7qtuWvVB/azqz4j+0gaEvidADxnsIz4yDAzDCdmjD4uRKoFj+Cplu2+tzMBZeDe2tWtCM=
Sc0Y3jmSq7fya+DPVXmfwzSJna8VHPzyzgc4Wy3AjeYsjS8rN4jzYA6Hk5Ru7GPgqMwpt56WD+Qhh7l8TUeV2L/92bJWkIVkLY8EX74FYbQa
nBlwPU1QQX7ULGG4Aq2ZjW0EnqYvsmIkFmdLEnfA4tJIHXmWkGH+msCTGmR72SzenMIpDOgyxRxIVJsEDgFaxKwe0eE7kTd4tAE=
Z9weX1kkbIU4k7HIZzEYI1SmdOxHYiD2vidD1J6Mc+C/LFl3zja/ZLHnSTydZ6XYzx2JcuYwFeTd79QfjiVxtAo=
K5gl5CK3eJN1LiukVEmBzBkg1ohvMgffWlSluprblPNCbBzL4u8HJPoU/2AztL0HCn5jRI3vTSz5n+kYg6Ut4mK46YQBpxAvqj19tAY=
kCjMtXaOLQJf0DHAT7Og7l3jcXWumLUAYSDn4KFQXlb11xas7cwOoVkzMYTlUBhrtcyYoCUg6YDf7zh6mVS3Cz/kO+szuBlRr2qQ3FNUe2MiR0gJZ7Qc
EAbY3NS62f+zQIvuyfGpqWaG33mUvFmaxatC0LzqORfSNnifxYOLAz8KCk7b3+j/4nw3uF7qtuWvVB/azqz4j+0gaEvidAD2nsIz4yDAzDCdmjD4uRKoFj+Cplu2+tzMBZeDe2tWtCM=
fqD6phegW7kWLP3XERfzBjSJna8VHPzyzgc4Wy3AjeYsjS8rN4jzYA6Hk5Ru7GPgr8wpt56WD+Qhh7l8TUeV2L/92bJWkIVkLY8EX74FYbQa
l8Y3ownc8nlkq7DGiQtY9W0EnqYvsmIkFmdLEnfA4tJIHXmWkGH+msCUGmR72SzenMIpDOgyxRxIVJsEDgFaxKwe0eE7kTd4tAE=
INOifSCoX8VRZV6KwK+zyV3jcHWumLUAYSDn4KFQXlb11xas7cwOoVkzMYTlUBhrtcyYoCUg6YDf7zh6mVS3Cz/kO+szuBlRr2qQ3FNUe2MiR0gJZ7Qc
WJA2Q66Kz3OlMjCHNRbDRWaG33mUvFmaxatC0LzqOhfSNnifxIOLAz8KCk7b3+j/4nw3uF7qtuWvVB/azqz4j+0gaEvidAD2nsIz4yDAzDCdmjD4uRKoFj+Cplu2+tzMBZeDe2tWtCM=
jV2mUubTQ1HR5/3dhKN4ohn3z1hjWta1qjVZBY9aEryW/7t612iyKgglqf5wSc6CwIwqTJux/ObcOnmkSFo1hMjM6+yuqYq8bCaBCVu5B2C0GQ==
l8Y3ownc8nlkq7DGiQtY9W0EnqYvsmIkFmdLEnfA4tJIHXmWkGH+msCUGmR72SzenMIpDOgyxRxIVJsEDgFaxKwe0eE7kTd4tAE=
bKKZhMEe0ida00wZSiHh91SmdOxHYiD2vidD1J6Mc+C+LFl3zja/ZLHnSTydZ6XYzx2JcuYwFeTd79QfjiVxtAo=
tKS4842v0JjUXo1jrqxveBkg1ohvMgffWlSluprblPNCbBzL4u8HJPoU/2AytL0HCn5jRI3vTSz5n+kYg6Ut4mK46YQBpxAvqj19tAY=
gBYKOtOvvKv4YaszVLcsoF3jcHWumLUAYSDn4KFQXlb11xas7cwOoVkzMYTlUBhrtcyYoCUg6IDf7zh6mVS3Cz/kO+szuBlRr2qQ3FNUe2MiR0gJZ7Qc
85WdttzN/4i1RQHPqWPmT2aG33mUvFmaxatC0LzqORfSNnifxoOLAz8KCk7b3+j/4nw3uF7qtuWvVB/azqz4j+0gaEvidAD3nsIz4yDAzDCdmjD4uRKoFj+Cplu2+tzMBZeDe2tWtCM=
1MCEcajvMqYQg3aCgdtlgTSJna8VHPzyzgc4Wy3AjeYsjS8rN4jzYA6Hk5Ru7GPgrswpt56WD+Qhh7l8TUeV2L/92bJWkIVkLY8EX74FYbQa
RX40kTBedwCDc6s0yKE5YG0EnqYvsmIkFmdLEnfA4tJIHXmWkGH+msCVGmR72SzenMIpDOgyxRxIVJsEDgFaxKwe0eE7kTd4tAE=
9T2Icf+Mmy9DO2ky7pGHs13jcXWumLUAYSDn4KFQXlb11xas7cwOoVkzMYTlUBhrtcyYoCUg6IDf7zh6mVS3Cz/kO+szuBlRr2qQ3FNUe2MiR0gJZ7Qc
77nN3yuYsY27EstPipoON2aG33mUvFmaxatC0LzqORfSNnifxIOLAz8KCk7b3+j/4nw3uF7qtuWvVB/azqz4j+0gaEvidAD3nsIz4yDAzDCdmjD4uRKoFj+Cplu2+tzMBZeDe2tWtCM=
1MCEcajvMqYQg3aCgdtlgTSJna8VHPzyzgc4Wy3AjeYsjS8rN4jzYA6Hk5Ru7GPgrswpt56WD+Qhh7l8TUeV2L/92bJWkIVkLY8EX74FYbQa
RX40kTBedwCDc6s0yKE5YG0EnqYvsmIkFmdLEnfA4tJIHXmWkGH+msCVGmR72SzenMIpDOgyxRxIVJsEDgFaxKwe0eE7kTd4tAE=
A4Eya+kflmwnlTcHXvlKtV3jcnWumLUAYSDn4KFQXlb11xas7cwOoVkzMYTlUBhrtcyYoCUg6IDf7zh6mVS3Cz/kO+szuBlRr2qQ3FNUe2MiR0gJZ7Qc
nK4QFVVDAkWrYE+1ighejXWetKmgs5dmNp6UZt4wFirYH0BXWiacu/6ihVNeVBurQugfbHwl05tbUCcAOn+/xLJEF2BaZHVnsu47BHXfVcwx70GY6xXlwnpI0cTZN2iPYm1VtC4=
bK3SdXxTu+knROpCboqSdmC1c8FJrYNBt8JvcPjZ5UwsXR+bjsHSVEswpcdlTIYRoZNZVD0QIJudrICwLSDgkMcPEAqhlO9b10RDW7s4kaEXCjgMCxSDU0pnUBlvtBQ=
4yLh+KgmZ7BNP+sjnYikBpxP2TNQhWEWtak8PCKV952FREsAFJK3n8R4h+zktUs7M4DvQHJPV+TKdO9gIlSNR9re88Q9j71sqX/ZGHOFfSLSGBkEkUdAb1odbbQW
vg5noEfWL5l/0gioABpabmaG33mUvFmaxatC0LzqOhfSNnifw4OLAz8KCk7b3+j/4nw3uF7qtuWvVB/azqz4j+0gaEvidAD3nsIz4yDAzDCdmjD4uRKoFj+Cplu2+tzMBZeDe2tWtCM=
1MCEcajvMqYQg3aCgdtlgTSJna8VHPzyzgc4Wy3AjeYsjS8rN4jzYA6Hk5Ru7GPgrswpt56WD+Qhh7l8TUeV2L/92bJWkIVkLY8EX74FYbQa
RX40kTBedwCDc6s0yKE5YG0EnqYvsmIkFmdLEnfA4tJIHXmWkGH+msCVGmR72SzenMIpDOgyxRxIVJsEDgFaxKwe0eE7kTd4tAE=
hHfFwkOyfOkWU3ohv4qB9JxP2DNQhWEWtak8PCKV952FREsAFJK3n8R4h+zktUs7M4DvQHJPV+TKdO9gIlSNR9re88Q9j71sqX/ZGHOFfSLSGBkEkUdAb1odbbQW
hC54SgzgrnmOqBV79lDBLHH201r853xIcp35jjt9KCC2yJc7tXAFZqT9t4tfWEsg1rf7dFb8a+Cm3BHXdqZXJJnXUdzVtx1YN01BUv7AfSR1fyx/RhVptBI=
jDcNna2yHSVSuuzzOvtpvC0QqiHREkUMChWLcQHjT4rtokKbwsjM4Ud2BQEW0Ii0qcOLDLuGGoEJc+EkddDoy8WMaIBVIBigry/I2unUJ6tvJOvLI7gJMf+qQLzD1MsDkod4aVe0LA==
na5/Gu+yzCTwDHQLKtnF4xn3z1hjWta1qjVZBY9aEryW/7t612iyKgglqf5wSc6CwI0qTJux/ObcOnmkSFo1hMjM6+yuqYq8bCaBCVu5B2C0GQ==
RX40kTBedwCDc6s0yKE5YG0EnqYvsmIkFmdLEnfA4tJIHXmWkGH+msCVGmR72SzenMIpDOgyxRxIVJsEDgFaxKwe0eE7kTd4tAE=
AuaOEqjgBeroIDltUM/cPVSmdOxHYiD2vidD1J6Mc+C9LFl3zja/ZLHnSTydZ6XYzx2JcuYwFeTd79QfjiVxtAo=
GUUlZddFi2HTlBvRDFP81Rkg1ohvMgffWlSluprblPNCbBzL4u8HJPoU/2AxtL0HCn5jRI3vTSz5n+kYg6Ut4mK46YQBpxAvqj19tAY=
hCSILpSgFvyFifcRkoNvAJxP2TNQhWEWtak8PCKV952FREsAFJK3n8R4h+zktUs7M4DvQHJPV+TKdO9gIVSNR9re88Q9j71sqX/ZGHOFfSLSGBkEkUdAb1odbbQW
K35jHINYkKmEkINfk5NWBmaG33mUvFmaxatC0LzqORfSNnifw4OLAz8KCk7b3+j/4nw3uF7qtuWvVB/azqz4j+0gaEvidAD0nsIz4yDAzDCdmjD4uRKoFj+Cplu2+tzMBZeDe2tWtCM=
dLl29YEJSP2el1gVgywNxjSJna8VHPzyzgc4Wy3AjeYsjS8rN4jzYA6Hk5Ru7GPgrcwpt56WD+Qhh7l8TUeV2L/92bJWkIVkLY8EX74FYbQa
CQZGOLQ5Bv1ygA0SR9TEfG0EnqYvsmIkFmdLEnfA4tJIHXmWkGH+msCWGmR72SzenMIpDOgyxRxIVJsEDgFaxKwe0eE7kTd4tAE=
rOY32M1nDZHLJnzZWag4ZJxP2DNQhWEWtak8PCKV952FREsAFJK3n8R4h+zktUs7M4DvQHJPV+TKdO9gIVSNR9re88Q9j71sqX/ZGHOFfSLSGBkEkUdAb1odbbQW
4oyhSTD0tbEHo263ZptWr2aG2mKTp16BwrBFxb78JQnMLnmfxYSIAz8KCk7b3+j/4nw3uF7qtuWvVB/azqz4j+0gaEvidAD0nsIz4yDAzDCdmjD4uRKoFj+Cplu2+tzMBZeDe2tWtCM=
dLl29YEJSP2el1gVgywNxjSJna8VHPzyzgc4Wy3AjeYsjS8rN4jzYA6Hk5Ru7GPgrcwpt56WD+Qhh7l8TUeV2L/92bJWkIVkLY8EX74FYbQa
CQZGOLQ5Bv1ygA0SR9TEfG0EnqYvsmIkFmdLEnfA4tJIHXmWkGH+msCWGmR72SzenMIpDOgyxRxIVJsEDgFaxKwe0eE7kTd4tAE=
hHfFwkOyfOkWU3ohv4qB9JxP2DNQhWEWtak8PCKV952FREsAFJK3n8R4h+zktUs7M4DvQHJPV+TKdO9gIlSNR9re88Q9j71sqX/ZGHOFfSLSGBkEkUdAb1odbbQW
4oGM1Vp9MCXSAGD7HFeG+RfSBF805acpZcOrsoGyXpPGyMjpW2ZpOfLw7OyFM7dE/0beyXXDDfzRsEwzaRz0CNGgnCgzv2SiTTSD8wOUFwNn+M35w9psZCf0rzt+l2RhU7Qo
1MCEcajvMqYQg3aCgdtlgTSJna8VHPzyzgc4Wy3AjeYsjS8rN4jzYA6Hk5Ru7GPgrswpt56WD+Qhh7l8TUeV2L/92bJWkIVkLY8EX74FYbQa
RX40kTBedwCDc6s0yKE5YG0EnqYvsmIkFmdLEnfA4tJIHXmWkGH+msCVGmR72SzenMIpDOgyxRxIVJsEDgFaxKwe0eE7kTd4tAE=
oFyn+NCkdqS4XLT0oS4tLlqx+kifPJNZyHKlMnTwpCs591BZNwyE/dZyuDP8LnGgWH4dUIgYQ0g+LQIozPLJzQudL3S0DQ==
vxb6dwuGJVHfol48y+H4ulqx+kifPJNZyHanPHTwpCs591BZNwyE/dZyuDP8LnGgWH4dUIgYQ0g+LQIozPLJzQudL3S0DQ==
GcCVMBDCs8emTFV6p6RqOEf6bkiAt39KIGIqGepNuV9cENtfX2IUIoKFp6Gguhym/xbRRAiuMOnBFdc4PjwdMd66iNo6XecpERULDzn3znoxykWz684umd6m1aYSIid+QrSnrfQApw+u2PfNKmygrd+y6olWOkqJlenjj52+ZUfU9IsjqzTPE794FekbOoS0LzQny5Z3nJGrtNA=
GmD2h/iKy1MjaxDbSgieTZdW/wLJQ/Agt/t9Y47JX////zl11i4dZHk0Y7NjFLdDh/jtOaNazCQH9M/73heEIXO0CA==
77gX1ZalFqr1X1q/ysQ9vujmkBegqlVZtjZBFwsoc8zNsNMqDd+wwJQSj7Ns7AFu4B4hVe/tWP7NtNw/Rd5aBdDcVkyjY4SiUsQ5dCKLz5VmHHQ1RjpwQby219vcUsn1iE4vvdgtM2xKSyMpdo9/vomKvZq6WCm33Hr55EiatUTIjGusrmkKfGzmAUlb+YegtNk=
s0dd93uH4Ub8m/jVw5g50zT2+FW7pmre2fVRTaACL1wk9Ctjy7Qv0x94dak7uqT0TzSHC7b3/NELtHA=
qGdpaKo1zS6+BFdNsz9H+oYgOMJxdxrhIlhu8h+NTGC9inBoGUKoRp8S5kuWqlycJYfD68sGtHM=
IyO1EaeL/sOOJvg6ufySGL6kgfRChQdKInQWoyWsnbaq1MLxN2oRmjxR2AHnbXzFvV9XxvSuSMn76Rsgx3aerxlxbIcja/xLHfHN5EYd3D7pTttHli8jGasIw8O3qhOWRyn1EtES4MlVJsXtrvIVkrUb+Fg8SOEF0MC63h8QysmhnYtaBXP2Nw8T2x38IRG3enGhdUxIFEzmSkNIJVfdc4x8+oz+BG52CzrPYEiiox07U+55RdgE5q8pNiMP5VUs/MBIyXVkPt0mdRVJkOkd+p+5Ya2w6c4P++/JtKfaOtRK4zGdw2mDH5zXAfW2d70qcimBZ5GxLXfVs2ei67uUYeNKcGtD2C80iomokpv562zsls4JK8g/ViKDy3EFBetcgp/zqcwefHjMdbOR+MbsuVc5ByNbRBIJ9eNUNVTyvBOtM4ZySY3SpceLGpc1+AVgA9NgdB4Ao56XzjcWJW418lNf/J6y+EHI0je3qWYgDIm2hgh9XIqv5yzusUlIcleBKJFL0Kr3WxWGswcCCTbFpkpkUQs8xoFYuKbNeQgwExBeVXJAjNp59atF/5y05Q==
ofUTWSeYIw2JtUIGp2jlbfacgV+7JWyhOmcQ0N2WH7KSCrFnaCTICZsopCThqmRrYbduXDFqLU6TyxShsVSvjr1rT0IGutXXTDEOtXOlA1q0PNmCpIQM2dRIIxOkH+1EWWMueIH0Hcm0ZuwSxfPIwkbwP/r+j2kv58S1CXKhd7EHUzzrRZGSY62LXFLwer6I/ybF/an1BA5WUo6+qiAz2NNuSKi3+xMBIscVAqCQN6tKja+P4eq08qTXRZ46y95XSYfQo8lc9yvt0yBzqrkjrfVax/DO0kIRHcMzU8fJJLWdezb9KUza+81ZQesJgc2xm4zLUaAnK/gc9fOiq6LyK3TcWzO/SgSEwvc70ttgekF3H+Wvn9oK7V93vKS4LvSXr5/4zPhff2vLnQuetn9tYSib9JgI1eUBamx5d9azP6lGWXWy0cZrQewKjprHKE+MC/hFRMH0W63QwELCBR5qVSsn5qqY7x5UREOM0IsRNOxNZ2iYY8fgIydOGo3fg/4R20zJ/JGAonZd9SzcZW7gZHEX6JpnltYn3p78YL2jk6fjkrTv
VnuoIeo4zmWk1TwWHzrb2u8d3IXci+okx2t2a2Q40k84zupjerMCzsIAa461fOr4jZqZ6visKE5vUhNdNSGlIEZcsas/MLxJQTiUk6HAzRqO7pndCOI3DNy0M5Nz1MfjU/q92BMa3MRXdD/brtcUQUO0OA==
gqwXRzEZbI6J/tJaXHxu9hImYxlZMNCl+YV/aRIm8cuu+rovJxquabCX6p3juFg0OSZGWFws7amiXzdJynllOfSqBJwj8UQaNRQg4J0nVyt89P1aEF3NSI5f8MJKHvvFAAgCCtV2Sr07L+aiiAc+PJSLzBhbeZQE3e/oEPMvQEv3hlpFD+ve+ctEyfSBaIIejT1sFLUGQIzhmmoS9n52Tw5WvKhty7NP85q05w==
mTUc897C+KnjsZgWvzalatHLcQ99kGecW9KSgn8AgSKCVY0iEDYUahhpx8ylR43uJf6LkQB0LOecsLaheDpxfFHxhmjDUzcAhbc4Ixpi//VHElrRQbhMgPdQcd8kbjPaZ+ehBoT9bCZnwrjqbSpgpKW5HijtS1x4hUmgxMp5HeLInVwyYG2nqVFrNzbv03akSffBHMUXyVrnrFGSbiCtpIWf3L+29Zm04g==
/Sg8nJUMgP9OlRhOerGzRVX3DyvhDSxMSm487cAMnRzjQvoip3BJ4sqFtUL4BgxqAFkvrJ2XxS7tjlMxaOSUZ2QgHkEgirk8mSH+SOsjLwCdRxAD4jK3NQ+igrHpKDQAT8CZf3yee5qvt5nm7M10Jn/y0ApVeqjk7UlGiAXb5Pj92QikEslVIoDNpBJInb+pSRsfFpcDvuSBR5n8bYcx2l88OTK2UGVkzU/k317FgbT6
PzLeSA3Xl/+RnoY5x/LeH2O9lrdA+LnjWzzxPi+KouWZPMEmEAqNZDvy+JG/SvICDmoCXSWkl4P3Pp+aeRmCgLZHRsR0aQreS2yr9bSAoWftQF8DWsuo5gVl/fYoGYPMlqDtpHPX1goJCh0jE25mSfam/XZagt/uGnSf3ewg779GWF89Ygy4nadyMhnu2gLZfemLX1Xe3deMtHMTs9QHYxP6fVjTGpxEF3T/W+7XVMGDtPg=
2zHdIx/cCcZys5aZxMJxn53hv+a4a1F4Bry5tqhqZTRzMrChlyrqMhZqGm09xL+zv/7XypF5OhDOx/5UjMmiDgOsY4VcoLmX9UBHc0LrwBZNJTWmgLn7XC4gFTTLN77awUrVEzuOfnnupuVGQmL33tI0Vw2EwFcvvtjnrRqsEM1vMnrphvoaqWXpk69N/jWnRHQ7wxt0//OregXIa3p0FF+0t2vGt0zxm7Tg
zo++7uPm06fd3GljwvL0lVkvaR4JJNW+4JMsLgg95t6u+rovJxquabCX6p3juFg0OSZGWFws7amiXzdJynllOfSqBJwj8UQaNRQg4J0nVyt89P1aEF3NSI5f8MJKHvvFAAgCCtV2Sr07L+aiiAc+PJSLzBhbeZQE3e/oEPMvQEv3hlpFD+ve+ctEyfSBaIIejT1sFLUGQIzhmmoS9n52Tw5WvKhty7NP85q05w==
+HuW9/tDDig/5OkPzNLbi53houq+eUpxNry5tqhqZTRzMrChlyrqMhZqGm09xL+zv/7XypF5OhDOx/5UjMmiDgOsY4VcoLmX9UBHc0LrwBZNJTWmgLn7XC4gFTTLN77awUrVEzuOfnnupuVGQmL33tI0Vw2EwFcvvtjnrRqsEM1vMnrphvoaqWXpk69N/jWnRHQ7wxt0//OregXIa3p0FF+0t2vGt0zxm7Tg
M+4F0Paur+lovwjlHAIjWSI6aHfSZ5qmRZaNDq/QfQGYyXtcJwo2EvuILcLunUlS9A4IagRRI7xhj+EOiXYPAaSsUCeg6FKxfDIdXH25Qthnq6uAGc+ck16q09WrGl7BJWBwwAsI1U+g5p+6i6/l9uDFcCZ7+twaKWKMxAkxmrhJE6A4uZHE1M5x8cLkVRiCxBU7Kc2Tk4Yrm1qEJf/FDCFP9ZqbdPUC6qgBROlXGM9SzYW0/g==
qbOwvZszRm7zsZwC16oSysZQPSF4nxRD5pMBNuL8/X7kWrlMVxLUuas65joSah5lMdSDq9ve87JNSXbYioc6HMA5/rbnzMcdIDA1H3HAw/vOezyO6cVRHlzJN5Rq4NF8BwfiIuVqMQsHnnJx6qbhTk5yy8Y2FHP12PCbZ3oYo2XW3Mx1C9LecXpqliHhaRcnwW5JP+AU33tHhLO7bzpBACdKqGx7lNNz+qdA+Z+05A==
LIZyaR4SLvmjvPSOkmfO68dZIDZ+nF1Rtp0dPOe9yTDoQLFZVxLUuas65joSah5lMdSDq9ve87JNSXbYioc6HMA5/rbnzMcdIDA1H3HAw/vOezyO6cVRHlzJN5Rq4NF8BwfiIuVqMQsHnnJx6qbhTk5yy8Y2FHP12PCbZ3oYo2XW3Mx1C9LecXpqliHhaRcnwW5JP+AU33tHhLO7bzpBACdKqGx7lNNz+qdA+Z+05A==
RhT2X/SXK8xCEToQkxgKRDT2+FW7pmre2fVRTaACL1wk9Ctjy7Qv0xt6dag7uqT0TzSHC7b3/NELtHA=
tPkIzWtbV1pVfr6nfw07g4YgOMJxdxrhIlhu8h+NTGC9inBoGUaqRp4S5kuWqlycJYfD68sGtHM=
Y0KUISzaoWVfc1azE7IiLdG70I+EsA6KxURPr7Y22NeMyQs5SvgaglyK2XQIqlWQytwKnG75Kgzs1uHZG4kncLQJ
VJqqL/fZZxb1mFiRvdiS91FGMdc+5mDc+eRQFIbhfjcMhdtOU70ePEZFLHyljmBEMXLq+ia2VscePvzA/cMThyNytA8=
YWJzg1/Ykb5fO1VEqjxZwB+uc/tIdCC7oi1e1YGxc7/9P09szyysZLHnSTydZ6HazxyJcuYwFeTd79QfjiVxtAo=
RhT2X/SXK8xCEToQkxgKRDT2+FW7pmre2fVRTaACL1wk9Ctjy7Qv0xt6dag7uqT0TzSHC7b3/NELtHA=
tPkIzWtbV1pVfr6nfw07g4YgOMJxdxrhIlhu8h+NTGC9inBoGUaqRp4S5kuWqlycJYfD68sGtHM=
1DpJWNSqNEDgTztMWNAjz5zP1f2lgag35RFDBjhlxGMCj9s47OqoKY7SbXj4jbChApa0Zpxr9Ryc/7L3aWKJ4pULitZhwDZh95/d1F/NPWZx5mitheKt2a7GfVZlf3CsnDwp4cDEUupfpCJNMXlDLiWH/lPf17OpfJV5c6oVqYFsPNyods6r/GVjNXecmDL4XvDmEtv+p1RIlsvZ6zdmjeWszAK/Ld4XT1G9qGwkgL1VkDa59rF9/RBddT5P3WlZkJ0G62trIQDn7tLQWgf56WOdC3tME2nBtkPV7qJNCZMxxeWTxbePlqsPfOVzrrgfYywnUFpNwCYbTYOoPPLG/Qu897KyByPFRTEDWJJ7O91s6vQcHLHbpfjyhH2HXY/X+zDa7eXnvAEURlSXPddOBml52sEXT3IjtUxtpNO3aIA+dGt6B0rfomVa3fZDuzTqEgzJrALz351mFGRNZuKAifz+ZwM86ll9CMa/Bbh1g6SKA1NxVndvtomCrWKaAFn/HLJJvCgiJclKBPoUTrG6NCwu8ZF7gZeotNE=
QKF+Mmtg9x37wn9dXKm0Ra0o5HUwfrqls+e/g7ho5XszfoJSnzCIQdBfUUsIADJLqPNpRkkTLmJL65NVJMbFitADUAHfqalAhuiZ8lpHF0WJmpcPgRDBDMwzHXAhXy58ifgN3ax6zHbtH/i2fgx/vjZDOXs/GNWtmg0HBf/vvG/NHQL3NRf8tlgWDnxHWgU54bnU2g4ObprCDMPsq1JIrL/3AxU62zVmiHwH33Jx78spJuSmfAslOtJnruOxO1AnQdBnv3VPgJcC1ZNZTSYHNIaeksVFn9N3r+XUgeVHNvkhQMrv1UVhjyFt/cWjcIsVaOt7rMQpkwZDDoKfjGDbtzfGlBBaa5s2cwzKtc9jJWvXlto5BytcgNACBKPXo/jI8FNvf9OBK/qek10VEGe03MAZtVWysBnTPh9PHb7l9TZZSvvVdJYufm9E/3izhIWAibiLeYicouZtMpphUxvmrpDjDkBcX6y0o/0EmHWbKNyrC7B3/5J6KTcvjqUj8El4GQwy4sVpjDjNAlCQyW8qXi7aBvOGwhxE1Y9jk5uutOs=
9vZZXISEqBRMyjQ0Oc9+SFqx+kifPJNZyHKlMnTwpCs591BZNwyE/dZyuDP8LnGgWH4dUYkYQkg+LQIozPLJzQudL3S0DQ==
SWMrOigROIaF97ExzLRfDFtHhw9+e7RTVOrjDlm/Gho+f3+yRloVcyswviU24OGcl0eSAjXqgWsXXoLRuqax7r6y26aGlKPVqLALh0oY08VGHPwVW1IuUWoqJsExaUdHca5ZH5CUD5t3xCMbmjlxYLeKWEwrFGOT6ucwWU+0NA==
/ifOB39zjZTEh2ClIm7WWnM1mRjFp93noeDaZE02kZyGhEg/f/eJC6qevwaHPwDAybzEWmB9AfUsh/dWcHt+oPQd7CSVlgCcge9pYpZuNt8uZjyYTVtzXxNqtBc=
AGYBVPJ/D+5sqhvaxVBq/ANa5PIeq3ADdE8tZlrmybgZBhoS2M3LiTHhBvgfpOOR6Hq1CjQINKPZv2BBNxS0tTb6KMu8FmGoeLZtyQmAsgAeJRIQDIpZRWtVH2y0FQ==
DTDhYeRmbvu9xAwyEWJunippy9cvmVEZQ08tZlrmybgZBhoS2M3LiTHhBvgfpOOR6Hq1CjQINKPZv2BBNxS0tTb6KMu8FmGoeLZtyQmAsgAeJRIQDIpZRWtVH2y0FQ==
brNzspUcBEZE7LichG3NsRd+YCxRRiViWuLBrAkSMvb4qeNdYbXOPF9gK8W4rh1ulOycN0kr6MW3kDwhpm6ALxxyyXwo4qUNSUR6VE7xOnQsbnFRe0EXaLQR
9uopWqdHMV+Y9dlMvChWmvaEJ1eNrSoBhh6IHc/VDwesVF1eWt65kPkuSkoYFZvhkQm2gJ9cU/lIkmVSdNDki7mXkHk3LESdVtL4E/xOsUDY3t0xifgC6L5NQsjM0glti31vVLQt
YFc8mCwg/7anJ10nN8hWozfV4vL36NM2V8nVOpp5U2epHx8aHX/Ntemwg0BOVRSlRuRRb28l1JRFTytcOzqu3ahyWBdPYmB6teI6BHXfVcwx70CZ6xTlwnpI0cTZN2iPYm1VtC4=
nYZTh8YiG/jCXdgPKUWJJaG2XuaErOPgmHuCj6yZtkNAzNSumqFqNXP4yxRsJE6aRbkuOLzQ3110K0FceLfCmtV2RNUnDzA2YhLrIVhU4p5d2rp5QxPmluDL7pgMF2xME5WkAOUTqGRbo9AvL1o6UQfHrr0z+ElAaSTSOpUhTMB9avAIWeOp5t5yZqtWClw85WdDi4umtNM=
wZAdHd/CYxPl+lglocsdDO3Gqw31jDM+uon+BXMQWs7wtWUvJQdpky/bDlCkP+wtk6yVAxsnDAn68zVKXpu4hRL0S6NrNI+T+XlVaFs6xDRvNGdLVndcEWu0EA==
