cghh2aQKNNJIed+SiLaj3NIGpLpCUPIZEHYyW20565i3TCWaN0CiPJybWje69vVBPwYwI9ULl86PpokIk5SFsOnoS4koDCJWjeLaEXML5p7ws86w/M8sBEMtROhViyjsy1twh18C+pnX/87VA+BJSHlc8hJl+QyILdIQ4Ol6Lm5Li8YEJlKc9DVfI+O7vrTb
PnlNkSFDqD3kRVxb5Y4JomCR2vrVTlMYHgBshv4lqM67GEAym81JBph8AyRPVpGZktiB0Nwvu7FQRCYkA8tUWpL8aRxCo/+NZgREHSZSIHl8TgdzfDq5bQjW31V4hWMUCnPzwZanT6aJko2yWrD5j5wCqUzockXcThQfxQ7G2oSs3lEhO9G3uLTB
XrpUu42xufZYjol7eKVgK6nFxAh6/wJdBaflXSknw3nr+s+J4i9eWcdJhK3N4NSJGR8qagIQOSiUjh1vAaTuSbw0hHxyuP3mi9kBohjYSzBahzsdMhypxIz7MxUQYC7wU1/8nrL4QcjSN7epZiAMibaGCH1ciq/nLO6xSUhyV4EokUvQqvdbFYazBwIJNsWmSmRRCzzGgVi4ps14DjAXEV5SckCM2nn1q0X/nLTl
konafV0GBwvzwEW/IZgE7TlbEW+h2Ve2z9AkiO1XOL/tONWxk8LPHur6udt/YOp9aqC9xMMXxmpZiu0DYy72qcamzZbKwq/O6vTPvfzgX98WWI+dEkyovffygvnempJ5jen7/8Ue7bc8NKMzoxT3w0f+rb1iWoukx/SPex4XxKGztMg=
9ZmK0zcY9qq4Lw1coMdfqMsLCryQht286drO3ruV10nsjFOy0+0UYSmn3CdhuFkp97uKVtbapdN7cM5FJuDxvKeHQuLFahHLpx7SscqmwY7u8msGFhRTNXhwO6daGMOlNlystevSvrGa6vbhAWl3ZyHuKX8AFL87pwTT+4s+YUWGyg8sW5TzM1on4Lm/tMQ=
GJ9tw5awG952PEzwgBmO88sLCryQht286drO3ruV10nsnVu81eIVMymn3CdhuFkp97qKVtbapdN7cM5FJuDxvKeHQuLFahHLpx7SscqmwY7u8msGFhRTNXhwO6daGMOlNlystevSvrGa6vbhAWl3ZyHuKX8AFL87pwTT+4s+YUWGyg8sW5TzM1on4Lm/tMQ=
62pjVk71xn6yLnDCsYXAm+kqJgRFkTL2gjsmOp5BCzoDZV43j7vuNAzmYXTJ2sSgV1FwMykN+rP7g107DdeY/404NXEzSa5eyvpZGx/gSr2KoJ2Eo5dmqnmKjUPDrhZp5qbtVipCD46K9O99XGA/nzZYb12yzMh9F/Kiub4aMrlt6Zu/ZZ4Ndxw0w3NDlFeDJ/6NfYLaK+Tn9G+7vpek4ZO06A==
IZbeKDFVxUZeRMI1dF0Yo822akoBpCZeRC1aXAhPJSk4yAUcG+hZRgt5wYIY+IuQ3Cf4PTJ8aSQMm/P1EABuENM/vH6y2AFoUpf3iWYATCk2JkhdXGrvh6wO8SlIkpfhqHGLsKrXm7UGE8ciCRYFBsrEkSs8pkG4OMYNmA5QV/HeMjKgjPo5VSvlv7y0xQ==
DrTryBUqs+c9/oKNnzSjXnY/NEjZY3GMdC/xlJ6X/BNBUXFB1NzkQS5I7Vu9F0jf/TjFUWMPHr56esm7z6A6nZqgjeSTV7bK6Qp947PuxonWpt22+gJ/Lnp0fx2MoA//Jlh/fcKMGN2HchJZDlpimZ3p65+1Xr0XrLRT0xNUp6M3/p2dspp7BHd0HxtOV/SBo7TY
wEf901faBXL5HL1yAHdzGY8VrqpeWPFKCnQsS35+97u3QSX1US7LJpWMQz+FwNgmd0picYxvgtKFzqQ9l5ewvvLqS4koDCJWjeLaEXML5p7ws86w/M8sBEMtROhViyjsy1twh18C+pnX/87VA+BJSHlc8hJl+QyILdIQ4Ol6Lm5Li8YEJlKc9DVfI+O7vrTb
kVaxGvEA21XhpBs/Lgwy6r3vOUQ294SD+dGJ0XN2wkMjwyWrlTdQr+U43aF7LTbOMjoBaycAgg3iIDV0a7cemqFKNdNbDt65zqbFhuLilx4yNDdNJED3b57YB+16LPANTzJaKSZ6emmF6fPvrX6V52R0G4N79B8zz34lDcr609S/tNcrJjfssbu0wA==
UNVwhBIZC49vHdTV33CqDu7D2JqtgqhXU574gZxyyJ4rQdGKGPCbqP3+CPXytNl8bONjfZCI/ugz5ww28pBxMHKv54FmCFwRFn44FRwiX19M9mGhyBoHmcgpO3hqH2ttJivXKgkeFT7qHGHj/G7x4Fi+nRCO2McJPuqC6MyySQ0L3a+0tM0=
RyJx3yyxcz8c7/XsRR6AIm+RPVQmfysA9j9AKRNbx5GzejkFWlT5mERulArP4wnj0Yf0V3m4Qdnfn/MGHhptYyMQZtXeYEkszyeaEg0qWZuf/jqB0qbZvgYSU1ZeVJvFoNBTN+KYOzWePPQFIxJ24eLK3hEZaW8XCc7Rr0hU94t/5Htr877Z1W5qV1wTVDvjYkeIiae03A==
izOt9Hm+JwjO2XZxx7ZRAsG3ZkcY5W8WWzoDUUQQeXs60UQcG+hZRgt5wYIY+IuQ2yb4PTJ8aSQMm/P1EABuENM/vH6y2AFoUpf3iWYATCk2JkhdXGrvh6wO8SlIkpfhqHGLsKrXm7UGE8ciCRYFBsrEkSs8pkG4OMYNmA5QV/HeMjKgjPo5VSvlv7y0xQ==
Tc9mKDftotKEEaMsnFXP4SdUabjF1h37wqfbVGnYmHylJ9GgmPQrsy5HfQiLuCOog9hWFxOZ04bXEqVk+kYdmwz54FjQDB2mf8U4BaljWjcMvOmpHcjxX8t/02GrWB6GCzClPjYP9QVMlurN0eCza70cWOJ/BvEEldMiNu1iFClvC3C6umYbvfBwwnIlDqrFy1fm2nh/3kRk8wxgqwF0fC2XaGgDV6AzB/6aPf+TPoE7PMmMcRBiZn1FrGxFfqD0EebuagMHljD+LnzQnbNTNwPitJ8=
D3kCbSXED/fENNVIy7yiiU/+YkCFgyxQLl9lCfAE2l0PKudxbncHMIHA4b62+Vam9wLaZ2X3YM/1OM1BS2NHb4K6kct3QNItEiAFFDv3znoxykWz684umd6m1aYSIid+QrSnrfQApw+u2PfNKmygrd+y6olWOkqJlenjj52+ZUfU9IsjqzTPE79+Fe0aOoO0LzQny5Z3nJGrtNA=
v201FLdkNmmsTnmcbcP8Jbi1ixOmoFJW4XgeCjZncNTFmoMnSJL0lLUhk9p75XkemGQzDKa5QaHSoNF4fMdLKdDcVkyjY4SiUsQ5dCKLz5VmHHQ1RjpwQby219vcUsn1iE4vvdgtM2xKSyMpdo9/vomKvZq6WCm33Hr55EiatUTOjG+trm4KfGzmAUlb+YegtNk=
JP/C5O9VzIYhRBjCjlL+mmXn4oF9wo7trqiercr9QqRg7LCnNoPjbxZjI/gbbT1yRoxkiteH0dgkoYRAU9jNL+h2N/qjXy2WWDVIJkMKZHrhkqSEoaHS2FHD+LhhQdz0BuGZggxlUCI8pUMpNSPrJuOrMkTNb40sOR+pHkMh7OIlOKmEwSdQL+q9vbTG
oQIa7QXicMUOF/pDn/sYSGcF+LRg/r3TL6+nH3L7r3iX9dmBgkS4quuP1chA2cgAH2Bpv2z+yxp/l+mmfC1EJk8SQEolWnhkXSlWSPV7tPgtObjkAumlotCtlNLYPc+pubuPVqfjbmTxZ4k83edl3o+ZSHKhsNXknW8UH86lsbTK
W+qQ04ZI7YGpC9vTFalrC5drMfZ+Nku2NTyD72Uw2DZXeiQn4h8CQiV+ZO13Z7Cu0toL2Uh8osYtUhrBk/vmjtCDjuCcv6yU452EOLV7KPzrazDXP3J6CXdPDgXjEElYWWyyQgWJjBiNYtAwCYoufmu7hlRGIhxkle/jM1tOtMs=
XzGlr996fxSAvH9zllmsM2UF+KVi6LnTL6+nH3L7r3iX9dmHgkS4quuP1chA2cgAH2Bpv2z+yxp/l+mmfC1EJk8SQEolWnhkXSlWSPV7tPgtObjkAumlotCtlNLYPc+pubuPVqfjbmTxZ4k83edl3o+ZSHKhsNXknW8UH86lsbTK
tT3iJTGJxK5xj+WPVjhNjZdrN+BiK0u2NTyD72Uw2DZXeiIn4h8CQiV+ZO13Z7Cu0toL2Uh8osYtUhrBk/vmjtCDjuCcv6yU452EOLV7KPzrazDXP3J6CXdPDgXjEElYWWyyQgWJjBiNYtAwCYoufmu7hlRGIhxkle/jM1tOtMs=
Y0NBqsaa77Xq5BlCWravt5drNvZwLku2NTyD72Uw2DZXeiEn4h8CQiV+ZO13Z7Cu0toL2Uh8osYtUhrBk/vmjtCDjuCcv6yU452EOLV7KPzrazDXP3J6CXdPDgXjEElYWWyyQgWJjBiNYtAwCYoufmu7hlRGIhxkle/jM1tOtMs=
VgKx2HAK41Br5teLb1zdpXl0M6ggQCRgaQftDA0vTjz+nEBVVBQr9Y/VeUJtxabcFW8fv7oLt3iPhZEgPdVQasO/zagIiXCA57Chn3SOo1rXBxFGtB1cJlciiKrdytAkNVlOaD2rTHiVafCEGtmNYjg9LHKQTdepoUtH9h9zBiTZV5HcFTfdXvfJAFK5QD0kNf9sf4aVqbTS
8wRFNlLrw5+lRLm4JH+xjQygxang5NBnvJ70v9NYKDK00f6rovxyydRywLxTwFkt6MPfniXa5CNoVew9Qei0ja83jUOQmJ64c1fsxnIg0UAy/8eRZhh8QVYOmKWc0r/vDKYBscgK50kImVsI6q/Lneb79zoJDjXuKuzBU3wekVCYbn0BjsinWX5aYhhMAul9S42PpLTd
c0Q/AOJBUWPFP5tjEL8vfAygxang5NBnvJ70v9NYKDK00f6rovxyydRywLxTwFkt6MPfniXa5CNoVew9Qei0ja83jUOQmJ64c1fsxnIg0UAy/8eRZhh8QVYOmKWc0r/vDKYBscgK50kImVsI6q/Lneb79zoJDjXuKuzBU3wekVCYbn0DiciiWX5YYhhMAul9S42PpLTd
