Cxm+uxZPTkrehl/mOnQsqtIGpLpCUPIZEHYyW20565i3TCWaN0CiPJybWje69vVBPwYwI9ULl86PpokIk5SFsOnoS4koDCJWjeLaEXML5p7ws86w/M8sBEMtROhViyjsy1twh18C+pnX/87VA+BJSHlc8hJl+QyILdIQ4Ol/Km5NicYFJlKc9DVfI+O7vrTb
tNEI97erwxZU6bkbCjdH22CR2vrVTlMYHgBshv4lqM67GEAym81JBph8AyRPVpGZktiB0Nwvu7FQRCYkA8tUWpL8aRxCo/+NZgREHSZSIHl8TgdzfDq5bQjW31V4hWMUCnPzwZanT6aJko2yWrD5j5wCqUzockXZShQZxw7H2oSs3lEhO9G3uLTB
xzd7WeNYs5R+vYGdJJEXT6nFxAh6/wJdBaflXSknw3nr+s+J4i9eWcdJhK3N4NSJGR8qagIQOSiUjh1vAaTuSbw0hHxyuP3mi9kBohjYSzBahzsdMhypxIz7MxUQYC7wU1/8nrL4QcjSN7epZiAMibaGCH1ciq/nLO6xSUhyV4EokUvQqvdbFYazBwIJNsWmSmRRCzzGgVi4ps19CjARE15TckCM2nn1q0X/nLTl
OcV+lHrHj3JnkQJKTIzyMzlbEW+h2Ve2z9AkiO1XOL/tONWxk8LPHur6udt/YOp9aqC9xMMXxmpZiu0DYy72qcamzZbKwq/O6vTPvfzgX98WWI+dEkyovffygvnempJ5jen7/8Ue7bc8NKMzoxT3w0L6rbtgWoqkx/SPex4XxKGztMg=
cFC7vVUiICroM2Abd4dQsMsLCryQht286drO3ruV10nsjFOy0+0UYSmn3CdhuFkp97uKVtbapdN7cM5FJuDxvKeHQuLFahHLpx7SscqmwY7u8msGFhRTNXhwO6daGMOlNlystevSvrGa6vbhAWl3ZyHuKX8AFL87pwTT+446YUOEyg4sW5TzM1on4Lm/tMQ=
2RzA8N8rACNpcw6D0/SHMMsLCryQht286drO3ruV10nsnVu81eIVMymn3CdhuFkp97qKVtbapdN7cM5FJuDxvKeHQuLFahHLpx7SscqmwY7u8msGFhRTNXhwO6daGMOlNlystevSvrGa6vbhAWl3ZyHuKX8AFL87pwTT+446YUOEyg4sW5TzM1on4Lm/tMQ=
vh5jde8XeDLextrj5N+T4+kqJgRFkTL2gjsmOp5BCzoDZV43j7vuNAzmYXTJ2sSgV1FwMykN+rP7g107DdeY/404NXEzSa5eyvpZGx/gSr2KoJ2Eo5dmqnmKjUPDrhZp5qbtVipCD46K9O99XGA/nzZYb12yzMh9F/Kiub4aMrlt6Zu/ZZ4Ndxw0w3NDlFeDIvqNe4DaKuTn9G+7vpek4ZO06A==
QUwgt91Hyzg0rLGFf5xqE822akoBpCZeRC1aXAhPJSk4yAUcG+hZRgt5wYIY+IuQ3Cf4PTJ8aSQMm/P1EABuENM/vH6y2AFoUpf3iWYATCk2JkhdXGrvh6wO8SlIkpfhqHGLsKrXm7UGE8ciCRYFBsrEkSs8pkG4OMYNnQpQUfPeMzKgjPo5VSvlv7y0xQ==
jRhNAzYTPEeTvblzCJpjUXY/NEjZY3GMdC/xlJ6X/BNBUXFB1NzkQS5I7Vu9F0jf/TjFUWMPHr56esm7z6A6nZqgjeSTV7bK6Qp947PuxonWpt22+gJ/Lnp0fx2MoA//Jlh/fcKMGN2HchJZDlpimZ3p65+1Xr0XrLRT0xNUp6My+p2bsJp6BHd0HxtOV/SBo7TY
f7WBkZs15Tbnav3iQCkdzI8VrqpeWPFKCnQsS35+97u3QSX1US7LJpWMQz+FwNgmd0picYxvgtKFzqQ9l5ewvvLqS4koDCJWjeLaEXML5p7ws86w/M8sBEMtROhViyjsy1twh18C+pnX/87VA+BJSHlc8hJl+QyILdIQ4Ol/Km5NicYFJlKc9DVfI+O7vrTb
K6HTm2uGyJJldwfc4BmOQr3vOUQ294SD+dGJ0XN2wkMjwyWrlTdQr+U43aF7LTbOMjoBaycAgg3iIDV0a7cemqFKNdNbDt65zqbFhuLilx4yNDdNJED3b57YB+16LPANTzJaKSZ6emmF6fPvrX6V52R0G4N79B8zynolC8j60tS/tNcrJjfssbu0wA==
QoWg2QDHynZbJ8pvAZUHSe7D2JqtgqhXU574gZxyyJ4rQdGKGPCbqP3+CPXytNl8bONjfZCI/ugz5ww28pBxMHKv54FmCFwRFn44FRwiX19M9mGhyBoHmcgpO3hqH2ttJivXKgkeFT7qHGHj/G7x4Fi+nRWK2MELPuuC6MyySQ0L3a+0tM0=
aBL6qW3H++WuEDZPn9W718G3ZkcY5W8WWzoDUUQQens60UQcG+hZRgt5wYIY+IuQ2yb4PTJ8aSQMm/P1EABuENM/vH6y2AFoUpf3iWYATCk2JkhdXGrvh6wO8SlIkpfhqHGLsKrXm7UGE8ciCRYFBsrEkSs8pkG4OMYNnQpQUfPeMzKgjPo5VSvlv7y0xQ==
HS3tM2+VTi/PP9JcgNqGUSdUabjF1h37wqfbVGnYmHylJ9GgmPQrsy5HfQiLuCOog9hWFxOZ04bXEqVk+kYdmwz54FjQDB2mf8U4BaljWjcMvOmpHcjxX8t/02GrWB6GCzClPjYP9QVMlurN0eCza70cWOJ/BvEEldMiNu1iFClvC3C6umYbvfBwwnIlDqrFy1fm2nh/3kRk8wxgqwF0fC2XaGgDV6AzB/6aPf+TPoE7PMmMcRBiZn1FrGxFfqD0EePqagUFljH+LnzQnbNTNwPitJ8=
0O7Z1s7GZlLlfOksZjLlKU/+YkCFgyxQLl9lCfAE2l0PKudxbncHMIHA4b62+Vam9wLaZ2X3YM/1OM1BS2NHb4K6kct3QNItEiAFFDv3znoxykWz684umd6m1aYSIid+QrSnrfQApw+u2PfNKmygrd+y6olWOkqJlenjj52+ZUfU9IsjqzTPE7p6FesYOoK0LzQny5Z3nJGrtNA=
ppA9c0J8dgANUqAoHmmpixkA572r3gZYmZMgWCpfYQH8FMZFawoDSRJHy/jFgCV2+onqXlNifv/5Z+xHcbhJycfz2/cmWjWzy7AeZVbgwVx3xzJCVeqhq/feIpHaptGuHjI7ZqaUw5UIMOtHahizheacHNV7Uk4RyqrGARFpZwcRLvnfcJQv2xdEg9t+OlEj1Ar+jMsUQ9OKZ5CZr7TU
nkVQUxxhVsXqR0PEoeWOTcqYh2o5IlaB3hwXo9qr397/QWh9v9JytL+nM3gKdPCKmFflQbT6CtkZXANPpdDYFhcar4At/wJiZR7kTbeHsI6Suot5iJyi5m0ymmFTG+aukOMOQFxfrLSj/QSYdZso3KsLsHf/knopNy+OpSPwSXgZDDLixWmMOM0CUJDJbypeLdkG9YbCHETVj2OTm6606w==
ClgmOu5d/HdKE+A4vMAgV9k5KvDTzpUuOCSnax4kFF9ffcLs+DlV+j01LL/1hPtgGwrEcdQibZJAg8ef0jtPePe1eQtli5iqi891SKAZ6AB/IMk/jD7rGh/XSSac7WQmb9KgyoUaGGR96bbIVTvU+A35WGSiqcWi8G10Unh9r6lZey/Wx6NOZBGnKby9p0Dab1/q8sDw9eR9r7SfruWRtOo=
oUUu0EAZnzH8fhmXcMTXyLi1ixOmoFJW4XgeCjZncNTFmoMnSJL0lLUhk9p75XkemGQzDKa5QaHSoNF4fMdLKdDcVkyjY4SiUsQ5dCKLz5VmHHQ1RjpwQby219vcUsn1iE4vvdgtM2xKSyMpdo9/vomKvZq6WCm33Hr55EiatUHKjGmvrm8KfGzmAUlb+YegtNk=
Js48/SY1E/2xvLaKrXIzImXn4oF9wo7trqiercr9QqRg7LCnNoPjbxZjI/gbbT1yRoxkiteH0dgkoYRAU9jNL+h2N/qjXy2WWDVIJkMKZHrhkqSEoaHS2FHD+LhhQdz0BuGZggxlUCI8pUMpNSPrJuOrMkTNb40sOR+sGkMn7uIkOKmEwSdQL+q9vbTG
baFqAXqQJ1Uf99m1TP9zjWcF+LRg/r3TL6+nH3L7r3iX9dmBgkS4quuP1chA2cgAH2Bpv2z+yxp/l+mmfC1EJk8SQEolWnhkXSlWSPV7tPgtObjkAumlotCtlNLYPc+pubuPVqfjbmTxZ4k83edg2o+fSnKgsNXknW8UH86lsbTK
lLNTGB9yCt7W89PFfPz/FZdrMfZ+Nku2NTyD72Uw2DZXeiQn4h8CQiV+ZO13Z7Cu0toL2Uh8osYtUhrBk/vmjtCDjuCcv6yU452EOLV7KPzrazDXP3J6CXdPDgXjEElYWWyyQgWJjBiNYtAwCY8qfm25hlVGIhxkle/jM1tOtMs=
1YScYZQQQ6V/kNH2p31d22UF+KVi6LnTL6+nH3L7r3iX9dmHgkS4quuP1chA2cgAH2Bpv2z+yxp/l+mmfC1EJk8SQEolWnhkXSlWSPV7tPgtObjkAumlotCtlNLYPc+pubuPVqfjbmTxZ4k83edg2o+fSnKgsNXknW8UH86lsbTK
uQV0kvpqQeDPz3qAMk3V8ZdrN+BiK0u2NTyD72Uw2DZXeiIn4h8CQiV+ZO13Z7Cu0toL2Uh8osYtUhrBk/vmjtCDjuCcv6yU452EOLV7KPzrazDXP3J6CXdPDgXjEElYWWyyQgWJjBiNYtAwCY8qfm25hlVGIhxkle/jM1tOtMs=
bnDlQ9zdNtGNghUlxYyDrJdrNvZwLku2NTyD72Uw2DZXeiEn4h8CQiV+ZO13Z7Cu0toL2Uh8osYtUhrBk/vmjtCDjuCcv6yU452EOLV7KPzrazDXP3J6CXdPDgXjEElYWWyyQgWJjBiNYtAwCY8qfm25hlVGIhxkle/jM1tOtMs=
YPy4+oyfFrZczQeotxCG0efs2ACsvlVT9zFQDiphNtLFlNN0Xprvh7Qmsdp75XkemGQzDKe4T6HSoNF4fMdLKdDcVkyjY4SiUsQ5dCKLz5VmHHQ1RjpwQby219vcUsn1iE4vvdgtM2xKSyMpdo9/vomKvZq6WCm33Hr55EiatUbJjGmvrm8KfGzmAUlb+YegtNk=
QDH6y7LfJf9lV6zqrr5gJ8glVWwJ35NIdu6QuunsgXqtKJD2nZfdu9QLLR8NeYsMc5rxvtoMShbLieGSGOirYBt1l42yjMl0TKsT5RAQDiAT7xwOMmjhuBLn15lmEGxZdvao7dwaT1dsPpE5SIJ30eghK0AqZ/vlxuPnMgkGJfYKlPGbvFbh6Hj27YoJQDHDHuOS0AxK2YVrlZ+stNU=
Ni+1VEo5y7IWxN5dZGARx9QsSNTivwWzXo8+L0jIu2fTWLFwyb/4me6b51gJPNwGLuUUAQXgwr1HfCwJLdqt9snNBkgfNPJT/mWJjtF2gxKh1OEOe7r/0mWq/YaDa5R6kpyp/MLDv61mJAR9prLgGXxux9P8mnmNCLaf9fglIzQKk7OhFkePhomyTVLa0LlvnCLp7GjSBb5J9NlnjmcapKy+kcG7sfeYtOE=
Ni+1VEo5y7IWxN5dZGARx9QsSNTivwWzXo8+L0jIu2fTWLFwyb/4me6b51gJPNwGLuUUAQXgwr1HfCwJLdqt9snNBkgfNPJT/mWJjtF2gxKh1OEOe7r/0mWq/YaDa5R6kpyp/MLDv61mJAR9prLgGXxux9P8mnmNCLaf9fglIzQKk7OhFkePhomyTVLa0LlvnCLp7GjSBb5J9NlnjmcapKy+kcG7sfeYtOE=
L9t1KBJktt4H7Dnhv9MgPPjtw+7ZxsXNs543bYXXhddQ741rEjm157TFeSq+qZ57tGvNfWI3/DxaJgvJoOt7fjWtRHE+JSajE9WsXmbeyCcjlCqhIGQHgSpkJFNgYFpV9ztJ35CSEYa3BU/TNV0LNVH7q78sfgsaPxcppjythCaPkgBK5do4ZJ2pFkg1+/T47bn45MJp5aIQLdTSGL2PqXk7z1ZnYy5kMefJPB1nJtlPHwpyYDCV5F3vVB8OJfG0ig==
Uhu5n9vOhKtSsy5sDhlMjemINzqYSPmSY8hna3tzSnL7fMhH/UENluGuNz0Vyr9LlwZvMVeWVk/vRUuJQdp5a8mf5A/ktGUBffD+uDfjxYfrdUt2J6NCd/jzc/7e3cXJ+oQ5n8Z7nyGWMXXaAU7LifziznJX4G+E25DFLBH8e2VAKAIqFdbK3ftP5sJIZ76cVKvMOBvZFOSdD+jws8/A67emWmXPS16ZCyTJlEEIAr5NHWw09abAbKF9afK1nfbpTna8iK1rMy8z+rSH
mKJMd+WU79s6a4tim0TtJIzooqvUC7+TT6PDbj0VGMaV7K3qtkG0SN3b5Ss9Lb7ENFRf0ezc9cETEyJ2bSIUae/LcHo6Jhv9cDDCsqXOqgVLF+aa+L/ehOQzDCArQXQ8rVdoqIMXoHOHvpr9f1M+Qbt8yczx0GKm/YWsLMU+oLSRJemqhUWWcX5ufBAdc1P3g6K03w==
xsnR0zqwnYSN3yWZZLtOYCBQz2tr38Npw9/ypJ/jv30fbP7wCZMQHfYPetLtErd/9Ia4wdDtCCp7byUIkPn4AG8AOf/cXluaj3c5ZkwNVCZfMnCK9bqI5M2J5gilG8T4HRloJPIJNSJgDcSSqF3fqalbf5Z3Q97kYQf5fI3HVtl/f5qyEBBFZO0PRF/+haG02g==
c4S19qQg69jrN8i29YnTCt/4242Yog+Y1FQMv6lj2N23iAxpRuYQl1yK2XQIqlWSydwJn27/Kgzs1uHZG4kncLQJ
o/bue3/Sp8EV11uIzdYomUf6bkiAt39KIGIqGepNuV9cENtfX2IUIoKFp6Gguhym/xbRRAiuMOnBFdc4PjwdMd66iNo6XecpERULDzn3znoxykWz684umd6m1aYSIid+QrSnrfQApw+u2PfNKmygrd+y6olWOkqJlenjj52+ZUfU9IsjqzTPE7l5FesYOoK0LzQny5Z3nJGrtNA=
o4TTWgOmdVBufHZWsbyo6zBVdO/bNBdJYQ5K2rpOhYgf2iRrJKf/uEWfT/JKSHorYso2r+hGnZjtztq/SZEsmJC+neUNI/XgVG7AMbQ1gjx4Xbdnmj+PA6Vgut5+KiONABGxnZfVGe1QtIZUw9t0ChIsCQyCE5+9ZjQkreZCQKn8HidjvEoZnQimf6U4lUPEiiMT0dYXr5aJom0CGqAZ3xzSiVyoguWqSeS5t87X+tQsDjEx+2HXiLTx
wPBuNVuhihg5ulFso8lGFjPWhDtMX0/JmR9yGleWIf9YeSi5vRKB7RsLXz7SBtc4DlvNjHX4eWGNKOXiPOPpdbmcGDpxRxKXU7IjBUqMPoH4zfwhQh13N5e3sOYqb8XpbNPrlERKcC1L3QteN6tiv6hb/VKMFeXB6qx5N1bzP+nGGXXyUYZrAWxKjlpH6E9MizhFhEE0W21QAEKChV5qFatn5uoYrx4UxAOMEAvRNCzNp2hY4wfg46eOGs1fw/5RWwzJvBHAojbdtSwc5a7gpPHR6VrlVdbhXl78ID3jk+dj0rSv
pXEJx8jd5YfCb12qxBXQ6KGW7p5HQQJuNSdchFRluZigtafz1wW2RIukhaRXS/EDDGx80ZGGhkp4nUafCoHUGnH+FNypqez5W7ua3CHKMop8bLbciPu8Lc44aazyQWruUmsTys/stsFUsyGBJvYsOsoN5fKgCWpwNdHY8I6bCmR4FVW/Ixe6huPWBZEF+z85yZXTH+GXJiq5ik3DA67W6SamLdbqQs8OSvQv/Rxgfx92WC/d8syI/Vfy4jn+GnI5LelbP6WezffcNAPzg5SXA+D5TftA2upkp/QvO/6X5GHTtKg=
5+K1YaatbwJ/3oDRcIBWvx5hpJUnE6jvXt87ajVlP4YeKiey9ikh7+/oJFluRv0NpHTbAzv037MIeWWLCPoSVP+0F6vmN6wxe7QA
Tc65Vgq0iFV/X+5L+r5POTfV4vL36NM2V8nVOpp5U2epHx8aHX/Ntemwg0BOVRSlRuRRb28l1JRBTSVcOzqu3ahyWBdPYmB6teI6BHXfVcwx70aZ6xfmwnxI0cTZN2iPYm1VtC4=
jxx6Qnw5kKFDa9jH+HqBAfaEJ1eNrSoBhh6IHc/VDwesVF1eWt65kPkuSkoYFZvhkQm2gJ9cU/lIlmdcdNDki7mXkHk3LESdVtL4E/xOsUDY3t03ifgB675LQsjM0glti31vVLQt
bILwQM9/Zq0VLvhqkpP/dhd+YCxRRiViWuLBrAkSMvb4qeNdYbXOPF9gK8W4qh9glOycN0kr6MW3kDwhpm6ALxxyyXwo4qULSUR5V073OnQsbnFRe0EXaLQR
YFeEtzOK7LhWa7mQdss+cSppy9cvmVEZQ08tZlrmybgZBhoS2M3LiTHhBvgfpOOR6H63BDQINKPZv2BBNxS0tTb6KMu8FmGoeLZtzwmAsQMeIxIQDIpZRWtVH2y0FQ==
cLX+536bDMyMQvMnUDAo8QNa5PIeq3ADdE8tZlrmybgZBhoS2M3LiTHhBvgfpOOR6H63BDQINKPZv2BBNxS0tTb6KMu8FmGoeLZtzwmAsQMeIxIQDIpZRWtVH2y0FQ==
Xr6ol7//uL8DzhC+i0ozinM1mRjFp93noeDaZE02kZyGhEg/f/eJC6qevwaHPwDEy7LEWmB9AfUsh/dWcHt+oPQd7CSVlgCcgeppYpVtNtkuZjyYTVtzXxNqtBc=
4ghhsyrjlqVAAITgR9y3H9QsSNTivwWzXo8+L0jIu2fTWLFwyb/4me6b51gJPNwGLuUUAQXgwr1HfCwJLdqt9snNBkgfNPJT/mWJjtF2gxKh1OEOe7r/0mWq/YaDa5R6kpyp/MLDv61mJAR9prLgGXxux9P8mnmNCLaf9fglIzQKk7OhFkePhomyTVLa0LlvnCLp7GjSBbhJ9NlnjmcapKy+kcG7sfeYtOE=
iKh5fH9jGx9eV21baIThOh5hpJQnE6jvXt87ajVlP4YeKiey9ikh7+/oJFluRv0NpHTbAzv037MLeWWLCPoSVP+0F6vmN6wxe7QA
Ykgyq2uQ98E0Auzkm2AZMtUcXHu9c9Xei9lKVPGweu4UF0ETJcNj8e281aRlkvTcNBKcln+53BO1bjTPAfwUnf43lT8EzJg37zvsG4FJszqeeSvzlm4Lpx0RzqZ7NFmLQix9PHXPWajWtfjFqb3yTMBDfs0GnHjDGP7EXzYkeR5rupflw5W+Hwy4edTfJuX04ef3uVtIm9HS38Zwmo2JLuGTVPDIn2z386jlRvoNJcRqqtjDErDwD5XbTN8uGBiEaOfyr/9Xc7hrvqZfjttI2cgwWrcO9g6PJVZ8X8QZIMewqY5hibtydv53r74Ye9kVQ0ZkPgl7ILlD6KOwysN5tfH+3u16NWypozYaXXqUf2ZvoDhFKnh/HvYzLBlAE5W4jkkeEl5E+55MeZYIwbFMqJLLpkxMlWGXj8emXnc2cWl5C1PR3VVHN80nmhINKlmbn/46gdKm2b4GElNWXlSbxaDQUzfimDs1njz0BSMSduHiyt4RGWlvFwnO0a9IVPeLf+R7a/e52dNsalZcE1Q742JHiImntNw=
OGwbRnOOfU//rdWpTeHv2JzP1f2lgag35RFDBjhlxGMCj9s47OqoKY7SbXj4jbChApa0Zpxr9Ryc/7L3aWKJ45ULitZhwDZh95/d1F/NPWZx5mitheKt2a7GfVZlf3CsnDwp4cDEUupfpCJNMXlDLiWH/lPf17OpfJV5c6oVqYFsPNyods6r/GVjNXecmDL4XvDmEtv+p1RIlsvZ6zdmjeWszAK/Ld4XT1G9qGwkgL1VkDa59rF9/RBddT5P3WlZkJ0G62trIQDn7tLQWgf56WOdC3tME2nBtkPV7qJNCZMxxeWTxbePlqsPfOVzrrgfYywnUFpNwCYbTYOoPPLG/Qu897KyByPFRTEDWJJ7O91s6vQcHLHbpfjyhH2HXY/X+zDa7eXnvAEURlSXPddOBml52sEXT3IjtUxtpNO3aIA+dGt6B0rfomVa3fZDuzTqEgzJrALz351mFGRNZuKAifz+ZwM86ll9CMa/Bbh1g6SKA1NxVndvtomCrWKaAFn/HLJJvCgiJchJBPkXTre6NCwu8ZF7gZeotNE=
+/g2wNiyc+z2h+zwR6FNFRgueL9qpfLhmIeEtTflKEFHTDejkIdF98da1zD35k5j24Z2PCLMXUF3PY0MBQMN8PbWbsr7QO4xX2eSo7iwzUXpIR4uxE2sf3cRcud5pcu7fr/bmak+jJHphyzusdPf+dyiYeQDL9CkH4iP7yOcNP2qYTMtqIgSK3w5PNzCN5qWFptsNGM6OfJ1Ubk1RCtusGvwhfZ/cHMPNc1hSKGlEDdU9ABd0wrzmzbEMj8WQxHgt2LgHX8AuMJaN6jwyvuXs54bdIiCIDqvEJuFd4kMCTY0+9QLUt3a2JjDtHa0++e+blveyXpjIiHs1XObCEIcP/0aguuD0ZEuZsozO5pNwYBxdJDTY5GjtjxZAJWWncE+CHkgROXi/Uj6MRB4RWo0276d2sPPnJxBfCak5IEqrjHELNuhFmxAoyS49tVbY42vdJotpuvNK0Ox5ad1vYOvrwi2V/pDn40W+PVoJmPKxPpBUkSEwWEyWDGDGLhBAXx0pqG5giwlMKLc5SMp1eOLpgNrEkTtry2smd+NGSPnDmJEeEmEoWfwr0r9nbTm
/IeCrH2ArTlEnl0kuNSjSr6kgfRChQdKInQWoyWsnbaq1MLxN2oRmjxR2AHnbXzFvV9XxvSuSMn76Rsgx3aerxlxbIcja/xLHfHN5EYd3D7pTttHli8jGasIw8O3qhOWRyn1EtES4MlVJsXtrvIVkrUb+Fg8SOEF0MC63h8QysmhnYtaBXP2Nw8T2x38IRG3enGhdUxIFEzmSkNIJVfdc4x8+oz+BG52CzrPYEiiox07U+55RdgE5q8pNiMP5VUs/MBIyXVkPt0mdRVJkOkd+p+5Ya2w6c4P++/JtKfaOtRK4zGdw2mDH5zXAfW2d70qcimBZ5GxLXfVs2ei67uUYeNKcGtD2C80iomokpv562zsls4JK8g/ViKDy3EFBetcgp/zqcwefHjMdbOR+MbsuVc5ByNbRBIJ9eNUNVTyvBOtM4ZySY3SpceLGpc1+AVgA9NgdB4Ao56XzjcWJW418lNf/J6y+EHI0je3qWYgDIm2hgh9XIqv5yzusUlIcleBKJFL0Kr3WxWGswcCCTbFpkpkUQs8xoFYuKbNfAkwERNeU3JAjNp59atF/5y05Q==
J/sh26/3ZUOW74khNAoAOJo4hbK1y72ImJiq1LlIZ5ihvEIyEeLdN86KLvIBLPfqNsroQNlwio2fV7yE+M50N2//+Kw4//+Li70LvncL4t9oe/Z3S3VlYapMeVeWU78Jhjl10hFm66GsKo66B0jPLEsYRaSBVNvNEOBC4kX+6vXrR+bKWE+etARjjPBLcbRMDYdoeCNnYEPnbhqtn2N+sRssyZxRICKWHdUs/KUOYMQx8ul6JTVWQR6+/ED9QxMHI/K0jw==
54MugZK7KsaTw0mz5vxJvz0yKF+CEo71CFcZQd+q8mwyNevWMBJuaTljQq4Pp/u9WneTHuyeowNXhMzHwQwj0bW7a/VI0z77FwA1B8tb4W9CEvgMqgod4xtdz5N+6QRoA4gQaXj6WGsZ3t3EVOU+4+tE8LFg7iCkjmYygej0v0EyVOwz2LAyVR9r8T/YognGD5UH8y0to7U5y7Pf5O5z2idn4QZEfawmp0J46i2qIKTlOd4oLcuceEXJ4MSK+V3iCB2cMqDtZ6kR63c2r1M2pIl3ARwFl4lZpy8SkiigbaRFHxy/9nXZtKI=
LYpuC+u5nIZYys8BOhTXbT0yKF+CEo71CFcZQd+q8mwyNevWMBJuaTljQq4Pp/u9WneTHuyeowNQhszHwQwj0bW7avVI0z77FwA1B8tb4W9CEvgMqgod4xtdz5N+6QRoA4gQaXj6WGsZ3t3EVOU+4+tE8LFg7iCkjmYygej0v0EyVOwz2LAyVR9r8T/YognGD5UH8y0to7U5y7Pf5O5z2idn4QZEfawmp0J46i2qIKTlOd4oLcuceEXJ4MSK+V3iCB2cMqDtZ6kR63c2r1M2pIl3ARwFl4lZpy8SkiigbaRFHxy/9nXZtKI=
n1lESxZJiZfERXaX2iqETT0yKF+CEo71CFcZQd+q8mwyNevWMBJuaTljQq4Pp/u9WneTHuyeowNXhMzHwQwj0bW7ZfVI0z77FwA1B8tb4W9CEvgMqgod4xtdz5N+6QRoA4gQaXj6WGsZ3t3EVOU+4+tE8LFg7iCkjmYygej0v0EyVOwz2LAyVR9r8T/YognGD5UH8y0to7U5y7Pf5O5z2idn4QZEfawmp0J46i2qIKTlOd4oLcuceEXJ4MSK+V3iCB2cMqDtZ6kR63c2r1M2pIl3ARwFl4lZpy8SkiigbaRFHxy/9nXZtKI=
BSGecMNx3NmXptXNqe+Blz0yKF+CEo71CFcZQd+q8mwyNevWMBJuaTljQq4Pp/u9WneTHuyeowNQhszHwQwj0bW7ZPVI0z77FwA1B8tb4W9CEvgMqgod4xtdz5N+6QRoA4gQaXj6WGsZ3t3EVOU+4+tE8LFg7iCkjmYygej0v0EyVOwz2LAyVR9r8T/YognGD5UH8y0to7U5y7Pf5O5z2idn4QZEfawmp0J46i2qIKTlOd4oLcuceEXJ4MSK+V3iCB2cMqDtZ6kR63c2r1M2pIl3ARwFl4lZpy8SkiigbaRFHxy/9nXZtKI=
HQfZ0MGkhTdUVerDgPTvQz0yKF+CEo71CFcZQd+q8mwyNevWMBJuaTljQq4Pp/u9WneTHuyeowNXhMzHwQwj0bW7Z/VI0z77FwA1B8tb4W9CEvgMqgod4xtdz5N+6QRoA4gQaXj6WGsZ3t3EVOU+4+tE8LFg7iCkjmYygej0v0EyVOwz2LAyVR9r8T/YognGD5UH8y0to7U5y7Pf5O5z2idn4QZEfawmp0J46i2qIKTlOd4oLcuceEXJ4MSK+V3iCB2cMqDtZ6kR63c2r1M2pIl3ARwFl4lZpy8SkiigbaRFHxy/9nXZtKI=
AxOde0yluBDqeqZ0XUl34z0yKF+CEo71CFcZQd+q8mwyNevWMBJuaTljQq4Pp/u9WneTHuyeowNQhszHwQwj0bW7ZvVI0z77FwA1B8tb4W9CEvgMqgod4xtdz5N+6QRoA4gQaXj6WGsZ3t3EVOU+4+tE8LFg7iCkjmYygej0v0EyVOwz2LAyVR9r8T/YognGD5UH8y0to7U5y7Pf5O5z2idn4QZEfawmp0J46i2qIKTlOd4oLcuceEXJ4MSK+V3iCB2cMqDtZ6kR63c2r1M2pIl3ARwFl4lZpy8SkiigbaRFHxy/9nXZtKI=
yW/r5+TeU5lz9gM0rPCP4j0yKF+CEo71CFcZQd+q8mwyNevWMBJuaTljQq4Pp/u9WneTHuyeowNXhMzHwQwj0bW7YfVI0z77FwA1B8tb4W9CEvgMqgod4xtdz5N+6QRoA4gQaXj6WGsZ3t3EVOU+4+tE8LFg7iCkjmYygej0v0EyVOwz2LAyVR9r8T/YognGD5UH8y0to7U5y7Pf5O5z2idn4QZEfawmp0J46i2qIKTlOd4oLcuceEXJ4MSK+V3iCB2cMqDtZ6kR63c2r1M2pIl3ARwFl4lZpy8SkiigbaRFHxy/9nXZtKI=
p5UBlHhaClcxTB8NyQAfjT0yKF+CEo71CFcZQd+q8mwyNevWMBJuaTljQq4Pp/u9WneTHuyeowNQhszHwQwj0bW7YPVI0z77FwA1B8tb4W9CEvgMqgod4xtdz5N+6QRoA4gQaXj6WGsZ3t3EVOU+4+tE8LFg7iCkjmYygej0v0EyVOwz2LAyVR9r8T/YognGD5UH8y0to7U5y7Pf5O5z2idn4QZEfawmp0J46i2qIKTlOd4oLcuceEXJ4MSK+V3iCB2cMqDtZ6kR63c2r1M2pIl3ARwFl4lZpy8SkiigbaRFHxy/9nXZtKI=
H4ryTiu0xbU5VDrkdarRoT0yKF+CEo71CFcZQd+q8mwyNevWMBJuaTljQq4Pp/u9WneTHuyeowNXhMzHwQwj0bW7Y/VI0z77FwA1B8tb4W9CEvgMqgod4xtdz5N+6QRoA4gQaXj6WGsZ3t3EVOU+4+tE8LFg7iCkjmYygej0v0EyVOwz2LAyVR9r8T/YognGD5UH8y0to7U5y7Pf5O5z2idn4QZEfawmp0J46i2qIKTlOd4oLcuceEXJ4MSK+V3iCB2cMqDtZ6kR63c2r1M2pIl3ARwFl4lZpy8SkiigbaRFHxy/9nXZtKI=
D8OtyPCZ4ZcK1QcxhP+vGT0yKF+CEo71CFcZQd+q8mwyNevWMBJuaTljQq4Pp/u9WneTHuyeowNQhszHwQwj0bW7YvVI0z77FwA1B8tb4W9CEvgMqgod4xtdz5N+6QRoA4gQaXj6WGsZ3t3EVOU+4+tE8LFg7iCkjmYygej0v0EyVOwz2LAyVR9r8T/YognGD5UH8y0to7U5y7Pf5O5z2idn4QZEfawmp0J46i2qIKTlOd4oLcuceEXJ4MSK+V3iCB2cMqDtZ6kR63c2r1M2pIl3ARwFl4lZpy8SkiigbaRFHxy/9nXZtKI=
ko2U8F7Fje4oCz1u8VfrTj0yKF+CEo71CFcZQd+q8mwyNevWMBJuaTljQq4Pp/u9WneTHuyeowNXhMzHwQwj0bW7a/RI0z77FwA1B8tb4W9CEvgMqgod4xtdz5N+6QRoA4gQaXj6WGsZ3t3EVOU+4+tE8LFg7iCkjmYygej0v0EyVOwz2LAyVR9r8T/YognGD5UH8y0to7U5y7Pf5O5z2idn4QZEfawmp0J46i2qIKTlOd4oLcuceEXJ4MSK+V3iCB2cMqDtZ6kR63c2r1M2pIl3ARwFl4lZpy8SkiigbaRFHxy/9nXZtKI=
zrsL3ByV/kzDDcCs6D6fkD0yKF+CEo71CFcZQd+q8mwyNevWMBJuaTljQq4Pp/u9WneTHuyeowNQhszHwQwj0bW7avRI0z77FwA1B8tb4W9CEvgMqgod4xtdz5N+6QRoA4gQaXj6WGsZ3t3EVOU+4+tE8LFg7iCkjmYygej0v0EyVOwz2LAyVR9r8T/YognGD5UH8y0to7U5y7Pf5O5z2idn4QZEfawmp0J46i2qIKTlOd4oLcuceEXJ4MSK+V3iCB2cMqDtZ6kR63c2r1M2pIl3ARwFl4lZpy8SkiigbaRFHxy/9nXZtKI=
3C3CigzzCGMBC7bmnZN23z0yKF+CEo71CFcZQd+q8mwyNevWMBJuaTljQq4Pp/u9WneTHuyeowNXhMzHwQwj0bW7ZfRI0z77FwA1B8tb4W9CEvgMqgod4xtdz5N+6QRoA4gQaXj6WGsZ3t3EVOU+4+tE8LFg7iCkjmYygej0v0EyVOwz2LAyVR9r8T/YognGD5UH8y0to7U5y7Pf5O5z2idn4QZEfawmp0J46i2qIKTlOd4oLcuceEXJ4MSK+V3iCB2cMqDtZ6kR63c2r1M2pIl3ARwFl4lZpy8SkiigbaRFHxy/9nXZtKI=
tYnpD6HwgU61xLMJHDYTyD0yKF+CEo71CFcZQd+q8mwyNevWMBJuaTljQq4Pp/u9WneTHuyeowNQhszHwQwj0bW7ZPRI0z77FwA1B8tb4W9CEvgMqgod4xtdz5N+6QRoA4gQaXj6WGsZ3t3EVOU+4+tE8LFg7iCkjmYygej0v0EyVOwz2LAyVR9r8T/YognGD5UH8y0to7U5y7Pf5O5z2idn4QZEfawmp0J46i2qIKTlOd4oLcuceEXJ4MSK+V3iCB2cMqDtZ6kR63c2r1M2pIl3ARwFl4lZpy8SkiigbaRFHxy/9nXZtKI=
Rmby/u/SA0TC7lvSzJsCUEEcy90/bS2acsn2+AjY+SoAK+MJt9I2b1fnJi3ppVotld240IKtGV29eXV8claXZq93WRJTXYtsuzdA3v4rVL7A669qULFfvAT1h1+10Jfx2332AkLsa7Jk8erUbzXDo6IR0Mi3EGw5NNJMaw32kZQofYpDP704jnKGVO07zr5xNEzrIUZM0OMUWKbViwO9b+S6/SbbLVuDoYUXdc0jv++4lid6k/8d1ohVuCazarQ60TKUBLFBghghI2i48WFstNZBiQL8BaBi7IXzKYUDu+aTS0LE3c/d7Ik/PRnTRx6i9Fi5BPGHYO+6Xc20tg==
Ud8EiADgdAAOLNIz7zVHLT0yKF+CEo71CFcZQd+q8mwyNevWMBJuaTljQq4Pp/u9WneTHuyeowNQhszHwQwj0bW7Z/RI0z77FwA1B8tb4W9CEvgMqgod4xtdz5N+6QRoA4gQaXj6WGsZ3t3EVOU+4+tE8LFg7iCkjmYygej0v0EyVOwz2LAyVR9r8T/YognGD5UH8y0to7U5y7Pf5O5z2idn4QZEfawmp0J46i2qIKTlOd4oLcuceEXJ4MSK+V3iCB2cMqDtZ6kR63c2r1M2pIl3ARwFl4lZpy8SkiigbaRFHxy/9nXZtKI=
7/8NMh2oiWd5wYEfvvKIJoaz72uldUfwtbBJ8foStx5ApPrEmjFPg88H3/DyLH65Y/MfM5DjojTYNrcs+v1HIbnfo+oUULxr2M8+HNl6YnD2wF3ZehmirmaLA2tEzGOO38U76cBc7rn9i3Dd655QLFj/h2NbBJNd+j3U9V24OFOt8waySU1S5cfLmlc1OIUgA5PgtB7AI16XjrdWJa61MlMffN6yuMEI0vc36WZgjEm2Rog9XMovpywuMYlIMtfBKFHLEKo321WG84fCCfZF5kok0cs8BgGYuOZNPAnwkdNeE/IAjJr5NauFf9y0pQ==
Rmby/u/SA0TC7lvSzJsCUEEcy90/bS2acsn2+AjY+SoAK+MJt9I2b1fnJi3ppVotld240IKtGV29eXV8claXZq93WRJTXYtsuzdA3v4rVL7A669qULFfvAT1h1+10Jfx2332AkLsa7Jk8erUbzXDo6IR0Mi3EGw5NNJMaw32kZQofYpDP704jnKGVO07zr5xNEzrIUZM0OMUWKbViwO9b+S6/SbbLVuDoYUXdc0jv++4lid6k/8d1ohVuCazarQ60TKUBLFBghghI2i48WFstNZBiQL8BaBi7IXzKYUDu+aTS0LE3c/d7Ik/PRnTRx6i9Fi5BPGHYO+6Xc20tg==
7/8NMh2oiWd5wYEfvvKIJoaz72uldUfwtbBJ8foStx5ApPrEmjFPg88H3/DyLH65Y/MfM5DjojTYNrcs+v1HIbnfo+oUULxr2M8+HNl6YnD2wF3ZehmirmaLA2tEzGOO38U76cBc7rn9i3Dd655QLFj/h2NbBJNd+j3U9V24OFOt8waySU1S5cfLmlc1OIUgA5PgtB7AI16XjrdWJa61MlMffN6yuMEI0vc36WZgjEm2Rog9XMovpywuMYlIMtfBKFHLEKo321WG84fCCfZF5kok0cs8BgGYuOZNPAnwkdNeE/IAjJr5NauFf9y0pQ==
Rmby/u/SA0TC7lvSzJsCUEEcy90/bS2acsn2+AjY+SoAK+MJt9I2b1fnJi3ppVotld240IKtGV29eXV8claXZq93WRJTXYtsuzdA3v4rVL7A669qULFfvAT1h1+10Jfx2332AkLsa7Jk8erUbzXDo6IR0Mi3EGw5NNJMaw32kZQofYpDP704jnKGVO07zr5xNEzrIUZM0OMUWKbViwO9b+S6/SbbLVuDoYUXdc0jv++4lid6k/8d1ohVuCazarQ60TKUBLFBghghI2i48WFstNZBiQL8BaBi7IXzKYUDu+aTS0LE3c/d7Ik/PRnTRx6i9Fi5BPGHYO+6Xc20tg==
7/8NMh2oiWd5wYEfvvKIJoaz72uldUfwtbBJ8foStx5ApPrEmjFPg88H3/DyLH65Y/MfM5DjojTYNrcs+v1HIbnfo+oUULxr2M8+HNl6YnD2wF3ZehmirmaLA2tEzGOO38U76cBc7rn9i3Dd655QLFj/h2NbBJNd+j3U9V24OFOt8waySU1S5cfLmlc1OIUgA5PgtB7AI16XjrdWJa61MlMffN6yuMEI0vc36WZgjEm2Rog9XMovpywuMYlIMtfBKFHLEKo321WG84fCCfZF5kok0cs8BgGYuOZNPAnwkdNeE/IAjJr5NauFf9y0pQ==
Rmby/u/SA0TC7lvSzJsCUEEcy90/bS2acsn2+AjY+SoAK+MJt9I2b1fnJi3ppVotld240IKtGV29eXV8claXZq93WRJTXYtsuzdA3v4rVL7A669qULFfvAT1h1+10Jfx2332AkLsa7Jk8erUbzXDo6IR0Mi3EGw5NNJMaw32kZQofYpDP704jnKGVO07zr5xNEzrIUZM0OMUWKbViwO9b+S6/SbbLVuDoYUXdc0jv++4lid6k/8d1ohVuCazarQ60TKUBLFBghghI2i48WFstNZBiQL8BaBi7IXzKYUDu+aTS0LE3c/d7Ik/PRnTRx6i9Fi5BPGHYO+6Xc20tg==
7/8NMh2oiWd5wYEfvvKIJoaz72uldUfwtbBJ8foStx5ApPrEmjFPg88H3/DyLH65Y/MfM5DjojTYNrcs+v1HIbnfo+oUULxr2M8+HNl6YnD2wF3ZehmirmaLA2tEzGOO38U76cBc7rn9i3Dd655QLFj/h2NbBJNd+j3U9V24OFOt8waySU1S5cfLmlc1OIUgA5PgtB7AI16XjrdWJa61MlMffN6yuMEI0vc36WZgjEm2Rog9XMovpywuMYlIMtfBKFHLEKo321WG84fCCfZF5kok0cs8BgGYuOZNPAnwkdNeE/IAjJr5NauFf9y0pQ==
Rmby/u/SA0TC7lvSzJsCUEEcy90/bS2acsn2+AjY+SoAK+MJt9I2b1fnJi3ppVotld240IKtGV29eXV8claXZq93WRJTXYtsuzdA3v4rVL7A669qULFfvAT1h1+10Jfx2332AkLsa7Jk8erUbzXDo6IR0Mi3EGw5NNJMaw32kZQofYpDP704jnKGVO07zr5xNEzrIUZM0OMUWKbViwO9b+S6/SbbLVuDoYUXdc0jv++4lid6k/8d1ohVuCazarQ60TKUBLFBghghI2i48WFstNZBiQL8BaBi7IXzKYUDu+aTS0LE3c/d7Ik/PRnTRx6i9Fi5BPGHYO+6Xc20tg==
7/8NMh2oiWd5wYEfvvKIJoaz72uldUfwtbBJ8foStx5ApPrEmjFPg88H3/DyLH65Y/MfM5DjojTYNrcs+v1HIbnfo+oUULxr2M8+HNl6YnD2wF3ZehmirmaLA2tEzGOO38U76cBc7rn9i3Dd655QLFj/h2NbBJNd+j3U9V24OFOt8waySU1S5cfLmlc1OIUgA5PgtB7AI16XjrdWJa61MlMffN6yuMEI0vc36WZgjEm2Rog9XMovpywuMYlIMtfBKFHLEKo321WG84fCCfZF5kok0cs8BgGYuOZNPAnwkdNeE/IAjJr5NauFf9y0pQ==
Rmby/u/SA0TC7lvSzJsCUEEcy90/bS2acsn2+AjY+SoAK+MJt9I2b1fnJi3ppVotld240IKtGV29eXV8claXZq93WRJTXYtsuzdA3v4rVL7A669qULFfvAT1h1+10Jfx2332AkLsa7Jk8erUbzXDo6IR0Mi3EGw5NNJMaw32kZQofYpDP704jnKGVO07zr5xNEzrIUZM0OMUWKbViwO9b+S6/SbbLVuDoYUXdc0jv++4lid6k/8d1ohVuCazarQ60TKUBLFBghghI2i48WFstNZBiQL8BaBi7IXzKYUDu+aTS0LE3c/d7Ik/PRnTRx6i9Fi5BPGHYO+6Xc20tg==
7/8NMh2oiWd5wYEfvvKIJoaz72uldUfwtbBJ8foStx5ApPrEmjFPg88H3/DyLH65Y/MfM5DjojTYNrcs+v1HIbnfo+oUULxr2M8+HNl6YnD2wF3ZehmirmaLA2tEzGOO38U76cBc7rn9i3Dd655QLFj/h2NbBJNd+j3U9V24OFOt8waySU1S5cfLmlc1OIUgA5PgtB7AI16XjrdWJa61MlMffN6yuMEI0vc36WZgjEm2Rog9XMovpywuMYlIMtfBKFHLEKo321WG84fCCfZF5kok0cs8BgGYuOZNPAnwkdNeE/IAjJr5NauFf9y0pQ==
Rmby/u/SA0TC7lvSzJsCUEEcy90/bS2acsn2+AjY+SoAK+MJt9I2b1fnJi3ppVotld240IKtGV29eXV8claXZq93WRJTXYtsuzdA3v4rVL7A669qULFfvAT1h1+10Jfx2332AkLsa7Jk8erUbzXDo6IR0Mi3EGw5NNJMaw32kZQofYpDP704jnKGVO07zr5xNEzrIUZM0OMUWKbViwO9b+S6/SbbLVuDoYUXdc0jv++4lid6k/8d1ohVuCazarQ60TKUBLFBghghI2i48WFstNZBiQL8BaBi7IXzKYUDu+aTS0LE3c/d7Ik/PRnTRx6i9Fi5BPGHYO+6Xc20tg==
7/8NMh2oiWd5wYEfvvKIJoaz72uldUfwtbBJ8foStx5ApPrEmjFPg88H3/DyLH65Y/MfM5DjojTYNrcs+v1HIbnfo+oUULxr2M8+HNl6YnD2wF3ZehmirmaLA2tEzGOO38U76cBc7rn9i3Dd655QLFj/h2NbBJNd+j3U9V24OFOt8waySU1S5cfLmlc1OIUgA5PgtB7AI16XjrdWJa61MlMffN6yuMEI0vc36WZgjEm2Rog9XMovpywuMYlIMtfBKFHLEKo321WG84fCCfZF5kok0cs8BgGYuOZNPAnwkdNeE/IAjJr5NauFf9y0pQ==
7/8NMh2oiWd5wYEfvvKIJoaz72uldUfwtbBJ8foStx5ApPrEmjFPg88H3/DyLH65Y/MfM5DjojTYNrcs+v1HIbnfo+oUULxr2M8+HNl6YnD2wF3ZehmirmaLA2tEzGOO38U76cBc7rn9i3Dd655QLFj/h2NbBJNd+j3U9V24OFOt8waySU1S5cfLmlc1OIUgA5PgtB7AI16XjrdWJa61MlMffN6yuMEI0vc36WZgjEm2Rog9XMovpywuMYlIMtfBKFHLEKo321WG84fCCfZF5kok0cs8BgGYuOZNPAnwkdNeE/IAjJr5NauFf9y0pQ==
Mfxwz75jIh7+gUdPB9zENVFGMdc+5mDc+eRQFIbhfjcMhdtOU70ePEZFLHyljmBEMXXo+iW1VsEePvzA/cMThyNytA8=
CV/hdFFnQ75oiA2vq0qt3x+uc/tIdCC7oi1e1YGxc7/9P09szyysZLHnSTydZ6bYzx+KcuAwFeTd79QfjiVxtAo=
0jAysvsli01/FA8Yy9CmrDT2+FW7pmre2fVRTaACL1wk9Ctjy7Qv0xx4das4uqL0TzSHC7b3/NELtHA=
TOnMYsOQ3htOt66TgNVtdIYgOMJxdxrhIlhu8h+NTGC9inBoGUGoRp0R5k2WqlycJYfD68sGtHM=
hpieCoYleLS5jUU4zWY8MpzP1f2lgag35RFDBjhlxGMCj9s47OqoKY7SbXj4jbChApa0Zpxr9Ryc/7L3aWKJ4pULitZhwDZh95/d1F/NPWZx5mitheKt2a7GfVZlf3CsnDwp4cDEUupfpCJNMXlDLiWH/lPf17OpfJV5c6oVqYFsPNyods6r/GVjNXecmDL4XvDmEtv+p1RIlsvZ6zdmjeWszAK/Ld4XT1G9qGwkgL1VkDa59rF9/RBddT5P3WlZkJ0G62trIQDn7tLQWgf56WOdC3tME2nBtkPV7qJNCZMxxeWTxbePlqsPfOVzrrgfYywnUFpNwCYbTYOoPPLG/Qu897KyByPFRTEDWJJ7O91s6vQcHLHbpfjyhH2HXY/X+zDa7eXnvAEURlSXPddOBml52sEXT3IjtUxtpNO3aIA+dGt6B0rfomVa3fZDuzTqEgzJrALz351mFGRNZuKAifz+ZwM86ll9CMa/Bbh1g6SKA1NxVndvtomCrWKaAFn/HLJJvCgiJc9IBPkXTre6NCwu8ZF7gZeotNE=
E36zPNp7h0FiotbqlZywA/5967+zPm9iMThWOuFrx5rH+qZ5iPisafMlr62oXuIUXU6k871MxKNPo8q9Z67CDN4MWgVw8RdQPc2hiJZHCkdX20RL2YlLCvZZM+OebgO3BTGmloP0AdvqzMVM/U/RGK4VEBXx/cq86CNm3Q6ccNMAHuwvDuShTgMab1VLFTbvtNjRBAdmncQJx++pU0iTwcr/LkDizVH+SfPsAEAf5EcLCI0WIs0dtEJKwNMasPgfjbtkLxZYQFSAR4ofd9f7yNNeDg/WG7DpoBBCpwb2Bp89dhRvPNl4lxhJNhEBO/rGhtdHbkA74eVrJnwuAXsoqVsIi8DyA6HlmV4mXfK15FkbVrKNotQHVoeAIFUieHcO7hPEKThTTWgmKabi1sRzLrTZ/lgZcXTYuiu+XESVaYeXp46uT3YpuZGrK2FV1c9HdccyQlXqoav33iKR2qbRrh4yO2amlMOVCDDrR2oYs4XmnBzVe1JOEcqqxgERaWcHES7533CUL9sXRIPbeDhRI9QK/ozLFEPTimeQma+01A==
rBqE22HcZ/SW09tnjhspHlqx+kifPJNZyHKlMnTwpCs591BZNwyE/dZyuDP8LnGgWH4dWogYQUs+KwIozPLJzQudL3S0DQ==
cmVqI24zgSKs/BQEb+zG+ltHhw9+e7RTVOrjDlm/Gho+f3+yRloVcyswviU24OGcl0eSAjXqgWsXXoLRuqax7r6y26aGlKPVqLALh0oY08VGHPwVW1IuUWoqJsExaUdHca5ZH5CUD5t3xCMbkThxY7SKXkwrFGOT6ucwWU+0NA==
uqioIzm8j2Ty5nBra5zCdnM1mRjFp93noeDaZE02kZyGhEg/f/eJC6qevwaHPwDAybzEWmB9AfUsh/dWcHt+oPQd7CSVlgCcgeRoYpVtNtkuZjyYTVtzXxNqtBc=
ZpiaaiqOVlNvMBFjgDqXLwNa5PIeq3ADdE8tZlrmybgZBhoS2M3LiTHhBvgfpOOR6Hq1CjQINKPZv2BBNxS0tTb6KMu8FmGoeLZtwgiAsQMeIxIQDIpZRWtVH2y0FQ==
QtZEoCYMqKVy8AuUighvdippy9cvmVEZQ08tZlrmybgZBhoS2M3LiTHhBvgfpOOR6Hq1CjQINKPZv2BBNxS0tTb6KMu8FmGoeLZtwgiAsQMeIxIQDIpZRWtVH2y0FQ==
HnYYS7jV1tQeNVtGlb/ewBd+YCxRRiViWuLBrAkSMvb4qeNdYbXOPF9gK8W4rh1ulOycN0kr6MW3kDwhpm6ALxxyyXwo4qUGSER5V073OnQsbnFRe0EXaLQR
bB52lYM4mTSp4WqY4xemqPaEJ1eNrSoBhh6IHc/VDwesVF1eWt65kPkuSkoYFZvhkQm2gJ9cU/lIkmVSdNDki7mXkHk3LESdVtL4E/xOsUDY3t06iPgB675LQsjM0glti31vVLQt
k8Gaflv7La+wD9fifLEbxjfV4vL36NM2V8nVOpp5U2epHx8aHX/Ntemwg0BOVRSlRuRRb28l1JRFTytcOzqu3ahyWBdPYmB6teI6BHXfVcwx70uY6xfmwnxI0cTZN2iPYm1VtC4=
NtOZ24lBbNOEh3qKGuHcE6G2XuaErOPgmHuCj6yZtkNAzNSumqFqNXP4yxRsJE6aRbkuOLzQ3110K0FceLfCmtV2RNUnDzA2YhLrIVhU4p5d2rp5QxPmluDL7pgMF2xME5WkAOUTqGRbo9AvL1o6UQfHrr0z+ElAaSTSOpUhTMB9avAIWeio5t1xZq1WClw85WdDi4umtNM=
qQ/AvbYDOCEkSuLdf41miO3Gqw31jDM+uon+BXMQWs7wtWUvJQdpky/bDlCkP+wtk6yVAxsnDAn68zVKXpu4hRL0S6NrNI+T9XhVa1g6wjRvNGdLVndcEWu0EA==
