Q4MKRFK8F/ZRF7nUNu3lGNIGpLpCUPIZEHYyW20565i3TCWaN0CiPJybWje69vVBPwYwI9ULl86PpokIk5SFsOnoS4koDCJWjeLaEXML5p7ws86w/M8sBEMtROhViyjsy1twh18C+pnX/87VA+BJSHlc8hJl+QyILdIQ4Ol/Lm5EiMYIJ1Kc9DVfI+O7vrTb
wfugl+4JyJ3Qf4oKHuP3U2CR2vrVTlMYHgBshv4lqM67GEAym81JBph8AyRPVpGZktiB0Nwvu7FQRCYkA8tUWpL8aRxCo/+NZgREHSZSIHl8TgdzfDq5bQjW31V4hWMUCnPzwZanT6aJko2yWrD5j5wCqUzockXZThQQxg7K24Ss3lEhO9G3uLTB
EG+EV9Q4yIgyr9zDvhhAZ6nFxAh6/wJdBaflXSknw3nr+s+J4i9eWcdJhK3N4NSJGR8qagIQOSiUjh1vAaTuSbw0hHxyuP3mi9kBohjYSzBahzsdMhypxIz7MxUQYC7wU1/8nrL4QcjSN7epZiAMibaGCH1ciq/nLO6xSUhyV4EokUvQqvdbFYazBwIJNsWmSmRRCzzGgVi4ps19DjAYEl5ec0CM2nn1q0X/nLTl
vWLQv2ytqBtNGy32BRH+FTlbEW+h2Ve2z9AkiO1XOL/tONWxk8LPHur6udt/YOp9aqC9xMMXxmpZiu0DYy72qcamzZbKwq/O6vTPvfzgX98WWI+dEkyovffygvnempJ5jen7/8Ue7bc8NKMzoxT3w0L+rbJhWoelx/SPex4XxKGztMg=
VNtEtu0Kswz92xMesvdUBcsLCryQht286drO3ruV10nsjFOy0+0UYSmn3CdhuFkp97uKVtbapdN7cM5FJuDxvKeHQuLFahHLpx7SscqmwY7u8msGFhRTNXhwO6daGMOlNlystevSvrGa6vbhAWl3ZyHuKX8AFL87pwTT+44+YUqFygMtW5TzM1on4Lm/tMQ=
3FkNiw4NTdQNV0Q5+ViafcsLCryQht286drO3ruV10nsnVu81eIVMymn3CdhuFkp97qKVtbapdN7cM5FJuDxvKeHQuLFahHLpx7SscqmwY7u8msGFhRTNXhwO6daGMOlNlystevSvrGa6vbhAWl3ZyHuKX8AFL87pwTT+44+YUqFygMtW5TzM1on4Lm/tMQ=
8ZO8vykdXs0YycyRJcNYt+kqJgRFkTL2gjsmOp5BCzoDZV43j7vuNAzmYXTJ2sSgV1FwMykN+rP7g107DdeY/404NXEzSa5eyvpZGx/gSr2KoJ2Eo5dmqnmKjUPDrhZp5qbtVipCD46K9O99XGA/nzZYb12yzMh9F/Kiub4aMrlt6Zu/ZZ4Ndxw0w3NDlFeDIv6NcoHaJ+Xn9G+7vpek4ZO06A==
kj5c/zwjVYy3KYys4B13EM22akoBpCZeRC1aXAhPJSk4yAUcG+hZRgt5wYIY+IuQ3Cf4PTJ8aSQMm/P1EABuENM/vH6y2AFoUpf3iWYATCk2JkhdXGrvh6wO8SlIkpfhqHGLsKrXm7UGE8ciCRYFBsrEkSs8pkG4OMYNnQ5QWPLePjOgjPo5VSvlv7y0xQ==
2zeAowcI1bXmQWv6kNR+onY/NEjZY3GMdC/xlJ6X/BNBUXFB1NzkQS5I7Vu9F0jf/TjFUWMPHr56esm7z6A6nZqgjeSTV7bK6Qp947PuxonWpt22+gJ/Lnp0fx2MoA//Jlh/fcKMGN2HchJZDlpimZ3p65+1Xr0XrLRT0xNUp6My/p2SsZp3BXd0HxtOV/SBo7TY
NWZUu9Fx9LVh/AROXPk67Y8VrqpeWPFKCnQsS35+97u3QSX1US7LJpWMQz+FwNgmd0picYxvgtKFzqQ9l5ewvvLqS4koDCJWjeLaEXML5p7ws86w/M8sBEMtROhViyjsy1twh18C+pnX/87VA+BJSHlc8hJl+QyILdIQ4Ol/Lm5EiMYIJ1Kc9DVfI+O7vrTb
TsYvr1O4dOO9pGQW03tMHb3vOUQ294SD+dGJ0XN2wkMjwyWrlTdQr+U43aF7LTbOMjoBaycAgg3iIDV0a7cemqFKNdNbDt65zqbFhuLilx4yNDdNJED3b57YB+16LPANTzJaKSZ6emmF6fPvrX6V52R0G4N79B8zyn4lAsn639W/tNcrJjfssbu0wA==
+V0060aoZNH/opHSFnTDT+7D2JqtgqhXU574gZxyyJ4rQdGKGPCbqP3+CPXytNl8bONjfZCI/ugz5ww28pBxMHKv54FmCFwRFn44FRwiX19M9mGhyBoHmcgpO3hqH2ttJivXKgkeFT7qHGHj/G7x4Fi+nRWO2MgKPuaD6MyySQ0L3a+0tM0=
kepQL9KVverbb8ZmSDt6aMG3ZkcY5W8WWzoDUUQQens60UQcG+hZRgt5wYIY+IuQ2yb4PTJ8aSQMm/P1EABuENM/vH6y2AFoUpf3iWYATCk2JkhdXGrvh6wO8SlIkpfhqHGLsKrXm7UGE8ciCRYFBsrEkSs8pkG4OMYNnQ5QWPLePjOgjPo5VSvlv7y0xQ==
JMy16YxXJ+WnOa9CzcJJrCdUabjF1h37wqfbVGnYmHylJ9GgmPQrsy5HfQiLuCOog9hWFxOZ04bXEqVk+kYdmwz54FjQDB2mf8U4BaljWjcMvOmpHcjxX8t/02GrWB6GCzClPjYP9QVMlurN0eCza70cWOJ/BvEEldMiNu1iFClvC3C6umYbvfBwwnIlDqrFy1fm2nh/3kRk8wxgqwF0fC2XaGgDV6AzB/6aPf+TPoE7PMmMcRBiZn1FrGxFfqD0EePuagwEljz/LnzQnbNTNwPitJ8=
A0tgQcmBpxofrK06STOh4k/+YkCFgyxQLl9lCfAE2l0PKudxbncHMIHA4b62+Vam9wLaZ2X3YM/1OM1BS2NHb4K6kct3QNItEiAFFDv3znoxykWz684umd6m1aYSIid+QrSnrfQApw+u2PfNKmygrd+y6olWOkqJlenjj52+ZUfU9IsjqzTPE7p+FeIZOo+1LzQny5Z3nJGrtNA=
WGcNL7xbO8C3t4ITg4z9PBkA572r3gZYmZMgWCpfYQH8FMZFawoDSRJHy/jFgCV2+onqXlNifv/5Z+xHcbhJycfz2/cmWjWzy7AeZVbgwVx3xzJCVeqhq/feIpHaptGuHjI7ZqaUw5UIMOtHahizheacHNV7Uk4RyqrGARFpZwcRLvnfcJQv2xdEg9t+PlEq1QrzjcsUQ9OKZ5CZr7TU
OPF2xJwszOpcOn9FFjKWX8qYh2o5IlaB3hwXo9qr397/QWh9v9JytL+nM3gKdPCKmFflQbT6CtkZXANPpdDYFhcar4At/wJiZR7kTbeHsI6Suot5iJyi5m0ymmFTG+aukOMOQFxfrLSj/QSYdZso3KsLsHf/knopNy+OpSPwSXgZDDLixWmMOM0CUJDJby5eJNgG+IfCHETVj2OTm6606w==
u4tVKGkgf4SiEw4ZmvLv4tk5KvDTzpUuOCSnax4kFF9ffcLs+DlV+j01LL/1hPtgGwrEcdQibZJAg8ef0jtPePe1eQtli5iqi891SKAZ6AB/IMk/jD7rGh/XSSac7WQmb9KgyoUaGGR96bbIVTvU+A35WGSiqcWi8G10Unh9r6lZey/Wx6NOZBGnKby9p0Deb1br8s3x9eR9r7SfruWRtOo=
JkUVj5C4Be4xV90qF2tP37i1ixOmoFJW4XgeCjZncNTFmoMnSJL0lLUhk9p75XkemGQzDKa5QaHSoNF4fMdLKdDcVkyjY4SiUsQ5dCKLz5VmHHQ1RjpwQby219vcUsn1iE4vvdgtM2xKSyMpdo9/vomKvZq6WCm33Hr55EiatUHOjGCurmILfGzmAUlb+YegtNk=
kzt0PfI9U7HF6BSEnZvA1GXn4oF9wo7trqiercr9QqRg7LCnNoPjbxZjI/gbbT1yRoxkiteH0dgkoYRAU9jNL+h2N/qjXy2WWDVIJkMKZHrhkqSEoaHS2FHD+LhhQdz0BuGZggxlUCI8pUMpNSPrJuOrMkTNb40sOR+sHkMu7+IpOamEwSdQL+q9vbTG
lRyAA5FBPy6VN/svQf10VGcF+LRg/r3TL6+nH3L7r3iX9dmBgkS4quuP1chA2cgAH2Bpv2z+yxp/l+mmfC1EJk8SQEolWnhkXSlWSPV7tPgtObjkAumlotCtlNLYPc+pubuPVqfjbmTxZ4k83edg3o+WS3KtsdXknW8UH86lsbTK
8S+eNld1/Snln/IeuYIyW5drMfZ+Nku2NTyD72Uw2DZXeiQn4h8CQiV+ZO13Z7Cu0toL2Uh8osYtUhrBk/vmjtCDjuCcv6yU452EOLV7KPzrazDXP3J6CXdPDgXjEElYWWyyQgWJjBiNYtAwCY8ufmS4hlhHIhxkle/jM1tOtMs=
ekRYNYjs/7/25Kornw2Ig2UF+KVi6LnTL6+nH3L7r3iX9dmHgkS4quuP1chA2cgAH2Bpv2z+yxp/l+mmfC1EJk8SQEolWnhkXSlWSPV7tPgtObjkAumlotCtlNLYPc+pubuPVqfjbmTxZ4k83edg3o+WS3KtsdXknW8UH86lsbTK
IM6isebXmzC73iQjypj/ypdrN+BiK0u2NTyD72Uw2DZXeiIn4h8CQiV+ZO13Z7Cu0toL2Uh8osYtUhrBk/vmjtCDjuCcv6yU452EOLV7KPzrazDXP3J6CXdPDgXjEElYWWyyQgWJjBiNYtAwCY8ufmS4hlhHIhxkle/jM1tOtMs=
saAqvY3tYZ51xxJqx2xPCpdrNvZwLku2NTyD72Uw2DZXeiEn4h8CQiV+ZO13Z7Cu0toL2Uh8osYtUhrBk/vmjtCDjuCcv6yU452EOLV7KPzrazDXP3J6CXdPDgXjEElYWWyyQgWJjBiNYtAwCY8ufmS4hlhHIhxkle/jM1tOtMs=
FYiWj1F4vaRswTM/D7YE1+fs2ACsvlVT9zFQDiphNtLFlNN0Xprvh7Qmsdp75XkemGQzDKe4T6HSoNF4fMdLKdDcVkyjY4SiUsQ5dCKLz5VmHHQ1RjpwQby219vcUsn1iE4vvdgtM2xKSyMpdo9/vomKvZq6WCm33Hr55EiatU7OjGCurmILfGzmAUlb+YegtNk=
eT5CA4WL5PFxXgxnAGD9LsglVWwJ35NIdu6QuunsgXqtKJD2nZfdu9QLLR8NeYsMc5rxvtoMShbLieGSGOirYBt1l42yjMl0TKsT5RAQDiAT7xwOMmjhuBLn15lmEGxZdvao7dwaT1dsPpE5SIJ30eghK0AqZ/vlxuPnMgkGJfYKlPGbvFbh6Hj27YIOQDjCHu6T0AxK2YVrlZ+stNU=
dZdXsWKRzPbmJzWbBTHY/dQsSNTivwWzXo8+L0jIu2fTWLFwyb/4me6b51gJPNwGLuUUAQXgwr1HfCwJLdqt9snNBkgfNPJT/mWJjtF2gxKh1OEOe7r/0mWq/YaDa5R6kpyp/MLDv61mJAR9prLgGXxux9P8mnmNCLaf9fglIzQKk7OhFkePhomyTVLa0LlvnCLp7GjSBbZO9NBmjmobpKy+kcG7sfeYtOE=
dZdXsWKRzPbmJzWbBTHY/dQsSNTivwWzXo8+L0jIu2fTWLFwyb/4me6b51gJPNwGLuUUAQXgwr1HfCwJLdqt9snNBkgfNPJT/mWJjtF2gxKh1OEOe7r/0mWq/YaDa5R6kpyp/MLDv61mJAR9prLgGXxux9P8mnmNCLaf9fglIzQKk7OhFkePhomyTVLa0LlvnCLp7GjSBbZO9NBmjmobpKy+kcG7sfeYtOE=
LwmxsLKgwoIR6UNKUe6KOPjtw+7ZxsXNs543bYXXhddQ741rEjm157TFeSq+qZ57tGvNfWI3/DxaJgvJoOt7fjWtRHE+JSajE9WsXmbeyCcjlCqhIGQHgSpkJFNgYFpV9ztJ35CSEYa3BU/TNV0LNVH7q78sfgsaPxcppjythCaPkgBK5do4ZJ2pFkg1+/T47bn45MJp5aIQLdTSGL2PqXk7z1ZnYy5kMefJPB1nJ9tPHwpybTGV5F3vVB8OJfG0ig==
U0/6aNMIp1/jITkX/VylpumINzqYSPmSY8hna3tzSnL7fMhH/UENluGuNz0Vyr9LlwZvMVeWVk/vRUuJQdp5a8mf5A/ktGUBffD+uDfjxYfrdUt2J6NCd/jzc/7e3cXJ+oQ5n8Z7nyGWMXXaAU7LifziznJX4G+E25DFLBH8e2VAKAIqFdbK3ftP5sJIZ76cVKvMOBvZFOSdD+jws8/A67emWmXPS16ZCyTJlEEIAr5NHWw09abAbKF8a/K1nfbkT3a8iK1rMy8z+rSH
aXraGPAah1AASLHw7pKd6ozooqvUC7+TT6PDbj0VGMaV7K3qtkG0SN3b5Ss9Lb7ENFRf0ezc9cETEyJ2bSIUae/LcHo6Jhv9cDDCsqXOqgVLF+aa+L/ehOQzDCArQXQ8rVdoqIMXoHOHvpr9f1M+Qbt8yczx0GKm/YWsLMU+oLSRJOuqhUWWfH9ufBAdc1P3g6K03w==
/jE2V6c8qhiUx7iZhrp1DCBQz2tr38Npw9/ypJ/jv30fbP7wCZMQHfYPetLtErd/9Ia4wdDtCCp7byUIkPn4AG8AOf/cXluaj3c5ZkwNVCZfMnCK9bqI5M2J5gilG8T4HRloJPIJNSJgDcSSqF3fqalbf5Z3Q97kYQf5fI3HV9t/f5qyHRFFZO0PRF/+haG02g==
CWEEvpItoZKvc0M+jAURa9/4242Yog+Y1FQMv6lj2N23iAxpRuYQl1yK2XQIqlWWy9wJn27yKwzs1uHZG4kncLQJ
ofZP3nHDhdylyxnFsf9Hl0f6bkiAt39KIGIqGepNuV9cENtfX2IUIoKFp6Gguhym/xbRRAiuMOnBFdc4PjwdMd66iNo6XecpERULDzn3znoxykWz684umd6m1aYSIid+QrSnrfQApw+u2PfNKmygrd+y6olWOkqJlenjj52+ZUfU9IsjqzTPE717FesYOo+1LzQny5Z3nJGrtNA=
BDjYDrBteHKrQ13D1KXImTBVdO/bNBdJYQ5K2rpOhYgf2iRrJKf/uEWfT/JKSHorYso2r+hGnZjtztq/SZEsmJC+neUNI/XgVG7AMbQ1gjx4Xbdnmj+PA6Vgut5+KiONABGxnZfVGe1QtIZUw9t0ChIsCQyCE5+9ZjQkreZCQKn8HidjvEoZnQimf6U4lUPEiiMT0dYXr5aJom0CGqAZ3xzSiVyoguWvS+S5t87a+9QsDjEx+2HXiLTx
2xSbdLNgbeTdg9i+fBn6nB9hpJUnE6jvXt87ajVlP4YeKiey9ikh7+/oJFluRv0NpHTbAzv037MMe2WLCPofVf+0F6vmN6wxe7QA
olcQiHjnV6m1jg6QlC+qMzfV4vL36NM2V8nVOpp5U2epHx8aHX/Ntemwg0BOVRSlRuRRb28l1JRBTSVcOzqu3ahyWBdPYmB6teI6BHXfVcwx70Kb6xfmwnFJ0cTZN2iPYm1VtC4=
Nkmv2vx1YrBkMkPuwue0XvaEJ1eNrSoBhh6IHc/VDwesVF1eWt65kPkuSkoYFZvhkQm2gJ9cU/lIlmdcdNDki7mXkHk3LESdVtL4E/xOsUDY3t0zi/gB675GQ8jM0glti31vVLQt
YXkmTj/dP7napaWocC6VGhd+YCxRRiViWuLBrAkSMvb4qeNdYbXOPF9gK8W4qh9glOycN0kr6MW3kDwhpm6ALxxyyXwo4qUPS0R5V076O3QsbnFRe0EXaLQR
B7YU5OOLZq3a/2Dn3U4t3Sppy9cvmVEZQ08tZlrmybgZBhoS2M3LiTHhBvgfpOOR6H63BDQINKPZv2BBNxS0tTb6KMu8FmGoeLZtywuAsQMeLhMQDIpZRWtVH2y0FQ==
Q3aZ65jyST96k5erYieT7wNa5PIeq3ADdE8tZlrmybgZBhoS2M3LiTHhBvgfpOOR6H63BDQINKPZv2BBNxS0tTb6KMu8FmGoeLZtywuAsQMeLhMQDIpZRWtVH2y0FQ==
HB81/20PoYv7l171kRnYO3M1mRjFp93noeDaZE02kZyGhEg/f/eJC6qevwaHPwDEy7LEWmB9AfUsh/dWcHt+oPQd7CSVlgCcge1rYpVtNtQvZjyYTVtzXxNqtBc=
id5V1YiQ9qaQdb1zEwlJo9QsSNTivwWzXo8+L0jIu2fTWLFwyb/4me6b51gJPNwGLuUUAQXgwr1HfCwJLdqt9snNBkgfNPJT/mWJjtF2gxKh1OEOe7r/0mWq/YaDa5R6kpyp/MLDv61mJAR9prLgGXxux9P8mnmNCLaf9fglIzQKk7OhFkePhomyTVLa0LlvnCLp7GjSBb9L9NlnjmobpKy+kcG7sfeYtOE=
5dL+TulZH5cDpCjzb6G6hh9hpJQnE6jvXt87ajVlP4YeKiey9ikh7+/oJFluRv0NpHTbAzv037MMe2WLCPofVf+0F6vmN6wxe7QA
Vin5ocA6Er/Zn+BtLfxRBTPWhDtMX0/JmR9yGleWIf9YeSi5vRKB7RsLXz7SBtc4DlvNjHX4eWGNKOXiPOPpdbmcGDpxRxKXU7IjBUqMPoH4zfwhQh13N5e3sOYqb8XpbNPrlERKcC1L3QteN6tiv6hb/VKMFeXB6qx5N1bzP+nGGXXyUYZrAWxKjlpH6E9MizhFhEE0W21QAEKChV5qFatn5uoYrx4UxAOMEAvRNCzNp2hY4wfg46eOGs1fw/5RWwzJvBHAojbdtSwc5a7gpPHV61rlVdbsX178ID3jk+dj0rSv
JxMmiZBTPRSeXauBqZGpDKGW7p5HQQJuNSdchFRluZigtafz1wW2RIukhaRXS/EDDGx80ZGGhkp4nUafCoHUGnH+FNypqez5W7ua3CHKMop8bLbciPu8Lc44aazyQWruUmsTys/stsFUsyGBJvYsOsoN5fKgCWpwNdHY8I6bCmR4FVW/Ixe6huPWBZEF+z85yZXTH+GXJiq5ik3DA67W6SamLdbqQs8OSvQv/Rxgfx92WC/d8syI/Vfy4jn+GnI5LelbP6WezffcNAPzg5SXA+T7TftA2udlp/QvO/6X5GHTtKg=
rtZ/QFv02wiboMFOi+TUhNUcXHu9c9Xei9lKVPGweu4UF0ETJcNj8e281aRlkvTcNBKcln+53BO1bjTPAfwUnf43lT8EzJg37zvsG4FJszqeeSvzlm4Lpx0RzqZ7NFmLQix9PHXPWajWtfjFqb3yTMBDfs0GnHjDGP7EXzYkeR5rupflw5W+Hwy4edTfJuX04ef3uVtIm9HS38Zwmo2JLuGTVPDIn2z386jlRvoNJcRqqtjDErDwD5XbTN8uGBiEaOfyr/9Xc7hrvqZfjttI2cgwWrcO9g6PJVZ8X8QZIMewqY5hibtydv53r74Ye9kVQ0ZkPgl7ILlD6KOwysN5tfH+3u16NWypozYaXXqUf2ZvoDhFKnh/HvYzLBlAE5W4jkkeEl5E+55MeZYIwbFMqJLLpkxMlWGXj8emXnc2cWl5C1PR3VVHN80nmhINKlmbn/46gdKm2b4GElNWXlSbxaDQUzfimDs1njz0BSMSduHiyt4RGWlvFwnO0a9IVPeLf+R7a/C72dNsaltdE1Q742JHiImntNw=
B8BzLETp0YyIRnyyD9jNfZzP1f2lgag35RFDBjhlxGMCj9s47OqoKY7SbXj4jbChApa0Zpxr9Ryc/7L3aWKJ45ULitZhwDZh95/d1F/NPWZx5mitheKt2a7GfVZlf3CsnDwp4cDEUupfpCJNMXlDLiWH/lPf17OpfJV5c6oVqYFsPNyods6r/GVjNXecmDL4XvDmEtv+p1RIlsvZ6zdmjeWszAK/Ld4XT1G9qGwkgL1VkDa59rF9/RBddT5P3WlZkJ0G62trIQDn7tLQWgf56WOdC3tME2nBtkPV7qJNCZMxxeWTxbePlqsPfOVzrrgfYywnUFpNwCYbTYOoPPLG/Qu897KyByPFRTEDWJJ7O91s6vQcHLHbpfjyhH2HXY/X+zDa7eXnvAEURlSXPddOBml52sEXT3IjtUxtpNO3aIA+dGt6B0rfomVa3fZDuzTqEgzJrALz351mFGRNZuKAifz+ZwM86ll9CMa/Bbh1g6SKA1NxVndvtomCrWKaAFn/HLJJvCgiJc9LBPkXTrq7NCwu8ZF7gZeotNE=
TR4iqLkSz1NeBX+KWXqYyRgueL9qpfLhmIeEtTflKEFHTDejkIdF98da1zD35k5j24Z2PCLMXUF3PY0MBQMN8PbWbsr7QO4xX2eSo7iwzUXpIR4uxE2sf3cRcud5pcu7fr/bmak+jJHphyzusdPf+dyiYeQDL9CkH4iP7yOcNP2qYTMtqIgSK3w5PNzCN5qWFptsNGM6OfJ1Ubk1RCtusGvwhfZ/cHMPNc1hSKGlEDdU9ABd0wrzmzbEMj8WQxHgt2LgHX8AuMJaN6jwyvuXs54bdIiCIDqvEJuFd4kMCTY0+9QLUt3a2JjDtHa0++e+blveyXpjIiHs1XObCEIcP/0aguuD0ZEuZsozO5pNwYBxdJDTY5GjtjxZAJWWncE+CHkgROXi/Uj6MRB4RWo0276d2sPPnJxBfCak5IEqrjHELNuhFmxAoyS49tVbY42vdJotpuvNK0Ox5ad1vYOvrwi2V/pDn40W+PVoJmPKxPpBUkSEwWEyWDGDGLhBAXx0pqG5giwlMKLc5SMp1eOLpgNrEkTtry2smd+KGyPnDmJJeUmEoWfwr0r9nbTm
KQ5F/Z+8YWkGj7QZr1jEtr6kgfRChQdKInQWoyWsnbaq1MLxN2oRmjxR2AHnbXzFvV9XxvSuSMn76Rsgx3aerxlxbIcja/xLHfHN5EYd3D7pTttHli8jGasIw8O3qhOWRyn1EtES4MlVJsXtrvIVkrUb+Fg8SOEF0MC63h8QysmhnYtaBXP2Nw8T2x38IRG3enGhdUxIFEzmSkNIJVfdc4x8+oz+BG52CzrPYEiiox07U+55RdgE5q8pNiMP5VUs/MBIyXVkPt0mdRVJkOkd+p+5Ya2w6c4P++/JtKfaOtRK4zGdw2mDH5zXAfW2d70qcimBZ5GxLXfVs2ei67uUYeNKcGtD2C80iomokpv562zsls4JK8g/ViKDy3EFBetcgp/zqcwefHjMdbOR+MbsuVc5ByNbRBIJ9eNUNVTyvBOtM4ZySY3SpceLGpc1+AVgA9NgdB4Ao56XzjcWJW418lNf/J6y+EHI0je3qWYgDIm2hgh9XIqv5yzusUlIcleBKJFL0Kr3WxWGswcCCTbFpkpkUQs8xoFYuKbNewswERNeXnNAjNp59atF/5y05Q==
7nuHYR9fqC8rkAtd+HL+Ipo4hbK1y72ImJiq1LlIZ5ihvEIyEeLdN86KLvIBLPfqNsroQNlwio2fV7yE+M50N2//+Kw4//+Li70LvncL4t9oe/Z3S3VlYapMeVeWU78Jhjl10hFm66GsKo66B0jPLEsYRaSBVNvNEOBC4kX+6vXrR+bKWE+etARjjPBLcbRMDYdoeCNnYEPnbhqtn2N+sRssyZxRICKWHdUs/KUOYMQx9et6JTVWTB++/ED9QxMHI/K0jw==
orVPHmhn4YrbSe5kzSd1Pj0yKF+CEo71CFcZQd+q8mwyNevWMBJuaTljQq4Pp/u9WneTHuyeowNXhMzHwQwj0bW7a/VI0z77FwA1B8tb4W9CEvgMqgod4xtdz5N+6QRoA4gQaXj6WGsZ3t3EVOU+4+tE8LFg7iCkjmYygej0v0EyVOwz2LAyVR9r8T/YognGD5UH8y0to7U5y7Pf5O5z2idn4QZEfawmp0J46i2qIKTlOd4oLcuceEXJ4MSK+V3iCB2cMqDtZ6kR63c2r1M2pIl3ARwFl45bpy8SkiWhbaRFHxy/9nXZtKI=
ck/pVsUEEd2DKX5/QxX7zT0yKF+CEo71CFcZQd+q8mwyNevWMBJuaTljQq4Pp/u9WneTHuyeowNQhszHwQwj0bW7avVI0z77FwA1B8tb4W9CEvgMqgod4xtdz5N+6QRoA4gQaXj6WGsZ3t3EVOU+4+tE8LFg7iCkjmYygej0v0EyVOwz2LAyVR9r8T/YognGD5UH8y0to7U5y7Pf5O5z2idn4QZEfawmp0J46i2qIKTlOd4oLcuceEXJ4MSK+V3iCB2cMqDtZ6kR63c2r1M2pIl3ARwFl45bpy8SkiWhbaRFHxy/9nXZtKI=
Vx2+0TqqKNDy7olVzntUTz0yKF+CEo71CFcZQd+q8mwyNevWMBJuaTljQq4Pp/u9WneTHuyeowNXhMzHwQwj0bW7ZfVI0z77FwA1B8tb4W9CEvgMqgod4xtdz5N+6QRoA4gQaXj6WGsZ3t3EVOU+4+tE8LFg7iCkjmYygej0v0EyVOwz2LAyVR9r8T/YognGD5UH8y0to7U5y7Pf5O5z2idn4QZEfawmp0J46i2qIKTlOd4oLcuceEXJ4MSK+V3iCB2cMqDtZ6kR63c2r1M2pIl3ARwFl45bpy8SkiWhbaRFHxy/9nXZtKI=
0KZyxM0+Bty9qTYpMpaRgj0yKF+CEo71CFcZQd+q8mwyNevWMBJuaTljQq4Pp/u9WneTHuyeowNQhszHwQwj0bW7ZPVI0z77FwA1B8tb4W9CEvgMqgod4xtdz5N+6QRoA4gQaXj6WGsZ3t3EVOU+4+tE8LFg7iCkjmYygej0v0EyVOwz2LAyVR9r8T/YognGD5UH8y0to7U5y7Pf5O5z2idn4QZEfawmp0J46i2qIKTlOd4oLcuceEXJ4MSK+V3iCB2cMqDtZ6kR63c2r1M2pIl3ARwFl45bpy8SkiWhbaRFHxy/9nXZtKI=
a/O6CkZjIwWpc4EGK2nuNT0yKF+CEo71CFcZQd+q8mwyNevWMBJuaTljQq4Pp/u9WneTHuyeowNXhMzHwQwj0bW7Z/VI0z77FwA1B8tb4W9CEvgMqgod4xtdz5N+6QRoA4gQaXj6WGsZ3t3EVOU+4+tE8LFg7iCkjmYygej0v0EyVOwz2LAyVR9r8T/YognGD5UH8y0to7U5y7Pf5O5z2idn4QZEfawmp0J46i2qIKTlOd4oLcuceEXJ4MSK+V3iCB2cMqDtZ6kR63c2r1M2pIl3ARwFl45bpy8SkiWhbaRFHxy/9nXZtKI=
YwevD5EZg4OApHRVvszzpT0yKF+CEo71CFcZQd+q8mwyNevWMBJuaTljQq4Pp/u9WneTHuyeowNQhszHwQwj0bW7ZvVI0z77FwA1B8tb4W9CEvgMqgod4xtdz5N+6QRoA4gQaXj6WGsZ3t3EVOU+4+tE8LFg7iCkjmYygej0v0EyVOwz2LAyVR9r8T/YognGD5UH8y0to7U5y7Pf5O5z2idn4QZEfawmp0J46i2qIKTlOd4oLcuceEXJ4MSK+V3iCB2cMqDtZ6kR63c2r1M2pIl3ARwFl45bpy8SkiWhbaRFHxy/9nXZtKI=
j1a5jMaoQv1MEhAo3/50oT0yKF+CEo71CFcZQd+q8mwyNevWMBJuaTljQq4Pp/u9WneTHuyeowNXhMzHwQwj0bW7YfVI0z77FwA1B8tb4W9CEvgMqgod4xtdz5N+6QRoA4gQaXj6WGsZ3t3EVOU+4+tE8LFg7iCkjmYygej0v0EyVOwz2LAyVR9r8T/YognGD5UH8y0to7U5y7Pf5O5z2idn4QZEfawmp0J46i2qIKTlOd4oLcuceEXJ4MSK+V3iCB2cMqDtZ6kR63c2r1M2pIl3ARwFl45bpy8SkiWhbaRFHxy/9nXZtKI=
APdjlsJ6pANrklO6Hd8Lwz0yKF+CEo71CFcZQd+q8mwyNevWMBJuaTljQq4Pp/u9WneTHuyeowNQhszHwQwj0bW7YPVI0z77FwA1B8tb4W9CEvgMqgod4xtdz5N+6QRoA4gQaXj6WGsZ3t3EVOU+4+tE8LFg7iCkjmYygej0v0EyVOwz2LAyVR9r8T/YognGD5UH8y0to7U5y7Pf5O5z2idn4QZEfawmp0J46i2qIKTlOd4oLcuceEXJ4MSK+V3iCB2cMqDtZ6kR63c2r1M2pIl3ARwFl45bpy8SkiWhbaRFHxy/9nXZtKI=
sOaTxT7mllcTridmahy3Kj0yKF+CEo71CFcZQd+q8mwyNevWMBJuaTljQq4Pp/u9WneTHuyeowNXhMzHwQwj0bW7Y/VI0z77FwA1B8tb4W9CEvgMqgod4xtdz5N+6QRoA4gQaXj6WGsZ3t3EVOU+4+tE8LFg7iCkjmYygej0v0EyVOwz2LAyVR9r8T/YognGD5UH8y0to7U5y7Pf5O5z2idn4QZEfawmp0J46i2qIKTlOd4oLcuceEXJ4MSK+V3iCB2cMqDtZ6kR63c2r1M2pIl3ARwFl45bpy8SkiWhbaRFHxy/9nXZtKI=
MTOfiXSJbF7QPX9vb6o3sz0yKF+CEo71CFcZQd+q8mwyNevWMBJuaTljQq4Pp/u9WneTHuyeowNQhszHwQwj0bW7YvVI0z77FwA1B8tb4W9CEvgMqgod4xtdz5N+6QRoA4gQaXj6WGsZ3t3EVOU+4+tE8LFg7iCkjmYygej0v0EyVOwz2LAyVR9r8T/YognGD5UH8y0to7U5y7Pf5O5z2idn4QZEfawmp0J46i2qIKTlOd4oLcuceEXJ4MSK+V3iCB2cMqDtZ6kR63c2r1M2pIl3ARwFl45bpy8SkiWhbaRFHxy/9nXZtKI=
8BMuzRfnhpE5E+w6xzIF7D0yKF+CEo71CFcZQd+q8mwyNevWMBJuaTljQq4Pp/u9WneTHuyeowNXhMzHwQwj0bW7a/RI0z77FwA1B8tb4W9CEvgMqgod4xtdz5N+6QRoA4gQaXj6WGsZ3t3EVOU+4+tE8LFg7iCkjmYygej0v0EyVOwz2LAyVR9r8T/YognGD5UH8y0to7U5y7Pf5O5z2idn4QZEfawmp0J46i2qIKTlOd4oLcuceEXJ4MSK+V3iCB2cMqDtZ6kR63c2r1M2pIl3ARwFl45bpy8SkiWhbaRFHxy/9nXZtKI=
Kk+ScdR026sUU82r0OV+xz0yKF+CEo71CFcZQd+q8mwyNevWMBJuaTljQq4Pp/u9WneTHuyeowNQhszHwQwj0bW7avRI0z77FwA1B8tb4W9CEvgMqgod4xtdz5N+6QRoA4gQaXj6WGsZ3t3EVOU+4+tE8LFg7iCkjmYygej0v0EyVOwz2LAyVR9r8T/YognGD5UH8y0to7U5y7Pf5O5z2idn4QZEfawmp0J46i2qIKTlOd4oLcuceEXJ4MSK+V3iCB2cMqDtZ6kR63c2r1M2pIl3ARwFl45bpy8SkiWhbaRFHxy/9nXZtKI=
854tSnXYxH29SOA3vbLnED0yKF+CEo71CFcZQd+q8mwyNevWMBJuaTljQq4Pp/u9WneTHuyeowNXhMzHwQwj0bW7ZfRI0z77FwA1B8tb4W9CEvgMqgod4xtdz5N+6QRoA4gQaXj6WGsZ3t3EVOU+4+tE8LFg7iCkjmYygej0v0EyVOwz2LAyVR9r8T/YognGD5UH8y0to7U5y7Pf5O5z2idn4QZEfawmp0J46i2qIKTlOd4oLcuceEXJ4MSK+V3iCB2cMqDtZ6kR63c2r1M2pIl3ARwFl45bpy8SkiWhbaRFHxy/9nXZtKI=
S3ei6QAuNYMn/mgD5mEViT0yKF+CEo71CFcZQd+q8mwyNevWMBJuaTljQq4Pp/u9WneTHuyeowNQhszHwQwj0bW7ZPRI0z77FwA1B8tb4W9CEvgMqgod4xtdz5N+6QRoA4gQaXj6WGsZ3t3EVOU+4+tE8LFg7iCkjmYygej0v0EyVOwz2LAyVR9r8T/YognGD5UH8y0to7U5y7Pf5O5z2idn4QZEfawmp0J46i2qIKTlOd4oLcuceEXJ4MSK+V3iCB2cMqDtZ6kR63c2r1M2pIl3ARwFl45bpy8SkiWhbaRFHxy/9nXZtKI=
raO476YY11k4ASzbDBb9O7mtB+D0ALkbPizSHiD30f0QvVh+OG8k1wpKi9Vo50YoGXYpJ8CaLe3l8rGOHfx4t/G37/Ab+tpdJr2BRSjknkEd2ud/j2TCOUGfcxxRKQ2xwDJ0wD3qAp2MtAlZpbu0Peb4gRx6ITLeSmsL+peMPnG8cwmRLpYU6jKNXaLYKWJg3RFwgAY70pRgFU3Pe7cydkuWbYEN28fpcRWrT9l3LjqRyiVzi04O2T6mNeYyoke+IrQH7RSAR08O2JcNCuyA7T+ySsl2uipJNelDz30+RYd09Ovji7TvU1x7tSt4uu91jzTHi3b3vFHLtLA=
OgWbNlnJNcNLdEc6zD9g4D0yKF+CEo71CFcZQd+q8mwyNevWMBJuaTljQq4Pp/u9WneTHuyeowNQhszHwQwj0bW7Z/RI0z77FwA1B8tb4W9CEvgMqgod4xtdz5N+6QRoA4gQaXj6WGsZ3t3EVOU+4+tE8LFg7iCkjmYygej0v0EyVOwz2LAyVR9r8T/YognGD5UH8y0to7U5y7Pf5O5z2idn4QZEfawmp0J46i2qIKTlOd4oLcuceEXJ4MSK+V3iCB2cMqDtZ6kR63c2r1M2pIl3ARwFl45bpy8SkiWhbaRFHxy/9nXZtKI=
t2O8UoVBmuudfA+1058IUIaz72uldUfwtbBJ8foStx5ApPrEmjFPg88H3/DyLH65Y/MfM5DjojTYNrcs+v1HIbnfo+oUULxr2M8+HNl6YnD2wF3ZehmirmaLA2tEzGOO38U76cBc7rn9i3Dd655QLFj/h2NbBJNd+j3U9V24OFOt8waySU1S5cfLmlc1OIUgA5PgtB7AI16XjrdWJa61MlMffN6yuMEI0vc36WZgjEm2Rog9XMovpywuMYlIMtfBKFHLEKo321WG84fCCfZF5kok0cs8BgGYuOZNOwvwkdNeHvMAjJr5NauFf9y0pQ==
fIlkyO93hliF+PNBYYumYEEcy90/bS2acsn2+AjY+SoAK+MJt9I2b1fnJi3ppVotld240IKtGV29eXV8claXZq93XRdbVY5vuDdA3v4tUbTM6qhtUbpfvAT1h1+10Jfx2332AkLsa7Jk8erUbzXDo6IR0Mi3EGw5NNJMaw32kZQofYpDP704jnKGVO07zr5xNEzrIUZM0OMUWKbViwO9b+S6/SbbLVuDoYUXdc0jv++4lid6k/8d1ohVuCazarQ60TKUBLFBghghI2i48WFstNZBiQL8BaBi7IXzKYUDu+aTS0LE3c/d7Ik/OhvTRx6i+Vm5BPGHYO+6Xc20tg==
t2O8UoVBmuudfA+1058IUIaz72uldUfwtbBJ8foStx5ApPrEmjFPg88H3/DyLH65Y/MfM5DjojTYNrcs+v1HIbnfo+oUULxr2M8+HNl6YnD2wF3ZehmirmaLA2tEzGOO38U76cBc7rn9i3Dd655QLFj/h2NbBJNd+j3U9V24OFOt8waySU1S5cfLmlc1OIUgA5PgtB7AI16XjrdWJa61MlMffN6yuMEI0vc36WZgjEm2Rog9XMovpywuMYlIMtfBKFHLEKo321WG84fCCfZF5kok0cs8BgGYuOZNOwvwkdNeHvMAjJr5NauFf9y0pQ==
ytme/niPmYsSl30a+xgY5UEcy90/bS2acsn2+AjY+SoAK+MJt9I2b1fnJi3ppVotld240IKtGV29eXV8claXZq93XRdbVY5vuDdA3v4tWLjB6qhlXrpfvAT1h1+10Jfx2332AkLsa7Jk8erUbzXDo6IR0Mi3EGw5NNJMaw32kZQofYpDP704jnKGVO07zr5xNEzrIUZM0OMUWKbViwO9b+S6/SbbLVuDoYUXdc0jv++4lid6k/8d1ohVuCazarQ60TKUBLFBghghI2i48WFstNZBiQL8BaBi7IXzKYUDu+aTS0LE3c/d7Ik/OhvTRx6i+Vm5BPGHYO+6Xc20tg==
t2O8UoVBmuudfA+1058IUIaz72uldUfwtbBJ8foStx5ApPrEmjFPg88H3/DyLH65Y/MfM5DjojTYNrcs+v1HIbnfo+oUULxr2M8+HNl6YnD2wF3ZehmirmaLA2tEzGOO38U76cBc7rn9i3Dd655QLFj/h2NbBJNd+j3U9V24OFOt8waySU1S5cfLmlc1OIUgA5PgtB7AI16XjrdWJa61MlMffN6yuMEI0vc36WZgjEm2Rog9XMovpywuMYlIMtfBKFHLEKo321WG84fCCfZF5kok0cs8BgGYuOZNOwvwkdNeHvMAjJr5NauFf9y0pQ==
NWKnIcp2yw3yo/1GI9A8hgyWxxoKVKZa9MzR/CUay//VUbhuCEVDd5ASGbjrQWOHrdav0fsRDeI1Jibsn1OnNrmA3aKmT6Ru7JIIUITrC2O59TI02SDAYZvgPxRyNFVm21mq23aAXpEPHST+p1A3L6dvcD6a96WxXMvrjHQSELX7BcuGB7MC5xjDfco8TYXZ2nS57+ZrX7H2AXXqYd4LmdySToJ38C8UO6DFHPFsO3Vg2IJaNcYKTZt/5vIo936MdNtMyDvJVHR9P+jAU1+A+5dW2hXvW54JaxTJpCGYwq5tbezE1baA/EFNa8JVDbb0b4Y8+I17879TyrS3
t2O8UoVBmuudfA+1058IUIaz72uldUfwtbBJ8foStx5ApPrEmjFPg88H3/DyLH65Y/MfM5DjojTYNrcs+v1HIbnfo+oUULxr2M8+HNl6YnD2wF3ZehmirmaLA2tEzGOO38U76cBc7rn9i3Dd655QLFj/h2NbBJNd+j3U9V24OFOt8waySU1S5cfLmlc1OIUgA5PgtB7AI16XjrdWJa61MlMffN6yuMEI0vc36WZgjEm2Rog9XMovpywuMYlIMtfBKFHLEKo321WG84fCCfZF5kok0cs8BgGYuOZNOwvwkdNeHvMAjJr5NauFf9y0pQ==
q6sJQtC7xtjvj8CkS8YavQyWxxoKVKZa9MzR/CUay//VUbhuCEVDd5ASGbjrQWOHrdav0fsRDeI1Jibsn1OnNrmA3aKmT6Ru7JIIUITmD2K88TI20STAYZvgPxRyNFVm21mq23aAXpEPHST+p1A3L6dvcD6a96WxXMvrjHQSELX7BcuGB7MC5xjDfco8TYXZ2nS57+ZrX7H2AXXqYd4LmdySToJ38C8UO6DFHPFsO3Vg2IJaNcYKTZt/5vIo936MdNtMyDvJVHR9P+jAU1+A+5dW2hXvW54JaxTJpCGYwq5tbezE1baA/EFNa8JVDbb0b4Y8+I17879TyrS3
t2O8UoVBmuudfA+1058IUIaz72uldUfwtbBJ8foStx5ApPrEmjFPg88H3/DyLH65Y/MfM5DjojTYNrcs+v1HIbnfo+oUULxr2M8+HNl6YnD2wF3ZehmirmaLA2tEzGOO38U76cBc7rn9i3Dd655QLFj/h2NbBJNd+j3U9V24OFOt8waySU1S5cfLmlc1OIUgA5PgtB7AI16XjrdWJa61MlMffN6yuMEI0vc36WZgjEm2Rog9XMovpywuMYlIMtfBKFHLEKo321WG84fCCfZF5kok0cs8BgGYuOZNOwvwkdNeHvMAjJr5NauFf9y0pQ==
PJrA1CEOHijGQEOd0ooXWkEcy90/bS2acsn2+AjY+SoAK+MJt9I2b1fnJi3ppVotld240IKtGV29eXV8claXZq93XRdbVY5vuDdA3v4rU7vM4qtvXrdfvAT1h1+10Jfx2332AkLsa7Jk8erUbzXDo6IR0Mi3EGw5NNJMaw32kZQofYpDP704jnKGVO07zr5xNEzrIUZM0OMUWKbViwO9b+S6/SbbLVuDoYUXdc0jv++4lid6k/8d1ohVuCazarQ60TKUBLFBghghI2i48WFstNZBiQL8BaBi7IXzKYUDu+aTS0LE3c/d7Ik/OhvTRx6i+Vm5BPGHYO+6Xc20tg==
t2O8UoVBmuudfA+1058IUIaz72uldUfwtbBJ8foStx5ApPrEmjFPg88H3/DyLH65Y/MfM5DjojTYNrcs+v1HIbnfo+oUULxr2M8+HNl6YnD2wF3ZehmirmaLA2tEzGOO38U76cBc7rn9i3Dd655QLFj/h2NbBJNd+j3U9V24OFOt8waySU1S5cfLmlc1OIUgA5PgtB7AI16XjrdWJa61MlMffN6yuMEI0vc36WZgjEm2Rog9XMovpywuMYlIMtfBKFHLEKo321WG84fCCfZF5kok0cs8BgGYuOZNOwvwkdNeHvMAjJr5NauFf9y0pQ==
YBhZLgdsHH0mt4nKb3F/R0Ecy90/bS2acsn2+AjY+SoAK+MJt9I2b1fnJi3ppVotld240IKtGV29eXV8claXZq93XRdbVY5vuDdA3v4sUb/J76lsX7dfvAT1h1+10Jfx2332AkLsa7Jk8erUbzXDo6IR0Mi3EGw5NNJMaw32kZQofYpDP704jnKGVO07zr5xNEzrIUZM0OMUWKbViwO9b+S6/SbbLVuDoYUXdc0jv++4lid6k/8d1ohVuCazarQ60TKUBLFBghghI2i48WFstNZBiQL8BaBi7IXzKYUDu+aTS0LE3c/d7Ik/OhvTRx6i+Vm5BPGHYO+6Xc20tg==
t2O8UoVBmuudfA+1058IUIaz72uldUfwtbBJ8foStx5ApPrEmjFPg88H3/DyLH65Y/MfM5DjojTYNrcs+v1HIbnfo+oUULxr2M8+HNl6YnD2wF3ZehmirmaLA2tEzGOO38U76cBc7rn9i3Dd655QLFj/h2NbBJNd+j3U9V24OFOt8waySU1S5cfLmlc1OIUgA5PgtB7AI16XjrdWJa61MlMffN6yuMEI0vc36WZgjEm2Rog9XMovpywuMYlIMtfBKFHLEKo321WG84fCCfZF5kok0cs8BgGYuOZNOwvwkdNeHvMAjJr5NauFf9y0pQ==
t2O8UoVBmuudfA+1058IUIaz72uldUfwtbBJ8foStx5ApPrEmjFPg88H3/DyLH65Y/MfM5DjojTYNrcs+v1HIbnfo+oUULxr2M8+HNl6YnD2wF3ZehmirmaLA2tEzGOO38U76cBc7rn9i3Dd655QLFj/h2NbBJNd+j3U9V24OFOt8waySU1S5cfLmlc1OIUgA5PgtB7AI16XjrdWJa61MlMffN6yuMEI0vc36WZgjEm2Rog9XMovpywuMYlIMtfBKFHLEKo321WG84fCCfZF5kok0cs8BgGYuOZNOwvwkdNeHvMAjJr5NauFf9y0pQ==
REaY+RBwNFCVy6wIAGorXsZXpfVrSI23DVYHlyCKI+3Sn7S0ikNy7JQXEya6Hj0R0Tdj7caPezzJX/eSufxp4eKEBgDVMYDvm+daIyi0VBqxMPrUvX0d8v4fjfl5EiCPHTU84aZv8zKVgs7Yc5UmLMZGebm7ClDb4C/qQJNYDS+o9nf6Y99tlhi1iCaDiiR6oRJkhOEhktiRQzi4IcEc9MZh2YJM5ZAifCUDKfWjKyajK/JEDe/NLHmfYxoDp67i6blphIGnkC8qPf20hg==
oD+pQJZInM68qlsWnmHFeNXiR7F9c2m0NQD1eaV9kXxAADjHb61HhzRs3hvRbCwFcNqOyhfec5lGVLf70JSetZ7D1Jx0EOcliueR41gjKrBeErskyMTPaTfaFHuv2Vv2Sqc3Yc6xlLu5+t/GDJix0WzkjJLL6Ule+nOKy0jgMTznhwJiBWrRS+cekjEKpgEOrvIrhtYUk7U4cHsnmhiDJXZcbDUr0v4x2uo2YcFpN+dh7un/wBT/u+cEE3tBOiHDRMrDrRuUs7OaJyA5/7SE
PVBgslmNK0lmwrRNytOk6bcQFzSvtOLUXVP3jr/B3Y0r+moOJiIxi0k79XKGCKKebGCY+jzCLYWhMJAMGCgn9FZqAo+Ibq8FaxRl26OrMtmWNqpDTDbziEZh7RxJyoTdE6qfVQk90VZWeiBvOBBzi4AhPKABEOQlD199GxBA7lDT/zy+spiBqFJXd8lmQMzpNubIHVyqb0esTnFpSFIXIagxC/CqFxv1BlNH4gnWhUbKhBHrPObB+DgGjVIKENGz3v6zYIy6uZUrJT/8tIU=
aaKR0IdYL5AspEUn5PeGO7cQFzSvtOLUXVP3jr/B3Y0r+moOJiIxjUk79XKACKKebGCY+jzCLYWhMJAMND8n/UpkFY+Ibq8FaxRl26OrMtmWNqpDTDbziEZh7RxJyoTdE6qfVQk90VZWeiBvOBBzi4AhPKABEOQlD199GxBA7lDT/zy+spiBqFJXd8lmQMzpNubIHVyqb0esTnFpSFIXIagxC/CqFxv1BlNH4gnWhUbKhBHrPObB+DgGjVIKENGz3v6zYIy6uZUrJT/8tIU=
1kI2td3R+9Mdpc9ZTypdb5OZRPTJsK8yXGGnflNmzC2IcrOAl/UJ+mBRyH1/IdbdihtTNXmBSo8GNZ1OYiMlAzskRFcU/Zhgow9jEmHZo7UOw+4gnlG8WN+iLofJPqm0WOdLXMtn2XMdHB68ZK34To/ROPdIcrG+CE+n+Rn5sP5yKktJqEwiFg0i2tHzS+becHPOcHyPLETD7UQo1csorEubcEffQvrZVz/OFYOgSQj5nPLS5bkMyK0SECBpMCouzUnGyKcSnLS1nyMjO/60mw==
o2T0kBDVfNue4oalAHhFbrcQFzSvtOLUXVP3jr/B3Y0r+moOJiIxjUk79XKACKKebGCY+jzCLYWhMJAMGCgn6ktrCI+Ibq8FaxRl26OrMtmWNqpDTDbziEZh7RxJyoTdE6qfVQk90VZWeiBvOBBzi4AhPKABEOQlD199GxBA7lDT/zy+spiBqFJXd8lmQMzpNubIHVyqb0esTnFpSFIXIagxC/CqFxv1BlNH4gnWhUbKhBHrPObB+DgGjVIKENGz3v6zYIy6uZUrJT/8tIU=
sBMDyQXML7MF/U+QxPA4ppOZRPTJsK8yXGGnflNmzC2IcrOAl/UJ/GBRyH15IdbdihtTNXmBSo8GNZ1OcyUnFj8wRFcU/Zhgow9jEmHZo7UOw+4gnlG8WN+iLofJPqm0WOdLXMtn2XMdHB68ZK34To/ROPdIcrG+CE+n+Rn5sP5yKktJqEwiFg0i2tHzS+becHPOcHyPLETD7UQo1csorEubcEffQvrZVz/OFYOgSQj5nPLS5bkMyK0SECBpMCouzUnGyKcSnLS1nyMjO/60mw==
mpB6hK9cHiBU19THNX7tGMZXpfVrSI23DVYHlyCKI+3Sn7S0ikNy6oVPSzasFWlO1jR2xIDsPH7eB+DSvc5u9/eZBgDVMYDvm+daIyi0VBqxMPrUvX0d8v4fjfl5EiCPHTU84aZv8zKVgs7Yc5UmLMZGebm7ClDb4C/qQJNYDS+o9nf6Y99tlhi1iCaDiiR6oRJkhOEhktiRQzi4IcEc9MZh2YJM5ZAifCUDKfWjKyajK/JEDe/NLHmfYxoDp67i6blphIGnkC8qPf20hg==
TS6Q9pV3FGHMp8oRZDdYVsZXpfVrSI23DVYHlyCKI+3Sn7S0ikNy6oVPSzasFWlO1jR2xIDsPH7eB+DStN1k6vebBgDVMYDvm+daIyi0VBqxMPrUvX0d8v4fjfl5EiCPHTU84aZv8zKVgs7Yc5UmLMZGebm7ClDb4C/qQJNYDS+o9nf6Y99tlhi1iCaDiiR6oRJkhOEhktiRQzi4IcEc9MZh2YJM5ZAifCUDKfWjKyajK/JEDe/NLHmfYxoDp67i6blphIGnkC8qPf20hg==
VrZVQQqwByubDseYMwpHwsrmgzagdknn82RFyFPR0nlDamTtXZXa8OENv3+2lUppGbO3/vFDXMH8JAsx8VlIv2576GGunT6zWPCLDZ6XhdtEIzaISmKvDKQk40HDiiCj0xnnrr73g4miETjTLUpLPpAYLan4VBh6Z0mlNk6j/hP0oM1k01d2SikKPWPz7oYJFqYdNroCP646dL+dTKBPf2ZYP/0CjNhdx3JS2U5aohld6asf9V59l2y0k1NTVOcj/fpdG3CaN4U3dN+bjlc0AeO0mA==
YN5Wk6X8gYXKaA/5xsJyLQ+ewy7QctQXm2e4PG6j4S089FFSWkiV6tFhsyP8LnGgWH4dUokYQUs+JgMozPLJzQudL3S0DQ==
xrQiZqQBuoSEHE8bh/FJ3E09y4BfsXEuGi5DFjGezuFAVXmBjHjJ3trEDXVuyTHPnMIpDOgyxR5JVJkHDgpbxKwe0eE7kTd4tAE=
75lpAvUXrUYLH2rwpdr/xQ6ewy7QctQXm2e4PG6j4S089FFSWkiV6tFhsyP8LnGgWH4dVIkYQUs+JgMozPLJzQudL3S0DQ==
6G8jbnaIFI87947uz9C9PE09y4BfsXEuGi5DFjGfzuFAVXmBjHjJ3trEDXVuyTHPnMIpDOgyxRhJVJkHDgpbxKwe0eE7kTd4tAE=
SMS5oK63167RIYP9ftQTTw2ewy7QctQXm2e4PG6j4S089FFSWkiV6tFhsyP8LnGgWH4dVIgYQUs+JgMozPLJzQudL3S0DQ==
MWPI3isSqdPkfs11E+RP2k09y4BfsXEuGi5DFjGczuFAVXmBjHjJ3trEDXVuyTHPnMIpDOgyxRhIVJkHDgpbxKwe0eE7kTd4tAE=
gSwlMg0G74fnlBFHfO47EikFhbdm5hhiED4MWyvL4NAOT3mBjHjJ3trEDWZhzSvPnMIpDOgyxR9LVJgHDgpbxKwe0eE7kTd4tAE=
XWd6o4nGYesSBtPa4DenUZwFinpShUtEvq4hDSOE/4nRUkElUpK3nMVBh6C58gJnOILtBiBPQPjTQ6t6c0OPXc7Z4sQ9j71sqX/aG3OGfiLZGRkEkUdAb1odbbQW
2ZMRDpkhjXwKwrnb0Yux4et/NMAPI4yNkm2Qz+2dheJm+TW80JiFfIRwC7/5FPipOCEFGhdAOx8d3//I3qXIohCVfCbhQpjYEvCEiMLf2Jibk0N6GxNUslJTmoTlf4UM4c8ym9v2NgIhKUFEKdfYzxJNRbQ+
U2k1wMaqxbaOnqWzb8VplG3JlV9kWsqqijUMB8odVLff4rRwxW+qGgBtqelsUPnG2tw9XY6h4ffcOnmkSFo1h8vM6O+uoou8bCaBCVu5B2C0GQ==
4/ESMlBwgQjMbXJVFl6C4igFhbdm5hhiED4MWyvL4NAOT3mBjHjJ3trEDWZhzSvPnMIpDOgyxRdLVJgHDgpbxKwe0eE7kTd4tAE=
D0P3+tKs8Xr6TW/PKSxV6m3JlV9kWsqqijUMB8odVLff47RwxW+qGgBtqelsUPnG2tw9XY6h4ffcOnmkSFo1j8vM6O+uoou8bCaBCVu5B2C0GQ==
e1LbmYCV/LIKwVIU3tFl2Qyewy7QctQXm2e4PG6j4S089FFSWkiV6tFhsyP8LnGgWH4dVIoYQEs+JgMozPLJzQudL3S0DQ==
fQzmV76iUQLJBVEO5WeKlU09y4BfsXEuGi5DFjGdzuFAVXmBjHjJ3trEDXVuyTHPnMIpDOgyxRhKVJgHDgpbxKwe0eE7kTd4tAE=
oD2z/twGw6wtzO2ceG1xnisFhbdm5hhiED4MWyvL4NAOT3mBjHjJ3trEDWZhzSvPnMIpDOgyxRZIVJgHDgpbxKwe0eE7kTd4tAE=
2GSwBzqstl8Y/Oy52XAIcG3JlV9kWsqqijUMB8odVLff4LRwxW+qGgBtqelsUPnG2tw9XY6h4ffcOnmkSFo1jsjM6O+uoou8bCaBCVu5B2C0GQ==
sNUM570MrBQ/n0V5uJT+2ikfg7d6/hliED4MWyvL4NAOT3mBjHjJ3trEDWZhzSvPnMIpDOgyxRdOVJgHDgpbxKwe0eE7kTd4tAE=
magGkIvsVTNyPa7fjJVVMG3JlUViWtayizUMB8odVLff4q52xXOyGwBtqelsUPnG2tw9XY6h4ffcOnmkSFo1j87M6O+uoou8bCaBCVu5B2C0GQ==
i/XxfOkbpQGSPvEhdL1ZdSkfg7V99BhiED4MWyvL4NAOT3mBjHjJ3trEDWZhzSvPnMIpDOgyxRhKVJsHDgpbxKwe0eE7kTd4tAE=
TVBNrf+3hv6riOIfK05YMG3JlUViWNG4ijUMB8odVLff4q52x3S4GgBtqelsUPnG2tw9XY6h4ffcOnmkSFo1gMrM6++uoou8bCaBCVu5B2C0GQ==
ITbnnoJlcCjJLrHzpT3azSgfg7V99BhiED4MWyvL4NAOT3mBjHjJ3trEDWZhzSvPnMIpDOgyxRdKVJsHDgpbxKwe0eE7kTd4tAE=
gKflqMDs00YOJXOWAcAHXm3JlUViWNG4ijUMB8odVLff4652x3S4GgBtqelsUPnG2tw9XY6h4ffcOnmkSFo1j8rM6++uoou8bCaBCVu5B2C0GQ==
nRp6w4kG6VjWgpwdjuBBZNJ4EyYSiivTPHl2Ta36SiC+/wXvthtaVVrVoYi0hlxxOX1SBuFD7koL7xio8EjtoiNffDgBCxj7n/LLQeQiaqCc4mmsaJKF+080WqeOqpvkrP4Rgbtxd1i0IQ==
ayLGQu0m8/bfpn9v3rpQytJ4EyYSiivTPXl2Ta36SiC+/wXvthtaVVrVoYi0hlxxOX1SBuFD7koL7xio8EjtoyNffDgBCxj7n/LLQeQiaqCc4mmsaJKF9080WqeOqpvkrP4Rgbtxd1i0IQ==
nqznkyu7RyUwCNqRl/rqadJ4EyYSiivTPHl2Ta36SiC+/wXvthtbVVrVoYi0hlxxOX1SBuFD7koL7xio8EjtoCNffDgBCxj7n/LLQeQiaqCc4mmsaJKF/040WqeOqpvkrP4Rgbtxd1i0IQ==
pd51FAx938DTAZJIbihlj9J4EyYSiivTPXl2Ta36SiC+/wXvthtbVVrVoYi0hlxxOX1SBuFD7koL7xio8EjtoSNffDgBCxj7n/LLQeQiaqCc4mmsaJKF/U40WqeOqpvkrP4Rgbtxd1i0IQ==
wA0wGGRH9YZmhcDAhPdr7Lyz5pxai8NtFHQv2kR/hEMCGeQ8mKJ6iXFEAb60m9ZPXCAgNhsWJ/WH1cMmk3c+Fljl8W+F7ud2WEZZOdQ9X6i/70zA9hYMaO0ykAApnCuOiWlG6OeynBT1v6MDe160Ow==
VDd58gIfQsOtV5VZHgaParyz5pxai8NtFnQv2kR/hEMCGeQ8mKJ5iXFEAb60m9ZPXCAgNxsWJ/WH1cMmk3c+Fljk8W+F7ud2WEZZOdQ9X6i/70zA9hYMaO0ykAApkSuOiWlG6OeynBT1v6MDe160Ow==
urSGOPHwgnMD+n8TGAl1ml9Cv01iAHrehzyg3SQ9nqN8ygwQ6h37zJIqMBlW0eC62KOvhFdbKz8rgDcVXqiEHSnZ0Zy3uJSMkX+Qfx92QzV0loJEPIYBGLhmTbsJcJVTXp7zgIwa+bWrBX9ctCU=
pTy6NAtdAsdRk+nqMonxYl9Cv01iAHrehzyg3SQ9nqN8ygwQ6x37zJIqMBlW0eC62KCvhFdbKz8rgDcVXqiEHSnZ0Zy3uJSMkX+Qfx92QzV0loJEPIYBGLhmTb4JcJVTXp7zgIwa+bWrBX9ctCU=
Q9KhefkDeihXY6PqdJqC872z5pxai8JtFnQv2kR/hEMCGeQ8mKJ7k3dEHaa1m9ZPXCAgNxsWJ/WH1cMmk3c+Fljn8W+F7ud2WEZZOdQ9X6i/70zA9hYMaO0ykAApnimOiWlG6OeynBT1v6MDe160Ow==
k04svX3TM0yFQ7t3gv8ZI9J4EyYSiivTPXl2Ta36SiC+/wXvthtbVVrVoYi0hlxxOX1SBuFD7koL7xio8EjtoSNffDgBCxj/luXMQeQiaqCc4mmsaJKF9kk0W6WOqpvkrP4Rgbtxd1i0IQ==
2RWBwG/kePDaW40+siYd8LLacwjs7XpA3gefFunCBhaFQwBQf43gm7Q+Ql4qQZH7n02ni9EUUf9VpzUNQ/Pk1LGHgHcfflPNVM7yDPxOsUDY3t02ivgG6b5GQ8jM0glti31vVLQt
Qz0/HM19Jhb+YiA1q64VCUVE6bIZJnqX79dm8E3rN+/7vwh0rusRdRzMQVpaQIXS8TlDazxmwXg4ho3fCJDWMd5+s+CMOrkVK6U/fLQF
ne9XQI0GPv53uocGb9jYf0ZE6bIZJnqX7tdm8E3rN+/7vwh0rusRdRzMQVpaQIXS8TlDazxmwXg4ho3TCJDWMd5+s+CMOrkVK6U/fLQF
jRlz9Rwf+H8soDA1wAks+b2z5pxai8JtFnQv2kR/hEMCGeQ8mKJ7k3dEHaa1m9ZPXCAgNxsWJ/WH1cMmk3c+Fljn8W+F7ud2WEZZOdQ5Vr+470zA9hYMaO0ykAApnyuOjGxG6OeynBT1v6MDe160Ow==
nNEQI6w4Egr71Ram82491rLacwjs7XpA3gefFunCBhaFQwBQf43gm7Q+Ql4qQZH7n02ni9EUUf9VpzUNQ/Pk1LGHgHMWaVTNVM7yDPxOsUDY3t07i/gA7r5GQ8jM0glti31vVLQt
XioWL0eoM6Y5ctoCM4yyHr2z5pxai8NtFXQv2kR/hEMCGeQ8mKJ5iXFEAb60m9ZPXCEgNBsWJ/WH1cMmk3c+Fljl62mF8v93WEZZOdQ9X6i/70zA9hYMaO0ykAApnCqOjGxG6OeynBT1v6MDe160Ow==
el0U4YIrTB7zqYltWV8yX7Lacwjs7XpA3gefFunCBhaFQwBQf43gm7Q+Ql4qQZH7n02ni9EUUf9VpzUNQ/Pk1LGHgHcfflPNVM7yDPxOsUDY3t0zifgA7r5GQ8jM0glti31vVLQt
uSY2mw2X2MwjAAoLZKDtl3SGVMxnQiD2pCFDyIaNc+C5Nl930i6+ZLHnSTydZ6HZzxyPcu0xFeTd79QfjiVxtAo=
N44hnRFNVIUqmHmwYvTvpBkg1ohvMgffWlSluprblPNCbBzL+OkHOOIV/2A1rrsHFmZiRI3vTSz5n+kYg6Qr4mm56YQBpxAvqj19tAY=
iOsD4MWIjwmRyPkNnZVW0p1P2jNQhWEWtak8PCKV952FREsAFJK3n8R4h+zktUs7M4DvQGhJV/jSde9gJU6LR8bG8sQ9j71sqX/TH3OEeyLZGRkEkUdAb1odbbQW
oWgTUxUg/uBU27ooOmoV6zY9hRjYoJjw6+DUN1An0IiPhF0ibeqHXOaW9hGHOA/e1rCYQSNsBPcbyIBEbGhju+Ad7CSVlgCcgeVuYpZoNtQvZjyYTVtzXxNqtBc=
XFfS2/apcga3CFCOL46mF3WFofLz8dRzYcbIJ41+B2+GRAINTmLc9P25g1VTRwmrEahZJngl05tbUCcAIHm/2KpFF2BdfnNnrvY6BHXfVcwx70Wa6xPjwnFJ0cTZN2iPYm1VtC4=
CaEUNWHpm0cggFWNKIUjkW0EnqYvsmIkFmdLEnfA4tJIB3+WjHn/msCSAGJ7xTTfnMIpDOgyxRdJVJ0CDgpbxKwe0eE7kTd4tAE=
h8Dslw7Kn2XnSVWAVS8Hr1QKcIDdzP7BafNBZFXQkg1lENBBNSD/+gmvdIII1Adrz6QLC0O4KXdZKit9I9Trw/IHmCl3tAw=
R+ajcY9yAwRITCynH9qpC72z5pxai8NtFXQv2kR/hEMCGeQ8mKJ5iXFEAb60m9ZPXCEgNBsWJ/WH1cMmk3c+Fljl62mF8v93WEZZOdQ5Vr+470zA9hYMaO0ykAApmy+OhWxG6OeynBT1v6MDe160Ow==
Xgoz+843siGL6NxAu2jv8wG4c/lcaFLo9idUyIe7N/rvO0ps1jy/ZLHnSTydZ6TfzxePcu0xFeTd79QfjiVxtAo=
cQvwtZLj2BOlXqdkAXSNACgfg7d6/hliED4MWyvL4NAOT3mBjHjJ3trEDWZhzSvPnMIpDOgyxRdPVJECDgpbxKwe0eE7kTd4tAE=
5LkoDOyXRymrLpTTFRg6V23JlUViWtayizUMB8odVLff4652xXOyGwBtqelsUPnG2tw9XY6h4ffcOnmkSFo1j8/M4equoou8bCaBCVu5B2C0GQ==
U1jiVip/Jz24YwKfnpReab2z5pxai8JtFnQv2kR/hEMCGeQ8mKJ6k3dEHaa1m9ZPXCAgNxsWJ/WH1cMmk3c+Fljn8W+F7ud2WEZZOdQ9X6i/70zA9hYMaO0ykAApnS6OhWxG6OeynBT1v6MDe160Ow==
9AcIY6hoF0rSoNDhxLDYzlSmdOxHYiD2vidD1J6Mc+C6LFl3zja/ZLHnSTydZ6DZzxaPcu0xFeTd79QfjiVxtAo=
Dws9oc4Cw5DBt/6Uws7Hjhkg1ohvMgffWlSluprblPNCbBzL4u8HJPoU/2A2tL0HCn5jRI3vTSz5n+oYg64r4mm56YQBpxAvqj19tAY=
2yB4tgHoPoPQzDdZgewi9ZxP2TNQhWEWtak8PCKV952FREsAFJK3n8R4h+zktUs7M4DvQHJPV+TKdO9gJlSNR9re88Q9j71sqX/dH3OGeiLZGRkEkUdAb1odbbQW
NXs/2i5ggxDK5Tb5iNcg8DSJna8VHPzyzgc4Wy3AjeYsjS8rN4jzYA6Hk5Ru7GPgqswpt56WD+Qhh7l8TUeW3r/+3rJdkYVkLY8EX74FYbQa
/CWFw8I9KcOlKi7IZbQtzW0EnqYvsmIkFmdLEnfA4tJIHXmWkGH+msCRGmR72SzenMIpDOgyxRhOVJgDDgpbxKwe0eE7kTd4tAE=
SgZvN/42PLIdatqN7tgy6lcs+b0RAusF167a/O///F8vACn06qCocTAoA13uFHxpP8y/sn5UOMe9+IhjkkwA+47aEwsQuIz4TcJQUEmuKJ6vHQY4BwIchFVPY1MbbrQr
u90HmSLEks14FkbX+i4QY2CqZqVK99kQpYI1LL6YuBdvA07W1JTAVxElqdcwHIIRoZNZVD0QIJudrICwLSDkkMcPEAqhlO9b10RDW7w+kaEQCjMNCxSDU0pnUBlvtBQ=
ZowGD9ZzL4uZJHHFGURRsuVamc91CioDny48KShNON1NLkGl5W5NHTEBCwoDdCLftKGoiMKjK03zE8K88JU7e+Mgf8DCr+ekmlQfYFZ0XYdqvkNErS/trFlfyh9jbkpiifmJhOHnsK8KfV20Jg==
BfyZwIgQqoLRO2C0nI4duQEowIQiY0vNE1OivNDVm/tDYF/A4u8HJPoU/2A2tL0HCn5jRI3vTSz5n+8bg6cv4mC46YQBpxAvqj19tAY=
CYDbO5hyIHobY+mI5gtuiGe1dttLo8IR654/Lb68oBF9FQ/Q2ZCGBl03rtxlTIYRoZNZVD0QIJudrICwLSDkkMcPEAqhlO9b10RDW785kaMVCjoMCxSDU0pnUBlvtBQ=
nTcQqKd2dLnunKO/gjUKXXg7+5EvkFpqTnBqfVj51ahHAxgf3JmNznn8AeNMs+OW52SqBmgJcbLApVYOQAWyoCv9JMq8FmGoeLZtzw+AsQIeJxIQDIpZRWtVH2y0FQ==
lm9l+CNgrg0RHeDLylWwR+Vamc91CioDny48KShNO91MLkGl5W5NHTEBCwoDdCLftKGoiMKjK03zE8K88JU7e+Mgf8DCr+ekmlQfYFZ0XYdqvkNErS/trFlfyRljZk9igPiJhOHnsK8KfV20Jg==
Fq0fSG5wV6z7zBXlTNixBgEowIQiY0vNE1OivNDVm/tDYF/A4u8HJPoU/2A2tL0HCn5jRI3vTSz5n+oYg6Yv4mC46YQBpxAvqj19tAY=
jT6PdjxOGiKE4LQJ79MsCFSmdOxHYiD2pCFDyIaNc+C5Nl930i6+ZLHnSTydZ6Tezx6LcuQwFeTd79QfjiVxtAo=
BsSO/7Ud8nqCc8DeK2HOZxkg1ohvMgffWlSluprblPNCbBzL+OkHOOIV/2A1rrsHFmZiRI3vTSz5n+weg6Yv4mC46YQBpxAvqj19tAY=
3ny+Oyh0CApROGNr8CEkDHzty1ZhDsa+uHNEDtsXUvrc+7t612iyKgg/r/5sUc+CwIowSput5OfcOnmkSFo1gMvM6+6uq4q8bCaBCVu5B2C0GQ==
B3TIcCKLcyVpAgdefyxdzW8qhZN7i1skUnprfXzh07pRQh4S2N/cgmv7CrYct+OW52SqBmgTd7LcvVcOQAaopivhPMu8FmGoeLZtzAiAsgIeJxIQDIpZRWtVH2y0FQ==
X/vCVgaOEZqv9Kdi6t/kpzY9hRjYoJjw6+DUN1An0IiPhF0ibeqHXOaW9hGHOA/e1rCYQSNsBPcbyIBEbGhju+Ad7CSVlgCcgehvYpZsNt0uZjyYTVtzXxNqtBc=
7TPS74SUhLP1BcSBVt8Tu3CBofLz8dRzYcbIJ41+B2+GRAINTmLc9P25g1VTRwmrEahZJngl05tbUCcAIHm/2KpFF2BdfnNnrvY6BHXfVcwx70We6xTnwnhI0cTZN2iPYm1VtC4=
ALTaUf8+0r4GvKOITd2QsG0EnqYvsmIkFmdLEnfA4tJIB3+WjHn/msCSAGJ7xTTfnMIpDOgyxR9LVJ0GDgNaxKwe0eE7kTd4tAE=
TnZC5qqDnHpFlev7oBVy9GkWxa1aXghnnMC8BadIz262IBjRw9xEBzvYgFRMmCMLAI1stPUmwOyh9WtysRz2bU72vAit6zOvM3q0Bw==
3OW/0X2F9KbpCD2WOX6XG0BIPI034G/G5uhYGZP0ZC8r0IBcXLADI1BFLHyljmBEMXTp+iG0VsUePvzA/cMThyNytA8=
LjTeFtLc7IObcRWZy54sLEov2Y10YBXEEkL37NTVm/tDYF/A+OkHOOIV/2A1rrsHFmZiRI3vTSz5n+MYg6Mv4mC46YQBpxAvqj19tAY=
tghmqR76T8sl4pZc43QyB20b9hdBjPzB77Sfug6M+LUrQPSzo1QA0MQks5/44cwQXfqwGPk3rzZ5YCY5dtrc7MX3A5srdrQD
vWUO2h3FcbEKcNwHlTOYTWkExrRg+ThiXGNLEnfA4tJIB3+WjHn/msCSAGJ7xTTfnMIpDOgyxRxLVJwGDgNaxKwe0eE7kTd4tAE=
QSv614aN1HhDbFex+nOBxFQKcIDdzP7BafNBZFXQkg1lENBBNSD/+gmvdIII1Adrz6QLC0O+KXZdKiJ8I9Trw/IHmCl3tAw=
3cvT/s9lmwLcN6SXcF4gvxEJc9Jw/mbA+qtTGZP0ZC8r0IBcXLADI1BFLHyljmBEMXHu+iC0VsUePvzA/cMThyNytA8=
20jF6cviWUK7+4o2a4/c3Vff+tZbczrCwXxRscJQMRkYAnbEwoezbVuo1IuzXADI9AzTZ6gpDEitkhCgabgursvIxkGmkpw0tR8jozt+tBs=
oSPUt23LKgu5onJNpqK7K1de+q9QJHzSq4Vm9ErpDamvtQY146MXYhzNdx5AFojW6zFcezxmwXg4ho3TDpDWMt53suCMOrkVK6U/fLQF
Dsft3Hwt0VHLsMOZvhEmEp1P2TNQhWEWtak8PCKV952FREsAFJK3n8R4h+zktUs7M4DvQGhJV/jSde9gJU6LR8bG8sQ9j71sqX/SGXOPfyLQGBkEkUdAb1odbbQW
qMZE1Rop33AOog5vCS+cTjY9hRjYoJjw6+DUN1An0IiPhF0ibeqHXOaW9hGHOA/e1rCYQSNsBPcbyIBEbGhju+Ad7CSVlgCcgeRvYp1sNt0uZjyYTVtzXxNqtBc=
DpvaMJAlDYMf/MMXV+88bnCBofLz8dRzYcbIJ41+B2+GRAINTmLc9P25g1VTRwmrEahZJngl05tbUCcAIHm/2KpFF2BdfnNnrvY6BHXfVcwx70qa6x7nwnhI0cTZN2iPYm1VtC4=
iBDkP/C7y1pZPRXU4P/+720EnqYvsmIkFmdLEnfA4tJIB3+WjHn/msCSAGJ7xTTfnMIpDOgyxRxJVJAGDgNaxKwe0eE7kTd4tAE=
gr2mc0H38wYfZtfEVfjSYFSmdOxHYiD2pCFDyIaNc+C6Nl930i6+ZLHnSTydZ6DfzxuKcuQwFeTd79QfjiVxtAo=
iTxt6R7GuW6RA4CO9OKU0Bkg1ohvMgffWlSluprblPNCbBzL+OkHOOIV/2A2rrsHFmZiRI3vTSz5n+0eg6Mu4mC46YQBpxAvqj19tAY=
HWqFiJwW3bi4EDtqgIKTs51P2jNQhWEWtak8PCKV952FREsAFJK3n8R4h+zktUs7M4DvQGhJV/jSde9gJk6LR8bG8sQ9j71sqX/fGXOCfiLQGBkEkUdAb1odbbQW
raCW98Eh2r542ouyhGucwTY9hRjYoJjw6+DUN1An0IiPhF0ibeqHXOaW9hGHOA/e1rCYQSNsBPcbyIBHbGhju+Ad7CSVlgCcgehvYpBtNt0uZjyYTVtzXxNqtBc=
Ouwt9i6Cr1pxL8HTD/ZbYnCBofLz8dRzYcbIJ41+B2+GRAINTmLc9P25g1VTRwmrEahZJngl05tbUCcAIHm/2KpFF2BefnNnrvY6BHXfVcwx70We6xLmwnhI0cTZN2iPYm1VtC4=
zaOxQqUp7MJtOAnV7NrP3W0EnqYvsmIkFmdLEnfA4tJIB3+WjHn/msCRAGJ7xTTfnMIpDOgyxRZOVJwHDgNaxKwe0eE7kTd4tAE=
OWuYbK64GZPIP+rtJ0l121QKcIDdzP7BafNBZFXQkg1lENBBNSD8+gmvdIII1Adrz6QLC0O5KXRcKiJ8I9Trw/IHmCl3tAw=
oDIHk5CG8aaRd8gtYpugb1ff+tZbczrCwXxRscJQMRkYAnbEwoezbVuo1IuzXADL9AzTZ6gpDEitkhCgabkorsrJxkGmkpw0tR8jozt+tBs=
fpZAfDPa6KptXn/dYKJ9qkN07LrIHLMskB3HS+84u6BcUauonp174LEmR5e63sak6TfhnCXXL15HZnISDGDNpOXf/D+WNXm0Ag==
9V0FhJ+EI537qjmsfWqPPxz0wesPNiTGzGlErM8EfFlfHH/C3sS4bVuo1IuzXADI9AzTZ6gpDEitkhCgabovrs3KxkGmkpw0tR8jozt+tBs=
lgkiHLU9T48JAoFHhmvVcAj9/W/TcNQUiGW8O27s52YQzHsWQB6Y7stprDP8LnGgWH4dV4sYQEg+LwIozPLJzQudL3S0DQ==
gO+FE2Fv/ook8TX+ZTltwkZkyZIZLGPWsYUgr1HvCLnsvQxzrqQXPjD0ax5AFojW6zFcezxmwXg4ho3YCpDQMN53suCMOrkVK6U/fLQF
MYLjA50OF88W/60vlQI/dVJx9r6GWrph2BbYAOY+vuZbUfeEp4F74LEmR5e63sak6TfhnCXXKllHbnESDGDNpOXf/D+WNXm0Ag==
B3bTb+oUuihYlcXpOvou8Qj9/W/TcNQUiGW8O27s52YQzHsWQB6Y7stprDP8LnGgWH4dVIoYQ0g+LwIozPLJzQudL3S0DQ==
rkgXfLetGAM7oM2gWX0AcEVkyZIZLGPWsYUgr1HvCLnsvQxzrqQXPjD0ax5AFojW6zFcezxmwXg4ho3bCZDTMN53suCMOrkVK6U/fLQF
U0UMCHXSFLUg1HCW+wybvFJx9r6GWrph2BbYAOY+vuZbUfeEp4F74LEmR5e63sak6TfhnCXXK1lHbXESDGDNpOXf/D+WNXm0Ag==
atP4w6uFG1Z2lNjs+fi1dhBSKIucg6GGI7xIYlCWlQ05POldNSD/+gmvdIII1Adrz6QLC0W4KXFfKiJ8I9Trw/IHmCl3tAw=
lnDn+Q9puLv4S/Tq8FkYHUZkyZIZLGPWsYUgr1HvCLnsvQxzrqQXPjD0ax5AFojW6zFcezxmwXg4ho3TCJDTMN53suCMOrkVK6U/fLQF
9xyVajP4GEm7yJXCsADZNlJx9r6GWrph2BbYAOY+vuZbUfeEp4F74LEmR5e63sak6TfhnCXXKV9HbXESDGDNpOXf/D+WNXm0Ag==
9d9oBngg94T+0cL7p+ym60o0JH5EbmV/XPncqlMFMvO5uOVSKbPOJhEzbIj4uQRnjvDfemAQw4rAgiAyu3WULxxyyXwo4qUMSkR/VE7zOnQsbnFRe0EXaLQR
qvxek+7fgtd1Q5ONJ8XdKjOrhhevqGwcNoHnyz1rIzH+24py4SpDLKD8t8BWXk5my7GnRHfha+ChxhfXar5WJJnXUdzVtxxYN0lBUvzAfSR1fyx/RhVptBI=
z5jKR0UA3sNiijdjiSCMeqiDvA31inY+vZyzCXFDR9+xoWwvMBp7jiGMQljtKOwqnLaZBV0MLSWpoGMCTZ+QigT0S6NrNI+T/HpVbFs6xjRvNGdLVndcEWu0EA==
mu9MBoBPbXePGJiMT7LxKVQKcIDdzP7AabhIYlCWlQ05POldNSD/+gmvdIII1Adrz6QLC0K6KXRfKiJ8I9Trw/IHmCl3tAw=
KziNlvEn+fibFGCCyY9OQEo0J35EbmV/XPncilMFMvO5uOVSKbPOJhEzbIj4uQRnjvDfemAQw4rAgiAyu3WULxxyyXwo4qUKSER+VE7zOnQsbnFRe0EXaLQR
HZkY1PeT5xOBwc68JGz4ZGbkzg2Z5LNTe3ted4dYVBwOcc+r5btrcTZr8tIJutusOGwfIO4uhqaD4X9kH9GT4Nn2//cybp5k0SfpvH0ngN+v2CnyBHA15L0vdJ9uZVG0Kg==
k6BILKRpIRvf1VMvjJ/zdzOrhhevqGwcNoHnyz1rIzH+24py4SpDLKD8t8BWXk5my7GnRHfha+ChxhfXar5WJJnXUdzVtx1ZN0dBUvzAfSR1fyx/RhVptBI=
uOYY6LZCpmCkY4oGKz4tsCZnywPLuM61/PzcdEc0n4yViFkjee3OCLzQvBWGOETX0LXeRiMwKM4HyIBEbGhju+Ad7CSVlgCcgexvYp1uNt0uZjyYTVtzXxNqtBc=
e6GRJkSV+M1PAadjtWTP71QKcIDdzP7AabhIYlCWlQ05POldNSD/+gmvdIII1Adrz6QLC0O/KXtfKiJ8I9Trw/IHmCl3tAw=
fpTFnX8CJGj4E8nJiNIM+gsBZ8FwqiDP4O0eHpOoSBY30IBcXLADI1BFLHyljmBEMXDv+i22VsUePvzA/cMThyNytA8=
ulNTL3/khiSbb+kw7kNzRV+revsJcG+gv2IU5L+Rc+C5Nl930i6+ZLHnSTydZ6XezxeJcuQwFeTd79QfjiVxtAo=
5lIvnYrMz3HTkru75yOrfVff+tZbczrCwXxRscJQMRkYAnbEwoeubVuo1IuzXADL9AzTZ6gpDEitkhCgabkurszLxkGmkpw0tR8jozt+tBs=
m0OEub9ROVygDBj8sDPrXBkg1ohvMgffWlSluprblPNCbBzW+OkHOOIV/2A2rrsHFmZiRI3vTSz5n+gZg6Ms4mC46YQBpxAvqj19tAY=
9ij81sZ6s5y5aXhCbiSGdlSmdOxHYiD2pCFDyIaNc+C6Nl930i6+ZLHnSTydZ6LYzxuIcuQwFeTd79QfjiVxtAo=
FHdGs9WcaLvCBadL9lEMNBkg1ohvMgffWlSluprblPNCbBzL+OkHOOIV/2A2rrsHFmZiRI3vTSz5n+sfg6Ms4mC46YQBpxAvqj19tAY=
dOSCvVdDWgZFUGGx6H74ySlcxq1u/T1iXGNLEnfA4tJIB3+WjHn/msCRAGJ7xTTfnMIpDOgyxR1OVJ0FDgNaxKwe0eE7kTd4tAE=
p7EGXfU9ulOsWNEYBbxkZ2uooJhBDPnggEh1UmCIh/ksjS8rN4jzYBSBk4h27WPgqtYvt4KODuQhh7l8TUeR2r/62LJUkIVkLY8EX74FYbQa
zu/fZJciyOsVXVE3XqqILnMe0b5aCk5hjozpAadIz262IBjRw9xEBzvYgFdMmCMLAI1stPUmwOyh/mlysB/2bU72vAit6zOvM3q0Bw==
aKr9n6CKY3KeGCfBFMqKWBE44LrKD7MskB3HS+84u6BcUauonp174LImR5e63sak6TfhnCXXL1hHanASDGDNpOXf/D+WNXm0Ag==
TYyZmF0Hm+W56gLsIEamDGiooJhBDPnggEh1UmCIh/ksjS8rN4jzYBSBk4h27WPgqtYvt4KODuQhh7l8TUeR2L/62LJUkIVkLY8EX74FYbQa
+eLk/miFduh5u01oD1fXoHMe0b5aCk5hjozpAadIz262IBjRw9xEBzvYgFdMmCMLAI1stPUmwOyh9WhysB/2bU72vAit6zOvM3q0Bw==
BlNfD1IiPIi9h7lBAdWvXJ1P2zNQhWEWtak8PCKV952FREsAFJK3n8R4h+zktUs7M4DvQGhJV/jSde9gJk6LR8bG8sQ9j71sqX/YGnOBfCLQGBkEkUdAb1odbbQW
yXygDc868iFKHXdwfaWwlfTNpx7t3DMpoZTwHmIMQ8W9pW07N1Mv1GfGRlntY+UsmfCeBQEgFDmpoGACTZ+QigT0S6NrNI+T/HhVbVo6xjRvNGdLVndcEWu0EA==
DBiADgFBJRH3prMkP8SW3GWqZpoa78BU9p8/JqmY9BZuHF/d2YWJA0tj45wjBoIRoZNZVD0QOp2dsJixLSDkisEPDBKglO9b10RDW7A/kaUWCjoMCxSDU0pnUBlvtBQ=
84dC0XW19w8k/Hci1E6WvW0EnqYvsmIkFmdLEnfA4tJIB3+WjHn/msCRAGJ7xTTfnMIpDOgyxR9OVJ8FDgNaxKwe0eE7kTd4tAE=
4r6JeKhAeds/RxVAH5wdLJ1P2zNQhWEWtak8PCKV952FREsAFJK3n8R4h+zktUs7M4DvQGhJV/jSde9gJk6LR8bG8sQ9j71sqX/cGnOAfCLQGBkEkUdAb1odbbQW
bAsclm8mNqxQldKaq2jlWvTNpx7t3DMpoZTwHmIMQ8W9pW07N1Mv1GfGRlntY+UsmfCeBQEgFDmpoGACTZ+QigT0S6NrNI+T9XlVbFo6xjRvNGdLVndcEWu0EA==
krOhuE5wboF+J0jrbYJeqnCBofLz8dRzYcbIJ41+B2+GRAINTmLc9P25g1VTRwmrEahZJngl05tbUCcAIHm/2KpFF2BefnNnrvY6BHXfVcwx70af6xDkwnhI0cTZN2iPYm1VtC4=
XL1JcKGRnCFC0qSdRLzGXW0EnqYvsmIkFmdLEnfA4tJIB3+WjHn/msCRAGJ7xTTfnMIpDOgyxRdOVJ4FDgNaxKwe0eE7kTd4tAE=
gVOR5scYjU+KsBjKdewSiVRIPI034G/G5uhYGZP0ZC8r0IBfXLADI1BFLHyljmBEMXDo+iy3VsUePvzA/cMThyNytA8=
0q48drRxRR1/escr4nRs/Fuz9i6cL5Nex2y6Pijr5zo89WcWQB2Y7stprDP8LnGgWH4dVIgYSEk+LwIozPLJzQudL3S0DQ==
cgQfd707ghwJoedwM4LotUzUlrNkHhP5r235OxsaLXbvWu8o7ptKPU3wqFE9IPTq8c9cslAUf7tnBJN7zD+hysbKSqyblDOzGiegOX+0BA==
/RnPsCc5oRdDanS9UV9z+Fde+q9QJHzSq4Vm9ErpDamvtQY146MXYhzNdx5AFYjW6zFcezxmwXg4ho3TDpDYMd53suCMOrkVK6U/fLQF
XNy9F7ObnXtO2ax4nYuDMZ1P2zNQhWEWtak8PCKV952FREsAFJK3n8R4h+zktUs7M4DvQGhJV/jSde9gJk6LR8bG8sQ9j71sqX/cG3OHeyLQGBkEkUdAb1odbbQW
YMxtUUgkfJadabDW/lMyJyPoI5cY4pYR4YM3Zb6LuxJ0EFvczYLAG1Zj45wjBoIRoZNZVD0QOp2dsJixLSDkisEPDBKglO9b10RDW7g5kaMRCjoMCxSDU0pnUBlvtBQ=
DEHBDAkMzx+GZDsBVhkUFbm0o9XeS6S8yLAjFbNCW0FLxqiPpCpqOiqlubXPijLMlg+bKhfY0rqIrw8OLAEvssC50BrbXUR3XKoZFIgKFXbIvMk67htqLOy2IXmbaWdQtCk=
GCfBkmHg/TDO47TEhekJc0J26/uFUPVmlB3HS+84u6BcUauonp174LImR5e63sak6TfhnCXXLVhHb3cSDGDNpOXf/D+WNXm0Ag==
u2sXLlYlaFXg+Sh4DDB4VUzUlrNkHhP5r235OxsaLXbvWu8o7ptKPU3wqFE9IPTq8c9cslAUf7tnBJN7zjihw8HKSqyblDOzGiegOX+0BA==
HWwOqM6qFZ1iaHxuV4kaQFde+q9QJHzSq4Vm9ErpDamvtQY146MXYhzNdx5AFYjW6zFcezxmwXg4ho3dD5DRNt53suCMOrkVK6U/fLQF
4c/niunUKNzoj8HnIklXrZ1P2zNQhWEWtak8PCKV952FREsAFJK3n8R4h+zktUs7M4DvQGhJV/jSde9gJk6LR8bG8sQ9j71sqX/aHnOHeyLQGBkEkUdAb1odbbQW
PHxBZmPur/q4JBCKXJNWozY9hRjYoJjw6+DUN1An0IiPhF0ibeqHXOaW9hGHOA/e1rCYQSNsBPcbyIBHbGhju+Ad7CSVlgCcgeluYpVoNt0uZjyYTVtzXxNqtBc=
rnfhjdXELvFH1aYoXH4JWkJ26/uFUPVmlB3HS+84u6BcUauonp174LImR5e63sak6TfhnCXXL1tHbncSDGDNpOXf/D+WNXm0Ag==
CaTweEFZnSGwUs+9SYQ77kzUlrNkHhP5r235OxsaLXbvWu8o7ptKPU3wqFE9IPTq8c9cslAUf7tnBJN7zTuhwsHKSqyblDOzGiegOX+0BA==
gHdxzVRPj1g2mUOdedhU+Bkg1ohvMgffWlSluprblPNCbBzL+OkHOOIV/2A2rrsHFmZiRI3vTSz5n+kbg6Ar4mC46YQBpxAvqj19tAY=
BGxjnyB+v9VjYy8WTDQ2YZ1P2DNQhWEWtak8PCKV952FREsAFJK3n8R4h+zktUs7M4DvQGhJV/jSde9gJk6LR8bG8sQ9j71sqX/eG3OOeyLQGBkEkUdAb1odbbQW
ealCsME3LjM/w3uzZdhUOGUljg7JtZjw6+DUN1An0IiPhF0ibeqHXOaW9hGHOA/e1rCYQSNsBPcbyIBHbGhju+Ad7CSVlgCcge1qYpxoNt0uZjyYTVtzXxNqtBc=
Bb034sm8VIKqjwm5hK9+gWCqZpoa78BU9p8/JqmY9BZuHF/d2YWJA0tj45wjBoIRoZNZVD0QOp2dsJixLSDkisEPDBKglO9b10RDW7w5kaoRCjoMCxSDU0pnUBlvtBQ=
+S60RVq+a3GF1/SI1kv3d20EnqYvsmIkFmdLEnfA4tJIB3+WjHn/msCRAGJ7xTTfnMIpDOgyxRlJVJACDgNaxKwe0eE7kTd4tAE=
+HN/nyRINnrdwWFr8lC4lFQKcIDdzP7BafNBZFXQkg1lENBBNSD8+gmvdIII1Adrz6QLC0G5KXJYKiJ8I9Trw/IHmCl3tAw=
nFAUZ0GkmoDxiViPTgHOfUzUlrNkHhP5r235OxsaLXbvWu8o7ptKPU3wqFE9IPTq8c9cslAUf7tnBJN7zDmhwsDKSqyblDOzGiegOX+0BA==
HphCHjhZGM0fNk7xIWHQ8hkg1ohvMgffWlSluprblPNCbBzL+OkHOOIV/2A2rrsHFmZiRI3vTSz5n+kbg6Uq4mC46YQBpxAvqj19tAY=
mKIgoSYHHvs/JULnqLT9rJ1P2TNQhWEWtak8PCKV952FREsAFJK3n8R4h+zktUs7M4DvQGhJV/jSde9gJk6LR8bG8sQ9j71sqX/bGXOFeiLQGBkEkUdAb1odbbQW
LNukaOW5McPBww85110iDWUljg7JtZjw6+DUN1An0IiPhF0ibeqHXOaW9hGHOA/e1rCYQSNsBPcbyIBHbGhju+Ad7CSVlgCcgexoYpdpNt0uZjyYTVtzXxNqtBc=
pR/T/gB0GCSc8nV5+NboCXg7xME3iR45U3pgali11KlYEhMS0M3ZlD+2SvBWs+OW52SqBmgTd7LcvVcOQAWopivhPMu8FmGoeLZtzg+AswceJxIQDIpZRWtVH2y0FQ==
T85VBeDsgeQXrmadZ07LcXg7xME3iR45U3pgali11KlYEhMSzdDZlD+2SvBWs+OW52SqBmgTd7LcvVcOQAWopivhPMu8FmGoeLZtzAuAsgceJxIQDIpZRWtVH2y0FQ==
6QvcWmyOR9DdW+1nJhGYRG0EnqYvsmIkFmdLEnfA4tJIB3+WjHn/msCRAGJ7xTTfnMIpDOgyxRhKVJoDDgNaxKwe0eE7kTd4tAE=
bmoeUpAkM9iYZ3l1QVmkjFQKcIDdzP7BafNBZFXQkg1lENBBNSD8+gmvdIII1Adrz6QLC0i6KXBYKiJ8I9Trw/IHmCl3tAw=
pM9yrS3wYNtjD1CbCtZbiRBb/a9WKi7Qscxt6Er8RLiushY146MXYhzNdx5AFYjW6zFcezxmwXg4ho3eCZDSN953suCMOrkVK6U/fLQF
B7hgFSbWPNcuDKQRoltgjkzUlrNkHhP5r235OxsaLXbvWu8o7ptKPU3wqFE9IPTq8c9cslAUf7tnBJN7yTihwMDKSqyblDOzGiegOX+0BA==
KSgUHG2Ze5BHbizgCOfobEzUlrNkHhP5r235OxsaLXbvWu8o7ptKPU3wqFE9IPTq8c9cslAUf7tnBJN7zzihwMDKSqyblDOzGiegOX+0BA==
llqdSvCRxXMPs7F5aoKZakzUlrNkHhP5r235OxsaLXbvWu8o7ptKPU3wqFE9IPTq8c9cslAUf7tnBJN7yz+hwMDKSqyblDOzGiegOX+0BA==
KJceBLUNDHbx5nSPtlpi83SGVMxnQiD2pCFDyIaNc+C7Nl930i6+ZLHnSTydZ6LZzxmOcuQwFeTd79QfjiVxtAo=
HPeOMXDakMb90nDzioWYHRkg1ohvMgffWlSluprblPNCbBzL+OkHOOIV/2A3rrsHFmZiRI3vTSz5n+0Yg6Eq4mC46YQBpxAvqj19tAY=
x1cwKrMfg+he1Y0zfH2FFClcxq1u/T1iXGNLEnfA4tJIB3+WjHn/msCQAGJ7xTTfnMIpDOgyxRZPVJ8DDgNaxKwe0eE7kTd4tAE=
QITi34A7z+M9VRqmQHcMLwi57mVUDsawuHsWSIYXWraJ/7t612iyKgg/r/5sUc+CwIgwSput5OfcOnmkSFo1gs7M7+uuq4q8bCaBCVu5B2C0GQ==
hNFHFaokobQHI90oKmEgPHMe0b5aCk5hjozpAadIz262IBjRw9xEBzvYgFZMmCMLAI1stPUmwOyh9W5ysxn2bU72vAit6zOvM3q0Bw==
y7F4upHBoDLvKbbGERrxxxE44LrKD7MskB3HS+84u6BcUauonp174LMmR5e63sak6TfhnCXXLFtHaHYSDGDNpOXf/D+WNXm0Ag==
Xyq149ybVrqIhJLjGalNEGiooJhBDPnggEh1UmCIh/ksjS8rN4jzYBSBk4h27WPgq9Yvt4KODuQhh7l8TUeT2b/43rJUkIVkLY8EX74FYbQa
/VxsabmOjzb7S1F93/p6FnMe0b5aCk5hjozpAadIz262IBjRw9xEBzvYgFZMmCMLAI1stPUmwOyh+Ghyshn2bU72vAit6zOvM3q0Bw==
3JJdz4JCOaIo9Qk4ixvZAilcxq1u/T1iXGNLEnfA4tJIB3+WjHn/msCQAGJ7xTTfnMIpDOgyxR5PVJ4DDgNaxKwe0eE7kTd4tAE=
wZl05ty7e/dUJYPxXAxsi2uooJhBDPnggEh1UmCIh/ksjS8rN4jzYBSBk4h27WPgq9Yvt4KODuQhh7l8TUeR37/43rJUkIVkLY8EX74FYbQa
19Tft5lZBVTSLn1oQ3oc7HMe0b5aCk5hjozpAadIz262IBjRw9xEBzvYgFZMmCMLAI1stPUmwOyh9W9yshn2bU72vAit6zOvM3q0Bw==
SzfRk2mHBtVHo2/a7Cdfwm8qhZJ7i1skUnprfXzh07pRQh4S2N/cgmv7CrYct+OW52SqBmgTd7LcvVcOQASopivhPMu8FmGoeLZtzAqAuQceJxIQDIpZRWtVH2y0FQ==
bgrD2b6wN0gy1TyTQW4o/PTNpx7t3DMpoZTwHmIMQ8W9pW07N1Mv1GfGRlntY+UsmfCeBQEgFDmpoGECTZ+QigT0S6NrNI+T+HlVY1w6xjRvNGdLVndcEWu0EA==
mqUqe2/eywp/cWzDTeLUiXCBofLz8dRzYcbIJ41+B2+GRAINTmLc9P25g1VTRwmrEahZJngl05tbUCcAIHm/2KpFF2BffnNnrvY6BHXfVcwx70Of6x/iwnhI0cTZN2iPYm1VtC4=
a8SUzK94WWYPRMj+tIeGK20EnqYvsmIkFmdLEnfA4tJIB3+WjHn/msCQAGJ7xTTfnMIpDOgyxR1PVJEDDgNaxKwe0eE7kTd4tAE=
99pBSH+TV5HY9N4xlZixelQKcIDdzP7BafNBZFXQkg1lENBBNSD9+gmvdIII1Adrz6QLC0W+KXtYKiJ8I9Trw/IHmCl3tAw=
8O1dPu3ZKSucAGY2SCqv40zUlrNkHhP5r235OxsaLXbvWu8o7ptKPU3wqFE9IPXq8c9cslAUf7tnBJN7yzuhysDKSqyblDOzGiegOX+0BA==
RBJi08q7QS5egRoWPMjcXRkg1ohvMgffWlSluprblPNCbBzL+OkHOOIV/2A3rrsHFmZiRI3vTSz5n+kYg64q4mC46YQBpxAvqj19tAY=
QjAiepGPqDhM4w0GPpcBLp1P2DNQhWEWtak8HCKV952FREsAFJK3n8R4h+zktUs7M4DvQGhJV/jSde9gJ06LR8bG8sQ9j71sqX/bG3OGfyLRGBkEkUdAb1odbbQW
Ba3vaR/+4axCC35gzHpiTmUljg7JtZjw6+DUN1An0IiPhF0ibeqHXOaW9hGHOA/e1rCYQSNsBPcbyIBGbGhju+Ad7CSVlgCcgeVrYpRsNtwuZjyYTVtzXxNqtBc=
dvOAZntT+wzVyT/RukoGbmCqZpoa78BU9p8/JqmY9BZuHF/d2YWJA0tj45wjBoIRoZNZVD0QOp2dsJixLSDlisEPDBKglO9b10RDW7o5kaIVCjsMCxSDU0pnUBlvtBQ=
4J5rN5HTPLoW6WFaf2wfjG0EnqYvsmIkFmdLEnfA4tJIB3+WjHn/msCQAGJ7xTTfnMIpDOgyxRhJVJgGDgJaxKwe0eE7kTd4tAE=
VBEKIMBZ6ouQntkrzzOka51P2TNQhWEWtak8HCKV952FREsAFJK3n8R4h+zktUs7M4DvQGhJV/jSde9gJ06LR8bG8sQ9j71sqX/SGHOGfyLRGBkEkUdAb1odbbQW
3AJkI3SznLc45/0NdENT0GUljg7JtZjw6+DUN1An0IiPhF0ibeqHXOaW9hGHOA/e1rCYQSNsBPcbyIBGbGhju+Ad7CSVlgCcgetvYpRsNtwuZjyYTVtzXxNqtBc=
yPhWkqS2W0fL349J3BLHdHg7xME3iR45U3pgali11KlYEhMSzdDZlD+2SvBWs+OW52SqBmgTd7LcvVcOQASopivhPMu8FmGoeLZtzg6AsAIeJhIQDIpZRWtVH2y0FQ==
EZyC+Vbkr6OUbycxTZCTMG0EnqYvsmIkFmdLEnfA4tJIB3+WjHn/msCQAGJ7xTTfnMIpDOgyxR9LVJsGDgJaxKwe0eE7kTd4tAE=
jkXkElqoBvJkDDJuE03sBFQKcIDdzP7BafNBZFXQkg1lENBBNSD9+gmvdIII1Adrz6QLC0S7KXFdKiN8I9Trw/IHmCl3tAw=
Rz2vue8MZMJpOe/L35U/SEzUlrNkHhP5r235OxsaLXbvWu8o7ptKPU3wqFE9IPXq8c9cslAUf7tnBJN7yDmhwcXKS6yblDOzGiegOX+0BA==
Kvtdsqc0tALJCWWl3Y6Etwuewy7QctQXm2e4PG6j4S089FFSWkiV6tFhsyP8LnGgWH4dUYgYRUo+LgIozPLJzQudL3S0DQ==
ojgCf1Y3UF4Iu4Da5uSz2k09y4BfsXEuGi5DFjGazuFAVXmBjHjJ3trEDXVuyTHPnMIpDOgyxR1IVJ0GDgJaxKwe0eE7kTd4tAE=
a6K1aD2DtwgD3E8vRGO37SoFhbdm5hhiED4MWyvL4NAOT3mBjHjJ3trEDWZhzSvPnMIpDOgyxRlPVJ0GDgJaxKwe0eE7kTd4tAE=
GDWHoINBqgJFM6803I6DgW3JlV9kWsqqijUMB8odVLff4bRwxW+qGgBtqelsUPnG2tw9XY6h4ffcOnmkSFo1gc/M7e6uqoq8bCaBCVu5B2C0GQ==
1EpJvf5/8/Cdx193sCxe6isfg7d6/hliED4MWyvL4NAOT3mBjHjJ3trEDWZhzSvPnMIpDOgyxRZKVJwGDgJaxKwe0eE7kTd4tAE=
OkKPtLkGNUEfaOH/dLQ/zW3JlUViWtayizUMB8odVLff4K52xXOyGwBtqelsUPnG2tw9XY6h4ffcOnmkSFo1jsrM7O6uqoq8bCaBCVu5B2C0GQ==
oDtQvwfafnkQska/i3jD7yofg7d6/hliED4MWyvL4NAOT3mBjHjJ3trEDWZhzSvPnMIpDOgyxRtJVJwGDgJaxKwe0eE7kTd4tAE=
CduQpfIhs7DoSYYmwr8zKG3JlUViWtayizUMB8odVLff4a52xXOyGwBtqelsUPnG2tw9XY6h4ffcOnmkSFo1g8nM7O6uqoq8bCaBCVu5B2C0GQ==
jw/S1Av7hD8sjLg/w0PH+i0fg7d6/hliED4MWyvL4NAOT3mBjHjJ3trEDWZhzSvPnMIpDOgyxRlJVJwGDgJaxKwe0eE7kTd4tAE=
IDQXs780or06nO7Gd83jO23JlUViWtayizUMB8odVLff5q52xXOyGwBtqelsUPnG2tw9XY6h4ffcOnmkSFo1gcnM7O6uqoq8bCaBCVu5B2C0GQ==
XieYGyAifzrMLH1JMajjQSwfg7d6/hliED4MWyvL4NAOT3mBjHjJ3trEDWZhzSvPnMIpDOgyxRZJVJwGDgJaxKwe0eE7kTd4tAE=
xymV9fo4gjnNm78YaNCYWG3JlUViWtayizUMB8odVLff5652xXOyGwBtqelsUPnG2tw9XY6h4ffcOnmkSFo1jsnM7O6uqoq8bCaBCVu5B2C0GQ==
JzQ8L5jW441B+heFv/zpGS8fg7d6/hliED4MWyvL4NAOT3mBjHjJ3trEDWZhzSvPnMIpDOgyxRxIVJwGDgJaxKwe0eE7kTd4tAE=
vHtMDa58wTQfE7WJ3CYXtm3JlUViWtayizUMB8odVLff5K52xXOyGwBtqelsUPnG2tw9XY6h4ffcOnmkSFo1hMjM7O6uqoq8bCaBCVu5B2C0GQ==
4l2eLsWZTlPFuW5hDpP1vy0Fhbdm5hhiED4MWyvL4NAOT3mBjHjJ3trEDWZhzSvPnMIpDOgyxRdKVJ8GDgJaxKwe0eE7kTd4tAE=
nvYF/BLwdbvdISh4qkE6hW3JlV9kWsqqijUMB8odVLff5rRwxW+qGgBtqelsUPnG2tw9XY6h4ffcOnmkSFo1j8rM7+6uqoq8bCaBCVu5B2C0GQ==
DpeVHIDbEAaePSUSuMaymiwFhbdm5hhiED4MWyvL4NAOT3mBjHjJ3trEDWZhzSvPnMIpDOgyxR5JVJ8GDgJaxKwe0eE7kTd4tAE=
E2zuMVN36aqbzuzhPPHodG3JlV9kWsqqijUMB8odVLff57RwxW+qGgBtqelsUPnG2tw9XY6h4ffcOnmkSFo1hsnM7+6uqoq8bCaBCVu5B2C0GQ==
uo7Di7yJZrNjnuDLyUHCAS8Fhbdm5hhiED4MWyvL4NAOT3mBjHjJ3trEDWZhzSvPnMIpDOgyxRpJVJ8GDgJaxKwe0eE7kTd4tAE=
mIvITXp52fT05cgpgACUMp0FinpShUtEvq4hDSOE/4nRUkElUpK3nMVBh6C58gJnOILtBiBPQPjTQ6t6c0OPXc7Z4sQ9j71sqX/fGXOBfyLRGBkEkUdAb1odbbQW
u/okEUeNF3H/E9Y+90l7V+t/NMAPI4yNkm2Qz+2dheJm+TW80JiFfIRwC7/5FPipOCAFGhdAOx8d3//I3qXIohCVfCbhQpjYEvCEiMLf2Jibk0N6GxNUslJTmoTlf4UM4c83mdvxNwIpKEFEKdfYzxJNRbQ+
h9Jt8cVqDWxp1juq+H00223JlV9kWsqqijUMB8odVLff5LRwxW+qGgBtqelsUPnG2tw9XY6h4ffcOnmkSFo1gsnM7+6uqoq8bCaBCVu5B2C0GQ==
Oooj2yLXAWe/CwbkUexhUgqewy7QctQXm2e4PG6j4S089FFSWkiV6tFhsyP8LnGgWH4dUIgYR0o+LgIozPLJzQudL3S0DQ==
Q7y3M9Uykm/ot/jD7Wtquk09y4BfsXEuGi5DFjGbzuFAVXmBjHjJ3trEDXVuyTHPnMIpDOgyxRxIVJ8GDgJaxKwe0eE7kTd4tAE=
la66GNj8APt8Ip+qIfFDCwmewy7QctQXm2e4PG6j4S089FFSWkiV6tFhsyP8LnGgWH4dVogYR0o+LgIozPLJzQudL3S0DQ==
8YuJo+71VGjSsOsPIlpf8E09y4BfsXEuGi5DFjGYzuFAVXmBjHjJ3trEDXVuyTHPnMIpDOgyxRpIVJ8GDgJaxKwe0eE7kTd4tAE=
N1DefHgGO0mfuZPDcfmn0QSidflAcFPo9idUyIe7N/rvO0ps1jy/ZLHnSTydZ6PfzxmLcuUwFeTd79QfjiVxtAo=
ZAGP9qWDl+kgpcNc99vydNJ4EyYSiivTPHl2Ta36SiC+/wXvthtYVVrVoYi0hlxxOX1SBuFD7koL7xio8EjtpSNffDgBCxj7n/LLQeQiaqCc4mmsaJKF+Uk0XqaOoprkrP4Rgbtxd1i0IQ==
pb6nKWSwb99DJ77RqEfuIr2z5pxai8JtFnQv2kR/hEMCGeQ8mKJ5k3dEHaa1m9ZPXCAgNRsWJ/WH1cMmk3c+Fljm8W+F7ud2WEZZOdQ9X6i/70zA9hYMaO0ykAApmCiOimhG4OaynBT1v6MDe160Ow==
5pfusrl7lp8yhURXK0Z9tdjmHVsP/Tf2VIJKPKiJC43MxdxbIQIN4PirycNFEyum1jp617Db+229Hh9DEBrp3Uyx3zwXE5yEjjosnOUu4CTxV+ja4tTWZF7e/KA9Y5NnY1K0Lw==
vxFOf5ov2JmkJ7NUqb9OgNjmHVsP/Tf2VIJKPKiJC43KxdxbIQIN4PirycNFEium1jp617Da+229Hh9DEBrp3Uyx3zwXE5yEjjosnOUu4CTxUuja4tTWZF7e/KA9Y5NnY1K0Lw==
XwqT8yVR9cFMvkGfo2tN6tjmHVsP/Tf2VIJKPKiJC43LxdxbIQIN4PirycNFEium1jp617Dc+229Hh9DEBrp3Uyx3zwXE5yEjjosnOUu4CTxXOja4tTWZF7e/KA9Y5NnY1K0Lw==
/MhqnKsH6TCK3nYAn1Xi4djmHVsP/Tf2VYJKPKiJC43NxdxbIQIN4PirycNFEium1jp617Dd+229Hh9DEBrp3Uyx3zwXE5yEjjosnOUu4CTxVO/a4tTWZF7e/KA9Y5NnY1K0Lw==
D4kXs/qqb5+VsWP1dh/p5byz5pxai8JtFnQv2kR/hEMCGeQ8mKJ9k3dEHaa1m9ZPXCEgNBsWJ/WH1cMmk3c+Fljg62mF8v93WEZZOdQ9X6i/70zA9hYMaO0ykAApnS+OimhG4OaynBT1v6MDe160Ow==
pT4WYy2wVwDJ4y9H666bhb2z5pxai8NtFnQv2kR/hEMCGeQ8mKJ9iXFEAb60m9ZPXCEgNRsWJ/WH1cMmk3c+Fljg62mF8v93WEZZOdQ9X6i/70zA9hYMaO0ykAApkC+OimhG4OaynBT1v6MDe160Ow==
2Jj8Ou/4RM5AReORtxp8CdJ4EyYSiiqIaWNhRrfrZyCI6jCuxXg7HVbV6M7Il0dgdz9DC/t0/1Ee7Ezt+W25+BdcfDgBCxj7n/LLQeQiaqCc4mmsaJKF/040XqaOoprkrP4Rgbtxd1i0IQ==
v0F34etKXLWhCnOve1+CEr2z5pxai8NtFnQv2kR/hEMCGeQ8mKJ/iXFEAb60m9ZPXCEgNRsWJ/WH1cMmk3c+Fljj62mF8v93WEZZOdQ9X6i/70zA9hYMaO0ykAApkC6OimhG4OaynBT1v6MDe160Ow==
pl70lkm8svwUsQhMHW82MdJ4EyYSiiqIaWNhRrfrZyCI6jCuxng7HVbV6M7Il0dgdz9DC/t0/1Ee7Ezv+W25+BdcfDgBCxj7n/LLQeQiaqCc4mmsaJKF/ks0UaaOoprkrP4Rgbtxd1i0IQ==
bOkIXiIyBDIPwGWfqXrH1VSmdOxHYiD2vidD1J6Mc+C5LFl3zja/ZLHnSTydZ6/Zzx6IcuUwFeTd79QfjiVxtAo=
0LtUNUsafWkgiAN3qgaZ/hkg1ohvMgffWlSluprblPNCbBzL4u8HJPoU/2A1tL0HCn5jRI3vTSz5n+kYg6Ys4mG46YQBpxAvqj19tAY=
8jZoeZ0ZgIgkAyn35J7X7ZxP2TNQhWEWtak8PCKV952FREsAFJK3n8R4h+zktUs7M4DvQHJPV+TKdO9gJVSNR9re88Q9j71sqX/eGHOFfCLRGBkEkUdAb1odbbQW
UjJdmZKoaY1O6OCcttljc+Vamc91CioDny48KShNOsJSMEmi+nhJFS4TQUhGdTXep+W8gMLwawu5WNGm8JU7e+Mgf8DCr+ekmlQfYFV0XYdqvkNErS/trFlfyxhjY0xigfiJhOHnsK8KfV20Jg==
No1KPnZdgmn1MNQqx8UbJDSJna8VHPzyzgc4Wy3AjeYsjS8rN4jzYA6Hk5Ru7GPgqcwpt56WD+Qhh7l8TUeT2L/72LJVkIVkLY8EX74FYbQa
825sahDQ2acth2qlxLDmBEs0JH5camJ/XOKIqkQXNef8qehab+KCNBZ3K8K3sAJiyO3ZJlAx3orAgjo0u2mMLhxyyXwo4qUISUR8VU7yOnQsbnFRe0EXaLQR
cyvd9dNJxujAYFMUXbr3amaG33mUvFmaxatC0LzqOhfSNnifx4OLAz8KCk7b3+j/4nw3uF7qtuWvVB/azqz4j+0gaEvidADwnsIz4yDAzDCdmjD4uRarFjuDpli2+tzMBZeDe2tWtCM=
8epEwNyMuQ8tymPDT4EeODSJna8VHPzyzgc4Wy3AjeYsjS8rN4jzYA6Hk5Ru7GPgqcwpt56WD+Qhh7l8TUeV2r/52LJVkIVkLY8EX74FYbQa
oULGFJYrtDnGGm7xFVg1pVSmdOxHYiD2vidD1J6Mc+C5LFl3zja/ZLHnSTydZ6TazxaPcuUwFeTd79QfjiVxtAo=
Dmk3I2nCPWv283kxHJjrHBkg1ohvMgffWlSluprblPNCbBzL4u8HJPoU/2A1tL0HCn5jRI3vTSz5n+0ag64r4mG46YQBpxAvqj19tAY=
xsxqBRb1vtnx80698tF4J13jcXWumLUAYSDn4KFQXlb11xas7cwOoVkzMYTlUBhrtcyYoCUg74Df7zh6mVS3Cz/kO+swuBlaqWqT3FNUe2MiR0gJZ7Qc
GsEvO+JZ+MiFCB1CAO/LiGaG33mUvFmaxatC0LzqOhfSNnifxYOLAz8KCk7b3+j/4nw3uF7qtuWvVB/azqz4j+0gaEvidADwnsIz4yDAzDCdmjD4uRivFjSEpli2+tzMBZeDe2tWtCM=
KaGOp7usWQphRcXpykoJeTSJna8VHPzyzgc4Wy3AjeYsjS8rN4jzYA6Hk5Ru7GPgqcwpt56WD+Qhh7l8TUeU3r/237JVkIVkLY8EX74FYbQa
s2j5uuq4BLTI8shzKjCQvG0EnqYvsmIkFmdLEnfA4tJIHXmWkGH+msCSGmR72SzenMIpDOgyxRhOVJACDgJaxKwe0eE7kTd4tAE=
Nz3WzKWMzWZokojDr8OBdlSmdOxHYiD2vidD1J6Mc+C4LFl3zja/ZLHnSTydZ67fzx+OcuUwFeTd79QfjiVxtAo=
8rgBtt4ye/sDbiHLVBYq4Rkg1ohvMgffWlSluprblPNCbBzL4u8HJPoU/2A0tL0HCn5jRI3vTSz5n+weg6Iq4mG46YQBpxAvqj19tAY=
PjyTZi95ctXZ2ivHWrNgtl3jcHWumLUAYSDn4KFQXlb11xas7cwOoVkzMYTlUBhrtcyYoCUg7oDf7zh6mVS3Cz/kO+syuRlVqGqT3FNUe2MiR0gJZ7Qc
aFNdc12D/jN+RZdjusQCQGaG33mUvFmaxatC0LzqORfSNnifx4OLAz8KCk7b3+j/4nw3uF7qtuWvVB/azqz4j+0gaEvidADxnsIz4yDAzDCdmjD4uRSvFjuFpli2+tzMBZeDe2tWtCM=
G2hcKPnCrbu8D7c8cazj2W0EnqYvsmIkFmdLEnfA4tJIHXmWkGH+msCTGmR72SzenMIpDOgyxRpOVJ8DDgJaxKwe0eE7kTd4tAE=
fWtmRG3Sk/xAvA2wTXJAwV3jcXWumLUAYSDn4KFQXlb11xas7cwOoVkzMYTlUBhrtcyYoCUg7oDf7zh6mVS3Cz/kO+sxvxlUqGqT3FNUe2MiR0gJZ7Qc
LISK+qHi+slftvThM48IrWaG33mUvFmaxatC0LzqOhfSNnifxoOLAz8KHFnb3+j/4nw3uF7qtuWvVB/azqz4j+0gaEvidADxnsIz4yDAzDCdmjD4uRWuFjqFpli2+tzMBZeDe2tWtCM=
si6t0tHzsODSfuwq/FG4wGaG33mUvFmaxatC0LzqOhfSNnifxoOLAz8KCk7b3+j/4nw3uF7qtuWvVB/azqz4j+0gaEvidADxnsIz4yDAzDCdmjD4uRaqFjWFpli2+tzMBZeDe2tWtCM=
Gt89ODV112rf3/vyMvC3ZG0EnqYvsmIkFmdLEnfA4tJIHXmWkGH+msCTGmR72SzenMIpDOgyxR5JVJEDDgJaxKwe0eE7kTd4tAE=
4B66lNIE5j6PC1LU52ULzV3jcHWumLUAYSDn4KFQXlb11xas7cwOoVkzMYTlUBhrtcyYoCUg7oDf7zh6mVS3Cz/kO+s0uhlTrWqQ3FNUe2MiR0gJZ7Qc
WWfVHMptWpP3ysla9d+2vGaG33mUvFmaxatC0LzqORfSNnifx4OLAz8KCk7b3+j/4nw3uF7qtuWvVB/azqz4j+0gaEvidADxnsIz4yDAzDCdmjD4uRapFj2Aplu2+tzMBZeDe2tWtCM=
TZ+GODqWKGqSWmr7R0FiSTSJna8VHPzyzgc4Wy3AjeYsjS8rN4jzYA6Hk5Ru7GPgqMwpt56WD+Qhh7l8TUeW2L//27JWkIVkLY8EX74FYbQa
7rt4jSQJvf1wSpHA7ocq+20EnqYvsmIkFmdLEnfA4tJIHXmWkGH+msCTGmR72SzenMIpDOgyxRhIVJkGDgFaxKwe0eE7kTd4tAE=
bBtprQznHFS9x37qfD/nk13jcXWumLUAYSDn4KFQXlb11xas7cwOoVkzMYTlUBhrtcyYoCUg7oDf7zh6mVS3Cz/kO+s4vxlTrWqQ3FNUe2MiR0gJZ7Qc
+T+GIAzgyNzpOqlpR4+roWaG33mUvFmaxatC0LzqOhfSNnifxoOLAz8KCk7b3+j/4nw3uF7qtuWvVB/azqz4j+0gaEvidADxnsIz4yDAzDCdmjD4uRmuFj2Aplu2+tzMBZeDe2tWtCM=
YSWmTrEkM61KIOdhLnCm/zSJna8VHPzyzgc4Wy3AjeYsjS8rN4jzYA6Hk5Ru7GPgqMwpt56WD+Qhh7l8TUeU27/+27JWkIVkLY8EX74FYbQa
ph+pXjVzUwyXYV1DeoNesW0EnqYvsmIkFmdLEnfA4tJIHXmWkGH+msCTGmR72SzenMIpDOgyxRtLVJgGDgFaxKwe0eE7kTd4tAE=
sKTA1BEgVRP084vEfh3YpVSmdOxHYiD2vidD1J6Mc+C/LFl3zja/ZLHnSTydZ6XYzx6LcuYwFeTd79QfjiVxtAo=
ME0yLJ64YMZ8aMCCP4VLQBkg1ohvMgffWlSluprblPNCbBzL4u8HJPoU/2AztL0HCn5jRI3vTSz5n+kag6Uv4mK46YQBpxAvqj19tAY=
vIQTkk87HA76znUcLRj/Ul3jcXWumLUAYSDn4KFQXlb11xas7cwOoVkzMYTlUBhrtcyYoCUg6YDf7zh6mVS3Cz/kO+s1vhlRrWqQ3FNUe2MiR0gJZ7Qc
liW5GzACMTUeCQ/nw2deK2aG33mUvFmaxatC0LzqORfSNnifxYOLAz8KCk7b3+j/4nw3uF7qtuWvVB/azqz4j+0gaEvidAD2nsIz4yDAzDCdmjD4uRKqFj6Aplu2+tzMBZeDe2tWtCM=
Mjr/YQhtwQ2IH3keeouqXTSJna8VHPzyzgc4Wy3AjeYsjS8rN4jzYA6Hk5Ru7GPgr8wpt56WD+Qhh7l8TUeR2r/827JWkIVkLY8EX74FYbQa
poj8z0yYdl9eBejjhTlCSW0EnqYvsmIkFmdLEnfA4tJIHXmWkGH+msCUGmR72SzenMIpDOgyxRdKVJoGDgFaxKwe0eE7kTd4tAE=
yfggk2XAQHkYLjpq3iM/Yl3jcHWumLUAYSDn4KFQXlb11xas7cwOoVkzMYTlUBhrtcyYoCUg6YDf7zh6mVS3Cz/kO+s3uBlQrWqQ3FNUe2MiR0gJZ7Qc
MOOUatsYo7K8rlXnvQyn52aG33mUvFmaxatC0LzqOhfSNnifxIOLAz8KCk7b3+j/4nw3uF7qtuWvVB/azqz4j+0gaEvidAD2nsIz4yDAzDCdmjD4uRauFj6Aplu2+tzMBZeDe2tWtCM=
5VjMJJAFAGD+067qkpIc5Rn3z1hjWta1qjVZBY9aEryW/7t612iyKgglqf5wSc6CwIwqTJux/ObcOnmkSFo1j87M6u6uqYq8bCaBCVu5B2C0GQ==
9IQJCS/4+sDvs6XdY4xJom0EnqYvsmIkFmdLEnfA4tJIHXmWkGH+msCUGmR72SzenMIpDOgyxR9LVJ0GDgFaxKwe0eE7kTd4tAE=
7dowDasOLxplVxZLf+oDp1SmdOxHYiD2vidD1J6Mc+C+LFl3zja/ZLHnSTydZ6PZzxqLcuYwFeTd79QfjiVxtAo=
Z2HFK55GOBDpQae5OeaK8hkg1ohvMgffWlSluprblPNCbBzL4u8HJPoU/2AytL0HCn5jRI3vTSz5n+MZg6Iv4mK46YQBpxAvqj19tAY=
oy5ryJP7b6HlUUDgiXlcFl3jcHWumLUAYSDn4KFQXlb11xas7cwOoVkzMYTlUBhrtcyYoCUg6IDf7zh6mVS3Cz/kO+szuxlVrWqQ3FNUe2MiR0gJZ7Qc
RZhMbrkthob3Tbmxd7uSGWaG33mUvFmaxatC0LzqORfSNnifxoOLAz8KCk7b3+j/4nw3uF7qtuWvVB/azqz4j+0gaEvidAD3nsIz4yDAzDCdmjD4uReqFjuAplu2+tzMBZeDe2tWtCM=
bMNPeQt/XgMOWffEKKMH3TSJna8VHPzyzgc4Wy3AjeYsjS8rN4jzYA6Hk5Ru7GPgrswpt56WD+Qhh7l8TUeW2b/527JWkIVkLY8EX74FYbQa
ONdlK224MtyaWjacyxZ4gG0EnqYvsmIkFmdLEnfA4tJIHXmWkGH+msCVGmR72SzenMIpDOgyxRxJVJ8GDgFaxKwe0eE7kTd4tAE=
WUBRAYt9TAIap+4K/y9J0V3jcXWumLUAYSDn4KFQXlb11xas7cwOoVkzMYTlUBhrtcyYoCUg6IDf7zh6mVS3Cz/kO+szuBlVrWqQ3FNUe2MiR0gJZ7Qc
XuA0Yu6mivvSfIeLFLwI9WaG33mUvFmaxatC0LzqORfSNnifxIOLAz8KCk7b3+j/4nw3uF7qtuWvVB/azqz4j+0gaEvidAD3nsIz4yDAzDCdmjD4uRKrFjqAplu2+tzMBZeDe2tWtCM=
ShHYH+Hlcdp//G73i5bTWTSJna8VHPzyzgc4Wy3AjeYsjS8rN4jzYA6Hk5Ru7GPgrswpt56WD+Qhh7l8TUeR27/427JWkIVkLY8EX74FYbQa
pRCs/QbRJTnPEw+dW2CZ420EnqYvsmIkFmdLEnfA4tJIHXmWkGH+msCVGmR72SzenMIpDOgyxRZLVJ4GDgFaxKwe0eE7kTd4tAE=
vQA8qtfEYCJTNhiP6oBw/F3jcnWumLUAYSDn4KFQXlb11xas7cwOoVkzMYTlUBhrtcyYoCUg6IDf7zh6mVS3Cz/kO+s5uRlUrWqQ3FNUe2MiR0gJZ7Qc
s1RYG3kLm+qjFUxrb/P5unWetKmgs5dmNp6UZt4wFirYH0BXWiacu/6ihVNeVBurQugfbHwl05tbUCcAOn+/xLJEF2BaZHVnsu47BHXfVcwx70Kf6xDnwnpI0cTZN2iPYm1VtC4=
OHDcC4emBPienUKb2yxP5mC1c8FJrYNBt8JvcPjZ5UwsXR+bjsHSVEswpcdlTIYRoZNZVD0QIJudrICwLSDgkMcPEAqhlO9b10RDW7k/kasVCjgMCxSDU0pnUBlvtBQ=
3JZaesvglnimC8JoTdTEu5xP2TNQhWEWtak8PCKV952FREsAFJK3n8R4h+zktUs7M4DvQHJPV+TKdO9gIlSNR9re88Q9j71sqX/fHnOPfyLSGBkEkUdAb1odbbQW
mfcn88tfosIzbcclKX6sUmaG33mUvFmaxatC0LzqOhfSNnifw4OLAz8KCk7b3+j/4nw3uF7qtuWvVB/azqz4j+0gaEvidAD3nsIz4yDAzDCdmjD4uRirFjSAplu2+tzMBZeDe2tWtCM=
UrzoovvgquXr8Sco/r3tkjSJna8VHPzyzgc4Wy3AjeYsjS8rN4jzYA6Hk5Ru7GPgrswpt56WD+Qhh7l8TUeV2r/227JWkIVkLY8EX74FYbQa
ab9pRofDuoev8Fo98Ke4+W0EnqYvsmIkFmdLEnfA4tJIHXmWkGH+msCVGmR72SzenMIpDOgyxRpKVJAGDgFaxKwe0eE7kTd4tAE=
ww7BfsXiM+hMvGgoZICMBZxP2DNQhWEWtak8PCKV952FREsAFJK3n8R4h+zktUs7M4DvQHJPV+TKdO9gIlSNR9re88Q9j71sqX/fGXOOfyLSGBkEkUdAb1odbbQW
3/6xAr6DwVatplXzF+ISIHH201r853xIcp35jjt9KCC2yJc7tXAFZqT9t4tfWEsg1rf7dFb8a+Cm3BHXdqZXJJnXUdzVtxpYN0ZDUv7AfSR1fyx/RhVptBI=
Oou5dcwMlPaKTGy0+CIm+S0QqiHREkUMChWLcQHjT4rtokKbwsjM4Ud2BQEW0Ii0qcOLDLuGGoEJc+EkddDoy8WMaIBVIBigry/I2unUJ6tvJOvLILsJM/yqQLzD1MsDkod4aVe0LA==
7kk7LH3Rz2pmbZ+t7fvYWRn3z1hjWta1qjVZBY9aEryW/7t612iyKgglqf5wSc6CwI0qTJux/ObcOnmkSFo1gcvM6e+uqYq8bCaBCVu5B2C0GQ==
XU87FW0Qh82+avkgSjYO9m0EnqYvsmIkFmdLEnfA4tJIHXmWkGH+msCVGmR72SzenMIpDOgyxRdLVJkHDgFaxKwe0eE7kTd4tAE=
ts/PDUkp36LXAbKpQlhvt1SmdOxHYiD2vidD1J6Mc+C9LFl3zja/ZLHnSTydZ6Lazx6KcuYwFeTd79QfjiVxtAo=
Tic3iUbEre0MFh+gM1jifBkg1ohvMgffWlSluprblPNCbBzL4u8HJPoU/2AxtL0HCn5jRI3vTSz5n+Iag6Yu4mK46YQBpxAvqj19tAY=
2ggRuK+jdRE1w2K4mEFeSZxP2TNQhWEWtak8PCKV952FREsAFJK3n8R4h+zktUs7M4DvQHJPV+TKdO9gIVSNR9re88Q9j71sqX/aH3OGfiLSGBkEkUdAb1odbbQW
YCLE4XbDceLHdLkFfjZiG2aG33mUvFmaxatC0LzqORfSNnifw4OLAz8KCk7b3+j/4nw3uF7qtuWvVB/azqz4j+0gaEvidAD0nsIz4yDAzDCdmjD4uRKuFj+Bplu2+tzMBZeDe2tWtCM=
GMbV6huDHXyiizwPj1eAADSJna8VHPzyzgc4Wy3AjeYsjS8rN4jzYA6Hk5Ru7GPgrcwpt56WD+Qhh7l8TUeV27/82rJWkIVkLY8EX74FYbQa
djj4HLcv91OyOj5ns0SbK20EnqYvsmIkFmdLEnfA4tJIHXmWkGH+msCWGmR72SzenMIpDOgyxRpLVJoHDgFaxKwe0eE7kTd4tAE=
/skry1VjlhCHaAw4w/u+ApxP2DNQhWEWtak8PCKV952FREsAFJK3n8R4h+zktUs7M4DvQHJPV+TKdO9gIVSNR9re88Q9j71sqX/bGHOEfiLSGBkEkUdAb1odbbQW
zzE7c/bLPgbOp9/9Wr+wcGaG2mKTp16BwrBFxb78JQnMLnmfxYSIAz8KCk7b3+j/4nw3uF7qtuWvVB/azqz4j+0gaEvidAD0nsIz4yDAzDCdmjD4uRSuFj6Bplu2+tzMBZeDe2tWtCM=
VidNbVCtuyMQSJ++C2dicjSJna8VHPzyzgc4Wy3AjeYsjS8rN4jzYA6Hk5Ru7GPgrcwpt56WD+Qhh7l8TUee3r/82rJWkIVkLY8EX74FYbQa
+MQskT7c0yVzYWIk5jetqm0EnqYvsmIkFmdLEnfA4tJIHXmWkGH+msCWGmR72SzenMIpDOgyxRhLVJ0HDgFaxKwe0eE7kTd4tAE=
APbfNU7eyHfNZ/nCbqJKvpxP2DNQhWEWtak8PCKV952FREsAFJK3n8R4h+zktUs7M4DvQHJPV+TKdO9gIlSNR9re88Q9j71sqX/cGnOCfiLSGBkEkUdAb1odbbQW
8KTcqv5DbXMRJrtYtCD/JhfSBF805acpZcOrsoGyXpPGyMjpW2ZpOfLw7OyFM7dE/0beyXXDDfzRsEwzaRz0CNGgnCgzv2SiTTSD8wOUFwNk/83+wNpsZCf0rzt+l2RhU7Qo
ZvtPTwtgPE1k86VlsBe5VjSJna8VHPzyzgc4Wy3AjeYsjS8rN4jzYA6Hk5Ru7GPgrswpt56WD+Qhh7l8TUeT37/62rJWkIVkLY8EX74FYbQa
jz2OoYUXO76CqHBHyDvUgm0EnqYvsmIkFmdLEnfA4tJIHXmWkGH+msCVGmR72SzenMIpDOgyxRZPVJwHDgFaxKwe0eE7kTd4tAE=
SVyuriW6PoiVlq5KuvOP9e8d3IXci+okx2t2a2Q40k84zupjerMCzsIAa461fOr4jZqZ6visKE5vUhNdNSGlIEZcsas/MLxJQTiUk6HAzRqO7pndCOI3DNy0M5Nz1MfjV/q93BAa3MRXdD/brtcUQUO0OA==
5w7VFXCNY1ShjQyyeidcTRImYxlZMNCl+YV/aRIm8cuu+rovJxquabCX6p3juFg0OSZGWFws7amiXzdJynllOfSqBJwj8UQaNRQg4J0nVyt89P1aEF3NSI5f8MJKHvvFAAgCCtV2Sr07L+aiiAc+PJSLzBhbeZQE3e/oEPMvQEv3hlpFD+ve+ctEyfSBaIIejT1sFLUGQIzhnmoS8n12Tw5WvKhty7NP85q05w==
qb19r3JKzcdBisXDHsh4UNHLcQ99kGecW9KSgn8AgSKCVY0iEDYUahhpx8ylR43uJf6LkQB0LOecsLaheDpxfFHxhmjDUzcAhbc4Ixpi//VHElrRQbhMgPdQcd8kbjPaZ+ehBoT9bCZnwrjqbSpgpKW5HijtS1x4hUmgxMp5HeLInVwyYG2nqVFrNzbv03akSffBHMUXzVrnqFKSbiCtpIWf3L+29Zm04g==
lyLaQGhF9aReRGwoNSCms1X3DyvhDSxMSm487cAMnRzjQvoip3BJ4sqFtUL4BgxqAFkvrJ2XxS7tjlMxaOSUZ2QgHkEgirk8mSH+SOsjLwCdRxAD4jK3NQ+igrHpKDQAT8CZf3yee5qvt5nm7M10Jn/y0ApVeqjk7UlGiAXb5Pj92QikEslVIoDNpBJInb+pSRsfFpcDvuSBR5n8bYc12l84OjK2UGVkzU/k317FgbT6
G2vHkPiJXNPyPXGfFpaP7GO9lrdA+LnjWzzxPi+KouWZPMEmEAqNZDvy+JG/SvICDmoCXSWkl4P3Pp+aeRmCgLZHRsR0aQreS2yr9bSAoWftQF8DWsuo5gVl/fYoGYPMlqDtpHPX1goJCh0jE25mSfam/XZagt/uGnSf3ewg779GWF89Ygy4nadyMhnu2gLZfemLX1Xe3deMtHMTs9QHYxf6fVzQGpxEF3T/W+7XVMGDtPg=
JGN8eO+RtbXjT+EHd5OqbZ3hv+a4a1F4Bry5tqhqZTRzMrChlyrqMhZqGm09xL+zv/7XypF5OhDOx/5UjMmiDgOsY4VcoLmX9UBHc0LrwBZNJTWmgLn7XC4gFTTLN77awUrVEzuOfnnupuVGQmL33tI0Vw2EwFcvvtjnrRqsEM1vMnrphvoaqWXpk69N/jWnRHQ7wxt0//OvegXMaHp0FF+0t2vGt0zxm7Tg
kTNnuh0HhwnMjOreBVfPGFkvaR4JJNW+4JMsLgg95t6u+rovJxquabCX6p3juFg0OSZGWFws7amiXzdJynllOfSqBJwj8UQaNRQg4J0nVyt89P1aEF3NSI5f8MJKHvvFAAgCCtV2Sr07L+aiiAc+PJSLzBhbeZQE3e/oEPMvQEv3hlpFD+ve+ctEyfSBaIIejT1sFLUGQIzhnmoS8n12Tw5WvKhty7NP85q05w==
DSCgoK8C9+U8zgFqe6DsMJ3houq+eUpxNry5tqhqZTRzMrChlyrqMhZqGm09xL+zv/7XypF5OhDOx/5UjMmiDgOsY4VcoLmX9UBHc0LrwBZNJTWmgLn7XC4gFTTLN77awUrVEzuOfnnupuVGQmL33tI0Vw2EwFcvvtjnrRqsEM1vMnrphvoaqWXpk69N/jWnRHQ7wxt0//OvegXMaHp0FF+0t2vGt0zxm7Tg
cDg29p52SEXEWs/80q/AnCI6aHfSZ5qmRZaNDq/QfQGYyXtcJwo2EvuILcLunUlS9A4IagRRI7xhj+EOiXYPAaSsUCeg6FKxfDIdXH25Qthnq6uAGc+ck16q09WrGl7BJWBwwAsI1U+g5p+6i6/l9uDFcCZ7+twaKWKMxAkxmrhJE6A4uZHE1M5x8cLkVRiCxBU7Kc2Tk4Yrm1qEJf/FDCFP8ZqbcPYC6qgBROlXGM9SzYW0/g==
UZzaZRsl+RsXSwkevag40cZQPSF4nxRD5pMBNuL8/X7kWrlMVxLUuas65joSah5lMdSDq9ve87JNSXbYioc6HMA5/rbnzMcdIDA1H3HAw/vOezyO6cVRHlzJN5Rq4NF8BwfiIuVqMQsHnnJx6qbhTk5yy8Y2FHP12PCbZ3oYo2XW3Mx1C9LecXpqliHhaRcnwW5JP+AU33tHhLO7azpBBCRKqGx7lNNz+qdA+Z+05A==
aC2DzCapJGeed+jCKODP1sdZIDZ+nF1Rtp0dPOe9yTDoQLFZVxLUuas65joSah5lMdSDq9ve87JNSXbYioc6HMA5/rbnzMcdIDA1H3HAw/vOezyO6cVRHlzJN5Rq4NF8BwfiIuVqMQsHnnJx6qbhTk5yy8Y2FHP12PCbZ3oYo2XW3Mx1C9LecXpqliHhaRcnwW5JP+AU33tHhLO7azpBBCRKqGx7lNNz+qdA+Z+05A==
b+wxg8ytTp8V77P+3pexS9G70I+EsA6KxURPr7Y22NeMyQs5SvgaglyK2XQIqlWUytwOn275Kgzs1uHZG4kncLQJ
he4koQAKUy39jw2b1gWOwjT2+FW7pmre2fVRTaACL1wk9Ctjy7Qv0x96daw4uqT0TzSHC7b3/NELtHA=
6Eq4rSWAFJd4WGfGSeh/b4YgOMJxdxrhIlhu8h+NTGC9inBoGUKqRpoR5kuWqlycJYfD68sGtHM=
JGAeu21SmC2A27vTMlbu8+8d3IXci+okx2t2a2Q40k84zupjerMCzsIAa461fOr4jZqZ6visKE5vUhNdNSGlIEZcsas/MLxJQTiUk6HAzRqO7pndCOI3DNy0M5Nz1MfjV/690xAa3MRXdD/brtcUQUO0OA==
gMMyZcEIu4VDvXk6NUSf4hImYxlZMNCl+YV/aRIm8cuu+rovJxquabCX6p3juFg0OSZGWFws7amiXzdJynllOfSqBJwj8UQaNRQg4J0nVyt89P1aEF3NSI5f8MJKHvvFAAgCCtV2Sr07L+aiiAc+PJSLzBhbeZQE3e/oEPMvQEv3hlpFD+ve+ctEyfSBaIIejT1sFLUGQIzhnm4S/X12Tw5WvKhty7NP85q05w==
FDMx5xBz57uOwu3uX84rU9HLcQ99kGecW9KSgn8AgSKCVY0iEDYUahhpx8ylR43uJf6LkQB0LOecsLaheDpxfFHxhmjDUzcAhbc4Ixpi//VHElrRQbhMgPdQcd8kbjPaZ+ehBoT9bCZnwrjqbSpgpKW5HijtS1x4hUmgxMp5HeLInVwyYG2nqVFrNzbv03akSffBHMUXzV7np1KSbiCtpIWf3L+29Zm04g==
arDIue6H7Cmy0rpQOunFelX3DyvhDSxMSm487cAMnRzjQvoip3BJ4sqFtUL4BgxqAFkvrJ2XxS7tjlMxaOSUZ2QgHkEgirk8mSH+SOsjLwCdRxAD4jK3NQ+igrHpKDQAT8CZf3yee5qvt5nm7M10Jn/y0ApVeqjk7UlGiAXb5Pj92QikEslVIoDNpBJInb+pSRsfFpcDvuSBR5n8bYc13l83OjK2UGVkzU/k317FgbT6
U00EaZ8SieDjw6QJIgJzwGO9lrdA+LnjWzzxPi+KouWZPMEmEAqNZDvy+JG/SvICDmoCXSWkl4P3Pp+aeRmCgLZHRsR0aQreS2yr9bSAoWftQF8DWsuo5gVl/fYoGYPMlqDtpHPX1goJCh0jE25mSfam/XZagt/uGnSf3ewg779GWF89Ygy4nadyMhnu2gLZfemLX1Xe3deMtHMTs9QHYxf+fVPQGpxEF3T/W+7XVMGDtPg=
t3vKun03Yw498mTyfS+/GZ3hv+a4a1F4Bry5tqhqZTRzMrChlyrqMhZqGm09xL+zv/7XypF5OhDOx/5UjMmiDgOsY4VcoLmX9UBHc0LrwBZNJTWmgLn7XC4gFTTLN77awUrVEzuOfnnupuVGQmL33tI0Vw2EwFcvvtjnrRqsEM1vMnrphvoaqWXpk69N/jWnRHQ7wxt0//OvfgXDaHp0FF+0t2vGt0zxm7Tg
k7TNFKjpA5rzPeAGqUWw11kvaR4JJNW+4JMsLgg95t6u+rovJxquabCX6p3juFg0OSZGWFws7amiXzdJynllOfSqBJwj8UQaNRQg4J0nVyt89P1aEF3NSI5f8MJKHvvFAAgCCtV2Sr07L+aiiAc+PJSLzBhbeZQE3e/oEPMvQEv3hlpFD+ve+ctEyfSBaIIejT1sFLUGQIzhnm4S/X12Tw5WvKhty7NP85q05w==
EOedjSRFVGZgT/aQ5cd4pp3houq+eUpxNry5tqhqZTRzMrChlyrqMhZqGm09xL+zv/7XypF5OhDOx/5UjMmiDgOsY4VcoLmX9UBHc0LrwBZNJTWmgLn7XC4gFTTLN77awUrVEzuOfnnupuVGQmL33tI0Vw2EwFcvvtjnrRqsEM1vMnrphvoaqWXpk69N/jWnRHQ7wxt0//OvfgXDaHp0FF+0t2vGt0zxm7Tg
0Tg4bNxTxuI3uKIQ0fHALyI6aHfSZ5qmRZaNDq/QfQGYyXtcJwo2EvuILcLunUlS9A4IagRRI7xhj+EOiXYPAaSsUCeg6FKxfDIdXH25Qthnq6uAGc+ck16q09WrGl7BJWBwwAsI1U+g5p+6i6/l9uDFcCZ7+twaKWKMxAkxmrhJE6A4uZHE1M5x8cLkVRiCxBU7Kc2Tk4Yrm1qEJf/FDCFP8Z6bf/YC6qgBROlXGM9SzYW0/g==
8Q2BH0UjXpfdpORjuMq+pcZQPSF4nxRD5pMBNuL8/X7kWrlMVxLUuas65joSah5lMdSDq9ve87JNSXbYioc6HMA5/rbnzMcdIDA1H3HAw/vOezyO6cVRHlzJN5Rq4NF8BwfiIuVqMQsHnnJx6qbhTk5yy8Y2FHP12PCbZ3oYo2XW3Mx1C9LecXpqliHhaRcnwW5JP+AU33tHhLO7az5BCyRKqGx7lNNz+qdA+Z+05A==
yGpbEay3kRdraiWPbojHqsdZIDZ+nF1Rtp0dPOe9yTDoQLFZVxLUuas65joSah5lMdSDq9ve87JNSXbYioc6HMA5/rbnzMcdIDA1H3HAw/vOezyO6cVRHlzJN5Rq4NF8BwfiIuVqMQsHnnJx6qbhTk5yy8Y2FHP12PCbZ3oYo2XW3Mx1C9LecXpqliHhaRcnwW5JP+AU33tHhLO7az5BCyRKqGx7lNNz+qdA+Z+05A==
uliFY05WrERABKphre+4lTT2+FW7pmre2fVRTaACL1wk9Ctjy7Qv0x9+daM4uqT0TzSHC7b3/NELtHA=
PchDY2melzFIV4TxrS6xIYYgOMJxdxrhIlhu8h+NTGC9inBoGUKuRpUR5kuWqlycJYfD68sGtHM=
ZCYVZHDrfyz2UNkye01sgdG70I+EsA6KxURPr7Y22NeMyQs5SvgaglyK2XQIqlWUztwBn275Kgzs1uHZG4kncLQJ
S39SRqYXEblYJb0alL0BBFFGMdc+5mDc+eRQFIbhfjcMhdtOU70ePEZFLHyljmBEMXbu+i21VscePvzA/cMThyNytA8=
XVP3ejOqYWMsjGgVNHHJrx+uc/tIdCC7oi1e1YGxc7/9P09szyysZLHnSTydZ6XezxeKcuYwFeTd79QfjiVxtAo=
uliFY05WrERABKphre+4lTT2+FW7pmre2fVRTaACL1wk9Ctjy7Qv0x9+daM4uqT0TzSHC7b3/NELtHA=
PchDY2melzFIV4TxrS6xIYYgOMJxdxrhIlhu8h+NTGC9inBoGUKuRpUR5kuWqlycJYfD68sGtHM=
m+Ktjodfo+JM8K0rF5JxcpzP1f2lgag35RFDBjhlxGMCj9s47OqoKY7SbXj4jbChApa0Zpxr9Ryc/7L3aWKJ4pULitZhwDZh95/d1F/NPWZx5mitheKt2a7GfVZlf3CsnDwp4cDEUupfpCJNMXlDLiWH/lPf17OpfJV5c6oVqYFsPNyods6r/GVjNXecmDL4XvDmEtv+p1RIlsvZ6zdmjeWszAK/Ld4XT1G9qGwkgL1VkDa59rF9/RBddT5P3WlZkJ0G62trIQDn7tLQWgf56WOdC3tME2nBtkPV7qJNCZMxxeWTxbePlqsPfOVzrrgfYywnUFpNwCYbTYOoPPLG/Qu897KyByPFRTEDWJJ7O91s6vQcHLHbpfjyhH2HXY/X+zDa7eXnvAEURlSXPddOBml52sEXT3IjtUxtpNO3aIA+dGt6B0rfomVa3fZDuzTqEgzJrALz351mFGRNZuKAifz+ZwM86ll9CMa/Bbh1g6SKA1NxVndvtomCrWKaAFn/HLJJvCgiJc1OBPEXTrG6NCwu8ZF7gZeotNE=
ScpQDybKep07FjWQ9WfkLnYE3SD07GfXzZsJWwOVMkePNa/6oFzIXrgcjAA+7P6hJdWiH9jL5AdT6PJsqQDya4w5oLIqvC6tnFF7+Omd9VBKB1afg4sQo/XpZ+LCKQcbom4/TzFBkn6vlC0zvpwRlKEPDcD6RcS9nV0mFJyTkmVyHIxrdK4Yh2JETeZXyrsNF9Xqt+AIBWwrhrGsPTfb0W9Ir7n+Dxoozi19lp0juFic37gf39jZvs5tcRy2+rRr5jCEp3kLEIf6+Cz8VBfex6uXpxAHDlrn+nucAZRgdl869jpnCQYghxC5VH9MGeLJXXsmHtKHk8Ysmw1NH5aIln371BEvuH9onqNNTc2O8gWudTgBT4Zm5Y40Kz6zcBQtHnhLdtrj8EEUs2EA8vnyugoEL3ZgCarw9dEYcE6byuS4FRU/Yxf6BqPWRRFF+3+5iZWTn6GXZqp5io1Dw64Waeam7VYqQg+OivTvfVxgP582WG9dsszIfRfyorm+GjK5bembv2WeDXccNMNzQ5RXgyb+jXOA2izk5/Rvu76XpOGTtOg=
h6LeOixyCIVt9ttEzV8gu1qx+kifPJNZyHKlMnTwpCs591BZNwyE/dZyuDP8LnGgWH4dW44YSUs+LQIozPLJzQudL3S0DQ==
fBlneKEDczzmo44Lo3cLR1tHhw9+e7RTVOrjDlm/Gho+f3+yRloVcyswviU24OGcl0eSAjXqgWsXXoLRuqax7r6y26aGlKPVqLALh0oY08VGHPwVW1IuUWoqJsExaUdHca5ZH5CUD5t3xCMbkD5xa7SKWEwrFGOT6ucwWU+0NA==
szVqywbNGK3/D1tUmKl3S3M1mRjFp93noeDaZE02kZyGhEg/f/eJC6qevwaHPwDAybzEWmB9AfUsh/dWcHt+oPQd7CSVlgCcgeVuYp1tNt8uZjyYTVtzXxNqtBc=
1h+fnXbzA/Z9PZtnnaDWRgNa5PIeq3ADdE8tZlrmybgZBhoS2M3LiTHhBvgfpOOR6Hq1CjQINKPZv2BBNxS0tTb6KMu8FmGoeLZtww6AuQMeJRIQDIpZRWtVH2y0FQ==
P2wiPvMV8Gn2oG1kZoKL4yppy9cvmVEZQ08tZlrmybgZBhoS2M3LiTHhBvgfpOOR6Hq1CjQINKPZv2BBNxS0tTb6KMu8FmGoeLZtww6AuQMeJRIQDIpZRWtVH2y0FQ==
yfK6lVxC1m4rV3XoEI5iCxd+YCxRRiViWuLBrAkSMvb4qeNdYbXOPF9gK8W4rh1ulOycN0kr6MW3kDwhpm6ALxxyyXwo4qUHTkRxV07xOnQsbnFRe0EXaLQR
IgN72vC4ZA5FmBZBzG+KdPaEJ1eNrSoBhh6IHc/VDwesVF1eWt65kPkuSkoYFZvhkQm2gJ9cU/lIkmVSdNDki7mXkHk3LESdVtL4E/xOsUDY3t07jvgJ675NQsjM0glti31vVLQt
xLoChYcvMmUUH3B/finErTfV4vL36NM2V8nVOpp5U2epHx8aHX/Ntemwg0BOVRSlRuRRb28l1JRFTytcOzqu3ahyWBdPYmB6teI6BHXfVcwx70qe6x/mwnpI0cTZN2iPYm1VtC4=
DzR3aO4UV++yctsKykmYTqG2XuaErOPgmHuCj6yZtkNAzNSumqFqNXP4yxRsJE6aRbkuOLzQ3110K0FceLfCmtV2RNUnDzA2YhLrIVhU4p5d2rp5QxPmluDL7pgMF2xME5WkAOUTqGRbo9AvL1o6UQfHrr0z+ElAaSTSOpUhTMB9avAIWemu5tVxZqtWClw85WdDi4umtNM=
KV1l3PvXGOCqQZAJFNk8vO3Gqw31jDM+uon+BXMQWs7wtWUvJQdpky/bDlCkP+wtk6yVAxsnDAn68zVKXpu4hRL0S6NrNI+T/XtVYlg6xDRvNGdLVndcEWu0EA==
