83EhxjG+XyjT3ZrOYkipINIGpLpCUPIZEHYyW20565i3TCWaN0CiPJybWje69vVBPwYwI9ULl86PpokIk5SFsOnoS4koDCJWjeLaEXML5p7ws86w/M8sBEMtROhViyjsy1twh18C+pnX/87VA+BJSHlc8hJl+QyILdIQ4Ol4K25KjcYJJ1Kc9DVfI+O7vrTb
SE8Orb4no3qxz1+s1YapyWCR2vrVTlMYHgBshv4lqM67GEAym81JBph8AyRPVpGZktiB0Nwvu7FQRCYkA8tUWpL8aRxCo/+NZgREHSZSIHl8TgdzfDq5bQjW31V4hWMUCnPzwZanT6aJko2yWrD5j5wCqUzockXeSxQeww7L24Ss3lEhO9G3uLTB
tFkkzicgi9mxh0hwOf3IKqnFxAh6/wJdBaflXSknw3nr+s+J4i9eWcdJhK3N4NSJGR8qagIQOSiUjh1vAaTuSbw0hHxyuP3mi9kBohjYSzBahzsdMhypxIz7MxUQYC7wU1/8nrL4QcjSN7epZiAMibaGCH1ciq/nLO6xSUhyV4EokUvQqvdbFYazBwIJNsWmSmRRCzzGgVi4ps16CzAWF15fc0CM2nn1q0X/nLTl
XugYSGtEfgmFYzll2/i5oTlbEW+h2Ve2z9AkiO1XOL/tONWxk8LPHur6udt/YOp9aqC9xMMXxmpZiu0DYy72qcamzZbKwq/O6vTPvfzgX98WWI+dEkyovffygvnempJ5jen7/8Ue7bc8NKMzoxT3w0X7rbxkWoalx/SPex4XxKGztMg=
mcDzF5pV7j25q3u79fTtWMsLCryQht286drO3ruV10nsjFOy0+0UYSmn3CdhuFkp97uKVtbapdN7cM5FJuDxvKeHQuLFahHLpx7SscqmwY7u8msGFhRTNXhwO6daGMOlNlystevSvrGa6vbhAWl3ZyHuKX8AFL87pwTT+4k7YUSAygItW5TzM1on4Lm/tMQ=
l/QRmETIraoFXxpt+4erOcsLCryQht286drO3ruV10nsnVu81eIVMymn3CdhuFkp97qKVtbapdN7cM5FJuDxvKeHQuLFahHLpx7SscqmwY7u8msGFhRTNXhwO6daGMOlNlystevSvrGa6vbhAWl3ZyHuKX8AFL87pwTT+4k7YUSAygItW5TzM1on4Lm/tMQ=
GY9b9QhQEPANtV+nOrBP2+kqJgRFkTL2gjsmOp5BCzoDZV43j7vuNAzmYXTJ2sSgV1FwMykN+rP7g107DdeY/404NXEzSa5eyvpZGx/gSr2KoJ2Eo5dmqnmKjUPDrhZp5qbtVipCD46K9O99XGA/nzZYb12yzMh9F/Kiub4aMrlt6Zu/ZZ4Ndxw0w3NDlFeDJfuNfITaJuXn9G+7vpek4ZO06A==
mapjXcxBMhFA+kRyaqEPys22akoBpCZeRC1aXAhPJSk4yAUcG+hZRgt5wYIY+IuQ3Cf4PTJ8aSQMm/P1EABuENM/vH6y2AFoUpf3iWYATCk2JkhdXGrvh6wO8SlIkpfhqHGLsKrXm7UGE8ciCRYFBsrEkSs8pkG4OMYNmgtQVvfePzOgjPo5VSvlv7y0xQ==
ACMNAQ76+/f76xGBGIZKKXY/NEjZY3GMdC/xlJ6X/BNBUXFB1NzkQS5I7Vu9F0jf/TjFUWMPHr56esm7z6A6nZqgjeSTV7bK6Qp947PuxonWpt22+gJ/Lnp0fx2MoA//Jlh/fcKMGN2HchJZDlpimZ3p65+1Xr0XrLRT0xNUp6M1+52ctJp2BXd0HxtOV/SBo7TY
0WhaNxa+sXBTBxWH75qYqI8VrqpeWPFKCnQsS35+97u3QSX1US7LJpWMQz+FwNgmd0picYxvgtKFzqQ9l5ewvvLqS4koDCJWjeLaEXML5p7ws86w/M8sBEMtROhViyjsy1twh18C+pnX/87VA+BJSHlc8hJl+QyILdIQ4Ol4K25KjcYJJ1Kc9DVfI+O7vrTb
huGWMDPn21dlvGSt9PV4V73vOUQ294SD+dGJ0XN2wkMjwyWrlTdQr+U43aF7LTbOMjoBaycAgg3iIDV0a7cemqFKNdNbDt65zqbFhuLilx4yNDdNJED3b57YB+16LPANTzJaKSZ6emmF6fPvrX6V52R0G4N79B8zzXslDMz63tW/tNcrJjfssbu0wA==
6gWF9Dj9aSos8fy7KT+XSO7D2JqtgqhXU574gZxyyJ4rQdGKGPCbqP3+CPXytNl8bONjfZCI/ugz5ww28pBxMHKv54FmCFwRFn44FRwiX19M9mGhyBoHmcgpO3hqH2ttJivXKgkeFT7qHGHj/G7x4Fi+nRKL2MYPPueD6MyySQ0L3a+0tM0=
F6AyRXbHNRgRcg6GDbsJ2G+RPVQmfysA9j9AKRNbx5GzejkFWlT5mERulArP4wnj0Yf0V3m4Qdnfn/MGHhptYyMQZtXeYEkszyeaEg0qWZuf/jqB0qbZvgYSU1ZeVJvFoNBTN+KYOzWePPQFIxJ24eLK3hEZaW8XCc7Rr0hU94t/5Htr8bvZ1GhqWl0TVDvjYkeIiae03A==
37cHLpkJtqV/fHQHNSSYWsG3ZkcY5W8WWzoDUUQQeXs60UQcG+hZRgt5wYIY+IuQ2yb4PTJ8aSQMm/P1EABuENM/vH6y2AFoUpf3iWYATCk2JkhdXGrvh6wO8SlIkpfhqHGLsKrXm7UGE8ciCRYFBsrEkSs8pkG4OMYNmgtQVvfePzOgjPo5VSvlv7y0xQ==
6wIRFFg8xobHHQoatr2t3idUabjF1h37wqfbVGnYmHylJ9GgmPQrsy5HfQiLuCOog9hWFxOZ04bXEqVk+kYdmwz54FjQDB2mf8U4BaljWjcMvOmpHcjxX8t/02GrWB6GCzClPjYP9QVMlurN0eCza70cWOJ/BvEEldMiNu1iFClvC3C6umYbvfBwwnIlDqrFy1fm2nh/3kRk8wxgqwF0fC2XaGgDV6AzB/6aPf+TPoE7PMmMcRBiZn1FrGxFfqD0EeTragIBlj3/LnzQnbNTNwPitJ8=
THBjLbM0vYk8y+5QUHhAck/+YkCFgyxQLl9lCfAE2l0PKudxbncHMIHA4b62+Vam9wLaZ2X3YM/1OM1BS2NHb4K6kct3QNItEiAFFDv3znoxykWz684umd6m1aYSIid+QrSnrfQApw+u2PfNKmygrd+y6olWOkqJlenjj52+ZUfU9IsjqzTPE717FewcOo61LzQny5Z3nJGrtNA=
flvuTLehmirbhMXNY5hyu7i1ixOmoFJW4XgeCjZncNTFmoMnSJL0lLUhk9p75XkemGQzDKa5QaHSoNF4fMdLKdDcVkyjY4SiUsQ5dCKLz5VmHHQ1RjpwQby219vcUsn1iE4vvdgtM2xKSyMpdo9/vomKvZq6WCm33Hr55EiatUbLjG6rrmMLfGzmAUlb+YegtNk=
vPJ9QRMpLLxNo+1V22DESGXn4oF9wo7trqiercr9QqRg7LCnNoPjbxZjI/gbbT1yRoxkiteH0dgkoYRAU9jNL+h2N/qjXy2WWDVIJkMKZHrhkqSEoaHS2FHD+LhhQdz0BuGZggxlUCI8pUMpNSPrJuOrMkTNb40sOR+rG0Mg6uIoOamEwSdQL+q9vbTG
xCIK/0hF0RSIW5/wOhHOuGcF+LRg/r3TL6+nH3L7r3iX9dmBgkS4quuP1chA2cgAH2Bpv2z+yxp/l+mmfC1EJk8SQEolWnhkXSlWSPV7tPgtObjkAumlotCtlNLYPc+pubuPVqfjbmTxZ4k83edn24+YTnKssdXknW8UH86lsbTK
ybCyymaSbtQh+IqM3rtmX5drMfZ+Nku2NTyD72Uw2DZXeiQn4h8CQiV+ZO13Z7Cu0toL2Uh8osYtUhrBk/vmjtCDjuCcv6yU452EOLV7KPzrazDXP3J6CXdPDgXjEElYWWyyQgWJjBiNYtAwCYgrfmq9hllHIhxkle/jM1tOtMs=
KawUT8JTG0H1WEgLFzTOHWUF+KVi6LnTL6+nH3L7r3iX9dmHgkS4quuP1chA2cgAH2Bpv2z+yxp/l+mmfC1EJk8SQEolWnhkXSlWSPV7tPgtObjkAumlotCtlNLYPc+pubuPVqfjbmTxZ4k83edn24+YTnKssdXknW8UH86lsbTK
/CyhLTg69m2ePhfEGtPzfpdrN+BiK0u2NTyD72Uw2DZXeiIn4h8CQiV+ZO13Z7Cu0toL2Uh8osYtUhrBk/vmjtCDjuCcv6yU452EOLV7KPzrazDXP3J6CXdPDgXjEElYWWyyQgWJjBiNYtAwCYgrfmq9hllHIhxkle/jM1tOtMs=
H7hKPNCgyv9veiVAkat6o5drNvZwLku2NTyD72Uw2DZXeiEn4h8CQiV+ZO13Z7Cu0toL2Uh8osYtUhrBk/vmjtCDjuCcv6yU452EOLV7KPzrazDXP3J6CXdPDgXjEElYWWyyQgWJjBiNYtAwCYgrfmq9hllHIhxkle/jM1tOtMs=
OrOA/K5httYSRaeMPkKX4Xl0M6ggQCRgaQftDA0vTjz+nEBVVBQr9Y/VeUJtxabcFW8fv7oLt3iPhZEgPdVQasO/zagIiXCA57Chn3SOo1rXBxFGtB1cJlciiKrdytAkNVlOaD2rTHiVafCEGtmNYjg9LHKQTdepoUtH9h9zBiTZV5HcFTffW/fIBlK0QT0kNf9sf4aVqbTS
OdHtl+MgB79hIFV4Q4no0wygxang5NBnvJ70v9NYKDK00f6rovxyydRywLxTwFkt6MPfniXa5CNoVew9Qei0ja83jUOQmJ64c1fsxnIg0UAy/8eRZhh8QVYOmKWc0r/vDKYBscgK50kImVsI6q/Lneb79zoJDjXuKuzBU3wekVCYbn0Di8imX35XYxhMAul9S42PpLTd
fkGCtSKA8CD/URiwg9Ka2gygxang5NBnvJ70v9NYKDK00f6rovxyydRywLxTwFkt6MPfniXa5CNoVew9Qei0ja83jUOQmJ64c1fsxnIg0UAy/8eRZhh8QVYOmKWc0r/vDKYBscgK50kImVsI6q/Lneb79zoJDjXuKuzBU3wekVCYbn0LjsioWn5WYxhMAul9S42PpLTd
kXQNvBtt696JnQ1kMd2GUgygxang5NBnvJ70v9NYKDK00f6rovxyydRywLxTwFkt6MPfniXa5CNoVew9Qei0ja83jUOQmJ64c1fsxnIg0UAy/8eRZhh8QVYOmKWc0r/vDKYBscgK50kImVsI6q/Lneb79zoJDjXuKuzBU3wekVCYbn0BiMijWH5WYxhMAul9S42PpLTd
loqvQ6CRMW+ELRlMsE46Fgygxang5NBnvJ70v9NYKDK00f6rovxyydRywLxTwFkt6MPfniXa5CNoVew9Qei0ja83jUOQmJ64c1fsxnIg0UAy/8eRZhh8QVYOmKWc0r/vDKYBscgK50kImVsI6q/Lneb79zoJDjXuKuzBU3wekVCYbn0KisigW35fYhhMAul9S42PpLTd
ychFdCXRyTdV4+RZlbVPQAygxang5NBnvJ70v9NYKDK00f6rovxyydRywLxTwFkt6MPfniXa5CNoVew9Qei0ja83jUOQmJ64c1fsxnIg0UAy/8eRZhh8QVYOmKWc0r/vDKYBscgK50kImVsI6q/Lneb79zoJDjXuKuzBU3wekVCYbn0BiMigW35fYhhMAul9S42PpLTd
ChubgNw1OPICmloyrGCUDwygxang5NBnvJ70v9NYKDK00f6rovxyydRywLxTwFkt6MPfniXa5CNoVew9Qei0ja83jUOQmJ64c1fsxnIg0UAy/8eRZhh8QVYOmKWc0r/vDKYBscgK50kImVsI6q/Lneb79zoJDjXuKuzBU3wekVCYbn0GjsijW35fYhhMAul9S42PpLTd
CPtyLH2l8Dsiww9mOKT8Vwygxang5NBnvJ70v9NYKDK00f6rovxyydRywLxTwFkt6MPfniXa5CNoVew9Qei0ja83jUOQmJ64c1fsxnIg0UAy/8eRZhh8QVYOmKWc0r/vDKYBscgK50kImVsI6q/Lneb79zoJDjXuKuzBU3wekVCYbn0BjsipW35dYhhMAul9S42PpLTd
6SshMDjMXsmOC5JeQD7cywygxang5NBnvJ70v9NYKDK00f6rovxyydRywLxTwFkt6MPfniXa5CNoVew9Qei0ja83jUOQmJ64c1fsxnIg0UAy/8eRZhh8QVYOmKWc0r/vDKYBscgK50kImVsI6q/Lneb79zoJDjXuKuzBU3wekVCYbn0EjsipW35dYhhMAul9S42PpLTd
lE4trpVXDiCxDePc0nczwi4ahC0439hnhZr9vtbjtnspJb+xL6E3OoUGY8eKJIlV4N3llIazbD9nZU0lpf37NWEbO//cXluaj3c5ZkwNVCZfMnCK9bqI5M2J5gilG8T4HRloJPIJNSJgDcSSqF3fqalbf5Z3Q97kYQf5fI3HVtp/dpqyFhBFZO0PRF/+haG02g==
