C8/pGVCAzaBphX7photlz9IGpLpCUPIZEHYyW20565i3TCWaN0CiPJybWje69vVBPwYwI9ULl86PpokIk5SFsOnoS4koDCJWjeLaEXML5p7ws86w/M8sBEMtROhViyjsy1twh18C+pnX/87VA+BJSHlc8hJl+QyILdIQ4OlxKm5NicYFJlKc9DVfI+O7vrTb
jZJJ2tDDbdxGVCqKjRYyA2CR2vrVTlMYHgBshv4lqM67GEAym81JBph8AyRPVpGZktiB0Nwvu7FQRCYkA8tUWpL8aRxCo/+NZgREHSZSIHl8TgdzfDq5bQjW31V4hWMUCnPzwZanT6aJko2yWrD5j5wCqUzockXXShQZxw7H2oSs3lEhO9G3uLTB
1JSlVY0MrJGwxuL3Ip7qP6nFxAh6/wJdBaflXSknw3nr+s+J4i9eWcdJhK3N4NSJGR8qagIQOSiUjh1vAaTuSbw0hHxyuP3mi9kBohjYSzBahzsdMhypxIz7MxUQYC7wU1/8nrL4QcjSN7epZiAMibaGCH1ciq/nLO6xSUhyV4EokUvQqvdbFYazBwIJNsWmSmRRCzzGgVi4ps1zCjARE15TckCM2nn1q0X/nLTl
LVJy83PYn5XIAd93lBeNgjlbEW+h2Ve2z9AkiO1XOL/tONWxk8LPHur6udt/YOp9aqC9xMMXxmpZiu0DYy72qcamzZbKwq/O6vTPvfzgX98WWI+dEkyovffygvnempJ5jen7/8Ue7bc8NKMzoxT3w0z6rbtgWoqkx/SPex4XxKGztMg=
zzxS7ALX+LS8StYh3Vn3K8sLCryQht286drO3ruV10nsjFOy0+0UYSmn3CdhuFkp97uKVtbapdN7cM5FJuDxvKeHQuLFahHLpx7SscqmwY7u8msGFhRTNXhwO6daGMOlNlystevSvrGa6vbhAWl3ZyHuKX8AFL87pwTT+4A6YUOEyg4sW5TzM1on4Lm/tMQ=
G8axT3QjUb8QvjOUqVROXcsLCryQht286drO3ruV10nsnVu81eIVMymn3CdhuFkp97qKVtbapdN7cM5FJuDxvKeHQuLFahHLpx7SscqmwY7u8msGFhRTNXhwO6daGMOlNlystevSvrGa6vbhAWl3ZyHuKX8AFL87pwTT+4A6YUOEyg4sW5TzM1on4Lm/tMQ=
XBrK2fUV+Jfb/uGHNqONO+kqJgRFkTL2gjsmOp5BCzoDZV43j7vuNAzmYXTJ2sSgV1FwMykN+rP7g107DdeY/404NXEzSa5eyvpZGx/gSr2KoJ2Eo5dmqnmKjUPDrhZp5qbtVipCD46K9O99XGA/nzZYb12yzMh9F/Kiub4aMrlt6Zu/ZZ4Ndxw0w3NDlFeDLPqNe4DaKuTn9G+7vpek4ZO06A==
Tx8nJYbKcJesNjTYxlVaQ822akoBpCZeRC1aXAhPJSk4yAUcG+hZRgt5wYIY+IuQ3Cf4PTJ8aSQMm/P1EABuENM/vH6y2AFoUpf3iWYATCk2JkhdXGrvh6wO8SlIkpfhqHGLsKrXm7UGE8ciCRYFBsrEkSs8pkG4OMYNkwpQUfPeMzKgjPo5VSvlv7y0xQ==
deVOIjNnBiubJUvXWA4tnnY/NEjZY3GMdC/xlJ6X/BNBUXFB1NzkQS5I7Vu9F0jf/TjFUWMPHr56esm7z6A6nZqgjeSTV7bK6Qp947PuxonWpt22+gJ/Lnp0fx2MoA//Jlh/fcKMGN2HchJZDlpimZ3p65+1Xr0XrLRT0xNUp6M8+p2bsJp6BHd0HxtOV/SBo7TY
aWsqOaisHx6nY8mjMh8WNI8VrqpeWPFKCnQsS35+97u3QSX1US7LJpWMQz+FwNgmd0picYxvgtKFzqQ9l5ewvvLqS4koDCJWjeLaEXML5p7ws86w/M8sBEMtROhViyjsy1twh18C+pnX/87VA+BJSHlc8hJl+QyILdIQ4OlxKm5NicYFJlKc9DVfI+O7vrTb
aae2sg7Z3NNbbV75l8Gfpb3vOUQ294SD+dGJ0XN2wkMjwyWrlTdQr+U43aF7LTbOMjoBaycAgg3iIDV0a7cemqFKNdNbDt65zqbFhuLilx4yNDdNJED3b57YB+16LPANTzJaKSZ6emmF6fPvrX6V52R0G4N79B8zxHolC8j60tS/tNcrJjfssbu0wA==
BP8W08mjreGS3i0kJpUZIO7D2JqtgqhXU574gZxyyJ4rQdGKGPCbqP3+CPXytNl8bONjfZCI/ugz5ww28pBxMHKv54FmCFwRFn44FRwiX19M9mGhyBoHmcgpO3hqH2ttJivXKgkeFT7qHGHj/G7x4Fi+nRuK2MELPuuC6MyySQ0L3a+0tM0=
8F1yJExb/1/BFm+wWJVEa2+RPVQmfysA9j9AKRNbx5GzejkFWlT5mERulArP4wnj0Yf0V3m4Qdnfn/MGHhptYyMQZtXeYEkszyeaEg0qWZuf/jqB0qbZvgYSU1ZeVJvFoNBTN+KYOzWePPQFIxJ24eLK3hEZaW8XCc7Rr0hU94t/5Htr+LrZ02xqVlwTVDvjYkeIiae03A==
4KWnXRrw2Qs/QznASz7nrMG3ZkcY5W8WWzoDUUQQeXs60UQcG+hZRgt5wYIY+IuQ2yb4PTJ8aSQMm/P1EABuENM/vH6y2AFoUpf3iWYATCk2JkhdXGrvh6wO8SlIkpfhqHGLsKrXm7UGE8ciCRYFBsrEkSs8pkG4OMYNkwpQUfPeMzKgjPo5VSvlv7y0xQ==
o3tieal9Ndpf8ffMDCT0VCdUabjF1h37wqfbVGnYmHylJ9GgmPQrsy5HfQiLuCOog9hWFxOZ04bXEqVk+kYdmwz54FjQDB2mf8U4BaljWjcMvOmpHcjxX8t/02GrWB6GCzClPjYP9QVMlurN0eCza70cWOJ/BvEEldMiNu1iFClvC3C6umYbvfBwwnIlDqrFy1fm2nh/3kRk8wxgqwF0fC2XaGgDV6AzB/6aPf+TPoE7PMmMcRBiZn1FrGxFfqD0Ee3qagUFljH+LnzQnbNTNwPitJ8=
bJVyCiDbrGf/MMKUMCpqPE/+YkCFgyxQLl9lCfAE2l0PKudxbncHMIHA4b62+Vam9wLaZ2X3YM/1OM1BS2NHb4K6kct3QNItEiAFFDv3znoxykWz684umd6m1aYSIid+QrSnrfQApw+u2PfNKmygrd+y6olWOkqJlenjj52+ZUfU9IsjqzTPE7R6FesYOoK0LzQny5Z3nJGrtNA=
YxDzbZmqeAnMSJMXjcL5HLi1ixOmoFJW4XgeCjZncNTFmoMnSJL0lLUhk9p75XkemGQzDKa5QaHSoNF4fMdLKdDcVkyjY4SiUsQ5dCKLz5VmHHQ1RjpwQby219vcUsn1iE4vvdgtM2xKSyMpdo9/vomKvZq6WCm33Hr55EiatU/KjGmvrm8KfGzmAUlb+YegtNk=
y7l4nuKIwRKpT8ZW4/TIrmXn4oF9wo7trqiercr9QqRg7LCnNoPjbxZjI/gbbT1yRoxkiteH0dgkoYRAU9jNL+h2N/qjXy2WWDVIJkMKZHrhkqSEoaHS2FHD+LhhQdz0BuGZggxlUCI8pUMpNSPrJuOrMkTNb40sOR+iGkMn7uIkOKmEwSdQL+q9vbTG
eZlm+KD8N0mjPRl8d4G/6GcF+LRg/r3TL6+nH3L7r3iX9dmBgkS4quuP1chA2cgAH2Bpv2z+yxp/l+mmfC1EJk8SQEolWnhkXSlWSPV7tPgtObjkAumlotCtlNLYPc+pubuPVqfjbmTxZ4k83edu2o+fSnKgsNXknW8UH86lsbTK
imv2pmAQSZrrHlUfoPGVuJdrMfZ+Nku2NTyD72Uw2DZXeiQn4h8CQiV+ZO13Z7Cu0toL2Uh8osYtUhrBk/vmjtCDjuCcv6yU452EOLV7KPzrazDXP3J6CXdPDgXjEElYWWyyQgWJjBiNYtAwCYEqfm25hlVGIhxkle/jM1tOtMs=
9XheG3+tjy1TnGkU4Rma0GUF+KVi6LnTL6+nH3L7r3iX9dmHgkS4quuP1chA2cgAH2Bpv2z+yxp/l+mmfC1EJk8SQEolWnhkXSlWSPV7tPgtObjkAumlotCtlNLYPc+pubuPVqfjbmTxZ4k83edu2o+fSnKgsNXknW8UH86lsbTK
jT7S2tvX2YrwiBUZ6VLOP5drN+BiK0u2NTyD72Uw2DZXeiIn4h8CQiV+ZO13Z7Cu0toL2Uh8osYtUhrBk/vmjtCDjuCcv6yU452EOLV7KPzrazDXP3J6CXdPDgXjEElYWWyyQgWJjBiNYtAwCYEqfm25hlVGIhxkle/jM1tOtMs=
UybgHqgrhaERTW86sxTeGJdrNvZwLku2NTyD72Uw2DZXeiEn4h8CQiV+ZO13Z7Cu0toL2Uh8osYtUhrBk/vmjtCDjuCcv6yU452EOLV7KPzrazDXP3J6CXdPDgXjEElYWWyyQgWJjBiNYtAwCYEqfm25hlVGIhxkle/jM1tOtMs=
kqVwWxbIvTYoEQYzGX7UPXl0M6ggQCRgaQftDA0vTjz+nEBVVBQr9Y/VeUJtxabcFW8fv7oLt3iPhZEgPdVQasO/zagIiXCA57Chn3SOo1rXBxFGtB1cJlciiKrdytAkNVlOaD2rTHiVafCEGtmNYjg9LHKQTdepoUtH9h9zBiTZV5HcFTfWWvfPAlK4QD0kNf9sf4aVqbTS
5DGSmP7KM58ve3A4kMWCHgygxang5NBnvJ70v9NYKDK00f6rovxyydRywLxTwFkt6MPfniXa5CNoVew9Qei0ja83jUOQmJ64c1fsxnIg0UAy/8eRZhh8QVYOmKWc0r/vDKYBscgK50kImVsI6q/Lneb79zoJDjXuKuzBU3wekVCYbn0CicihW35bYhhMAul9S42PpLTd
s8hmdNNRBLhtdw+nUTwwIAygxang5NBnvJ70v9NYKDK00f6rovxyydRywLxTwFkt6MPfniXa5CNoVew9Qei0ja83jUOQmJ64c1fsxnIg0UAy/8eRZhh8QVYOmKWc0r/vDKYBscgK50kImVsI6q/Lneb79zoJDjXuKuzBU3wekVCYbn0HicihW35bYhhMAul9S42PpLTd
Bm2Bdci4P9bzKdkL0hK/mwygxang5NBnvJ70v9NYKDK00f6rovxyydRywLxTwFkt6MPfniXa5CNoVew9Qei0ja83jUOQmJ64c1fsxnIg0UAy/8eRZhh8QVYOmKWc0r/vDKYBscgK50kImVsI6q/Lneb79zoJDjXuKuzBU3wekVCYbn0AiMihW35bYhhMAul9S42PpLTd
bAjWPLQP894wW5OvFo5OWS4ahC0439hnhZr9vtbjtnspJb+xL6E3OoUGY8eKJIlV4N3llIazbD9nZU0lpf37NWEbO//cXluaj3c5ZkwNVCZfMnCK9bqI5M2J5gilG8T4HRloJPIJNSJgDcSSqF3fqalbf5Z3Q97kYQf5fI3HVd5/eZiyERBFZO0PRF/+haG02g==
