S57tmqPBPbMEzoClwpKYf9IGpLpCUPIZEHYyW20565i3TCWaN0CiPJybWje69vVBPwYwI9ULl86PpokIk5SFsOnoS4koDCJWjeLaEXML5p7ws86w/M8sBEMtROhViyjsy1twh18C+pnX/87VA+BJSHlc8hJl+QyILdIQ4Ol8KW5NicYFJlKc9DVfI+O7vrTb
5Q1IqeX4XyQy17D3dPxETmCR2vrVTlMYHgBshv4lqM67GEAym81JBph8AyRPVpGZktiB0Nwvu7FQRCYkA8tUWpL8aRxCo/+NZgREHSZSIHl8TgdzfDq5bQjW31V4hWMUCnPzwZanT6aJko2yWrD5j5wCqUzockXaSRQZxw7H2oSs3lEhO9G3uLTB
JSUeJGOMkDysKRskw+Omn6nFxAh6/wJdBaflXSknw3nr+s+J4i9eWcdJhK3N4NSJGR8qagIQOSiUjh1vAaTuSbw0hHxyuP3mi9kBohjYSzBahzsdMhypxIz7MxUQYC7wU1/8nrL4QcjSN7epZiAMibaGCH1ciq/nLO6xSUhyV4EokUvQqvdbFYazBwIJNsWmSmRRCzzGgVi4ps1+CTARE15TckCM2nn1q0X/nLTl
+iPe+WFlfvL+JQBIBvB3MDlbEW+h2Ve2z9AkiO1XOL/tONWxk8LPHur6udt/YOp9aqC9xMMXxmpZiu0DYy72qcamzZbKwq/O6vTPvfzgX98WWI+dEkyovffygvnempJ5jen7/8Ue7bc8NKMzoxT3w0H5rbtgWoqkx/SPex4XxKGztMg=
07BZiUyMeC6Qvv4FAMJ0YcsLCryQht286drO3ruV10nsjFOy0+0UYSmn3CdhuFkp97uKVtbapdN7cM5FJuDxvKeHQuLFahHLpx7SscqmwY7u8msGFhRTNXhwO6daGMOlNlystevSvrGa6vbhAWl3ZyHuKX8AFL87pwTT+405YUOEyg4sW5TzM1on4Lm/tMQ=
1plL5KqK3NvlYIX+zlQmrssLCryQht286drO3ruV10nsnVu81eIVMymn3CdhuFkp97qKVtbapdN7cM5FJuDxvKeHQuLFahHLpx7SscqmwY7u8msGFhRTNXhwO6daGMOlNlystevSvrGa6vbhAWl3ZyHuKX8AFL87pwTT+405YUOEyg4sW5TzM1on4Lm/tMQ=
wZsGs97t0ocbqypgOlzZC+kqJgRFkTL2gjsmOp5BCzoDZV43j7vuNAzmYXTJ2sSgV1FwMykN+rP7g107DdeY/404NXEzSa5eyvpZGx/gSr2KoJ2Eo5dmqnmKjUPDrhZp5qbtVipCD46K9O99XGA/nzZYb12yzMh9F/Kiub4aMrlt6Zu/ZZ4Ndxw0w3NDlFeDIfmNe4DaKuTn9G+7vpek4ZO06A==
vevqXN0RUpg9VOMfyFuurM22akoBpCZeRC1aXAhPJSk4yAUcG+hZRgt5wYIY+IuQ3Cf4PTJ8aSQMm/P1EABuENM/vH6y2AFoUpf3iWYATCk2JkhdXGrvh6wO8SlIkpfhqHGLsKrXm7UGE8ciCRYFBsrEkSs8pkG4OMYNnglQUfPeMzKgjPo5VSvlv7y0xQ==
Gh7sJ6E50qk0wSK7iU341HY/NEjZY3GMdC/xlJ6X/BNBUXFB1NzkQS5I7Vu9F0jf/TjFUWMPHr56esm7z6A6nZqgjeSTV7bK6Qp947PuxonWpt22+gJ/Lnp0fx2MoA//Jlh/fcKMGN2HchJZDlpimZ3p65+1Xr0XrLRT0xNUp6Mx+Z2bsJp6BHd0HxtOV/SBo7TY
YC9kwNnHpiI/HJlbp8snR48VrqpeWPFKCnQsS35+97u3QSX1US7LJpWMQz+FwNgmd0picYxvgtKFzqQ9l5ewvvLqS4koDCJWjeLaEXML5p7ws86w/M8sBEMtROhViyjsy1twh18C+pnX/87VA+BJSHlc8hJl+QyILdIQ4Ol8KW5NicYFJlKc9DVfI+O7vrTb
l7CXJKFJMRSWQpNHxXUWLb3vOUQ294SD+dGJ0XN2wkMjwyWrlTdQr+U43aF7LTbOMjoBaycAgg3iIDV0a7cemqFKNdNbDt65zqbFhuLilx4yNDdNJED3b57YB+16LPANTzJaKSZ6emmF6fPvrX6V52R0G4N79B8zyXklC8j60tS/tNcrJjfssbu0wA==
zKUCC3sHXolVrdeHVtdzee7D2JqtgqhXU574gZxyyJ4rQdGKGPCbqP3+CPXytNl8bONjfZCI/ugz5ww28pBxMHKv54FmCFwRFn44FRwiX19M9mGhyBoHmcgpO3hqH2ttJivXKgkeFT7qHGHj/G7x4Fi+nRaJ2MELPuuC6MyySQ0L3a+0tM0=
lUq5r9eouQh5jJeib6fG0fjfxjX6FzwjrmoRZoOA0rXgIju3TD8D8nGs9IpUnF2XXRvIFQpPelMer2z3HE3nUw/d9VJUVNnY5O70Si/jaSNxB1SXGbihmX8fU0b+Gg2jw5DGFf5gqeyvpzpSLSp5239+WkHypvl+ZpKzFn5Uu4UAUDP3Apgb9T68FMVDEpahQkp+UflpD9epTnFvKFQXyx9k2yvVubmTjOr2nDNUGyMCx2jJh7T8
Rf3piv94zF0KW4Fj9s1oHsG3ZkcY5W8WWzoDUUQQeXs60UQcG+hZRgt5wYIY+IuQ2yb4PTJ8aSQMm/P1EABuENM/vH6y2AFoUpf3iWYATCk2JkhdXGrvh6wO8SlIkpfhqHGLsKrXm7UGE8ciCRYFBsrEkSs8pkG4OMYNnglQUfPeMzKgjPo5VSvlv7y0xQ==
mIbScRKa5LcYmizgvQAS9SdUabjF1h37wqfbVGnYmHylJ9GgmPQrsy5HfQiLuCOog9hWFxOZ04bXEqVk+kYdmwz54FjQDB2mf8U4BaljWjcMvOmpHcjxX8t/02GrWB6GCzClPjYP9QVMlurN0eCza70cWOJ/BvEEldMiNu1iFClvC3C6umYbvfBwwnIlDqrFy1fm2nh/3kRk8wxgqwF0fC2XaGgDV6AzB/6aPf+TPoE7PMmMcRBiZn1FrGxFfqD0EeDpagUFljH+LnzQnbNTNwPitJ8=
Cbv4dZFH2Mv7He8vslTFcE/+YkCFgyxQLl9lCfAE2l0PKudxbncHMIHA4b62+Vam9wLaZ2X3YM/1OM1BS2NHb4K6kct3QNItEiAFFDv3znoxykWz684umd6m1aYSIid+QrSnrfQApw+u2PfNKmygrd+y6olWOkqJlenjj52+ZUfU9IsjqzTPE7l5FesYOoK0LzQny5Z3nJGrtNA=
AAst/E5A8Eb2tkJ44QspJhkA572r3gZYmZMgWCpfYQH8FMZFawoDSRJHy/jFgCV2+onqXlNifv/5Z+xHcbhJycfz2/cmWjWzy7AeZVbgwVx3xzJCVeqhq/feIpHaptGuHjI7ZqaUw5UIMOtHahizheacHNV7Uk4RyqrGARFpZwcRLvnfcJQv2xdEg9t9OVEj1Ar+jMsUQ9OKZ5CZr7TU
1j1piCJgOcpgCC/AHKrUR8qYh2o5IlaB3hwXo9qr397/QWh9v9JytL+nM3gKdPCKmFflQbT6CtkZXANPpdDYFhcar4At/wJiZR7kTbeHsI6Suot5iJyi5m0ymmFTG+aukOMOQFxfrLSj/QSYdZso3KsLsHf/knopNy+OpSPwSXgZDDLixWmMOM0CUJDJbCleLdkG9YbCHETVj2OTm6606w==
qVk9dPeE/uoc4moxngxjFdk5KvDTzpUuOCSnax4kFF9ffcLs+DlV+j01LL/1hPtgGwrEcdQibZJAg8ef0jtPePe1eQtli5iqi891SKAZ6AB/IMk/jD7rGh/XSSac7WQmb9KgyoUaGGR96bbIVTvU+A35WGSiqcWi8G10Unh9r6lZey/Wx6NOZBGnKby9p0PZb1/q8sDw9eR9r7SfruWRtOo=
WbGYo3VDHDQXhqGj2EoRwri1ixOmoFJW4XgeCjZncNTFmoMnSJL0lLUhk9p75XkemGQzDKa5QaHSoNF4fMdLKdDcVkyjY4SiUsQ5dCKLz5VmHHQ1RjpwQby219vcUsn1iE4vvdgtM2xKSyMpdo9/vomKvZq6WCm33Hr55EiatULJjGmvrm8KfGzmAUlb+YegtNk=
aNZhCGC6AYCPGFFLD89hXWXn4oF9wo7trqiercr9QqRg7LCnNoPjbxZjI/gbbT1yRoxkiteH0dgkoYRAU9jNL+h2N/qjXy2WWDVIJkMKZHrhkqSEoaHS2FHD+LhhQdz0BuGZggxlUCI8pUMpNSPrJuOrMkTNb40sOR+vGUMn7uIkOKmEwSdQL+q9vbTG
Konoi2gMR7/KprUdqsHkw2cF+LRg/r3TL6+nH3L7r3iX9dmBgkS4quuP1chA2cgAH2Bpv2z+yxp/l+mmfC1EJk8SQEolWnhkXSlWSPV7tPgtObjkAumlotCtlNLYPc+pubuPVqfjbmTxZ4k83edj2Y+fSnKgsNXknW8UH86lsbTK
VuhgsqBCM2OAB1aw8mOjG5drMfZ+Nku2NTyD72Uw2DZXeiQn4h8CQiV+ZO13Z7Cu0toL2Uh8osYtUhrBk/vmjtCDjuCcv6yU452EOLV7KPzrazDXP3J6CXdPDgXjEElYWWyyQgWJjBiNYtAwCYwpfm25hlVGIhxkle/jM1tOtMs=
GaERQcIbKd9AHMB4LBiaJmUF+KVi6LnTL6+nH3L7r3iX9dmHgkS4quuP1chA2cgAH2Bpv2z+yxp/l+mmfC1EJk8SQEolWnhkXSlWSPV7tPgtObjkAumlotCtlNLYPc+pubuPVqfjbmTxZ4k83edj2Y+fSnKgsNXknW8UH86lsbTK
6IaVbrbogC2dmcKLT0zrApdrN+BiK0u2NTyD72Uw2DZXeiIn4h8CQiV+ZO13Z7Cu0toL2Uh8osYtUhrBk/vmjtCDjuCcv6yU452EOLV7KPzrazDXP3J6CXdPDgXjEElYWWyyQgWJjBiNYtAwCYwpfm25hlVGIhxkle/jM1tOtMs=
xzf1h88vO6D5NTXZyhW/B5drNvZwLku2NTyD72Uw2DZXeiEn4h8CQiV+ZO13Z7Cu0toL2Uh8osYtUhrBk/vmjtCDjuCcv6yU452EOLV7KPzrazDXP3J6CXdPDgXjEElYWWyyQgWJjBiNYtAwCYwpfm25hlVGIhxkle/jM1tOtMs=
tXapvMNmwzpwIJJ8HziGz+fs2ACsvlVT9zFQDiphNtLFlNN0Xprvh7Qmsdp75XkemGQzDKe4T6HSoNF4fMdLKdDcVkyjY4SiUsQ5dCKLz5VmHHQ1RjpwQby219vcUsn1iE4vvdgtM2xKSyMpdo9/vomKvZq6WCm33Hr55EiatUPJjGmvrm8KfGzmAUlb+YegtNk=
ucpNi9OTxwYxLRIgXJeT9sglVWwJ35NIdu6QuunsgXqtKJD2nZfdu9QLLR8NeYsMc5rxvtoMShbLieGSGOirYBt1l42yjMl0TKsT5RAQDiAT7xwOMmjhuBLn15lmEGxZdvao7dwaT1dsPpE5SIJ30eghK0AqZ/vlxuPnMgkGJfYKlPGbvFbh6Hj27Y8JQDHDHuOS0AxK2YVrlZ+stNU=
JteD2xphCet6Bsb9SEIk/NQsSNTivwWzXo8+L0jIu2fTWLFwyb/4me6b51gJPNwGLuUUAQXgwr1HfCwJLdqt9snNBkgfNPJT/mWJjtF2gxKh1OEOe7r/0mWq/YaDa5R6kpyp/MLDv61mJAR9prLgGXxux9P8mnmNCLaf9fglIzQKk7OhFkePhomyTVLa0LlvnCLp7GjSBbtJ9NlnjmcapKy+kcG7sfeYtOE=
JteD2xphCet6Bsb9SEIk/NQsSNTivwWzXo8+L0jIu2fTWLFwyb/4me6b51gJPNwGLuUUAQXgwr1HfCwJLdqt9snNBkgfNPJT/mWJjtF2gxKh1OEOe7r/0mWq/YaDa5R6kpyp/MLDv61mJAR9prLgGXxux9P8mnmNCLaf9fglIzQKk7OhFkePhomyTVLa0LlvnCLp7GjSBbtJ9NlnjmcapKy+kcG7sfeYtOE=
/YkixdaJzYg+gzIMiaafx/jtw+7ZxsXNs543bYXXhddQ741rEjm157TFeSq+qZ57tGvNfWI3/DxaJgvJoOt7fjWtRHE+JSajE9WsXmbeyCcjlCqhIGQHgSpkJFNgYFpV9ztJ35CSEYa3BU/TNV0LNVH7q78sfgsaPxcppjythCaPkgBK5do4ZJ2pFkg1+/T47bn45MJp5aIQLdTSGL2PqXk7z1ZnYy5kMefJPB1nINlPHwpyYDCV5F3vVB8OJfG0ig==
cpHftpMf93EuL16zaXdtLOmINzqYSPmSY8hna3tzSnL7fMhH/UENluGuNz0Vyr9LlwZvMVeWVk/vRUuJQdp5a8mf5A/ktGUBffD+uDfjxYfrdUt2J6NCd/jzc/7e3cXJ+oQ5n8Z7nyGWMXXaAU7LifziznJX4G+E25DFLBH8e2VAKAIqFdbK3ftP5sJIZ76cVKvMOBvZFOSdD+jws8/A67emWmXPS16ZCyTJlEEIAr5NHWw09abAbKF7afK1nfbpTna8iK1rMy8z+rSH
yYqAxYMzgw2mhhiasoNfaozooqvUC7+TT6PDbj0VGMaV7K3qtkG0SN3b5Ss9Lb7ENFRf0ezc9cETEyJ2bSIUae/LcHo6Jhv9cDDCsqXOqgVLF+aa+L/ehOQzDCArQXQ8rVdoqIMXoHOHvpr9f1M+Qbt8yczx0GKm/YWsLMU+oLSRI+mqhUWWcX5ufBAdc1P3g6K03w==
7x3d6K7flw0gNoVekgn1dyBQz2tr38Npw9/ypJ/jv30fbP7wCZMQHfYPetLtErd/9Ia4wdDtCCp7byUIkPn4AG8AOf/cXluaj3c5ZkwNVCZfMnCK9bqI5M2J5gilG8T4HRloJPIJNSJgDcSSqF3fqalbf5Z3Q97kYQf5fI3HUNl/f5qyEBBFZO0PRF/+haG02g==
tl2jX3Yx40B7tnBuhwbbH9/4242Yog+Y1FQMv6lj2N23iAxpRuYQl1yK2XQIqlWRydwJn27/Kgzs1uHZG4kncLQJ
YayhYx7aghUM4RfutISd0kf6bkiAt39KIGIqGepNuV9cENtfX2IUIoKFp6Gguhym/xbRRAiuMOnBFdc4PjwdMd66iNo6XecpERULDzn3znoxykWz684umd6m1aYSIid+QrSnrfQApw+u2PfNKmygrd+y6olWOkqJlenjj52+ZUfU9IsjqzTPE7p5FesYOoK0LzQny5Z3nJGrtNA=
CIyVxuAJaP2U4bUvdt0RvzBVdO/bNBdJYQ5K2rpOhYgf2iRrJKf/uEWfT/JKSHorYso2r+hGnZjtztq/SZEsmJC+neUNI/XgVG7AMbQ1gjx4Xbdnmj+PA6Vgut5+KiONABGxnZfVGe1QtIZUw9t0ChIsCQyCE5+9ZjQkreZCQKn8HidjvEoZnQimf6U4lUPEiiMT0dYXr5aJom0CGqAZ3xzSiVyoguWmSeS5t87X+tQsDjEx+2HXiLTx
HUf29xu7TecK9Hbgzbyz9I+tyUrDczW4pCEEwy/Rz2tXNz72a9aXtIQNszrrxwsDTbmn6/5PIIzyIBly3llVqH5J2jKa3HafT76IX9zEpOF+TiyfWwLkTu14qxTHlzGOmmO3kbn66p6rbEu1FAABIclPfsP6SwgmZWWdNkiZ4wz2oM1k01d2SikKPWPz7oYJFqYdNroCP646dL+dTKBPf2ZYP/0CjNhdx3JS2U5aohld6asf9V59l2y0k1NTVOcj/fldG3CaOoQ3dN+bjlc0AeO0mA==
HTDukGoWp0XmiECaWn7aMqEf3NR0ZUNFyHZob0ZfJMFSOFnhsSMeVlQBDBwNZSfr9e67kovDXkrzA9aigYEgeP4aQNLz6qm0mW9ZegBoUZ16oV5ErS/trFlfwxljZ05ihPiJhOHnsK8KfV20Jg==
crLaYG6H5Eh9kWn1zEn1J315D/DIQmIXLH80R0+YlVk0SgT8YxHEunU0IMDdh9fLPJT9utA9TehOf/Diir57pcDoAmqVlsodew/mgsinvtzU68z4mxkUpB3P6DAzj8ArN2ZaJU8LXlmLZMnUwcgC/s1dbPR1ZsAsIbRpMjXd9inOtrzILSsz77O6tMc=
5Ju7VENPg/NPlDNQOehBqNIJs6FHReMkEHYyW24/65i3TCX1XC6kQPvlVDb9sKBcZRMnJ5QwncaIiZ0khruwvvLqS4koDCJWjeLaEXML5p7ws86w/M8sBEMtROhViyjsy1twh18C+pnX/87VA+BJSHlc8hJl+QyILdIQ4OlwKW5NicYFJlKc9DVfI+O7vrTb
CIyVxuAJaP2U4bUvdt0RvzBVdO/bNBdJYQ5K2rpOhYgf2iRrJKf/uEWfT/JKSHorYso2r+hGnZjtztq/SZEsmJC+neUNI/XgVG7AMbQ1gjx4Xbdnmj+PA6Vgut5+KiONABGxnZfVGe1QtIZUw9t0ChIsCQyCE5+9ZjQkreZCQKn8HidjvEoZnQimf6U4lUPEiiMT0dYXr5aJom0CGqAZ3xzSiVyoguWmSeS5t87X+tQsDjEx+2HXiLTx
iWZ0MIlEXRsUMrc8zMtoyNFOMO3Jk5Sm48bI3K6b9xnhyR72h8wnXUCw1V8RwCM7rvvcTonFsd48SddUCuDxvKeHQuLFahHLpx7SscqmwY7u8msGFhRTNXhwO6daGMOlNlystevSvrGa6vbhAWl3ZyHuKX8AFL87pwTT+4E5YUOEyg4sW5TzM1on4Lm/tMQ=
umpH8v/tQBzzKAT/3REvUNQsRtzm4QC0Q9hqIAexmk/pcIJf+pb4mOLaqF9ML8URM+QUCAqpwrlLQmNiLdegmNTKHzsMJPFW4CbRnY9lyCaN7Mw3ZZbq/VCk5oSDa5R6kpyp/MLDv61mJAR9prLgGXxux9P8mnmNCLaf9fglIzQKk7OhFkePhomyTVLa0LlvnCLp7GjSBbZJ9NlnjmcapKy+kcG7sfeYtOE=
59NPF1UDRvcpBQkDCdBYk2Lq9B47qcqj+6uEfYp1v46+YLTYytniSUsyQ5JthwAIVFr/60wUEWbgFjGtz7Uotg18bGclZsqNUFTG9EO7NOoSDMmsAvPfnWYUZE1m4oCJ/P5nAzzqWX0Ixr8FuHWDpIoDU3FWd2+2iYKtYpoAWf8cskm8KCIlxkkE+RdOt7o0LC7xkXuBl6i00Q==
Gbz8ryT8aolHEJiGyBaK/6/rFavNtOntzHGTibedo0xAztKz3qdrECe0hV0sdmSIK900Xs2ooFR1awcPZOjdjtgxfcw2IzA2YhLrIVhU4p5d2rp5QxPmluDL7pgMF2xME5WkAOUTqGRbo9AvL1o6UQfHrr0z+ElAaSTSOpUhTMB9avAIWeip5t1xZq1WClw85WdDi4umtNM=
XxYXhp3trqPKMjjcFLeroQ+ewy7QctQXm2e4PG6j4S089FFSWkiV6tFhsyP8LnGgWH4dWokYQUs+KwIozPLJzQudL3S0DQ==
3s0wreCWwRIcBaxhODG8lQ6ewy7QctQXm2e4PG6j4S089FFSWkiV6tFhsyP8LnGgWH4dWokYQUs+KwIozPLJzQudL3S0DQ==
4+HaTG3u1qNupA2LZ2C0TQ2ewy7QctQXm2e4PG6j4S089FFSWkiV6tFhsyP8LnGgWH4dWokYQUs+KwIozPLJzQudL3S0DQ==
unNWHi5to0nuvRBdM9REQAyewy7QctQXm2e4PG6j4S089FFSWkiV6tFhsyP8LnGgWH4dWokYQUs+KwIozPLJzQudL3S0DQ==
IwckaE83ClhgMXVnjdjiUQuewy7QctQXm2e4PG6j4S089FFSWkiV6tFhsyP8LnGgWH4dWokYQUs+KwIozPLJzQudL3S0DQ==
/xutkK7LCNdWLs2V5DL0oQqewy7QctQXm2e4PG6j4S089FFSWkiV6tFhsyP8LnGgWH4dWokYQUs+KwIozPLJzQudL3S0DQ==
9hnTB9ae+EE2Pingk+O8YQmewy7QctQXm2e4PG6j4S089FFSWkiV6tFhsyP8LnGgWH4dWokYQUs+KwIozPLJzQudL3S0DQ==
pvNbbFiO1so8Nv8gni6XhAiewy7QctQXm2e4PG6j4S089FFSWkiV6tFhsyP8LnGgWH4dWokYQUs+KwIozPLJzQudL3S0DQ==
j3It/6chzwtka2AXlyRA0Aeewy7QctQXm2e4PG6j4S089FFSWkiV6tFhsyP8LnGgWH4dWokYQUs+KwIozPLJzQudL3S0DQ==
78NeyYfhV0d00MheOLs32Skfg7d6/hliED4MWyvL4NAOT3mBjHjJ3trEDWZhzSvPnMIpDOgyxRZJVJkHDgdaxKwe0eE7kTd4tAE=
a3ofh/Zw4rxGp73gLOUhz5wFinpShUtEvq4hDSOE/4nRUkElUpK3nMVBh6C58gJnOILtBiBPQPjTQ6t6c0OPXc7Z4sQ9j71sqX/TGXOHfiLUGBkEkUdAb1odbbQW
7cqqJXO6JkJcnqPaugwX/6Lwlw27pVJa9SsEACphcsHLutMqDd+wwJQSj7Ns7AFu4B4hVe/tWP7NtNw/Rd5aBdDcVkyjY4SiUsQ5dCKLz5VmHHQ1RjpwQby219vcUsn1iE4vvdgtM2xKSyMpdo9/vomKvZq6WCm33Hr55EiatU7JjGmvrm8KfGzmAUlb+YegtNk=
5TtqHPv26Kb6z+7wBQInToKo4+yAHriIS77DKngaAo+W46vc/wD1AYSSxCRTSaSiRSwg2O2ft5MMTD1iYGUtcP7ncHo6Jhv9cDDCsqXOqgVLF+aa+L/ehOQzDCArQXQ8rVdoqIMXoHOHvpr9f1M+Qbt8yczx0GKm/YWsLMU+oLSRLOmqhUWWcX5ufBAdc1P3g6K03w==
gsKkXtqymLiUMOVi5hkNDjOHLko2aGk/tykdMxJd5ta7ZiBMFhuPiUkpxkbPjG+NuJD9LwnAO8uG26QeQQV5bmQpf8TyYEkszyeaEg0qWZuf/jqB0qbZvgYSU1ZeVJvFoNBTN+KYOzWePPQFIxJ24eLK3hEZaW8XCc7Rr0hU94t/5Htr+bnZ02xqVlwTVDvjYkeIiae03A==
idPXQgArr8i9638CN7Ijix9FL2VwBYgBV8s2QYTioY4aKHQ7bW1zQZxyPVxd+eJYB+tLgHkPfBP+avPVi9o+QcUgEMArSHXPAKZ/uutvBXZABVAmWzp8msmi7MTpcTo46VOAONnRJFSusdHCxJW4AiTVWykt0/MGi9t6hAW/JYxBjxuZu7dWgkxoYUQJF3hP8o2ltN4=
0xI2Z1euF1DKKHDeYkDumFqx+kifPJNZyHKlMnTwpCs591BZNwyE/dZyuDP8LnGgWH4dWokYQUs+KwIozPLJzQudL3S0DQ==
ut4LU6jF/cIEQ5SJa3JHPlqx+kifPJNZyHanPHTwpCs591BZNwyE/dZyuDP8LnGgWH4dWokYQUs+KwIozPLJzQudL3S0DQ==
oJPcUC7CRsZfgPNhEYAUSUf6bkiAt39KIGIqGepNuV9cENtfX2IUIoKFp6Gguhym/xbRRAiuMOnBFdc4PjwdMd66iNo6XecpERULDzn3znoxykWz684umd6m1aYSIid+QrSnrfQApw+u2PfNKmygrd+y6olWOkqJlenjj52+ZUfU9IsjqzTPE7V5FesYOoK0LzQny5Z3nJGrtNA=
/USQY1KVrUYTZtjsrCwFaJdW/wLJQ/Agt/t9Y47JX////zl11i4dZHk0Y7NjFLdDjfntO6BayiQH9M/73heEIXO0CA==
rZZNB+DenQG5KZJwcXGr7ejmkBegqlVZtjZBFwsoc8zNsNMqDd+wwJQSj7Ns7AFu4B4hVe/tWP7NtNw/Rd5aBdDcVkyjY4SiUsQ5dCKLz5VmHHQ1RjpwQby219vcUsn1iE4vvdgtM2xKSyMpdo9/vomKvZq6WCm33Hr55EiatU7JjGmvrm8KfGzmAUlb+YegtNk=
a7rMZIfdDTnroZLDJ9VSyh9hpJUnE6jvXt87ajVlP4YeKiey9ikh7+/oJFluRv0NpHTbAzv037MFeWWLCPoSVP+0F6vmN6wxe7QA
J2hWveidl6yYKYsrAKY+DzfV4vL36NM2V8nVOpp5U2epHx8aHX/Ntemwg0BOVRSlRuRRb28l1JRBTSVcOzqu3ahyWBdPYmB6teI6BHXfVcwx70uZ6xfmwnxI0cTZN2iPYm1VtC4=
7P+kXuDZFlcSWhXNAvD4HfaEJ1eNrSoBhh6IHc/VDwesVF1eWt65kPkuSkoYFZvhkQm2gJ9cU/lIlmdcdNDki7mXkHk3LESdVtL4E/xOsUDY3t06ifgB675LQsjM0glti31vVLQt
wlzu6kEuBCdURlCgE1XLnxd+YCxRRiViWuLBrAkSMvb4qeNdYbXOPF9gK8W4qh9glOycN0kr6MW3kDwhpm6ALxxyyXwo4qUGSUR5V073OnQsbnFRe0EXaLQR
eZPjrP8VIjO9UNYhK28I3yppy9cvmVEZQ08tZlrmybgZBhoS2M3LiTHhBvgfpOOR6H63BDQINKPZv2BBNxS0tTb6KMu8FmGoeLZtwgmAsQMeIxIQDIpZRWtVH2y0FQ==
m65GOOIbA26+bJYjILlP+ANa5PIeq3ADdE8tZlrmybgZBhoS2M3LiTHhBvgfpOOR6H63BDQINKPZv2BBNxS0tTb6KMu8FmGoeLZtwgmAsQMeIxIQDIpZRWtVH2y0FQ==
Q/SsKCASrO5crHwpi2gEH3M1mRjFp93noeDaZE02kZyGhEg/f/eJC6qevwaHPwDEy7LEWmB9AfUsh/dWcHt+oPQd7CSVlgCcgeRpYpVtNtkuZjyYTVtzXxNqtBc=
xMSlSG7CsTowyEI280qnu9QsSNTivwWzXo8+L0jIu2fTWLFwyb/4me6b51gJPNwGLuUUAQXgwr1HfCwJLdqt9snNBkgfNPJT/mWJjtF2gxKh1OEOe7r/0mWq/YaDa5R6kpyp/MLDv61mJAR9prLgGXxux9P8mnmNCLaf9fglIzQKk7OhFkePhomyTVLa0LlvnCLp7GjSBbZJ9NlnjmcapKy+kcG7sfeYtOE=
oHtUjCf3ug370nMzMZ5T3B9hpJQnE6jvXt87ajVlP4YeKiey9ikh7+/oJFluRv0NpHTbAzv037MFeWWLCPoSVP+0F6vmN6wxe7QA
bjQGhT5AF1TLguhxqZnYnzPWhDtMX0/JmR9yGleWIf9YeSi5vRKB7RsLXz7SBtc4DlvNjHX4eWGNKOXiPOPpdbmcGDpxRxKXU7IjBUqMPoH4zfwhQh13N5e3sOYqb8XpbNPrlERKcC1L3QteN6tiv6hb/VKMFeXB6qx5N1bzP+nGGXXyUYZrAWxKjlpH6E9MizhFhEE0W21QAEKChV5qFatn5uoYrx4UxAOMEAvRNCzNp2hY4wfg46eOGs1fw/5RWwzJvBHAojbdtSwc5a7gpPHc6VrlVdbhXl78ID3jk+dj0rSv
eWIGME2tbolCycDrVvdleaGW7p5HQQJuNSdchFRluZigtafz1wW2RIukhaRXS/EDDGx80ZGGhkp4nUafCoHUGnH+FNypqez5W7ua3CHKMop8bLbciPu8Lc44aazyQWruUmsTys/stsFUsyGBJvYsOsoN5fKgCWpwNdHY8I6bCmR4FVW/Ixe6huPWBZEF+z85yZXTH+GXJiq5ik3DA67W6SamLdbqQs8OSvQv/Rxgfx92WC/d8syI/Vfy4jn+GnI5LelbP6WezffcNAPzg5SXA+35TftA2upkp/QvO/6X5GHTtKg=
FuPCFnoWr1c1uscGTS0pjtUcXHu9c9Xei9lKVPGweu4UF0ETJcNj8e281aRlkvTcNBKcln+53BO1bjTPAfwUnf43lT8EzJg37zvsG4FJszqeeSvzlm4Lpx0RzqZ7NFmLQix9PHXPWajWtfjFqb3yTMBDfs0GnHjDGP7EXzYkeR5rupflw5W+Hwy4edTfJuX04ef3uVtIm9HS38Zwmo2JLuGTVPDIn2z386jlRvoNJcRqqtjDErDwD5XbTN8uGBiEaOfyr/9Xc7hrvqZfjttI2cgwWrcO9g6PJVZ8X8QZIMewqY5hibtydv53r74Ye9kVQ0ZkPgl7ILlD6KOwysN5tfH+3u16NWypozYaXXqUf2ZvoDhFKnh/HvYzLBlAE5W4jkkeEl5E+55MeZYIwbFMqJLLpkxMlWGXj8emXnc2cWl5C1PR3VVHN80nmhINKlmbn/46gdKm2b4GElNWXlSbxaDQUzfimDs1njz0BSMSduHiyt4RGWlvFwnO0a9IVPeLf+R7a/i52dNsalZcE1Q742JHiImntNw=
1eptTrFPjhdMnd/F+r2jOJzP1f2lgag35RFDBjhlxGMCj9s47OqoKY7SbXj4jbChApa0Zpxr9Ryc/7L3aWKJ45ULitZhwDZh95/d1F/NPWZx5mitheKt2a7GfVZlf3CsnDwp4cDEUupfpCJNMXlDLiWH/lPf17OpfJV5c6oVqYFsPNyods6r/GVjNXecmDL4XvDmEtv+p1RIlsvZ6zdmjeWszAK/Ld4XT1G9qGwkgL1VkDa59rF9/RBddT5P3WlZkJ0G62trIQDn7tLQWgf56WOdC3tME2nBtkPV7qJNCZMxxeWTxbePlqsPfOVzrrgfYywnUFpNwCYbTYOoPPLG/Qu897KyByPFRTEDWJJ7O91s6vQcHLHbpfjyhH2HXY/X+zDa7eXnvAEURlSXPddOBml52sEXT3IjtUxtpNO3aIA+dGt6B0rfomVa3fZDuzTqEgzJrALz351mFGRNZuKAifz+ZwM86ll9CMa/Bbh1g6SKA1NxVndvtomCrWKaAFn/HLJJvCgiJcdJBPkXTre6NCwu8ZF7gZeotNE=
RZ+dH/clQ43+GM/7rCGh2xgueL9qpfLhmIeEtTflKEFHTDejkIdF98da1zD35k5j24Z2PCLMXUF3PY0MBQMN8PbWbsr7QO4xX2eSo7iwzUXpIR4uxE2sf3cRcud5pcu7fr/bmak+jJHphyzusdPf+dyiYeQDL9CkH4iP7yOcNP2qYTMtqIgSK3w5PNzCN5qWFptsNGM6OfJ1Ubk1RCtusGvwhfZ/cHMPNc1hSKGlEDdU9ABd0wrzmzbEMj8WQxHgt2LgHX8AuMJaN6jwyvuXs54bdIiCIDqvEJuFd4kMCTY0+9QLUt3a2JjDtHa0++e+blveyXpjIiHs1XObCEIcP/0aguuD0ZEuZsozO5pNwYBxdJDTY5GjtjxZAJWWncE+CHkgROXi/Uj6MRB4RWo0276d2sPPnJxBfCak5IEqrjHELNuhFmxAoyS49tVbY42vdJotpuvNK0Ox5ad1vYOvrwi2V/pDn40W+PVoJmPKxPpBUkSEwWEyWDGDGLhBAXx0pqG5giwlMKLc5SMp1eOLpgNrEkTtry2smd+CGSPnDmJEeEmEoWfwr0r9nbTm
nPu5PZ6u5JSj8DECkHZGpL6kgfRChQdKInQWoyWsnbaq1MLxN2oRmjxR2AHnbXzFvV9XxvSuSMn76Rsgx3aerxlxbIcja/xLHfHN5EYd3D7pTttHli8jGasIw8O3qhOWRyn1EtES4MlVJsXtrvIVkrUb+Fg8SOEF0MC63h8QysmhnYtaBXP2Nw8T2x38IRG3enGhdUxIFEzmSkNIJVfdc4x8+oz+BG52CzrPYEiiox07U+55RdgE5q8pNiMP5VUs/MBIyXVkPt0mdRVJkOkd+p+5Ya2w6c4P++/JtKfaOtRK4zGdw2mDH5zXAfW2d70qcimBZ5GxLXfVs2ei67uUYeNKcGtD2C80iomokpv562zsls4JK8g/ViKDy3EFBetcgp/zqcwefHjMdbOR+MbsuVc5ByNbRBIJ9eNUNVTyvBOtM4ZySY3SpceLGpc1+AVgA9NgdB4Ao56XzjcWJW418lNf/J6y+EHI0je3qWYgDIm2hgh9XIqv5yzusUlIcleBKJFL0Kr3WxWGswcCCTbFpkpkUQs8xoFYuKbNcwkwERNeU3JAjNp59atF/5y05Q==
nPu5PZ6u5JSj8DECkHZGpL6kgfRChQdKInQWoyWsnbaq1MLxN2oRmjxR2AHnbXzFvV9XxvSuSMn76Rsgx3aerxlxbIcja/xLHfHN5EYd3D7pTttHli8jGasIw8O3qhOWRyn1EtES4MlVJsXtrvIVkrUb+Fg8SOEF0MC63h8QysmhnYtaBXP2Nw8T2x38IRG3enGhdUxIFEzmSkNIJVfdc4x8+oz+BG52CzrPYEiiox07U+55RdgE5q8pNiMP5VUs/MBIyXVkPt0mdRVJkOkd+p+5Ya2w6c4P++/JtKfaOtRK4zGdw2mDH5zXAfW2d70qcimBZ5GxLXfVs2ei67uUYeNKcGtD2C80iomokpv562zsls4JK8g/ViKDy3EFBetcgp/zqcwefHjMdbOR+MbsuVc5ByNbRBIJ9eNUNVTyvBOtM4ZySY3SpceLGpc1+AVgA9NgdB4Ao56XzjcWJW418lNf/J6y+EHI0je3qWYgDIm2hgh9XIqv5yzusUlIcleBKJFL0Kr3WxWGswcCCTbFpkpkUQs8xoFYuKbNcwkwERNeU3JAjNp59atF/5y05Q==
1BHo3yXvTbY73is/vqpLZ/acgV+7JWyhOmcQ0N2WH7KSCrFnaCTICZsopCThqmRrYbduXDFqLU6TyxShsVSvjr1rT0IGutXXTDEOtXOlA1q0PNmCpIQM2dRIIxOkH+1EWWMueIH0Hcm0ZuwSxfPIwkbwP/r+j2kv58S1CXKhd7EHUzzrRZGSY62LXFLwer6I/ybF/an1BA5WUo6+qiAz2NNuSKi3+xMBIscVAqCQN6tKja+P4eq08qTXRZ46y95XSYfQo8lc9yvt0yBzqrkjrfVax/DO0kIRHcMzU8fJJLWdezb9KUza+81ZQesJgc2xm4zLUaAnK/gc9fOiq6LyK3TcWzO/SgSEwvc70ttgekF3H+Wvn9oK7V93vKS4LvSXr5/4zPhff2vLnQuetn9tYSib9JgI1eUBamx5d9azP6lGWXWy0cZrQewKjprHKE+MC/hFRMH0W63QwELCBR5qVSsn5qqY7x5UREOM0IsRNOxNZ2iYY8fgIydOGo3fg/4R20zJ/JGAonZd9SzcZW7gZHEd6ZplldYh3p78YL2jk6fjkrTv
nftfL4X45mUg1xyrc+AU+po4hbK1y72ImJiq1LlIZ5ihvEIyEeLdN86KLvIBLPfqNsroQNlwio2fV7yE+M50N2//+Kw4//+Li70LvncL4t9oe/Z3S3VlYapMeVeWU78Jhjl10hFm66GsKo66B0jPLEsYRaSBVNvNEOBC4kX+6vXrR+bKWE+etARjjPBLcbRMDYdoeCNnYEPnbhqtn2N+sRssyZxRICKWHdUs/KUOYMQx/el6JTVWQR6+/ED9QxMHI/K0jw==
K7arre0ZfhZ321EM81NvhD0yKF+CEo71CFcZQd+q8mwyNevWMBJuaTljQq4Pp/u9WneTHuyeowNXhMzHwQwj0bW7a/VI0z77FwA1B8tb4W9CEvgMqgod4xtdz5N+6QRoA4gQaXj6WGsZ3t3EVOU+4+tE8LFg7iCkjmYygej0v0EyVOwz2LAyVR9r8T/YognGD5UH8y0to7U5y7Pf5O5z2idn4QZEfawmp0J46i2qIKTlOd4oLcuceEXJ4MSK+V3iCB2cMqDtZ6kR63c2r1M2pIl3ARwFl4ZZpy8SkiigbaRFHxy/9nXZtKI=
rbNVXMrI9UyP3NK99I2WBD0yKF+CEo71CFcZQd+q8mwyNevWMBJuaTljQq4Pp/u9WneTHuyeowNQhszHwQwj0bW7avVI0z77FwA1B8tb4W9CEvgMqgod4xtdz5N+6QRoA4gQaXj6WGsZ3t3EVOU+4+tE8LFg7iCkjmYygej0v0EyVOwz2LAyVR9r8T/YognGD5UH8y0to7U5y7Pf5O5z2idn4QZEfawmp0J46i2qIKTlOd4oLcuceEXJ4MSK+V3iCB2cMqDtZ6kR63c2r1M2pIl3ARwFl4ZZpy8SkiigbaRFHxy/9nXZtKI=
C1Wne7N19VtgnH/ost6Bhj0yKF+CEo71CFcZQd+q8mwyNevWMBJuaTljQq4Pp/u9WneTHuyeowNXhMzHwQwj0bW7ZfVI0z77FwA1B8tb4W9CEvgMqgod4xtdz5N+6QRoA4gQaXj6WGsZ3t3EVOU+4+tE8LFg7iCkjmYygej0v0EyVOwz2LAyVR9r8T/YognGD5UH8y0to7U5y7Pf5O5z2idn4QZEfawmp0J46i2qIKTlOd4oLcuceEXJ4MSK+V3iCB2cMqDtZ6kR63c2r1M2pIl3ARwFl4ZZpy8SkiigbaRFHxy/9nXZtKI=
n6uN7MFHrV2KdTBDXGm/Oj0yKF+CEo71CFcZQd+q8mwyNevWMBJuaTljQq4Pp/u9WneTHuyeowNQhszHwQwj0bW7ZPVI0z77FwA1B8tb4W9CEvgMqgod4xtdz5N+6QRoA4gQaXj6WGsZ3t3EVOU+4+tE8LFg7iCkjmYygej0v0EyVOwz2LAyVR9r8T/YognGD5UH8y0to7U5y7Pf5O5z2idn4QZEfawmp0J46i2qIKTlOd4oLcuceEXJ4MSK+V3iCB2cMqDtZ6kR63c2r1M2pIl3ARwFl4ZZpy8SkiigbaRFHxy/9nXZtKI=
smIALnjYHLzhIqMW5Zow0T0yKF+CEo71CFcZQd+q8mwyNevWMBJuaTljQq4Pp/u9WneTHuyeowNXhMzHwQwj0bW7Z/VI0z77FwA1B8tb4W9CEvgMqgod4xtdz5N+6QRoA4gQaXj6WGsZ3t3EVOU+4+tE8LFg7iCkjmYygej0v0EyVOwz2LAyVR9r8T/YognGD5UH8y0to7U5y7Pf5O5z2idn4QZEfawmp0J46i2qIKTlOd4oLcuceEXJ4MSK+V3iCB2cMqDtZ6kR63c2r1M2pIl3ARwFl4ZZpy8SkiigbaRFHxy/9nXZtKI=
RP4h9aj9cphVK0THVPBjxj0yKF+CEo71CFcZQd+q8mwyNevWMBJuaTljQq4Pp/u9WneTHuyeowNQhszHwQwj0bW7ZvVI0z77FwA1B8tb4W9CEvgMqgod4xtdz5N+6QRoA4gQaXj6WGsZ3t3EVOU+4+tE8LFg7iCkjmYygej0v0EyVOwz2LAyVR9r8T/YognGD5UH8y0to7U5y7Pf5O5z2idn4QZEfawmp0J46i2qIKTlOd4oLcuceEXJ4MSK+V3iCB2cMqDtZ6kR63c2r1M2pIl3ARwFl4ZZpy8SkiigbaRFHxy/9nXZtKI=
XKzkXFxQcZob+FTBoZEATj0yKF+CEo71CFcZQd+q8mwyNevWMBJuaTljQq4Pp/u9WneTHuyeowNXhMzHwQwj0bW7YfVI0z77FwA1B8tb4W9CEvgMqgod4xtdz5N+6QRoA4gQaXj6WGsZ3t3EVOU+4+tE8LFg7iCkjmYygej0v0EyVOwz2LAyVR9r8T/YognGD5UH8y0to7U5y7Pf5O5z2idn4QZEfawmp0J46i2qIKTlOd4oLcuceEXJ4MSK+V3iCB2cMqDtZ6kR63c2r1M2pIl3ARwFl4ZZpy8SkiigbaRFHxy/9nXZtKI=
zn7gzkcytMunmG6ApI3uyT0yKF+CEo71CFcZQd+q8mwyNevWMBJuaTljQq4Pp/u9WneTHuyeowNQhszHwQwj0bW7YPVI0z77FwA1B8tb4W9CEvgMqgod4xtdz5N+6QRoA4gQaXj6WGsZ3t3EVOU+4+tE8LFg7iCkjmYygej0v0EyVOwz2LAyVR9r8T/YognGD5UH8y0to7U5y7Pf5O5z2idn4QZEfawmp0J46i2qIKTlOd4oLcuceEXJ4MSK+V3iCB2cMqDtZ6kR63c2r1M2pIl3ARwFl4ZZpy8SkiigbaRFHxy/9nXZtKI=
fntJR1S8xKAucFMX7y1LAz0yKF+CEo71CFcZQd+q8mwyNevWMBJuaTljQq4Pp/u9WneTHuyeowNXhMzHwQwj0bW7Y/VI0z77FwA1B8tb4W9CEvgMqgod4xtdz5N+6QRoA4gQaXj6WGsZ3t3EVOU+4+tE8LFg7iCkjmYygej0v0EyVOwz2LAyVR9r8T/YognGD5UH8y0to7U5y7Pf5O5z2idn4QZEfawmp0J46i2qIKTlOd4oLcuceEXJ4MSK+V3iCB2cMqDtZ6kR63c2r1M2pIl3ARwFl4ZZpy8SkiigbaRFHxy/9nXZtKI=
PEj2DSZ9YADSRaH9swgx2D0yKF+CEo71CFcZQd+q8mwyNevWMBJuaTljQq4Pp/u9WneTHuyeowNQhszHwQwj0bW7YvVI0z77FwA1B8tb4W9CEvgMqgod4xtdz5N+6QRoA4gQaXj6WGsZ3t3EVOU+4+tE8LFg7iCkjmYygej0v0EyVOwz2LAyVR9r8T/YognGD5UH8y0to7U5y7Pf5O5z2idn4QZEfawmp0J46i2qIKTlOd4oLcuceEXJ4MSK+V3iCB2cMqDtZ6kR63c2r1M2pIl3ARwFl4ZZpy8SkiigbaRFHxy/9nXZtKI=
JqdseoKjHthVC2edQq0pHD0yKF+CEo71CFcZQd+q8mwyNevWMBJuaTljQq4Pp/u9WneTHuyeowNXhMzHwQwj0bW7a/RI0z77FwA1B8tb4W9CEvgMqgod4xtdz5N+6QRoA4gQaXj6WGsZ3t3EVOU+4+tE8LFg7iCkjmYygej0v0EyVOwz2LAyVR9r8T/YognGD5UH8y0to7U5y7Pf5O5z2idn4QZEfawmp0J46i2qIKTlOd4oLcuceEXJ4MSK+V3iCB2cMqDtZ6kR63c2r1M2pIl3ARwFl4ZZpy8SkiigbaRFHxy/9nXZtKI=
fiD1OTF3gCKJgTL+uOp+hj0yKF+CEo71CFcZQd+q8mwyNevWMBJuaTljQq4Pp/u9WneTHuyeowNQhszHwQwj0bW7avRI0z77FwA1B8tb4W9CEvgMqgod4xtdz5N+6QRoA4gQaXj6WGsZ3t3EVOU+4+tE8LFg7iCkjmYygej0v0EyVOwz2LAyVR9r8T/YognGD5UH8y0to7U5y7Pf5O5z2idn4QZEfawmp0J46i2qIKTlOd4oLcuceEXJ4MSK+V3iCB2cMqDtZ6kR63c2r1M2pIl3ARwFl4ZZpy8SkiigbaRFHxy/9nXZtKI=
n10qPgzjrP/e/sQWUy7euD0yKF+CEo71CFcZQd+q8mwyNevWMBJuaTljQq4Pp/u9WneTHuyeowNXhMzHwQwj0bW7ZfRI0z77FwA1B8tb4W9CEvgMqgod4xtdz5N+6QRoA4gQaXj6WGsZ3t3EVOU+4+tE8LFg7iCkjmYygej0v0EyVOwz2LAyVR9r8T/YognGD5UH8y0to7U5y7Pf5O5z2idn4QZEfawmp0J46i2qIKTlOd4oLcuceEXJ4MSK+V3iCB2cMqDtZ6kR63c2r1M2pIl3ARwFl4ZZpy8SkiigbaRFHxy/9nXZtKI=
gIJ8nJtBlMIAbFWC0nRGMj0yKF+CEo71CFcZQd+q8mwyNevWMBJuaTljQq4Pp/u9WneTHuyeowNQhszHwQwj0bW7ZPRI0z77FwA1B8tb4W9CEvgMqgod4xtdz5N+6QRoA4gQaXj6WGsZ3t3EVOU+4+tE8LFg7iCkjmYygej0v0EyVOwz2LAyVR9r8T/YognGD5UH8y0to7U5y7Pf5O5z2idn4QZEfawmp0J46i2qIKTlOd4oLcuceEXJ4MSK+V3iCB2cMqDtZ6kR63c2r1M2pIl3ARwFl4ZZpy8SkiigbaRFHxy/9nXZtKI=
iVsh5GGZuk0M2m3rNz9N3j0yKF+CEo71CFcZQd+q8mwyNevWMBJuaTljQq4Pp/u9WneTHuyeowNXhMzHwQwj0bW7Z/RI0z77FwA1B8tb4W9CEvgMqgod4xtdz5N+6QRoA4gQaXj6WGsZ3t3EVOU+4+tE8LFg7iCkjmYygej0v0EyVOwz2LAyVR9r8T/YognGD5UH8y0to7U5y7Pf5O5z2idn4QZEfawmp0J46i2qIKTlOd4oLcuceEXJ4MSK+V3iCB2cMqDtZ6kR63c2r1M2pIl3ARwFl4ZZpy8SkiigbaRFHxy/9nXZtKI=
RFnD3EWLlkKOex9incNh2D0yKF+CEo71CFcZQd+q8mwyNevWMBJuaTljQq4Pp/u9WneTHuyeowNQhszHwQwj0bW7ZvRI0z77FwA1B8tb4W9CEvgMqgod4xtdz5N+6QRoA4gQaXj6WGsZ3t3EVOU+4+tE8LFg7iCkjmYygej0v0EyVOwz2LAyVR9r8T/YognGD5UH8y0to7U5y7Pf5O5z2idn4QZEfawmp0J46i2qIKTlOd4oLcuceEXJ4MSK+V3iCB2cMqDtZ6kR63c2r1M2pIl3ARwFl4ZZpy8SkiigbaRFHxy/9nXZtKI=
IS187z5glr+k4945mcYcUD0yKF+CEo71CFcZQd+q8mwyNevWMBJuaTljQq4Pp/u9WneTHuyeowNXhMzHwQwj0bW7YfRI0z77FwA1B8tb4W9CEvgMqgod4xtdz5N+6QRoA4gQaXj6WGsZ3t3EVOU+4+tE8LFg7iCkjmYygej0v0EyVOwz2LAyVR9r8T/YognGD5UH8y0to7U5y7Pf5O5z2idn4QZEfawmp0J46i2qIKTlOd4oLcuceEXJ4MSK+V3iCB2cMqDtZ6kR63c2r1M2pIl3ARwFl4ZZpy8SkiigbaRFHxy/9nXZtKI=
SD8qPgPlasPZrz8ZlFhzjj0yKF+CEo71CFcZQd+q8mwyNevWMBJuaTljQq4Pp/u9WneTHuyeowNQhszHwQwj0bW7YPRI0z77FwA1B8tb4W9CEvgMqgod4xtdz5N+6QRoA4gQaXj6WGsZ3t3EVOU+4+tE8LFg7iCkjmYygej0v0EyVOwz2LAyVR9r8T/YognGD5UH8y0to7U5y7Pf5O5z2idn4QZEfawmp0J46i2qIKTlOd4oLcuceEXJ4MSK+V3iCB2cMqDtZ6kR63c2r1M2pIl3ARwFl4ZZpy8SkiigbaRFHxy/9nXZtKI=
q3zFuuOvz9T7QkcsIwFUwz0yKF+CEo71CFcZQd+q8mwyNevWMBJuaTljQq4Pp/u9WneTHuyeowNXhMzHwQwj0bW7Y/RI0z77FwA1B8tb4W9CEvgMqgod4xtdz5N+6QRoA4gQaXj6WGsZ3t3EVOU+4+tE8LFg7iCkjmYygej0v0EyVOwz2LAyVR9r8T/YognGD5UH8y0to7U5y7Pf5O5z2idn4QZEfawmp0J46i2qIKTlOd4oLcuceEXJ4MSK+V3iCB2cMqDtZ6kR63c2r1M2pIl3ARwFl4ZZpy8SkiigbaRFHxy/9nXZtKI=
/iw+r+lJAS6gsrCn+ykQcj0yKF+CEo71CFcZQd+q8mwyNevWMBJuaTljQq4Pp/u9WneTHuyeowNQhszHwQwj0bW7YvRI0z77FwA1B8tb4W9CEvgMqgod4xtdz5N+6QRoA4gQaXj6WGsZ3t3EVOU+4+tE8LFg7iCkjmYygej0v0EyVOwz2LAyVR9r8T/YognGD5UH8y0to7U5y7Pf5O5z2idn4QZEfawmp0J46i2qIKTlOd4oLcuceEXJ4MSK+V3iCB2cMqDtZ6kR63c2r1M2pIl3ARwFl4ZZpy8SkiigbaRFHxy/9nXZtKI=
sB888QVMZfJZkXoC4CnHGwyWxxoKVKZa9MzR/CUay//VUbhuCEVDd5ASGbjrQWOHrdav0fsRDeI1Jibsn1OnNrmA1qCmQaJu7JIIUITlAGC9+DM13S3AYZvgPxRyNFVm21mq23aAXpEPHST+p1A3L6dvcD6a96WxXMvrjHQSELX7BcuGB7MC5xjDfco8TYXZ2nS57+ZrX7H2AXXqYd4LmdySToJ38C8UO6DFHPFsO3Vg2IJaNcYKTZt/5vIo936MdNtMyDvJVHR9P+jAU1+A+5dW2hXvW54JaxTJpCGYwq5tbezE1baA/EFFacJVDbb5boY8+I17879TyrS3
TK74JLlUCYNeDYFIuRI3KD0yKF+CEo71CFcZQd+q8mwyNevWMBJuaTljQq4Pp/u9WneTHuyeowNQhszHwQwj0bW7a/tI0z77FwA1B8tb4W9CEvgMqgod4xtdz5N+6QRoA4gQaXj6WGsZ3t3EVOU+4+tE8LFg7iCkjmYygej0v0EyVOwz2LAyVR9r8T/YognGD5UH8y0to7U5y7Pf5O5z2idn4QZEfawmp0J46i2qIKTlOd4oLcuceEXJ4MSK+V3iCB2cMqDtZ6kR63c2r1M2pIl3ARwFl4ZZpy8SkiigbaRFHxy/9nXZtKI=
R2KBq+k0QG6uBATmoLfbJoaz72uldUfwtbBJ8foStx5ApPrEmjFPg88H3/DyLH65Y/MfM5DjojTYNrcs+v1HIbnfo+oUULxr2M8+HNl6YnD2wF3ZehmirmaLA2tEzGOO38U76cBc7rn9i3Dd655QLFj/h2NbBJNd+j3U9V24OFOt8waySU1S5cfLmlc1OIUgA5PgtB7AI16XjrdWJa61MlMffN6yuMEI0vc36WZgjEm2Rog9XMovpywuMYlIMtfBKFHLEKo321WG84fCCfZF5kok0cs8BgGYuOZNMwnwkdNeE/IAjJr5NauFf9y0pQ==
2CDlzYI34P/O0rfiJez1yEEcy90/bS2acsn2+AjY+SoAK+MJt9I2b1fnJi3ppVotld240IKtGV29eXV8claXZq93VhVbW4hvuDdA3v4uUbXN46tlUbtfvAT1h1+10Jfx2332AkLsa7Jk8erUbzXDo6IR0Mi3EGw5NNJMaw32kZQofYpDP704jnKGVO07zr5xNEzrIUZM0OMUWKbViwO9b+S6/SbbLVuDoYUXdc0jv++4lid6k/8d1ohVuCazarQ60TKUBLFBghghI2i48WFstNZBiQL8BaBi7IXzKYUDu+aTS0LE3c/d7Ik/MhnTRx6i9Fi5BPGHYO+6Xc20tg==
R2KBq+k0QG6uBATmoLfbJoaz72uldUfwtbBJ8foStx5ApPrEmjFPg88H3/DyLH65Y/MfM5DjojTYNrcs+v1HIbnfo+oUULxr2M8+HNl6YnD2wF3ZehmirmaLA2tEzGOO38U76cBc7rn9i3Dd655QLFj/h2NbBJNd+j3U9V24OFOt8waySU1S5cfLmlc1OIUgA5PgtB7AI16XjrdWJa61MlMffN6yuMEI0vc36WZgjEm2Rog9XMovpywuMYlIMtfBKFHLEKo321WG84fCCfZF5kok0cs8BgGYuOZNMwnwkdNeE/IAjJr5NauFf9y0pQ==
Vr6uHxhlnJzE4IgULyhcrUEcy90/bS2acsn2+AjY+SoAK+MJt9I2b1fnJi3ppVotld240IKtGV29eXV8claXZq93VhVbW4hvuDdA3v4rULrN4q1vXbFfvAT1h1+10Jfx2332AkLsa7Jk8erUbzXDo6IR0Mi3EGw5NNJMaw32kZQofYpDP704jnKGVO07zr5xNEzrIUZM0OMUWKbViwO9b+S6/SbbLVuDoYUXdc0jv++4lid6k/8d1ohVuCazarQ60TKUBLFBghghI2i48WFstNZBiQL8BaBi7IXzKYUDu+aTS0LE3c/d7Ik/MhnTRx6i9Fi5BPGHYO+6Xc20tg==
R2KBq+k0QG6uBATmoLfbJoaz72uldUfwtbBJ8foStx5ApPrEmjFPg88H3/DyLH65Y/MfM5DjojTYNrcs+v1HIbnfo+oUULxr2M8+HNl6YnD2wF3ZehmirmaLA2tEzGOO38U76cBc7rn9i3Dd655QLFj/h2NbBJNd+j3U9V24OFOt8waySU1S5cfLmlc1OIUgA5PgtB7AI16XjrdWJa61MlMffN6yuMEI0vc36WZgjEm2Rog9XMovpywuMYlIMtfBKFHLEKo321WG84fCCfZF5kok0cs8BgGYuOZNMwnwkdNeE/IAjJr5NauFf9y0pQ==
dGfhBTykIDqTqSk+WRwWUEEcy90/bS2acsn2+AjY+SoAK+MJt9I2b1fnJi3ppVotld240IKtGV29eXV8claXZq93VhVbW4hvuDdA3v4rVLnK6KltWrdfvAT1h1+10Jfx2332AkLsa7Jk8erUbzXDo6IR0Mi3EGw5NNJMaw32kZQofYpDP704jnKGVO07zr5xNEzrIUZM0OMUWKbViwO9b+S6/SbbLVuDoYUXdc0jv++4lid6k/8d1ohVuCazarQ60TKUBLFBghghI2i48WFstNZBiQL8BaBi7IXzKYUDu+aTS0LE3c/d7Ik/MhnTRx6i9Fi5BPGHYO+6Xc20tg==
R2KBq+k0QG6uBATmoLfbJoaz72uldUfwtbBJ8foStx5ApPrEmjFPg88H3/DyLH65Y/MfM5DjojTYNrcs+v1HIbnfo+oUULxr2M8+HNl6YnD2wF3ZehmirmaLA2tEzGOO38U76cBc7rn9i3Dd655QLFj/h2NbBJNd+j3U9V24OFOt8waySU1S5cfLmlc1OIUgA5PgtB7AI16XjrdWJa61MlMffN6yuMEI0vc36WZgjEm2Rog9XMovpywuMYlIMtfBKFHLEKo321WG84fCCfZF5kok0cs8BgGYuOZNMwnwkdNeE/IAjJr5NauFf9y0pQ==
vU69OkeISnKz9qPJAXgkZUEcy90/bS2acsn2+AjY+SoAK+MJt9I2b1fnJi3ppVotld240IKtGV29eXV8claXZq93VhVbW4hvuDdA3v4rUbjJ6K5sUbNfvAT1h1+10Jfx2332AkLsa7Jk8erUbzXDo6IR0Mi3EGw5NNJMaw32kZQofYpDP704jnKGVO07zr5xNEzrIUZM0OMUWKbViwO9b+S6/SbbLVuDoYUXdc0jv++4lid6k/8d1ohVuCazarQ60TKUBLFBghghI2i48WFstNZBiQL8BaBi7IXzKYUDu+aTS0LE3c/d7Ik/MhnTRx6i9Fi5BPGHYO+6Xc20tg==
R2KBq+k0QG6uBATmoLfbJoaz72uldUfwtbBJ8foStx5ApPrEmjFPg88H3/DyLH65Y/MfM5DjojTYNrcs+v1HIbnfo+oUULxr2M8+HNl6YnD2wF3ZehmirmaLA2tEzGOO38U76cBc7rn9i3Dd655QLFj/h2NbBJNd+j3U9V24OFOt8waySU1S5cfLmlc1OIUgA5PgtB7AI16XjrdWJa61MlMffN6yuMEI0vc36WZgjEm2Rog9XMovpywuMYlIMtfBKFHLEKo321WG84fCCfZF5kok0cs8BgGYuOZNMwnwkdNeE/IAjJr5NauFf9y0pQ==
hRKPwDKpexuLcrrQFnPsKgyWxxoKVKZa9MzR/CUay//VUbhuCEVDd5ASGbjrQWOHrdav0fsRDeI1Jibsn1OnNrmA1qCmQaJu7JIIUITlCG269DI43SfAYZvgPxRyNFVm21mq23aAXpEPHST+p1A3L6dvcD6a96WxXMvrjHQSELX7BcuGB7MC5xjDfco8TYXZ2nS57+ZrX7H2AXXqYd4LmdySToJ38C8UO6DFHPFsO3Vg2IJaNcYKTZt/5vIo936MdNtMyDvJVHR9P+jAU1+A+5dW2hXvW54JaxTJpCGYwq5tbezE1baA/EFFacJVDbb5boY8+I17879TyrS3
R2KBq+k0QG6uBATmoLfbJoaz72uldUfwtbBJ8foStx5ApPrEmjFPg88H3/DyLH65Y/MfM5DjojTYNrcs+v1HIbnfo+oUULxr2M8+HNl6YnD2wF3ZehmirmaLA2tEzGOO38U76cBc7rn9i3Dd655QLFj/h2NbBJNd+j3U9V24OFOt8waySU1S5cfLmlc1OIUgA5PgtB7AI16XjrdWJa61MlMffN6yuMEI0vc36WZgjEm2Rog9XMovpywuMYlIMtfBKFHLEKo321WG84fCCfZF5kok0cs8BgGYuOZNMwnwkdNeE/IAjJr5NauFf9y0pQ==
3eyTeJLT9L2USifcphZCygyWxxoKVKZa9MzR/CUay//VUbhuCEVDd5ASGbjrQWOHrdav0fsRDeI1Jibsn1OnNrmA1qCmQaJu7JIIUITgCGO79jEw0CzAYZvgPxRyNFVm21mq23aAXpEPHST+p1A3L6dvcD6a96WxXMvrjHQSELX7BcuGB7MC5xjDfco8TYXZ2nS57+ZrX7H2AXXqYd4LmdySToJ38C8UO6DFHPFsO3Vg2IJaNcYKTZt/5vIo936MdNtMyDvJVHR9P+jAU1+A+5dW2hXvW54JaxTJpCGYwq5tbezE1baA/EFFacJVDbb5boY8+I17879TyrS3
R2KBq+k0QG6uBATmoLfbJoaz72uldUfwtbBJ8foStx5ApPrEmjFPg88H3/DyLH65Y/MfM5DjojTYNrcs+v1HIbnfo+oUULxr2M8+HNl6YnD2wF3ZehmirmaLA2tEzGOO38U76cBc7rn9i3Dd655QLFj/h2NbBJNd+j3U9V24OFOt8waySU1S5cfLmlc1OIUgA5PgtB7AI16XjrdWJa61MlMffN6yuMEI0vc36WZgjEm2Rog9XMovpywuMYlIMtfBKFHLEKo321WG84fCCfZF5kok0cs8BgGYuOZNMwnwkdNeE/IAjJr5NauFf9y0pQ==
ZLnTfMvXTI40kPd6/jpCDQyWxxoKVKZa9MzR/CUay//VUbhuCEVDd5ASGbjrQWOHrdav0fsRDeI1Jibsn1OnNrmA1qCmQaJu7JIIUITlCW2+9DMz3ybAYZvgPxRyNFVm21mq23aAXpEPHST+p1A3L6dvcD6a96WxXMvrjHQSELX7BcuGB7MC5xjDfco8TYXZ2nS57+ZrX7H2AXXqYd4LmdySToJ38C8UO6DFHPFsO3Vg2IJaNcYKTZt/5vIo936MdNtMyDvJVHR9P+jAU1+A+5dW2hXvW54JaxTJpCGYwq5tbezE1baA/EFFacJVDbb5boY8+I17879TyrS3
R2KBq+k0QG6uBATmoLfbJoaz72uldUfwtbBJ8foStx5ApPrEmjFPg88H3/DyLH65Y/MfM5DjojTYNrcs+v1HIbnfo+oUULxr2M8+HNl6YnD2wF3ZehmirmaLA2tEzGOO38U76cBc7rn9i3Dd655QLFj/h2NbBJNd+j3U9V24OFOt8waySU1S5cfLmlc1OIUgA5PgtB7AI16XjrdWJa61MlMffN6yuMEI0vc36WZgjEm2Rog9XMovpywuMYlIMtfBKFHLEKo321WG84fCCfZF5kok0cs8BgGYuOZNMwnwkdNeE/IAjJr5NauFf9y0pQ==
+RRVzpFkc5/Uoib/lBOWsQyWxxoKVKZa9MzR/CUay//VUbhuCEVDd5ASGbjrQWOHrdav0fsRDeI1Jibsn1OnNrmA1qCmQaJu7JIIUIThCGe/8Dw50SPAYZvgPxRyNFVm21mq23aAXpEPHST+p1A3L6dvcD6a96WxXMvrjHQSELX7BcuGB7MC5xjDfco8TYXZ2nS57+ZrX7H2AXXqYd4LmdySToJ38C8UO6DFHPFsO3Vg2IJaNcYKTZt/5vIo936MdNtMyDvJVHR9P+jAU1+A+5dW2hXvW54JaxTJpCGYwq5tbezE1baA/EFFacJVDbb5boY8+I17879TyrS3
R2KBq+k0QG6uBATmoLfbJoaz72uldUfwtbBJ8foStx5ApPrEmjFPg88H3/DyLH65Y/MfM5DjojTYNrcs+v1HIbnfo+oUULxr2M8+HNl6YnD2wF3ZehmirmaLA2tEzGOO38U76cBc7rn9i3Dd655QLFj/h2NbBJNd+j3U9V24OFOt8waySU1S5cfLmlc1OIUgA5PgtB7AI16XjrdWJa61MlMffN6yuMEI0vc36WZgjEm2Rog9XMovpywuMYlIMtfBKFHLEKo321WG84fCCfZF5kok0cs8BgGYuOZNMwnwkdNeE/IAjJr5NauFf9y0pQ==
HrtwwlfxIfb0kpLcC53Gfgpgbw7t69qDkOhmF0SO1ruOYzbmrmBHpqGM/sCRmoXS7Fw8ZkMyf3UB8VH4ehzN84vgSKHtmPj7NXBZ4hJuBaWcUqPkMBSf+weEczupOYGAZkrt7LuUE/O6pwB5X7Qk
kAe9CUBOq9y5Jw1CXZqlnBImYxlZMNCl+YV/aRIm8cuu+rovJxquabCX6p3juFg0OSZGWFws7amiXzdJynllOfSqBJwj8UQaNRQg4J0nVyt89P1aEF3NSI5f8MJKHvvFAAgCCtV2Sr07L+aiiAc+PJSLzBhbeZQE3e/oEPMvQEv3hlpFD+ve+ctEyfSBaIIejT1sFLUGQIzhnGkS9n92Sg5WvKhty7NP85q05w==
rthaVBd8xijA0EADC3l+iNHLcQ99kGecW9KSgn8AgSKCVY0iEDYUahhpx8ylR43uJf6LkQB0LOecsLaheDpxfFHxhmjDUzcAhbc4Ixpi//VHElrRQbhMgPdQcd8kbjPaZ+ehBoT9bCZnwrjqbSpgpKW5HijtS1x4hUmgxMp5HeLInVwyYG2nqVFrNzbv03akSffBHMUXz1nnrFCSayCtpIWf3L+29Zm04g==
6KuySHyEaQ7Rt7xhRrwUiVX3DyvhDSxMSm487cAMnRzjQvoip3BJ4sqFtUL4BgxqAFkvrJ2XxS7tjlMxaOSUZ2QgHkEgirk8mSH+SOsjLwCdRxAD4jK3NQ+igrHpKDQAT8CZf3yee5qvt5nm7M10Jn/y0ApVeqjk7UlGiAXb5Pj92QikEslVIoDNpBJInb+pSRsfFpcDvuSBR5n8bYc32V88ODKzUGVkzU/k317FgbT6
HDpk2+s+ut/OHi1xtKb0wWO9lrdA+LnjWzzxPi+KouWZPMEmEAqNZDvy+JG/SvICDmoCXSWkl4P3Pp+aeRmCgLZHRsR0aQreS2yr9bSAoWftQF8DWsuo5gVl/fYoGYPMlqDtpHPX1goJCh0jE25mSfam/XZagt/uGnSf3ewg779GWF89Ygy4nadyMhnu2gLZfemLX1Xe3deMtHMTs9QHYxX5fVjSGplEF3T/W+7XVMGDtPg=
baTiry2TD1PDMvQi7yPSYZ3hv+a4a1F4Bry5tqhqZTRzMrChlyrqMhZqGm09xL+zv/7XypF5OhDOx/5UjMmiDgOsY4VcoLmX9UBHc0LrwBZNJTWmgLn7XC4gFTTLN77awUrVEzuOfnnupuVGQmL33tI0Vw2EwFcvvtjnrRqsEM1vMnrphvoaqWXpk69N/jWnRHQ7wxt0//OteQXIanpxFF+0t2vGt0zxm7Tg
tMVRlqGXTCPU6JXIWvIlSFkvaR4JJNW+4JMsLgg95t6u+rovJxquabCX6p3juFg0OSZGWFws7amiXzdJynllOfSqBJwj8UQaNRQg4J0nVyt89P1aEF3NSI5f8MJKHvvFAAgCCtV2Sr07L+aiiAc+PJSLzBhbeZQE3e/oEPMvQEv3hlpFD+ve+ctEyfSBaIIejT1sFLUGQIzhnGkS9n92Sg5WvKhty7NP85q05w==
tZzBoYpnU4cOePjDG8Uh+p3houq+eUpxNry5tqhqZTRzMrChlyrqMhZqGm09xL+zv/7XypF5OhDOx/5UjMmiDgOsY4VcoLmX9UBHc0LrwBZNJTWmgLn7XC4gFTTLN77awUrVEzuOfnnupuVGQmL33tI0Vw2EwFcvvtjnrRqsEM1vMnrphvoaqWXpk69N/jWnRHQ7wxt0//OteQXIanpxFF+0t2vGt0zxm7Tg
/hCWpUn+kx/0D1Y0HNRmtyI6aHfSZ5qmRZaNDq/QfQGYyXtcJwo2EvuILcLunUlS9A4IagRRI7xhj+EOiXYPAaSsUCeg6FKxfDIdXH25Qthnq6uAGc+ck16q09WrGl7BJWBwwAsI1U+g5p+6i6/l9uDFcCZ7+twaKWKMxAkxmrhJE6A4uZHE1M5x8cLkVRiCxBU7Kc2Tk4Yrm1qEJf/FDCFP85mbdPQC76gBROlXGM9SzYW0/g==
JK1RLHxT9kDI5ZKDS/RtNsZQPSF4nxRD5pMBNuL8/X7kWrlMVxLUuas65joSah5lMdSDq9ve87JNSXbYioc6HMA5/rbnzMcdIDA1H3HAw/vOezyO6cVRHlzJN5Rq4NF8BwfiIuVqMQsHnnJx6qbhTk5yy8Y2FHP12PCbZ3oYo2XW3Mx1C9LecXpqliHhaRcnwW5JP+AU33tHhLO7aTlBACZKrWx7lNNz+qdA+Z+05A==
MCHjEZhDKWmIoor0fsg/lMdZIDZ+nF1Rtp0dPOe9yTDoQLFZVxLUuas65joSah5lMdSDq9ve87JNSXbYioc6HMA5/rbnzMcdIDA1H3HAw/vOezyO6cVRHlzJN5Rq4NF8BwfiIuVqMQsHnnJx6qbhTk5yy8Y2FHP12PCbZ3oYo2XW3Mx1C9LecXpqliHhaRcnwW5JP+AU33tHhLO7aTlBACZKrWx7lNNz+qdA+Z+05A==
ObRtUhwnWka2fYCUVMU4QTT2+FW7pmre2fVRTaACL1wk9Ctjy7Qv0x15dag6uqH0TzSHC7b3/NELtHA=
4IFVLgZ6WW7NVdulDaEIRIYgOMJxdxrhIlhu8h+NTGC9inBoGUCpRp4T5k6WqlycJYfD68sGtHM=
I0LsQZsVuok/i0my/91K2NG70I+EsA6KxURPr7Y22NeMyQs5SvgaglyK2XQIqlWWydwKnW78Kgzs1uHZG4kncLQJ
NFTLKYl2p2FmK5541/qJSVFGMdc+5mDc+eRQFIbhfjcMhdtOU70ePEZFLHyljmBEMXTp+ia3VsIePvzA/cMThyNytA8=
0pNNDszLMKlldy7/2Bmvpx+uc/tIdCC7oi1e1YGxc7/9P09szyysZLHnSTydZ6fZzxyIcuMwFeTd79QfjiVxtAo=
ObRtUhwnWka2fYCUVMU4QTT2+FW7pmre2fVRTaACL1wk9Ctjy7Qv0x15dag6uqH0TzSHC7b3/NELtHA=
4IFVLgZ6WW7NVdulDaEIRIYgOMJxdxrhIlhu8h+NTGC9inBoGUCpRp4T5k6WqlycJYfD68sGtHM=
Hk7/fELLpZEFtWIh5IWMbJzP1f2lgag35RFDBjhlxGMCj9s47OqoKY7SbXj4jbChApa0Zpxr9Ryc/7L3aWKJ4pULitZhwDZh95/d1F/NPWZx5mitheKt2a7GfVZlf3CsnDwp4cDEUupfpCJNMXlDLiWH/lPf17OpfJV5c6oVqYFsPNyods6r/GVjNXecmDL4XvDmEtv+p1RIlsvZ6zdmjeWszAK/Ld4XT1G9qGwkgL1VkDa59rF9/RBddT5P3WlZkJ0G62trIQDn7tLQWgf56WOdC3tME2nBtkPV7qJNCZMxxeWTxbePlqsPfOVzrrgfYywnUFpNwCYbTYOoPPLG/Qu897KyByPFRTEDWJJ7O91s6vQcHLHbpfjyhH2HXY/X+zDa7eXnvAEURlSXPddOBml52sEXT3IjtUxtpNO3aIA+dGt6B0rfomVa3fZDuzTqEgzJrALz351mFGRNZuKAifz+ZwM86ll9CMa/Bbh1g6SKA1NxVndvtomCrWKaAFn/HLJJvCgiJc5JBPoVTrS6NCwu8ZF7gZeotNE=
lRzrsL++kTv5mSXQJhezQnYE3SD07GfXzZsJWwOVMkePNa/6oFzIXrgcjAA+7P6hJdWiH9jL5AdT6PJsqQDyaIg7o7IqvC6tnFF7+Omd9VBKB1afg4sQo/XpZ+LCKQcbom4/TzFBkn6vlC0zvpwRlKEPDcD6RcS9nV0mFJyTkmVyHIxrdK4Yh2JETeZXyrsNF9Xqt+AIBWwrhrGsPTfb0W9Ir7n+Dxoozi19lp0juFic37gf39jZvs5tcRy2+rRr5jCEp3kLEIf6+Cz8VBfex6uXpxAHDlrn+nucAZRgdl869jpnCQYghxC5VH9MGeLJXXsmHtKHk8Ysmw1NH5aIln371BEvuH9onqNNTc2O8gWudTgBT4Zm5Y40Kz6zcBQtHnhLdtrj8EEUs2EA8vnyugoEL3ZgCarw9dEYcE6byuS4FRU/Yxf6BqPWRRFF+3+5iZWTn6GXZqp5io1Dw64Waeam7VYqQg+OivTvfVxgP582WG9dsszIfRfyorm+GjK5bembv2WeDXccNMNzQ5RXgyX5jXiC2ink5/Rvu76XpOGTtOg=
KhlWTH1esfHGq2F9wr8RClqx+kifPJNZyHKlMnTwpCs591BZNwyE/dZyuDP8LnGgWH4dWokYQkk+KAIozPLJzQudL3S0DQ==
kVnkRUfoD63EuFko4bEjhFtHhw9+e7RTVOrjDlm/Gho+f3+yRloVcyswviU24OGcl0eSAjXqgWsXXoLRuqax7r6y26aGlKPVqLALh0oY08VGHPwVW1IuUWoqJsExaUdHca5ZH5CUD5t3xCMbkTlxYLaKXUwrFGOT6ucwWU+0NA==
sfF6wWVrkNg2Ae65VQHaG3M1mRjFp93noeDaZE02kZyGhEg/f/eJC6qevwaHPwDAybzEWmB9AfUsh/dWcHt+oPQd7CSVlgCcgeRpYpZvNtouZjyYTVtzXxNqtBc=
fZ0/hi3EunyrpVjeTw51VQNa5PIeq3ADdE8tZlrmybgZBhoS2M3LiTHhBvgfpOOR6Hq1CjQINKPZv2BBNxS0tTb6KMu8FmGoeLZtwgmAsgEeIBIQDIpZRWtVH2y0FQ==
2dRPO6H0XpUxYLjKAw9N/Sppy9cvmVEZQ08tZlrmybgZBhoS2M3LiTHhBvgfpOOR6Hq1CjQINKPZv2BBNxS0tTb6KMu8FmGoeLZtwgmAsgEeIBIQDIpZRWtVH2y0FQ==
HiIGw3PnHvs0sk6FTvP2DRd+YCxRRiViWuLBrAkSMvb4qeNdYbXOPF9gK8W4rh1ulOycN0kr6MW3kDwhpm6ALxxyyXwo4qUGSUR6VU70OnQsbnFRe0EXaLQR
lz4o2Y7CGfKxsMPNYn3GM/aEJ1eNrSoBhh6IHc/VDwesVF1eWt65kPkuSkoYFZvhkQm2gJ9cU/lIkmVSdNDki7mXkHk3LESdVtL4E/xOsUDY3t06ifgC6b5IQsjM0glti31vVLQt
vGHmSFOaWEaNiXCkNaZb8jfV4vL36NM2V8nVOpp5U2epHx8aHX/Ntemwg0BOVRSlRuRRb28l1JRFTytcOzqu3ahyWBdPYmB6teI6BHXfVcwx70uZ6xTkwn9I0cTZN2iPYm1VtC4=
1OZUdGlAKGBelknef8Lh2KG2XuaErOPgmHuCj6yZtkNAzNSumqFqNXP4yxRsJE6aRbkuOLzQ3110K0FceLfCmtV2RNUnDzA2YhLrIVhU4p5d2rp5QxPmluDL7pgMF2xME5WkAOUTqGRbo9AvL1o6UQfHrr0z+ElAaSTSOpUhTMB9avAIWeip5t5zZq5WClw85WdDi4umtNM=
