Xs9ieVLjnofae3616CSyntFZMP7an4n1pM/P0aiT1HXsxB6U4c0oKSC9yEBXhnM9rO7YB5HmsNw8WOR4LtLxrq6+KuCdbS/Dyh7Y3c6p24fg8X4BGS1VN2lzI75HAOiKK1uusODdiIKW+uzrPkZ2cDfIIBl5d6U1oQbR6Zk5aUmCwAAkS4P1M14h/Lm/tMQ=
BfrAw2uW0oVLd48bYmo34x17bEUmOpy05/sVGMslVGXXCz7yZ4SucJiW0vrpPN+ys8wwKP9hTLGijINk7CxL3XmvrIZuUUgpXQtWaRhtT52D+6+rFZIhYI6mHUOovPbtnu7woton+IawvIGQRnXvxzO5J55nRf9ZD+U0GMbonbOjXzg5yrW5tMI=
Livjx5APd4mDSa3wfU/WyDMxitYmsbOGGnA1o7245kdhVAtqw9HMT9YdLVl9WQHk37mUh5umq3MLJv6n3HPjM9U4lPM6V2fie8zK8HxezuogwVnS99Q8GIPpqHGGhL+UYLQP/X2X4BbymWwpecPK+VRVS73HYyNbKZoFoGouYXOkpLKNGhY8ssbvHAbU9J2ACg1rJ/ehK66bzZsZK+0IaEpwWZOnZ/SpVv2dtOY=
jqxWhd09VAFbuWY2ZJColp6J9Rkkj1A1L9dYebbYNgeQc2AvdmeiTwoQYmV8sCM14fmqrljbJkrVilFJYrGDgWkWXQsFfxc+BQB1Gh+6MPiQdWDQn3+W18WN8PWmpVWRppuKvFyBrz4/0FeyCujHRsmUg1lksaLc+5BhHR3Vp7C0yQ==
ae57WUsMcnzTG57FYOFaMo3uWxVO/DwBWSZBGhBLJyt9xkhVT6YMFAZ0rosQ//iDxiL7I2p8emlMnPv5ITVyAuhXvia15gkFUp2bjWkaRSc1M09SZWztlq8W6DRQubj8r3OOu6XhqLkWCc0dJhcSEOzN91JfvE++OsQfiglYW/XUPTqwm/w5US35v7y0xQ==
kNwJ8hXjpDRYPpDcw1Sd6o3uWxVO/DwBWSZBGhBLJyt910BbSakNRgZ0rosQ//iDxiP7I2p8emlMnPv5ITVyAuhXvia15gkFUp2bjWkaRSc1M09SZWztlq8W6DRQubj8r3OOu6XhqLkWCc0dJhcSEOzN91JfvE++OsQfiglYW/XUPTqwm/w5US35v7y0xQ==
g/+BZxg0kEyzIpDYrTGiJpgRqrpkBHcBrrWrI/ePpID42vQZPQLDmS6w5O1tOldw0OO0pYw73VB75EGqNjj2J5BToM/2zOMvCjCihfwQY1XhGWoO2LtmatVqkeni0cOhaTYda4Xf194FIDV6nxrwGJAVIHAfn1b3xe2wVSZFlbGmu0pc3CHvXj/wl1KKSIcmyXRD+eTR4vz7cKG9nbXnkLTp
rovD0E9USwKqi7QmJu9/8yvw9Id4spTlu6WZ9PW4SLNx5PXzc+fjYhsMKvAcHi5qRoF60teUnJgjqYhxZsTfFIB0b/2dV0CWUllMKVkDann0lau9p6PD20na5aBKbsHzBOSSjTpWXDImr3wGNDT9AOrNSyfXYYsuOw27GUst6OgqMLmTxydUKfa9vbTG
NdjoVbdZinhdQ1oAQ87TWr2wzlb76gwRpmkEXSpnf9PWk4UnQZrzkr4/4dp26BYXkGNAH7a6Q7+KoMI1PMBDJeHpSl6YC4b6VfoxGSKBo5FpBn07RS93ToWw1crfStDokGUAoN8vNmdFfRAlZpV1gaaLqoycUU/Ov2D34kqYp1bJhGOppGECbHvgAU1d5YegtNk=
xkUEOIw4MXLR7UNesOEWS4xKOu7Gl4qmvs3RwbvUyFbsyR77h6NBMymq0UhosF5a5KKKVciCpcA2MMlNKtHEoLW8KuCdbS/Dyh7Y3c6p24fg8X4BGS1VN2lzI75HAOiKK1uusODdiIKW+uzrPkZ2cDfIIBl5d6U1oQbR6Zk5aUmCwAAkS4P1M14h/Lm/tMQ=
j3aUALgcs4a5mb349UWz72eR1PWKDw9LVgt1z/447bi7TDEylsAmD5B7cDdWUJOHytiSnZwos71hcTo2OKNWApXCYXFCqZOJaR5NEyVHJ3ZFSAVifyKgcBD98Eh/h2YfBUXAzYa9RZmmk5qkfLmf9v8Yp0rqcFfOSRwTwQTJ0pS72FElPc23uLTB
3TKKqk1XEk5nE12aq7atAxlDAzpYTf3VAprg5gxlWoLzHCLwFA5GCh/QQhIPZGR4ixkA8e60t7Q4xLc9ZYeYtnpJRClRE0JZLEVTfX8Te3shqm0gwt5pE/wUSk0CBgRSTr90BjwkFeAyHXNnjxHzTpO9M5nD3QBIkoDh0793DAnerbW0zg==
T6heJHtPnjAVHBGB/++N4yfx+Iph892tpLLA+bnnF+Fz/bTzc+fjYhsMKvAcHi5qQYB60teUnJgjqYhxZsTfFIB0b/2dV0CWUllMKVkDann0lau9p6PD20na5aBKbsHzBOSSjTpWXDImr3wGNDT9AOrNSyfXYYsuOw27GUst6OgqMLmTxydUKfa9vbTG
J6Oi0Yb9ujbVb2FvYPjWHY+o1iKfURqigngR3hyFzndXIHDtbJrE6OID/3/ywQkyH4Lk7PJnH4zLchd88UNk4n556mGf3CGWSbiXDaHLze0nNieWQiuhR+ds5EHDnSfAikamj5Hb6tfuR2yUERoFMLQwAqKwEl08JSKJKELg/RXWkfh4wWweSHENA2ue7oxlEqkHP7QBKqk1TbmfXaNXZntAFNIfi9pYzH1k6kJKuBNixqoI43h08RXXiV1VVuUx5flVEXaQNIwnY9mbilEoAeO0mA==
N9kZp9f7TjCmhdtOFMdxRGvo9wEkhcui7diHf5p1j9ilZPrQwp+8CB4KDdArh0lNf33e7lYQBh+Qa1Dnlu4y9kpocm1ceNOtYWHa5njTNrIVMsHBAvmzmWkObUNl94eGxfhlEj/yQGAQ7ZAYv3eGr4U1YH1GbWWJpoO6dLwJP4Z/qEe6KiA33kkM8xFEubIkOyjxlX2dl6i00Q==
qpCMkP6JM7vAlBSE7M4wcZx5Dh5LjN8VNJHDpu3cj2uKYae8hYDShJJLdExeTsUEe9Phqd8ZdnrGhI6bEO/YcwZ6mpLqjNo5DKwb6SElEjIohx5WNVbp1RLtu51pCmVXdeOv4uUcTUZvJogkUKlYzO8jLkslUcjp1vntDSYHMuAsnZfi30zv7nr0/5oJSDvFFO2awBtM2YFtiZ+stNU=
hvT4SwLcfrjFmWGe7FYnNgkE75aL0wVVmrgURSVtXQ3sDuwpNw0ZSBsO3uLfzj9388+uX1JncNyVauEoeLBOutTi1/Q5AjWghvAZbVrR9EBl/FpADe2fo5reKP3eqcunEDEuYamtxZcZM/NedwCYqvubHtBwXXgixrrcCy5GZhAHCPC5Cfc11RFGgclpOVkp0gDwhNsDRdOOYYyZr7TU
Vj9PzhNPtvKfdW4NbSmAAtOFiWcQA1uC0x88l8ek7eLzUXJX0451rr6uem0Qbr6QmV6jBbX7D9c6MA5CytnQEWQJvowu4FpidlOkSr+LgbuOqLARisSl2GVfmms/H+m0me0NVVtQlbKh7AeAbIYw94QWt3X6mXUfBCOevynPZnkOGhTroxDvIsMEUpLbeClWJ98M+47SC0LVi2WPm6606w==
cPUvRUtake3mUrOfcft0iTRIkjIk0thnlJqgvc3rt2AEaeKxBYoQB9FaBdKPdLZwgOa62tjrF3J7fGhIl/H0MVocK8S0XAOdsX9UZkZhUClFO36J4L2H3cuL9wu9AtngNjZ1I/AMPi1WPsiCslfghqhMabB+JaeHewn/fo/VR9l3dZy4HhhVc+sPQFnihaG02g==
pOgwGO+8pflRg9HwKNwYRCJsHvmadSwTJ243cTyV0RxtCS7OSBzevmJNUL28zY6ZIdu6rs43NPZXX8HXlqxAzcKwBVSd+8oXFwvpmMGpvcnT5PX+mQgXvATS8BsckscpMm1VE3wHTkOBW+bV1t4k96skD+57YMIuM6xpOj/b/CfGpqvOLS8187O6tMc=
mfehSHG/rFFjW8WF2hcNOYVxf+BhBz+2NTyO4go50DEkaT4m6Q9aQjYzJOp/a4GbzsgwsUokpfglPxrL///plNmNjfWbsJWS4YyHIKxmMNfEdjfVOnl1P0RDHh/pL2ZZTnqUS2Pw7wKDZNIyG5gpdme/jFtOMgtilevlL1tOtMs=
m9BLuRYkAetWyZqRH53kthwTmgh4S9FTWeqBaFiwbno0YnyzVgIVYGZwuS060dSAhXz6AG3tv2N6Xoi9vqmr57CxzqGJraXXubMTnlcA+OpbG/4QUF0YYmY6PMsORkZQZ4hQeen3FZVxxiEJiTl5abKAUEQ7A2WT7uEsWU+0NA==
yn5ZNSnd1x+bAOMu36PwXIdxf/FjETu2NTyO4go50DEkaT4g6Q9aQjYzJOp/a4GbzsgwsUokpfglPxrL///plNmNjfWbsJWS4YyHIKxmMNfEdjfVOnl1P0RDHh/pL2ZZTnqUS2Pw7wKDZNIyG5gpdme/jFtOMgtilevlL1tOtMs=
zpr3zLAISIO6skxyEnJbkBwTnB5kVtFTWeqBaFiwbno0YnqzVgIVYGZwuS060dSAhXz6AG3tv2N6Xoi9vqmr57CxzqGJraXXubMTnlcA+OpbG/4QUF0YYmY6PMsORkZQZ4hQeen3FZVxxiEJiTl5abKAUEQ7A2WT7uEsWU+0NA==
YPIvgHcb9fpNRZhtJxR3JhwTnQh2U9FTWeqBaFiwbno0YnmzVgIVYGZwuS060dSAhXz6AG3tv2N6Xoi9vqmr57CxzqGJraXXubMTnlcA+OpbG/4QUF0YYmY6PMsORkZQZ4hQeen3FZVxxiEJiTl5abKAUEQ7A2WT7uEsWU+0NA==
wrDOUBln2S3s6L1fjUoCcmsRwSEuzN9igtPuudHt8WYEZ7LiE4ILFNBdJ9KPdLZwgOa62tnqGXJ7fGhIl/H0MVocK8S0XAOdsX9UZkZhUClFO36J4L2H3cuL9wu9AtngNjZ1I/AMPi1WPsiCslfghqhMabB+JaeHewn/fo/VR953dZy4HhhVc+sPQFnihaG02g==
f4CjVauqrRjh425t2eUBKdLb4Z9YEdHudwppfmkF5AfbXn4LFFF/EDuT/qfAftbmCoYRIaITwCIr7DrwDH4eqpEj5VJndGxYc8m4cZbkj1Qw1J99DTcQVqJ5XClJI5q5pPU7PVcDc5sZ+hWgeg6RM/QEIg2q9ozyFs9sBiTUzUC6bdunZwH7buvtix47DTgompDJE1fHhGmGna201g==
nDwse4WBffLL2mcgwE1DjIzefQtx1FnJTpyPlT4K80D2OudCNBddaVouxtHzVq6vc+/CnhZ0LfGep7W3eDpxfUX+mGjDXTUFnu84MFc87dlgIHDWeJRosvdCeOZMbGvdWe/MBo6RaCl9y7bpeC1vnaO7Dyv1UkFgrma9w8h8Fu3+rlAiemeYhlB8IRDmtQ/HU/nHHscF317vpVSYZii9s4Of2Lmq9Zm04g==
nDwse4WBffLL2mcgwE1DjIzefQtx1FnJTpyPlT4K80D2OudCNBddaVouxtHzVq6vc+/CnhZ0LfGep7W3eDpxfUX+mGjDXTUFnu84MFc87dlgIHDWeJRosvdCeOZMbGvdWe/MBo6RaCl9y7bpeC1vnaO7Dyv1UkFgrma9w8h8Fu3+rlAiemeYhlB8IRDmtQ/HU/nHHscF317vpVSYZii9s4Of2Lmq9Zm04g==
sObfhGzUv4GyfaKAL5T+XqYKvgqREZJsx/RdTPxAzLaYHUDsCx6GVq+dT1iEEA0iXjcOikEaUvBR/fBVmYvioznh1Kq18iaXMC7a7CNUrbcBoG214d1FpPC3ze7Y4uVchOduODuZMy6q+X6xyq+C7kATMvHK5KW4pf8ai38/6dRZTY21G3CV0mFMh2AspjCXRLY3lbq5dX/Egx5fae9mGc66lAvjMO9CA6TScptYLDbnf4wbzvILIhUr5W/bjrSL
qz4sO3YyKZeXoNroO4evIlFP9bj1LbeRmde+LoclrSHPIEIYnMBf5FXsna7cDDtp8/7VIQTr9z5V3Xm4RvKNUwd6w280pIrzfmIor0B4HXe//vTeV97jOXGdiEdxMVKTIM03bh55URK3BTdy5mIvGbQL7eQgGl6wKhJ15qKOthi5Tctb9g6UVQqpHw+s4UKZ/Q1xz/VDL/bDwOxCpyuyiIQ9rJpqaqDjesayePtYXAFdF0ENvfZdoZ187YGO8Jxcb6ORq2IxMDH7tIA=
K7eBx1QCsBtrbklE1g6UdWciLFTLKC/LI3C0jpWQ4UBUWm4b0dXrWj9KozK9F0jf/TjFUWMIGbljIsmoguA9lZaRuPiBbN7IsQ1D697uzOXSqce/9AFqKXVNeR+doxfmO0BUUt+LGtiMfSRqAkp4k6LG6oijeLRx1ddJ3RVWpbEl/JWRtpB0DGdjGRtKUeiBo7TY
aKjXSfY+bkscBisRulDF5dxM7+AQWPMNEHQ0Rio56r3tCGm0GHqCaPyMQz+FwNgmd0pvdot22tKWg+Q6n5uBi+74cOEqVCVohY/aGx8P6YT5vc2l+8AVAkE8R/BMljDH5EZ3hVoJ9a/k897PCd9mSW5K1BsDgG+SI9QS4vtoLGZHj8wLLkKL8jVbJf+7vrTb
Q/VqSwutVFbwC6eVYU7byRHwceNAc3KpuDEXxJ2rN7XGfkhz0iuOF6vpTz6fdbfSxxWMeO44BfPb79AZkiVxtAo=
UuIvrKRgYk9M0Pn000RsyGPs+wkhsZi44+XIb4A87Nr2Xsb+84qvGh1PS889xANNd2nVzTtJVjmkRkqe47FoqBZoa3wRZeapYlTU/XrTNrIVMsHBAvmzmWkObUNl94eGxfhlEj/yQGAQ7ZAYv3eGr4U1YH1GbWWJpoO6dLwJP4Z/qEe6KiA33kIM8xFEubIkOyjxlX2dl6i00Q==
TdXQLiF7L3rpCRGSKAv5a6gYI3yLrPX5ec+lHswmd+J3uIFER3wz0mW8btjMmqL8V7gQLYUeCHhJSwumI6tuAT1kG4quR0q8/UWJn9EFjsfkPtl3VmZ4RdUae/DocH128fUwNWTLnp3ybBMk/MybXclPnMbesXgpbevmKSiN/x1TG7/rhXJxYF4GjQO4nKZtbs6A4iqHiIZAHPFQtlWfR+OZN1735a9S34Wk2NaIzTMTPwj5etWJtPI=
p6CJHdkTzeG5Ng6kU7hXnild1vo8sT8wEDoMD3CO6dQUHX2Wli7e34zSDVJ/wTfc/9gnCuow1w5LXZMBBAlS1LsY0eU9jTd4tAE=
RBSoNAj0QxX7s6fPARDNWJyzTw1KpHa8NZdfPKyFLM6+mdZMJwQ87vO+ipIeRCnpyy1xpKqO52G9GRFlQwDo1E201QNUR4eDlRVfhuso4ibjROvT79Pcb1bO66Y9Z5V7Y1K0Lw==
gZDZexSSpXF6ldpiEDq4vjHe5PvT8cM9bd3TNrhiRmGEUl4WDWXH+KO1gUJbRB/lHPVaIXV43ZNcSzZJPGnr1LFjUzUiNmRjrvMKd2/RU84z/VOb4h3gyHJAwdPfN2yJfm1VtC4=
wpF8j2cJo4HsbRQTI4RInSy9lQathGIWMZ3jiGd9LSL3zJt1uC0GYamguYNYQ1pp0KGvZFXbL7XejgDTartmV4PZV97XpQ9bPkVEWPbIbTNzfyh5WhVptBI=
t9I0QYAvuQrxmHjkGkDOFMkSiGRQhmA3s5FmFjWV/5iLRUkCE5S3hYRlwqHt6EUzNJv+CXRZA/TJU6s1WgacQ8bDwrcngbtuq23LG3qNeCjaEAkTl0dEaUYdbbQW
Q2riljdNE7g5+g8z0P7ywuAhp0FhtEEthJFmFjWV/5iLRUkCE5S3hYRlwqHt6EUzNJv+CXRZA/TJU6s1WgacQ8bDwrcngbtuq23LG3qNeCjaEAkTl0dEaUYdbbQW
AhpP7IlBSzRwx0Fr/NZ9H/rAoBn2jzM/4JazGXkAHcm/smU4IR0iiWTBSwTja+I3iLmCFVUsDx/t9RxKWpuQjzSHUa1tNo2B7XtcYV4wzDx/I2FLUnFAEWu0EA==
Wh4r7pz1hAntmuOesqrvHIzefQtx1FnJTpyPlT4K80D2OudCNBddaVouxtHzVq6vc+/CnhZ0LfGep7W3eDpxfUX+mGjDXTUFnu84MFc87dlgIHDWeJRosvdCeOZMbGvdWe/MBo6RaCl9y7bpeC1vnaO7Dyv1UkFgrma9w8h8Fu3+rlAiemeYhlB8IRDmtQ/HU/nHHscF31vupVSYZii9s4Of2Lmq9Zm04g==
HFyG/G6+IsDE7saj3ctwICld1vs8sT8wEDoMD3CO6dQUHX2Wli7e34zSDVJ/wTfc/9gnCuow1w5LXZMBBAlS1LsY0eU9jTd4tAE=
kBG6z8hplqT1nHZm/C1O6qGW7p5HQQJuNSdchFRluZigtafz1wW2RIukhaRXS/EDDGx80ZGGhkpxnFeFVYrTHzX2WtGgqa6tX6KBzTGZd4h6febI3d3bN5E6b77yV0KDF2kV+6u5kMU3vizuL/4rSdkd7vO7UWpjeI3P/oaZGUJfBV+iLgK3iczLNZQY+hYAwpLdFuquTijhjXPLbq7chSKpN9/kQdoJRc0p/w1jZwZrQATy78uK+Fz91AryCmgzEsZaKLO4xJGlVxn9hZaVEfX7RPFG0ORst+MpO/qR+GHTtKg=
CuenfWbTfQemadP5ERrqnWCd7nT4dSBz7JjXBrZ02+HtO2iYQSuaxaVPauArBO/gOjwEVM6A6IctPjT3crK7l1q9+gxGDNPkSiinpgXqHunNF3qiaS65GqL2JHXbzwWU6ZR5JD0VW6w2pWTYQlb/Ko1/YSTF/w3TdXaEIXW0JPylvgBBplI3t2PcPk+my9aR4mzkVdr75irVKhGp4pFD4Wl2nSuFn1eeBWC1Op9acFiQ1aCwH1/WN8UtMJUmhRVxpnvKnNzhb54/MBeSiogH5ss1w7nkkWK8+zAh/Z31Z9C0qQ==
DhUsWKc5nHy4gbeU+3yF98vM6Du3WBFbDtSMSjD9V8yP8KqqUho5NVF4bVkzcTDZfbJ5zB53cBzLnV0hlLZYZPvQOKo7Tqnof2/tSALMQTGlu7XE4NVlXlGNdJzgDOcar5cROYd+exGFyoCAAC9+tGVcNX2XavPuG6pmLwaQWxWX0fEqv69oaOBpuYM+xeD5uqajERjNhNeMj3/X8JIe9sx0gtyZm/bg0Y9GVmxgvl9bMPB8n96jr/1k9//vNckxp2V7wGpoj55o/jDOQ/Afh2YVPNK3DN3oj6wEsl7mc3/gstRea992/91FNb8ZjPeh98FP75bMEiXQGUhBbwQ4czlKdhKf+lwb/per5gLO7uMKmtOj5fOJfLielZiWEWwdxr2J3s2CA8TVO4XnVcJMJaXQzIglyugldlb/A0Potou2L75lopiMsUo/7p51HtktMvWrlWkCdU9VG5+qpdS9/g++GKzQIchUD5teA+WZ+JH24f0FJg8i+AzlpyofBJ9WmmxvEovBq110VWoIWwTpeU2Rj6S03Q==
os0MnjLCAkFhTxPS3TDkAQ9OlSRCJvsywcbVtBJA+c0AofpkfBICcVj7mtM7Nk747lGyKMudvHIdQK6+vWhEmdBEcNSxfrAxOp3xk0yPLSo7l2DR8G8JoJo7l61eJulY6wG7ywy7xDfh9agJSQIFiLiIBfE3j5A3xY1Hx1nUel5XndTTqrv3b5AGMcyKm6ZW8vbojq25HBjCmt6wnG3iiLU4F+gv6OFpRLiZnUyEkyQ3CK6Pm4rRfzEdxmHXBWp3sk+wI97xXfqXIQcEXdIr64dJVpLeZp93wwOh8//WR2aBFV4Eqf4jW8B4xtFGN7oRm4GQ4yp1grbj7AyManqUt0N+Mv2xvE/PRbLCUvQJQ+p5eHK+EUkuZXwX9QQNBy1utsp8YmZjY73dzT0ZeMeinRV6VPH7NqVFpdbMamWNFlvvsIqyFLR4sueiqKYcjPtd6Q98Rr5xWClNK4apyM3fHTNbX2slslFgvkbtgxjchm0ODiBiikfohqBcUdAWFX9Hw1mX3hclz1v+xQRYtkgtMzP/aHmalam00g==
cUFUiHS9eqqOoLEiKBV51xPCAhZ7VcBaahAThn/V1p2+rFQFDPYxDc1Q5yF90eE0A7L96zHczIyibqDvsZWbLjABElMhd817hDcJVxpNmaye5UF+tsajsiSuVx9maLH1AYZy5kUH3flJemBvkRg5v3iysMYDjDc1zWenZG93zRgsDrDFusJdXgkDV5BHaLNYKkEWmn9DTzNttF91PE7oe9XNzm9kT0Jk3y8Y9/ARZD3zeSDYeuDUVt4COQFiBhndalhcCvqp47JMgt+kl6nVFjsRf79t5/8HZ94KMls44GzcADPaG7EeV8BsN7YprueeCJwOLJfpeBAIAEvFYpmVl5kxqWYz18/Dc5FWNqajeOsEL38OHCXhqOqMfyAIPfaFx6jyZGpV8livneXJ/bpQLBk2RlsIC96f1QBtGJciHWmp6WWoCNMdUnB2ZbDcI14kM+3TYhJd7k2ie8LCWBfCrQJQBTTdG0q3VyvpuIEJPSmThPUeWWiXHMTy8DvcMkdJ8o1VczznzuPBe+b1ln6kF+tEDw67AEKO84xrG/97fEcGRquubc+1U/OatOc=
DqGu8Ys56Akz/lQAk4D1/RgueL9qpfLhmIeEtTflKEFHTDejkIdF98da1zD35k5j24Z2PCLMXUF3PY0MBQMN8PbWbsr7QO4xVmuYvrO+5GPxOAopx2ytD2daeedutNvlOLfZiq8P/IG8hz2grtPb/cK+ffgfOcf7AJOQ9zWdJPn1ejForJAZIXsnZLexJYuXRcxuPmNlaKMmU6MvRC49/Haj0vZmbnReYdEoGPbyEmAA9XYowQDr2CPANSkQUBXt8HynRCMQst9XIqX/xbWKscsdfpeGNwzTUpmJOsMJCzQh6t9LE9HKwpKOq3f36+2jY07TxnUtIjSl1nebFBBKIfpPjvGPmYwzZt12NpdEwNx2YoDXd4aOjT1UG4+Rms5iCDE3Su3g7m7dIRplSH851JGfuc7C8oBSaku3/YklsWnEP5b9AWJIoTee0cVRfoC6eZUCu9vINkKY3Kxys4qklmC0D/19l+AW8plsKXnDyvlUVUu9x2MjWymaBaBqLmFzpKSyjRoWPLLG7xwG1PSdgAoNayf3oSuum82bGyrtCGhKcFmTp2f0qVb9nbTm
8GVideaErgrk/KYHVzP+a3gvVA8xVSLDRMw4k/ABfdIN9uC5IGyBbSL6bJpaGZ7DlFrSSeZQBm35OgN8QNaT/XRlJqN3bD8DV74Mro9+S4n5HQW2HNEKI5iN7z7mGbkCvwU/Yo6CV8nsy1VU+Hq2wKKS/VYKLu7owY2Ti84uvEUCqRcfhMF6SaXNCT+t44dGS0BkMk9Lajg8/fRKEorI83LGumgTOKRRhVf5veUWNVEV+2QxJlBELJfjSftaERgh87SI
/NrUNUeMeJI2Y8JuCHXZdR6xsbMxk8X0llc8/2MlUXl3fXP9THkp7egC7kp9dG9cOznVK8yPX5lxa4nLsdMMWMnZKbw5TJ+y59rgqOpUivZxYuZWuJumkslJNExlzJKMAJvD3QmS6Z5tOhX3Z9pmf6CXLusNjC0c1NpNfZFFhczgj61maLrldNQfznDLgXPGOkGeufp3AkaQaxI5unxl0LXHegPPZ+n8CbUt/eto1Trx9GdoHH6wP5TOF13KIbUX1Lt+19m3ZjGeQjRDEyivqpMcMnqrgKufNwes075qy0oFE4Xna9a0ow==
vHVZ+/z2FJM6tdkgmikfGh6xsbMxk8X0llc8/2MlUXl3fXP9THkp7egC7kp9dG9cOznVK8yPX5l2aYnLsdMMWMnZKLw5TJ+y59rgqOpUivZxYuZWuJumkslJNExlzJKMAJvD3QmS6Z5tOhX3Z9pmf6CXLusNjC0c1NpNfZFFhczgj61maLrldNQfznDLgXPGOkGeufp3AkaQaxI5unxl0LXHegPPZ+n8CbUt/eto1Trx9GdoHH6wP5TOF13KIbUX1Lt+19m3ZjGeQjRDEyivqpMcMnqrgKufNwes075qy0oFE4Xna9a0ow==
jsEiHaAed9vFRqIgkoFOux6xsbMxk8X0llc8/2MlUXl3fXP9THkp7egC7kp9dG9cOznVK8yPX5lxa4nLsdMMWMnZJ7w5TJ+y59rgqOpUivZxYuZWuJumkslJNExlzJKMAJvD3QmS6Z5tOhX3Z9pmf6CXLusNjC0c1NpNfZFFhczgj61maLrldNQfznDLgXPGOkGeufp3AkaQaxI5unxl0LXHegPPZ+n8CbUt/eto1Trx9GdoHH6wP5TOF13KIbUX1Lt+19m3ZjGeQjRDEyivqpMcMnqrgKufNwes075qy0oFE4Xna9a0ow==
O3p6++DNvMDZHsIS0mXd+h6xsbMxk8X0llc8/2MlUXl3fXP9THkp7egC7kp9dG9cOznVK8yPX5l2aYnLsdMMWMnZJrw5TJ+y59rgqOpUivZxYuZWuJumkslJNExlzJKMAJvD3QmS6Z5tOhX3Z9pmf6CXLusNjC0c1NpNfZFFhczgj61maLrldNQfznDLgXPGOkGeufp3AkaQaxI5unxl0LXHegPPZ+n8CbUt/eto1Trx9GdoHH6wP5TOF13KIbUX1Lt+19m3ZjGeQjRDEyivqpMcMnqrgKufNwes075qy0oFE4Xna9a0ow==
q+O3rbMf2x+4Ua/2SSgVMh6xsbMxk8X0llc8/2MlUXl3fXP9THkp7egC7kp9dG9cOznVK8yPX5lxa4nLsdMMWMnZJbw5TJ+y59rgqOpUivZxYuZWuJumkslJNExlzJKMAJvD3QmS6Z5tOhX3Z9pmf6CXLusNjC0c1NpNfZFFhczgj61maLrldNQfznDLgXPGOkGeufp3AkaQaxI5unxl0LXHegPPZ+n8CbUt/eto1Trx9GdoHH6wP5TOF13KIbUX1Lt+19m3ZjGeQjRDEyivqpMcMnqrgKufNwes075qy0oFE4Xna9a0ow==
v4bnhz0mbf0VzMWNtw+XwB6xsbMxk8X0llc8/2MlUXl3fXP9THkp7egC7kp9dG9cOznVK8yPX5l2aYnLsdMMWMnZJLw5TJ+y59rgqOpUivZxYuZWuJumkslJNExlzJKMAJvD3QmS6Z5tOhX3Z9pmf6CXLusNjC0c1NpNfZFFhczgj61maLrldNQfznDLgXPGOkGeufp3AkaQaxI5unxl0LXHegPPZ+n8CbUt/eto1Trx9GdoHH6wP5TOF13KIbUX1Lt+19m3ZjGeQjRDEyivqpMcMnqrgKufNwes075qy0oFE4Xna9a0ow==
98qaYPPgTVCooImvhwy37B6xsbMxk8X0llc8/2MlUXl3fXP9THkp7egC7kp9dG9cOznVK8yPX5lxa4nLsdMMWMnZI7w5TJ+y59rgqOpUivZxYuZWuJumkslJNExlzJKMAJvD3QmS6Z5tOhX3Z9pmf6CXLusNjC0c1NpNfZFFhczgj61maLrldNQfznDLgXPGOkGeufp3AkaQaxI5unxl0LXHegPPZ+n8CbUt/eto1Trx9GdoHH6wP5TOF13KIbUX1Lt+19m3ZjGeQjRDEyivqpMcMnqrgKufNwes075qy0oFE4Xna9a0ow==
yNyfL7ksb1lbk3beIw4z8R6xsbMxk8X0llc8/2MlUXl3fXP9THkp7egC7kp9dG9cOznVK8yPX5l2aYnLsdMMWMnZIrw5TJ+y59rgqOpUivZxYuZWuJumkslJNExlzJKMAJvD3QmS6Z5tOhX3Z9pmf6CXLusNjC0c1NpNfZFFhczgj61maLrldNQfznDLgXPGOkGeufp3AkaQaxI5unxl0LXHegPPZ+n8CbUt/eto1Trx9GdoHH6wP5TOF13KIbUX1Lt+19m3ZjGeQjRDEyivqpMcMnqrgKufNwes075qy0oFE4Xna9a0ow==
oRy2RdM7l9cTIhNOs8fWdx6xsbMxk8X0llc8/2MlUXl3fXP9THkp7egC7kp9dG9cOznVK8yPX5lxa4nLsdMMWMnZIbw5TJ+y59rgqOpUivZxYuZWuJumkslJNExlzJKMAJvD3QmS6Z5tOhX3Z9pmf6CXLusNjC0c1NpNfZFFhczgj61maLrldNQfznDLgXPGOkGeufp3AkaQaxI5unxl0LXHegPPZ+n8CbUt/eto1Trx9GdoHH6wP5TOF13KIbUX1Lt+19m3ZjGeQjRDEyivqpMcMnqrgKufNwes075qy0oFE4Xna9a0ow==
+/8B7JSpAxECtRVvPnYPbB6xsbMxk8X0llc8/2MlUXl3fXP9THkp7egC7kp9dG9cOznVK8yPX5l2aYnLsdMMWMnZILw5TJ+y59rgqOpUivZxYuZWuJumkslJNExlzJKMAJvD3QmS6Z5tOhX3Z9pmf6CXLusNjC0c1NpNfZFFhczgj61maLrldNQfznDLgXPGOkGeufp3AkaQaxI5unxl0LXHegPPZ+n8CbUt/eto1Trx9GdoHH6wP5TOF13KIbUX1Lt+19m3ZjGeQjRDEyivqpMcMnqrgKufNwes075qy0oFE4Xna9a0ow==
I3+Wnq9Y7W4uXV6XqpgFZx6xsbMxk8X0llc8/2MlUXl3fXP9THkp7egC7kp9dG9cOznVK8yPX5lxa4nLsdMMWMnZKb05TJ+y59rgqOpUivZxYuZWuJumkslJNExlzJKMAJvD3QmS6Z5tOhX3Z9pmf6CXLusNjC0c1NpNfZFFhczgj61maLrldNQfznDLgXPGOkGeufp3AkaQaxI5unxl0LXHegPPZ+n8CbUt/eto1Trx9GdoHH6wP5TOF13KIbUX1Lt+19m3ZjGeQjRDEyivqpMcMnqrgKufNwes075qy0oFE4Xna9a0ow==
yE8RVrdsM6Ku4zJZZ1Tzzh6xsbMxk8X0llc8/2MlUXl3fXP9THkp7egC7kp9dG9cOznVK8yPX5l2aYnLsdMMWMnZKL05TJ+y59rgqOpUivZxYuZWuJumkslJNExlzJKMAJvD3QmS6Z5tOhX3Z9pmf6CXLusNjC0c1NpNfZFFhczgj61maLrldNQfznDLgXPGOkGeufp3AkaQaxI5unxl0LXHegPPZ+n8CbUt/eto1Trx9GdoHH6wP5TOF13KIbUX1Lt+19m3ZjGeQjRDEyivqpMcMnqrgKufNwes075qy0oFE4Xna9a0ow==
PXysLDZNZpCHykLzVYJG6R6xsbMxk8X0llc8/2MlUXl3fXP9THkp7egC7kp9dG9cOznVK8yPX5lxa4nLsdMMWMnZJ705TJ+y59rgqOpUivZxYuZWuJumkslJNExlzJKMAJvD3QmS6Z5tOhX3Z9pmf6CXLusNjC0c1NpNfZFFhczgj61maLrldNQfznDLgXPGOkGeufp3AkaQaxI5unxl0LXHegPPZ+n8CbUt/eto1Trx9GdoHH6wP5TOF13KIbUX1Lt+19m3ZjGeQjRDEyivqpMcMnqrgKufNwes075qy0oFE4Xna9a0ow==
1C7EzzbQg7HSQFPwB5bq2R6xsbMxk8X0llc8/2MlUXl3fXP9THkp7egC7kp9dG9cOznVK8yPX5l2aYnLsdMMWMnZJr05TJ+y59rgqOpUivZxYuZWuJumkslJNExlzJKMAJvD3QmS6Z5tOhX3Z9pmf6CXLusNjC0c1NpNfZFFhczgj61maLrldNQfznDLgXPGOkGeufp3AkaQaxI5unxl0LXHegPPZ+n8CbUt/eto1Trx9GdoHH6wP5TOF13KIbUX1Lt+19m3ZjGeQjRDEyivqpMcMnqrgKufNwes075qy0oFE4Xna9a0ow==
Yy7E6Gm1UkfI/KzplCl36AyWxxoKVKZa9MzR/CUay//VUbhuCEVDd5ASGbjrQWOHrdav0fsRDeI1Jibsn1OnNrmA2aeuR6Ft75IIUITgDWa08DQ30CfRYYGeMgJ5Ll5q3lbJj22IGZwCFCWxoUUkaL0wcjiI97OZMY7pikV2RZP/ZsaLaLoK4GvQbcE9Vt3ZyTnl+OhjXaLQJmXgfNMelNO9U7Jy7S49AqvCEvhnAh1igIVkPasKR/d76egh+X2Zc9R1zjnYV2xkIvDrfEKH+ZJd1SPcV44TYSvmpTaO5KcLFI/e27CC/lNca8tfC7z3ZpYr/o1/9aNTyrS3
/sX0nFY21r9urjqq3kfxBx6xsbMxk8X0llc8/2MlUXl3fXP9THkp7egC7kp9dG9cOznVK8yPX5l2aYnLsdMMWMnZJb05TJ+y59rgqOpUivZxYuZWuJumkslJNExlzJKMAJvD3QmS6Z5tOhX3Z9pmf6CXLusNjC0c1NpNfZFFhczgj61maLrldNQfznDLgXPGOkGeufp3AkaQaxI5unxl0LXHegPPZ+n8CbUt/eto1Trx9GdoHH6wP5TOF13KIbUX1Lt+19m3ZjGeQjRDEyivqpMcMnqrgKufNwes075qy0oFE4Xna9a0ow==
22UE9NWYqx1XoAzKsdRVqJLXMJHT68Xs3AbJP96BRj7rbVRSCknGnoEeNTJzcO7wMtSN0rS/7TfoE2fVRZbZIWCanbCYUd8s9FugeJWHiYCs9FPH5hfTtTmck9UQEwZwFas/SiFiPG8snxlpG+fFgV4Zec6CcsFGpdV3/UCv9WmEv1b9weKIoXcekcWR/kC6ORVCu5tI9kJYXOxy8wrklqA0z/09F6AWshmsKblDivkU1Qu9B+PjW2kaRaAqrqFzZCTyjVqWfLIGb9wGlHTdgMqNqyc3IWuu201bG+ptyGgK8BmTZ+c0qZZ93bSm
Yy7E6Gm1UkfI/KzplCl36AyWxxoKVKZa9MzR/CUay//VUbhuCEVDd5ASGbjrQWOHrdav0fsRDeI1Jibsn1OnNrmA2aeuR6Ft75IIUITgDWa08DQ30CfRYYGeMgJ5Ll5q3lbJj22IGZwCFCWxoUUkaL0wcjiI97OZMY7pikV2RZP/ZsaLaLoK4GvQbcE9Vt3ZyTnl+OhjXaLQJmXgfNMelNO9U7Jy7S49AqvCEvhnAh1igIVkPasKR/d76egh+X2Zc9R1zjnYV2xkIvDrfEKH+ZJd1SPcV44TYSvmpTaO5KcLFI/e27CC/lNca8tfC7z3ZpYr/o1/9aNTyrS3
22UE9NWYqx1XoAzKsdRVqJLXMJHT68Xs3AbJP96BRj7rbVRSCknGnoEeNTJzcO7wMtSN0rS/7TfoE2fVRZbZIWCanbCYUd8s9FugeJWHiYCs9FPH5hfTtTmck9UQEwZwFas/SiFiPG8snxlpG+fFgV4Zec6CcsFGpdV3/UCv9WmEv1b9weKIoXcekcWR/kC6ORVCu5tI9kJYXOxy8wrklqA0z/09F6AWshmsKblDivkU1Qu9B+PjW2kaRaAqrqFzZCTyjVqWfLIGb9wGlHTdgMqNqyc3IWuu201bG+ptyGgK8BmTZ+c0qZZ93bSm
Yy7E6Gm1UkfI/KzplCl36AyWxxoKVKZa9MzR/CUay//VUbhuCEVDd5ASGbjrQWOHrdav0fsRDeI1Jibsn1OnNrmA2aeuR6Ft75IIUITgDWa08DQ30CfRYYGeMgJ5Ll5q3lbJj22IGZwCFCWxoUUkaL0wcjiI97OZMY7pikV2RZP/ZsaLaLoK4GvQbcE9Vt3ZyTnl+OhjXaLQJmXgfNMelNO9U7Jy7S49AqvCEvhnAh1igIVkPasKR/d76egh+X2Zc9R1zjnYV2xkIvDrfEKH+ZJd1SPcV44TYSvmpTaO5KcLFI/e27CC/lNca8tfC7z3ZpYr/o1/9aNTyrS3
22UE9NWYqx1XoAzKsdRVqJLXMJHT68Xs3AbJP96BRj7rbVRSCknGnoEeNTJzcO7wMtSN0rS/7TfoE2fVRZbZIWCanbCYUd8s9FugeJWHiYCs9FPH5hfTtTmck9UQEwZwFas/SiFiPG8snxlpG+fFgV4Zec6CcsFGpdV3/UCv9WmEv1b9weKIoXcekcWR/kC6ORVCu5tI9kJYXOxy8wrklqA0z/09F6AWshmsKblDivkU1Qu9B+PjW2kaRaAqrqFzZCTyjVqWfLIGb9wGlHTdgMqNqyc3IWuu201bG+ptyGgK8BmTZ+c0qZZ93bSm
Yy7E6Gm1UkfI/KzplCl36AyWxxoKVKZa9MzR/CUay//VUbhuCEVDd5ASGbjrQWOHrdav0fsRDeI1Jibsn1OnNrmA2aeuR6Ft75IIUITgDWa08DQ30CfRYYGeMgJ5Ll5q3lbJj22IGZwCFCWxoUUkaL0wcjiI97OZMY7pikV2RZP/ZsaLaLoK4GvQbcE9Vt3ZyTnl+OhjXaLQJmXgfNMelNO9U7Jy7S49AqvCEvhnAh1igIVkPasKR/d76egh+X2Zc9R1zjnYV2xkIvDrfEKH+ZJd1SPcV44TYSvmpTaO5KcLFI/e27CC/lNca8tfC7z3ZpYr/o1/9aNTyrS3
22UE9NWYqx1XoAzKsdRVqJLXMJHT68Xs3AbJP96BRj7rbVRSCknGnoEeNTJzcO7wMtSN0rS/7TfoE2fVRZbZIWCanbCYUd8s9FugeJWHiYCs9FPH5hfTtTmck9UQEwZwFas/SiFiPG8snxlpG+fFgV4Zec6CcsFGpdV3/UCv9WmEv1b9weKIoXcekcWR/kC6ORVCu5tI9kJYXOxy8wrklqA0z/09F6AWshmsKblDivkU1Qu9B+PjW2kaRaAqrqFzZCTyjVqWfLIGb9wGlHTdgMqNqyc3IWuu201bG+ptyGgK8BmTZ+c0qZZ93bSm
Yy7E6Gm1UkfI/KzplCl36AyWxxoKVKZa9MzR/CUay//VUbhuCEVDd5ASGbjrQWOHrdav0fsRDeI1Jibsn1OnNrmA2aeuR6Ft75IIUITgDWa08DQ30CfRYYGeMgJ5Ll5q3lbJj22IGZwCFCWxoUUkaL0wcjiI97OZMY7pikV2RZP/ZsaLaLoK4GvQbcE9Vt3ZyTnl+OhjXaLQJmXgfNMelNO9U7Jy7S49AqvCEvhnAh1igIVkPasKR/d76egh+X2Zc9R1zjnYV2xkIvDrfEKH+ZJd1SPcV44TYSvmpTaO5KcLFI/e27CC/lNca8tfC7z3ZpYr/o1/9aNTyrS3
22UE9NWYqx1XoAzKsdRVqJLXMJHT68Xs3AbJP96BRj7rbVRSCknGnoEeNTJzcO7wMtSN0rS/7TfoE2fVRZbZIWCanbCYUd8s9FugeJWHiYCs9FPH5hfTtTmck9UQEwZwFas/SiFiPG8snxlpG+fFgV4Zec6CcsFGpdV3/UCv9WmEv1b9weKIoXcekcWR/kC6ORVCu5tI9kJYXOxy8wrklqA0z/09F6AWshmsKblDivkU1Qu9B+PjW2kaRaAqrqFzZCTyjVqWfLIGb9wGlHTdgMqNqyc3IWuu201bG+ptyGgK8BmTZ+c0qZZ93bSm
Yy7E6Gm1UkfI/KzplCl36AyWxxoKVKZa9MzR/CUay//VUbhuCEVDd5ASGbjrQWOHrdav0fsRDeI1Jibsn1OnNrmA2aeuR6Ft75IIUITgDWa08DQ30CfRYYGeMgJ5Ll5q3lbJj22IGZwCFCWxoUUkaL0wcjiI97OZMY7pikV2RZP/ZsaLaLoK4GvQbcE9Vt3ZyTnl+OhjXaLQJmXgfNMelNO9U7Jy7S49AqvCEvhnAh1igIVkPasKR/d76egh+X2Zc9R1zjnYV2xkIvDrfEKH+ZJd1SPcV44TYSvmpTaO5KcLFI/e27CC/lNca8tfC7z3ZpYr/o1/9aNTyrS3
22UE9NWYqx1XoAzKsdRVqJLXMJHT68Xs3AbJP96BRj7rbVRSCknGnoEeNTJzcO7wMtSN0rS/7TfoE2fVRZbZIWCanbCYUd8s9FugeJWHiYCs9FPH5hfTtTmck9UQEwZwFas/SiFiPG8snxlpG+fFgV4Zec6CcsFGpdV3/UCv9WmEv1b9weKIoXcekcWR/kC6ORVCu5tI9kJYXOxy8wrklqA0z/09F6AWshmsKblDivkU1Qu9B+PjW2kaRaAqrqFzZCTyjVqWfLIGb9wGlHTdgMqNqyc3IWuu201bG+ptyGgK8BmTZ+c0qZZ93bSm
Yy7E6Gm1UkfI/KzplCl36AyWxxoKVKZa9MzR/CUay//VUbhuCEVDd5ASGbjrQWOHrdav0fsRDeI1Jibsn1OnNrmA2aeuR6Ft75IIUITgDWa08DQ30CfRYYGeMgJ5Ll5q3lbJj22IGZwCFCWxoUUkaL0wcjiI97OZMY7pikV2RZP/ZsaLaLoK4GvQbcE9Vt3ZyTnl+OhjXaLQJmXgfNMelNO9U7Jy7S49AqvCEvhnAh1igIVkPasKR/d76egh+X2Zc9R1zjnYV2xkIvDrfEKH+ZJd1SPcV44TYSvmpTaO5KcLFI/e27CC/lNca8tfC7z3ZpYr/o1/9aNTyrS3
22UE9NWYqx1XoAzKsdRVqJLXMJHT68Xs3AbJP96BRj7rbVRSCknGnoEeNTJzcO7wMtSN0rS/7TfoE2fVRZbZIWCanbCYUd8s9FugeJWHiYCs9FPH5hfTtTmck9UQEwZwFas/SiFiPG8snxlpG+fFgV4Zec6CcsFGpdV3/UCv9WmEv1b9weKIoXcekcWR/kC6ORVCu5tI9kJYXOxy8wrklqA0z/09F6AWshmsKblDivkU1Qu9B+PjW2kaRaAqrqFzZCTyjVqWfLIGb9wGlHTdgMqNqyc3IWuu201bG+ptyGgK8BmTZ+c0qZZ93bSm
22UE9NWYqx1XoAzKsdRVqJLXMJHT68Xs3AbJP96BRj7rbVRSCknGnoEeNTJzcO7wMtSN0rS/7TfoE2fVRZbZIWCanbCYUd8s9FugeJWHiYCs9FPH5hfTtTmck9UQEwZwFas/SiFiPG8snxlpG+fFgV4Zec6CcsFGpdV3/UCv9WmEv1b9weKIoXcekcWR/kC6ORVCu5tI9kJYXOxy8wrklqA0z/09F6AWshmsKblDivkU1Qu9B+PjW2kaRaAqrqFzZCTyjVqWfLIGb9wGlHTdgMqNqyc3IWuu201bG+ptyGgK8BmTZ+c0qZZ93bSm
VBxKpwdDDHkHb1Aw9SO1jcwbgmMuVRSCG0kf/u+Vp97RNbw4Plj1c0tPYNnCxQG0eg==
xiQa5ZxDSchrGAHY6GnvfPctNglVOD0TPI8UR9ypi1QRI7M1QvbE406zandPkbNOUz1zngVdQEjSACHT//fMCZ4tdbQO
2U6ur9Paf2Fjfr172tLz/KgYI3yLrPX5ec+lHswmd+J3uIFER3wz0mW8btjMmqL8V7gQLYUeCHhJSwumI6tuAT1kG4quR0q8/UWJn9EFjsfkPtl3VmZ4RdUae/DocH128fUwNWTLnp3ybBMk/MybXclPnMbesXgpbevmKSiN/x1TG7/rhXJxYF4GjQO4nKZtbs6A4iqHiIZAHPFQtlWfR+OZN1735a9e2YWk2NaIzTMTPwj5etWJtPI=
uUAO3CGsvCuaDVuYutPCo/ctNglVOD0TPIsWSdypi1QRI7M1QvbE406zandPkbNOUz1zngVdQEjSACHT//fMCZ4tdbQO
t/FdpHV1x8/NC6vpxmAsCWPs+wkhsZi44+XIb4A87Nr2Xsb+84qvGh1PS889xANNd2nVzTtJVjmkRkqe47FoqBZoa3wRZeapYlTU/XrTNrIVMsHBAvmzmWkObUNl94eGxfhlEj/yQGAQ7ZAYv3eGr4U1YH1GbWWJpoO6dLwJP4Z/qEe6KiA33k4K8xFEubIkOyjxlX2dl6i00Q==
4W2fbGccjyZZcln1DjRyxB+zeuFcYXO7qSFU1IL+N/38O1Ij3jWEAqvpTz6fdbfewRWMeO44BfPb79AZkiVxtAo=
YXOTa4EZs6LlDz6RpSKk5M7RUkHLkaU+ij8oliEVVX1vSIfaqgD3PklrszHEWfJEO4gxtf391wi0cQ==
4LrCqJrCfmFOzgC40XIQpI9d8kREad3BNHTEIZs7jcWZZlk5Qbk2mQrgeJSjQ50jhsH0yQe0fA==
2HQlKnhMzQxWdJGN3YN8Paao4tDNtcaLGyjNmOOLiQOYnktvb2cZt7ufzUIvZh54Z/jKyNOKu85Gsv5hXPJbhWp2bGOj6Je1RLHcZgM1vmxSTgPOO8BCTnPMaV1/u3yHhoar7u2PtRNzWrQn
ucE7aqw4AS3zQYE/yaSdmOmycBh4/4OZ5dGPviA0wkMuw0rN+1NKyZRAoqh6a3ObND0ebGcHvBz/PQBoeYx2mPlNC9s2DtTVyqnfj+zhghk9DTFPNUPvdoPALMJnK/IIRD1sGipqYGO6xvL4u1icgR0XAY199h0h3XkqAc7w3Nyvo9ErIjHwsbu0wA==
JNgfLQdI2IACdrFKeHuWC9FWJ+XfipjIpM/P0auV1HXsxB77iqMuVUfDxkEQwCYg9vvPA9DdutQ7d/BUO/3EoLW8KuCdbS/Dyh7Y3c6p24fg8X4BGS1VN2lzI75HAOiKK1uusODdiIKW+uzrPkZ2cDfIIBl5d6U1oQbR6Zk5bkmCwAAkS4P1M14h/Lm/tMQ=
xRKOMcyK0va2Ju3Xu6xqgqgYI3yLrPX5ec+lHswmd+J3uIFER3wz0mW8btjMmqL8V7gQLYUeCHhJSwumI6tuAT1kG4quR0q8/UWJn9EFjsfkPtl3VmZ4RdUae/DocH128fUwNWTLnp3ybBMk/MybXclPnMbesXgpbevmKSiN/x1TG7/rhXJxYF4GjQO4nKZtbs6A4iqHiIZAHPFQtlWfR+OZN1735a9Z2IWk2NaIzTMTPwj5etWJtPI=
Gd0GrUxgZ792ZljHvc1i9ZerYUQX6XUbUzpHGAVFB3twgwURG4c/KG9jp/Ngh4KRn2KtOzVjbmQLpeLoDTVyAuhXvia15gkFUp2bjWkaRSc1M09SZWztlq8W6DRQubj8r3OOu6XhqLkWCc0dJhcSEOzN91JfvE++OsQfiglfW/XUPTqwm/w5US35v7y0xQ==
tEv6P0Uk684XBiYCYxYWVozecwN1ilzOU8vbmnFz0mjMEtRtBz5daFZvida2Rbe4bu7Clxk9LfWSmfrceDd8E1j5gRvQTTYAgKxgIwkvpu1MGF3vZrh9ncJMY+RMbGvdWe/MBo6RaCl9y7bpeC1vnaO7Dyv1UkFgrma9w8h8Fu3+rlAiemeYhlB8IRDmtQ/HU/nHHscF31nopVSYZii9s4Of2Lmq9Zm04g==
EjcgeLCJuMEf6oWixn3xrXd4crw2UT9jf071BAAvHTfzmhJXSV099YK5Khwol+yTKFlx26BtxgDwjJBjeY9Wbdy4ja82mG2d0qyzpByM+13pD3xGvnFYKU0rhqnIzd8dM1tfayWyUWC+Ru2DGNyGbQ4OIGKKR+iGoFxR0BYVf0fDWZfeFyXPWfjFBFi2SC0zM/9oeZqVqbTS
GFYYfyiNb2A10TehoAQ97TOHLkUqemMWtzYfNRdK0Jj8bydBExWs5UQkxkvC42aFv+PuMQjAPtDe27dTGB1yZGMXWMTDfXww3RzyEFUtZ5Py/jDt1qnDtwgRRlFRbZ3HsdNLLv+AEBqDO/YAKB1A0u7axBsmRm4AH+jYyTE37YV55nl54bnW2WpgWFQDQz3jZkGUiae03A==
tdrdrF/e1tegM650m0Rc16ICD28adnpdb5oJScb6zlIUILI+L7LV9EmgYWdPkbNOUz1zmQRdQEjSACHT//fMCZ4tdbQO
u4KC8S+7rxZX3dRxFBC4W6MCD28adnpdb5oJScb6zlIUILI+L7LV9EmgYWdPkbNOUz1zmQRdQEjSACHT//fMCZ4tdbQO
Q/wlsif98LqAHweM1RcTbqACD28adnpdb5oJScb6zlIUILI+L7LV9EmgYWdPkbNOUz1zmQRdQEjSACHT//fMCZ4tdbQO
65WwZj8k/kHoJSUUqdb2BqECD28adnpdb5oJScb6zlIUILI+L7LV9EmgYWdPkbNOUz1zmQRdQEjSACHT//fMCZ4tdbQO
FFQIZhLrIQ4xuadnEPsLtqYCD28adnpdb5oJScb6zlIUILI+L7LV9EmgYWdPkbNOUz1zmQRdQEjSACHT//fMCZ4tdbQO
/+mVIClg7pQ9OzJbm/DgcacCD28adnpdb5oJScb6zlIUILI+L7LV9EmgYWdPkbNOUz1zmQRdQEjSACHT//fMCZ4tdbQO
+Hq3HM+z1uc5vz3Efgl2faQCD28adnpdb5oJScb6zlIUILI+L7LV9EmgYWdPkbNOUz1zmQRdQEjSACHT//fMCZ4tdbQO
BLWfVECtoijoR27+nbyVnaUCD28adnpdb5oJScb6zlIUILI+L7LV9EmgYWdPkbNOUz1zmQRdQEjSACHT//fMCZ4tdbQO
az4peTX5X+wm/mYJmB6iPqoCD28adnpdb5oJScb6zlIUILI+L7LV9EmgYWdPkbNOUz1zmQRdQEjSACHT//fMCZ4tdbQO
idjms5ml7XeCM1sT2LNu4xZq66/TFsEv1g6ODbsytelaErqigLg+vqMqQYS9yP3H8znnnifFP1lIZXQYBmjds+Pf+DmKNXm0Ag==
Mefi2MH7DEeVgxrReW5guSYziATcsfy14eDQY1E31oqTlEAPOuvCCKCgv1OUcUmK3L7RR2B9Duk+jd5WYG5wvPYmjz6bkAKek/xpbZ9rPNcmdiueTV91QxNqtBc=
yOxxBCrtPDlyBmbs1pPCfS4Njiw519hrgMm6t9HttXUKSbK8QMdUU/BpGbuYfc4A+Jyog5G/Di1kaGUPrujlHVocK8S0XAOdsX9UZkZhUClFO36J4L2H3cuL9wu9AtngNjZ1I/AMPi1WPsiCslfghqhMabB+JaeHewn/fo/VR9lwdZy4HhhVc+sPQFnihaG02g==
trRgCctRTtNGu5seQX+u8mlibROfPSjQJ220ytCf+wlXVWgtmJSqE2YDgj3Tc1K5jEC6WGJLW+t8fda8j6cEjIe9uPiBbN7IsQ1D697uzOXSqce/9AFqKXVNeR+doxfmO0BUUt+LGtiMfSRqAkp4k6LG6oijeLRx1ddJ3RVWpbEl+ZKRtpB0DGdjGRtKUeiBo7TY
iY/jlkagh4FPN75QQlSQM1a9xaz5459d+YSkssRfH3PzkreAhd1309Br1alb/28Aj4uX62Cfsnl/Sv1Dddu+jKsNknCNrYKqSD/unnUe2S0y9auVaQJ1T1Ubn6ql1L3+D74YrNAhyFQPm14D5Zn4kfbh/QUmDyL4DOWnKh8En1aabG8SicerXXRVaghbBOl5TZGPpLTd
J+x8hTkB3o5waJ67hR/lv4Kh4uyAHbSuCKjCIRtdC4ib5qX/kw34AYmfqy1bTtexWy0g3fbHt4BBFSVpamITV/7WbU8mNCCVcmjFjK2jqg8nE+mA8bHdkeM8NSYpUHcktEpwg6wKp3GCtZXLTF8uW7FD5s3mxkSvm/zPNss4oraDNOmlj0Ocf3Z+axYdd1Xrg6K03w==
3vvHvl5NG1f/iiub6eQxpfctNglVOD0TPI8UR9ypi1QRI7M1QvbE406zandPkbNOUz1zmQRdQEjSACHT//fMCZ4tdbQO
4A+hdSGzyiZoqWYrdv/Ir/ctNglVOD0TPIsWSdypi1QRI7M1QvbE406zandPkbNOUz1zmQRdQEjSACHT//fMCZ4tdbQO
KpbSOf+/6DG49vCrCEI6KGPs+wkhsZi44+XIb4A87Nr2Xsb+84qvGh1PS889xANNd2nVzTtJVjmkRkqe47FoqBZoa3wRZeapYlTU/XrTNrIVMsHBAvmzmWkObUNl94eGxfhlEj/yQGAQ7ZAYv3eGr4U1YH1GbWWJpoO6dLwJP4Z/qEe6KiA33kkL8xFEubIkOyjxlX2dl6i00Q==
+JvWHkBhpVJKwWWDK18w/NG70I+EsA6KxURPr7Y22NeUzQh2D/EfrTqQ13IKqEeGydMDmWTxIhz70OHdHZUncLQJ
QX1lDHkR2ohPR9Mmx9RARGQbiTYi2N9ow9T/oPCktHgMQ7K8QMdUU/BpGbuYfc4A+Jyog5G/Di1kaGUPrujlHVocK8S0XAOdsX9UZkZhUClFO36J4L2H3cuL9wu9AtngNjZ1I/AMPi1WPsiCslfghqhMabB+JaeHewn/fo/VR9lwdZy4HhhVc+sPQFnihaG02g==
yUo0Rfb/CCiy3xvlsQZGbRgueL9qpfLhmIeEtTflKEFHTDejkIdF98da1zD35k5j24Z2PCLMXUF3PY0MBQMN8PbWbsr7QO4xVmuYvrO+5GPxOAopx2ytD2daeedutNvlOLfZiq8P/IG8hz2grtPb/cK+ffgfOcf7AJOQ9zWdJPn1ejForJAZIXsnZLexJYuXRcxuPmNlaKMmU6MvRC49/Haj0vZmbnReYdEoGPbyEmAA9XYowQDr2CPANSkQUBXt8HynRCMQst9XIqX/xbWKscsdfpeGNwzTUpmJOsMJCzQh6t9LE9HKwpKOq3f36+2jY07TxnUtIjSl1nebFBBKIfpPjvGPmYwzZt12NpdEwNx2YoDXd4aOjT1UG4+Rms5iCDE3Su3g7m7dIRplSH851JGfuc7C8oBSaku3/YklsWnEP5b9AWJIoTee0cVRfoC6eZUCu9vINkKY3Kxys4qklmC0D/19l+AW8plsKXnDyvlUVUu9x2MjWymaBaBqLmFzpKSyjRoWPLLG7xwG1PSdgAoNayf3oSuum82bGCztCGhKcFmTp2f0qVb9nbTm
Q6usHOt2ohup+RLs0ct5sHYE3SD07GfXzZsJWwOVMkePNa/6oFzIXrgcjAA+7P6hJdWiH9jL5AdT6PJsqQDyavo/tPcE+Suvn1FhsPe92RYcFk6qlskVqfr+Y+iyOVIbsyAgTzVFjGKziDElqcMOj74XG8HqQZumnxgiDJeZlXsqd/95Za9L0GBOTbkGm+gPDc/qsrNEGD98hqiyOmaPzSYY+O78WE4puFhvnIVgrVybyb4M29WeoIk0LQy857l+6z+L6WQJRYHw5yjrYmucxafa7RUFDE/28TvdDYR6fBIl93l3Axstkh22WzFMDKvKWXs6TISZlJMggQEFAouIgTj22Rgu5Hh+jqdZWuC18wi1bz8GQNpmrZk6IzygVjM9FGVGY9fs30N3vmxu7urk1xkdJ3l/UarjuI0PfkaZ2cKfBR8ibgL3CYzLdRRY+laAgpKdlqquDqghjbNLrq4cBeKp918kQRqJhc3pf01jJ4YrQERyr8vKeBz9lIqyCiizUsaaqHO4BBFlV9l9RZZVkTX4gnGG0CTs9+Npu7qRuOGTtOg=
uCCcP6cNIARAgV2JJQUFqU2w4Ck6nY5J/u3eNqDO4V26C54eW/CCPtMcaY3fzb235lYrvg2/9ePTCrR3
i7j+tTo9Keck3+i9hdDtxkuw4Ck6nY5J/u3eNqDO4V26C54eW/CCPtMcaY3fzb235lYrvg2/9ePTCrR3
yZ567mE05xSZxQjZ5oUeNkiw4Ck6nY5J/u3eNqDO4V26C54eW/CCPtMcaY3fzb235lYrvg2/9ePTCrR3
/Z09MJjFfgvp8ZJOxDrrDEqw4Ck6nY5J/u3eNqDO4V26C54eW/CCPtMcaY3fzb235lYrvg2/9ePTCrR3
AxOuFsFrECuZW/SInjFJu0mw4Ck6nY5J/u3eNqDO4V26C54eW/CCPtMcaY3fzb235lYrvg2/9ePTCrR3
w6F5z3RtkiWJfU1zHfoNgEyw4Ck6nY5J/u3eNqDO4V26C54eW/CCPtMcaY3fzb235lYrvg2/9ePTCrR3
Ec1uKmGIJgRhomlGp+Jn+oDwVTDmIvfmCaMfKWpxSmWWVP8ZmiUM4eHsVktm0KRaxAxsEBnbWUK/KmjHR/x+es219AC65m8fbuvP8jDE0M22e0ZsGop/TLeZZOXPuvP30JBiyJgwjiOhbH3dFHXVh+HR511i+nW105HvFxbsQA1CcAUUHbvK15dL6dhBab2JU6T1PhnIF/yEEvDbnNLH6bKtVVP8R06DARvmlVYeJLcrZA8u+6DCbrNsaf2/nf3nRmarjq1vNTMz+rSH
gi8UKNk2rbfpAx6YM+lrNLcQFzSvtOLUXVP3jr/B3Y0r+moOJiIxi1hjrWKWA/bBa2ON03qhase2aIdMDQMm/0tqLa/EMq4YdxVi7c/wNMrYN6pNVn7ulEdm239Ex+vUG63sRhI6zA5WaW0qPR9Qu509Pac3D9YkDV9/Nw918kLolz7mtaaJxVJdG81pWsXnNfPPEmWsbVavVmh0UHk4PK8zDvulISj5FklN3SbXklDsjXeSX/zP/joEn0oJH9uz1f26cJu8uZEtOT/8tIU=
TN6IhQs2Y65fOh81yEPI58ZXpfVrSI23DVYHlyCKI+3Sn7S0ikNy7IVPSzaqFWlO1jR2xIDsPH7eB+DSrNdi6vykJkyJMJ3zmuBsT3OyR1SwMPTO9WAB8/kp7vR0fSmHGkYv+qFyqzKGz4vdfLYWMdpHfo+kOFHZ4C3GX6ZEHxTA9C/9XdcAlhLZjCmZgyp5tBVrvecjg9uJWiWgCu4B88Rk0o161pwyZi88BvS0PQCqTYsnF+HLLnuNexkMra7p6rB5k4enlCk2Pf20hg==
ZP/uPNM+/fG2wbh5RPyaJsZXpfVrSI23DVYHlyCKI+3Sn7S0ikNy6oVPSzasFWlO1jR2xIDsPH7eB+DSgMBi4+CqMUyJMJ3zmuBsT3OyR1SwMPTO9WAB8/kp7vR0fSmHGkYv+qFyqzKGz4vdfLYWMdpHfo+kOFHZ4C3GX6ZEHxTA9C/9XdcAlhLZjCmZgyp5tBVrvecjg9uJWiWgCu4B88Rk0o161pwyZi88BvS0PQCqTYsnF+HLLnuNexkMra7p6rB5k4enlCk2Pf20hg==
TnFax8dtEoRix2xf9mc4SNXiR7F9c2m0NQD1eaV9kXxAADjHb61HgSU0hgvHZ3had9mb41G9NNtRDKC71L+Tpojo3LtWXLskl/uQ5G5PcbZNXLokxt6HdCvbE03M1FaZQ68wEt2qk6bh+syLSZ2+8lz5kJPM31Zs+3GKyWT/BCD1vGpgXW3vQ4oemF0OqRsHoPE+gdktlbcpc2M+hwCoCmtbbjAg3cgC1vosa/5GNvB3yOCZuXflteEGEWlZOS7JRMHApAuDtbOeITw5/7SE
LQol64mlSwD5HOr0G49+FcZXpfVrSI23DVYHlyCKI+3Sn7S0ikNy6oVPSzasFWlO1jR2xIDsPH7eB+DSrNdi9OGlLEyJMJ3zmuBsT3OyR1SwMPTO9WAB8/kp7vR0fSmHGkYv+qFyqzKGz4vdfLYWMdpHfo+kOFHZ4C3GX6ZEHxTA9C/9XdcAlhLZjCmZgyp5tBVrvecjg9uJWiWgCu4B88Rk0o161pwyZi88BvS0PQCqTYsnF+HLLnuNexkMra7p6rB5k4enlCk2Pf20hg==
StpWAc6FpF1P/iqh1khQ+NXiR7F9c2m0NQD1eaV9kXxAADjHb61HhyU0hgvBZ3had9mb41G9NNtRDKC7xbmRs4z83LtWXLskl/uQ5G5PcbZNXLokxt6HdCvbE03M1FaZQ68wEt2qk6bh+syLSZ2+8lz5kJPM31Zs+3GKyWT/BCD1vGpgXW3vQ4oemF0OqRsHoPE+gdktlbcpc2M+hwCoCmtbbjAg3cgC1vosa/5GNvB3yOCZuXflteEGEWlZOS7JRMHApAuDtbOeITw5/7SE
3ii8FQAQtUpYrpiN4mjXK4DwVTDmIvfmCaMfKWpxSmWWVP8ZmiUM5/C0Dltw2/AFww95OV+4HgCocn+HQ855bNio9AC65m8fbuvP8jDE0M22e0ZsGop/TLeZZOXPuvP30JBiyJgwjiOhbH3dFHXVh+HR511i+nW105HvFxbsQA1CcAUUHbvK15dL6dhBab2JU6T1PhnIF/yEEvDbnNLH6bKtVVP8R06DARvmlVYeJLcrZA8u+6DCbrNsaf2/nf3nRmarjq1vNTMz+rSH
j/nn9OSSHId04t+c7XhTToDwVTDmIvfmCaMfKWpxSmWWVP8ZmiUM5/C0Dltw2/AFww95OV+4HgCocn+HSt1zcdiq9AC65m8fbuvP8jDE0M22e0ZsGop/TLeZZOXPuvP30JBiyJgwjiOhbH3dFHXVh+HR511i+nW105HvFxbsQA1CcAUUHbvK15dL6dhBab2JU6T1PhnIF/yEEvDbnNLH6bKtVVP8R06DARvmlVYeJLcrZA8u+6DCbrNsaf2/nf3nRmarjq1vNTMz+rSH
AzssgHwb1kH7jRa0ErvR+LdYHG2maDVWLZ/aXD+O3IplyiwYMmOEDaS+3Qc+thX0QsBJXg7Wcyzdp8Zbxek0DM9wFC8/uAv0JC6WBAcJWvHP7AzWqCuSUbYi1kg3uuMjhJtTCGtxVBrypnSSJvXVtr2D6CftoYU711Nu+H2Dx2vPKcqemEsGulW6sdkiQSPRaUb9+0Xv9w6F8FWK34pQKJAlgODf77anRb2QZWbV9UGmSyrMnBHPDr+gdyJK2CcWyUPjb6Uhgix7oIGNXSUH4LSZ
+BgqzR19/tNFPgq+tIsgYEGw4Ck6nY5J/u3eNqDO4V26C54eW/CCPtMca4jfzr235lYrvg2/9ePTCrR3
DUDxSShiewJBoCe5qWv1mjBicGhP+PTjc3QOmYqCOzMaf5pJn3lgR0GI0MDhXQRb9rtiQx4ctLgYHhq4H8QfFpos71KOByuZdZXqSFtEaTlNUQ9ktB0=
/YDuOKcdP8grpBDwfWRCsbes3uOSITu5msE4xiOr+N+VSjpj3BMQHAZh14vJnJ+ocD1qe6LXNi/qyWvBBOXR3/RIGiIg+N6+w+rhFxIMh8cTeYceh4UfXiglkJmmqP2zwx+YuWp1WbQi
o+28vLJXyf6+gWbHICl8HAnr3UNyQfH9qmZTB8oLUo3fvagzkTy4JEE57O9mT+rHnpg8TIiq8ty/IHeiSlgnlsrD4+qloYKseyCBDV2lB2C0GQ==
iNqTPoUF4ZHdKbrVYz8aTSkt575qYJxcwbnb8uni9QtmDSqw4K7pJzAoA0boZn8zK8C1uWNeR5Xi6Z5ltgle6pjaEx8amO/iQ8RSUlu4KpGnHA07DhILglVLZU8bbrQr
PF4mZFKl7KzH1QZsHF5WzxwEv+8aUuX0+NeSvmOokrqEnd5p6dBMzKSwW9BcM9yJLTwo0aTQ3F8JW0Y7PxtsLFszMo93+LGdyB5KgW06IgR/JGcQ9TBbt76UJ62BayC6M8xyqosQrwkX1O0DHnpLWqXDxTdLRrQz
V0trUE5aSmb6Q4rOaW81w0Uk24h0JSaLHl+S747Bl/FIfVW/sLAWMvwwuj4nor0FEHxUNpfhSy77jfsYiK0q6Wqw+ZMHpxQptj19tAY=
wRIzhDgM7d1hVWRtXBitlM1RyWFLhG4BpK4aWTmStsvXRFwUHbLymNl0y6q/u3V9Z4rhCW4KRvLMUKo+N0KNVMHQyacngbtuq23LGnqNeinaEAkTl0dEaUYdbbQW
qNh+yzV9Lg5M+p9A3H1wC0+w4Ck6nY5J/u3eNqDO4V26C54eW/CCPtMca43fyb235lYrvg2/9ePTCrR3
TuVD1tvssMola1Ehlyqrt06w4Ck6nY5J/u3eNqDO4V26C54eW/CCPtMcaI3fyb235lYrvg2/9ePTCrR3
ixHmrqrx8dKTkwWL827A1KICD28adnpdb5oJScb6zlIUILI+L7LV9EmgYWdPkbNOUz1znQFdQUnSACHT//fMCZ4tdbQO
8bxFccRvqKLfr+J3GCwKnXJIo5j2Walj3B7BQKFnm9gUCLqigLg+vqMqQZeyzOfH8znnnifFP11NZXUZBmjds+Pf+DmKNXm0Ag==
7jWKrU9KRRZGgW2rvedyf6MCD28adnpdb5oJScb6zlIUILI+L7LV9EmgYWdPkbNOUz1zmgBdQUnSACHT//fMCZ4tdbQO
Zy/e+Qi3s1aonGa1uNPIt3JIo5j2Walj3B7BQKFmm9gUCLqigLg+vqMqQZeyzOfH8znnnifFP1pMZXUZBmjds+Pf+DmKNXm0Ag==
rdGsv//MD6/MaBPQW47IZKACD28adnpdb5oJScb6zlIUILI+L7LV9EmgYWdPkbNOUz1zmQVdQUnSACHT//fMCZ4tdbQO
uYW9X6XU1Eyg3hStEHkvUnJIo5j2Walj3B7BQKFlm9gUCLqigLg+vqMqQZeyzOfH8znnnifFP1lJZXUZBmjds+Pf+DmKNXm0Ag==
d1CU2XkFWsB0rvXThbsjiykfg7dh+DkSXyVYWzGU6NwBATyHhmfa356ADGRowiLk/9gnCuow1w5CW5MABQlS1LsY0eU9jTd4tAE=
gfZs0thElF29v89S556vu5Kp9QgdN4WUlEF8xtC2wGLkD9P8iZFdWlBIrozISiIM5P55HmN/wMjd1wld1VZlMWXy0hH3kbSMp2NZmwpRqAFjtBg=
k0Em4XrpN4OV6PR2tRY5zCg3PAikOEK1ogkexXZpXsrYOpGx0u/+wgMk0vKb2C+25/iOm85yC6IVq+Xv2w60Cw==
LvZ+bZvn0VWmHqYoDJhDNqECD28adnpdb5oJScb6zlIUILI+L7LV9EmgYWdPkbNOUz1znAVdRkrSACHT//fMCZ4tdbQO
FSVWvi2JKDPwV5OjgfrRvXJIo5j2Walj3B7BQKFkm9gUCLqigLg+vqMqQZeyzOfH8znnnifFP1xJZXIaBmjds+Pf+DmKNXm0Ag==
XB3VkD51S8Ef0FLMXB+OqaYCD28adnpdb5oJScb6zlIUILI+L7LV9EmgYWdPkbNOUz1zmgRdRkrSACHT//fMCZ4tdbQO
hwejb65J1zDOrzItuJbNfXJIo5j2Walj3B7BQKFjm9gUCLqigLg+vqMqQZeyzOfH8znnnifFP1pIZXIaBmjds+Pf+DmKNXm0Ag==
crYG5BhRphVEd/DGvsSIRacCD28adnpdb5oJScb6zlIUILI+L7LV9EmgYWdPkbNOUz1zngRdRkrSACHT//fMCZ4tdbQO
gTnoR+z85IIM5v4ptyK4y3JIo5j2Walj3B7BQKFim9gUCLqigLg+vqMqQZeyzOfH8znnnifFP15IZXIaBmjds+Pf+DmKNXm0Ag==
/TsHLyvIXArS5SBVuSEo+aQCD28adnpdb5oJScb6zlIUILI+L7LV9EmgYWdPkbNOUz1zkwRdRkrSACHT//fMCZ4tdbQO
fZy+LkncIjcgeRHXoU2kt3JIo5j2Walj3B7BQKFhm9gUCLqigLg+vqMqQZeyzOfH8znnnifFP1NIZXIaBmjds+Pf+DmKNXm0Ag==
BJYvUnS5+tfTHbUE52Z4+qUCD28adnpdb5oJScb6zlIUILI+L7LV9EmgYWdPkbNOUz1zmgFdRUrSACHT//fMCZ4tdbQO
dF4O7nJTljdBPreWDzpIcXJIo5j2Walj3B7BQKFgm9gUCLqigLg+vqMqQZeyzOfH8znnnifFP1pNZXEaBmjds+Pf+DmKNXm0Ag==
4ESCfQu60biw4OVWg2PYYqoCD28adnpdb5oJScb6zlIUILI+L7LV9EmgYWdPkbNOUz1zmAFdRUrSACHT//fMCZ4tdbQO
Mf3Z3u0geSx/38n+WXrLY3JIo5j2Walj3B7BQKFvm9gUCLqigLg+vqMqQZeyzOfH8znnnifFP1hNZXEaBmjds+Pf+DmKNXm0Ag==
Fqq1J4Bw8fp14YVTXviVy6sCD28adnpdb5oJScb6zlIUILI+L7LV9EmgYWdPkbNOUz1znAFdRUrSACHT//fMCZ4tdbQO
W705KtDr6oTqnQ7PA8P/lHJIo5j2Walj3B7BQKFum9gUCLqigLg+vqMqQZeyzOfH8znnnifFP1xNZXEaBmjds+Pf+DmKNXm0Ag==
wCOb5jHBXDKytHJuf0gzdQjr3UNyQfH9qmZTB8oLUo3fvagzkTy4JEE57O9mT+rHnpg8TIiq8ty/IHeiSlgnlsnF4+ymoYKseyCBDV2lB2C0GQ==
OYOavveRCyuYnQPM0mkkuykt575qYJxcwbnb8uni9QtmDSqw4K7pJjAoA0boZn8zK8C1uWNeR5Xi6Z5ltgle6pjaEx8amO/iQ8RSUlu4KZenGg47DhILglVLZU8bbrQr
kKH8wvgnGlo+BYUNuAPiGRZw7a/PDsAv1g6ODbsytelaErqigLg+vqMqQYS9yP3H8znnnifFP1hJZXcaBmjds+Pf+DmKNXm0Ag==
y6NiEuaP7qnrPZdCDpfezViB0uU/SEL08m/1MRoCf2bwVvMyuesCZFz6tnR4fuXm989UoHF3ZbVhBpFp2TivycHCQKSLgzWzHiG8OX+0BA==
WKZIs/yM0cf+yTcykE81hhdw7a/PDsAv1g6ODbsytelaErqigLg+vqMqQYS9yP3H8znnnifFP1lIZXcaBmjds+Pf+DmKNXm0Ag==
fa3jlPdL9XcqptyL9CLYWw6u36MCHf32vUhsF2uNhOIh2y4uLY7nG1zYgoJoyCa+u9opt4qcL4c7ib9+T1WH2bD137pemJVzK48AWaIFYbQa
2/kE5e9aAd2eXxE8ZFVS7xRw7a/PDsAv1g6ODbsytelaErqigLg+vqMqQYS9yP3H8znnnifFP1lNZXYaBmjds+Pf+DmKNXm0Ag==
ABxg9wj9F7iFZXW6N67mFA6qxvlMWaK43EhsF2uNhOIh2C4uLY7nG1zYgoJoyCa+u9opt4qcL4c7ib9+T1WH2bX13rpemJVzK48AWaIFYbQa
tuu9Ucr91pNVV8g08DMK7RVw7a/PDsAv1g6ODbsytelaErqigLg+vqMqQYS9yP3H8znnnifFP1xNZXYaBmjds+Pf+DmKNXm0Ag==
Ll7LWWez90Qxk/X274466wiDovAfZnCVgidbpsNLMlALHXrY2NDDJQK53pWWGV7a+ArTb7oIb1KjlBKie6gspMfNzkuugosytRslvzt+tBs=
Aru5/d0eHzd7NzSIG3P0ka/v2mtdysywRUoQ4qaYc/sqNT/bBJnp4gx2kY+wFS4BLoXeXnCGUNQm7s/2S/iidgN07+IPgp6/9r5rVp03VasDYrQf
/1DZMCfqVcIuZNWsOu8t90UG31+H5I6gvK+De0Ex0JXH10EobvDQLO+C+kWBPQDE1ab9CXp9Duk+jd5WYG5js/I8jz6bkAKek/xvap9qPtcmdiueTV91QxNqtBc=
a/E5f12TDR5gStFXWl3vjB4599h9RI+9Q8pifzgsL48fFWb84Go6/Pz+YW57XeYwggbBDT323aEdfm2BDvIcXO+jEaviMbAxe7QA
gSQvR4XhRcQ5xUuehX0+PygtOgi4IEO1ogkexXZpXsrYOpGx0u/+wgMk0vKb2Cu15/COm85yC6IVq+Xv2w60Cw==
P4CoGWippAhyulc+zVSUvystOgi4IEO1ogkexXZpXsrYOpGx0u/+wgMk0vKb2Cm15/COm85yC6IVq+Xv2w60Cw==
VoUjjQsM3ZnbTcG0Tq6z43kzmR/PoJjn4OvYclA67diIkwkqK7nVEKuR+kiPA0mK3L7RR2B9Duk+jd5WYG5wvPYmjz6bkAKek/xtbZ9kPtcmdiueTV91QxNqtBc=
YwAO5yo8ECHOO0laeWV2SW9iYXNc6ZCrdG4izqrRMStfPJt9y39jNEGI0MDhXQRb9rtiQx4ctLgYHhq4H8QfFpos71KLAiuTdpXqSFtEaTlNUQ9ktB0=
9EfC1wTDMj2A1ml2dm6ocBJw7a/PDsAv1g6ODbsytelaErqigLg+vqMqQYS9yP3H8znnnifFP1lMZXoaBmjds+Pf+DmKNXm0Ag==
S5g6PYHMgEE9I4mTj2MI1RS4MjiH1IgiKTuk8atGawSqzx2hooIH8lg2K4LxK0o0pNqehGB+/Zbf7yxwuTetBTnmOfkhuRJZpGKY1ENDfWMmQVQJZ7Qc
FqlvF+4LXxZqxccdl45cFywtOgi4IEO1ogkexXZpXsrYOpGx0u/+wgMk0vKb2CK15/GOm85yC6IVq+Xv2w60Cw==
rqpm7suqoJlEDwjzqJsjvBNw7a/PDsAv1g6ODbsytelaErqigLg+vqMqQYS9yP3H8znnnifFP1JPZXoaBmjds+Pf+DmKNXm0Ag==
Dq+l5PfOWO8GccEzHWAClw6u36MCHf32vUhsF2uNhOIh3y4uLY7nG1zYgoJoyCa+u9opt4qcL4c7ib9+T1WH0rf10rpemJVzK48AWaIFYbQa
B6IfVAW0D9xZVPCnY9JVNniomF9kWsqqijVZH49MU7mLu6tAkTy4JEE57O9mT+rHnpg8TIiq8ty/IHeiSlgnlsjC4+emoYKseyCBDV2lB2C0GQ==
h+b/lNniM2It4ByGksB4hO1RyWFLhG4BpK4aWTmStsrXRFwUHbLymNl0y6q/u3V9Z4rhCW4KRvLMUKo+N0KNVMHQyacngbtuq23LGXmNfyvaEAkTl0dEaUYdbbQW
7JusTjGDmEOPKmd6Sdnxy77znIuSohSO8wcWv6Z/yteeiBx8WfseoS6Q13IKqEeGzdUDmGfxIhz70OHdHZUncLQJ
9u0C10Tbub4xRTBdkugzpyotOgi4IEO1ogkexXZpXsrYOpGx0u/+wgMk0vKb2C235/6Pm85yC6IVq+Xv2w60Cw==
lZd99q06LAtG0cVudk66Oj5ZP9Y/7WjN/eQiUcrlbjEOld5OULYBJUpzXmariGJGI2Tt8y+yX88WLuvG/ccVmyNytA8=
rTi9iKOZtZNVvIE18YFsVkyw4Ck6nY5J/u3eNqDO4V26C54eW/CCPtMcbYvfyr+35lYrvg2/9ePTCrR3
vC6yVglT0tkvbTTcvRR9Tk6w4Ck6nY5J/u3eNqDO4V26C54eW/CCPtMcbYvfyr+35lYrvg2/9ePTCrR3
hl8+WE0CMn6/07eL0hM1eUqw4Ck6nY5J/u3eNqDO4V26C54eW/CCPtMcbYvfyr+35lYrvg2/9ePTCrR3
QcuKYkSbFsuouHwfdvTor0Cw4Ck6nY5J/u3eNqDO4V26C54eW/CCPtMcbYvfyr+35lYrvg2/9ePTCrR3
nzhlRF1bFqpHX8Cs+zpxdE2w4Ck6nY5J/u3eNqDO4V26C54eW/CCPtMcbYvfyr+35lYrvg2/9ePTCrR3
4tzRJIrh6CDwlqApqF7EiU+w4Ck6nY5J/u3eNqDO4V26C54eW/CCPtMcbYvfyr+35lYrvg2/9ePTCrR3
oX+2zBEEtcOarDLETxsZ+kGw4Ck6nY5J/u3eNqDO4V26C54eW/CCPtMcbYvfyr+35lYrvg2/9ePTCrR3
iWFmSkr96rRcDcFPEYIKbQ/s0F6faYAXgTiwMGHtpCs260JTHgyU6NhuugifNH+mWnwPQo8RS0swJQo42/TJyQ2BL3S0DQ==
8B9ViVAdYTQnEbkRouiIgU09y4BfsXEuGi5DFjGevPIwTyaHhmfa356ADGR7zSb+/9gnCuow1w5PXZMHAAlS1LsY0eU9jTd4tAE=
OJnU0GK4Jtbid6sZnfyt3w7s0F6faYAXgTiwMGHtpCs260JTHgyU6NhuugifNH+mWnwPQoMRS0swJQo42/TJyQ2BL3S0DQ==
OEnW6WJS3i+VjJ2bPm1rT009y4BfsXEuGi5DFjGfvPIwTyaHhmfa356ADGR7zSb+/9gnCuow1w5DXZMHAAlS1LsY0eU9jTd4tAE=
mdxvLhjPHYI2X1KXQvtmbg3s0F6faYAXgTiwMGHtpCs260JTHgyU6NhuugifNH+mWnwPQosWS0swJQo42/TJyQ2BL3S0DQ==
NUAHRGUJjLFlqgX1K7UJYE09y4BfsXEuGi5DFjGcvPIwTyaHhmfa356ADGR7zSb+/9gnCuow1w5LWpMHAAlS1LsY0eU9jTd4tAE=
xAikZueHGAU2f+SZ7OkZ7wzs0F6faYAXgTiwMGHtpCs260JTHgyU6NhuugifNH+mWnwPQokWS0swJQo42/TJyQ2BL3S0DQ==
oMXSzGFd1O6PcuRYTh4gQU09y4BfsXEuGi5DFjGdvPIwTyaHhmfa356ADGR7zSb+/9gnCuow1w5JWpMHAAlS1LsY0eU9jTd4tAE=
Kscb/PIesNTt9cLaTEwhmQvr3UNyQfH9qmZTB8oLUo3fvagzkTy4JEE57O9mT+rHnpg8TIiq8ty/IHeiSlgnlsjH4+ygoYKseyCBDV2lB2C0GQ==
g6coRDOxtUaxdVlpo7H/sykt575qYJxcwbnb8uni9QtmDSqw4K7pJTAoA0boZn8zK8C1uWNeR5Xi6Z5ltgle6pjaEx8amO/iQ8RSUlu4KJWnGgg7DhILglVLZU8bbrQr
tLHEX6PpLUF6F4farN6Krwvs0F6faYAXgTiwMGHtpCs260JTHgyU6NhuugifNH+mWnwPQowQS0gwJQo42/TJyQ2BL3S0DQ==
SwvVHA2MCgqR6Fpog9SzXE09y4BfsXEuGi5DFjGavPIwTyaHhmfa356ADGR7zSb+/9gnCuow1w5MXJMEAAlS1LsY0eU9jTd4tAE=
MAL7Cez2Rc7Apuo+zs3/Hwrs0F6faYAXgTiwMGHtpCs260JTHgyU6NhuugifNH+mWnwPQokRS0gwJQo42/TJyQ2BL3S0DQ==
NTTvi9O0yRVYjOnMQLeMfU09y4BfsXEuGi5DFjGbvPIwTyaHhmfa356ADGR7zSb+/9gnCuow1w5JXZMEAAlS1LsY0eU9jTd4tAE=
j3pYafmquBAkMj11Re5Sowns0F6faYAXgTiwMGHtpCs260JTHgyU6NhuugifNH+mWnwPQo4RS0gwJQo42/TJyQ2BL3S0DQ==
2qERJmuaOG+S1pD4y/JoEE09y4BfsXEuGi5DFjGYvPIwTyaHhmfa356ADGR7zSb+/9gnCuow1w5OXZMEAAlS1LsY0eU9jTd4tAE=
CyUjxj0m128n0IDb8puZyCS0ig2ZueUBZ2xacZBWJlkFaoK546xwdDFapsgNrJfqY2MhLbMijamCojJCOOjWvsv6+eQ1eKUHyynvvn81l9+n1S78Dngl87svcJlyZVG0Kg==
jOCQkLG62OA2SKophq32fAjs0F6faYAXgTiwMGHtpCs260JTHgyU6NhuugifNH+mWnwPQowXS0IwJQo42/TJyQ2BL3S0DQ==
mkJXqyjGLTXnBy3BgZwG0k09y4BfsXEuGi5DFjGZvPIwTyaHhmfa356ADGR7zSb+/9gnCuow1w5MW5MOAAlS1LsY0eU9jTd4tAE=
M2dNddYb7aGDJG9GPUZRFgfs0F6faYAXgTiwMGHtpCs260JTHgyU6NhuugifNH+mWnwPQo8SS0MwJQo42/TJyQ2BL3S0DQ==
5M7Yn54tSLnMCGi0Oeus6E09y4BfsXEuGi5DFjGWvPIwTyaHhmfa356ADGR7zSb+/9gnCuow1w5PXpMPAAlS1LsY0eU9jTd4tAE=
bUllw7VFLmu3vvK7ibQcnwbs0F6faYAXgTiwMGHtpCs260JTHgyU6NhuugifNH+mWnwPQo8SS0MwJQo42/TJyQ2BL3S0DQ==
1Aew8/Ssi+ZfwIETJFEvkU09y4BfsXEuGi5DFjGXvPIwTyaHhmfa356ADGR7zSb+/9gnCuow1w5PXpMPAAlS1LsY0eU9jTd4tAE=
P7R88mJU+zev4tLkfRdGSQ/v0F6faYAXgTiwMGHtpCs260JTHgyU6NhuugifNH+mWnwPQowSS0MwJQo42/TJyQ2BL3S0DQ==
r2jmU1HA+Ap87V4djRgoek09y4BfsXEuGi5DFjGev/IwTyaHhmfa356ADGR7zSb+/9gnCuow1w5MXpMPAAlS1LsY0eU9jTd4tAE=
v3ris/FSb/dxPXijKo5IW8We7zhA0OZyLBCKPheC7cVgnCS2B0Eb7sut6xObzdasutBpE7cHpOnm3Q20dg==
1Ku+dZoQxVwrPBB3DYHEq8qe7zhA0OZyLBCKPheC7cVgnCS2B0Eb7sut6xObzdasutBpE7cHpOnm3Q20dg==
OEFpEF94T+MnfJpKr+OMfcSe7zhA0OZyLBCKPheC7cVgnCS2B0Eb7sut6xObzdasutBpE7cHpOnm3Q20dg==
uyYAKyxJ5FC8KH0qErcEYs2d7zhA0OZyLBCKPheC7cVgnCS2B0Eb7sut6xObzdasutBpE7cHpOnm3Q20dg==
kF7UdHFEa7M0xWLYgZ2UgQ7v0F6faYAXgTiwMGHtpCs260JTHgyU6NhuugifNH+mWnwPQo0SS0sxJQo42/TJyQ2BL3S0DQ==
7aeFUh1Mpg2e91UVGZu8Mk09y4BfsXEuGi5DFjGfv/IwTyaHhmfa356ADGR7zSb+/9gnCuow1w5NXpMHAQlS1LsY0eU9jTd4tAE=
ZuFXsBGM5+Y2/VSrisfGcQ3v0F6faYAXgTiwMGHtpCs260JTHgyU6NhuugifNH+mWnwPQooQS0sxJQo42/TJyQ2BL3S0DQ==
nGzmqjnzFbT9OoJGiAf3jk09y4BfsXEuGi5DFjGcv/IwTyaHhmfa356ADGR7zSb+/9gnCuow1w5KXJMHAQlS1LsY0eU9jTd4tAE=
JDzvDbzYkkQq/zNXWA5WKgzv0F6faYAXgTiwMGHtpCs260JTHgyU6NhuugifNH+mWnwPQogQS0sxJQo42/TJyQ2BL3S0DQ==
Zwh6AQj8E9n10oqbQoEink09y4BfsXEuGi5DFjGdv/IwTyaHhmfa356ADGR7zSb+/9gnCuow1w5IXJMHAQlS1LsY0eU9jTd4tAE=
R86TOl3yiROSCC95dGiIigvv0F6faYAXgTiwMGHtpCs260JTHgyU6NhuugifNH+mWnwPQo8QS0sxJQo42/TJyQ2BL3S0DQ==
8haVBfCSn7dI49SJOvTu+E09y4BfsXEuGi5DFjGav/IwTyaHhmfa356ADGR7zSb+/9gnCuow1w5PXJMHAQlS1LsY0eU9jTd4tAE=
HO6BvErhL6VWulOl2eW2Mwrv0F6faYAXgTiwMGHtpCs260JTHgyU6NhuugifNH+mWnwPQo4QS0sxJQo42/TJyQ2BL3S0DQ==
xPQvbBtdj5ZlYfEAMGQjqU09y4BfsXEuGi5DFjGbv/IwTyaHhmfa356ADGR7zSb+/9gnCuow1w5OXJMHAQlS1LsY0eU9jTd4tAE=
xoIs8m3xlttbxCsCJALYdAnv0F6faYAXgTiwMGHtpCs260JTHgyU6NhuugifNH+mWnwPQo0QS0sxJQo42/TJyQ2BL3S0DQ==
B5Vc84Z3Ym/PtCpQZujHV009y4BfsXEuGi5DFjGYv/IwTyaHhmfa356ADGR7zSb+/9gnCuow1w5NXJMHAQlS1LsY0eU9jTd4tAE=
2s1iH5X2Cyg9YtIpv5DaQwjv0F6faYAXgTiwMGHtpCs260JTHgyU6NhuugifNH+mWnwPQooRS0sxJQo42/TJyQ2BL3S0DQ==
Wc+t/YYdH0EO9HQBwuGkrU09y4BfsXEuGi5DFjGZv/IwTyaHhmfa356ADGR7zSb+/9gnCuow1w5KXZMHAQlS1LsY0eU9jTd4tAE=
4fTuMo0qRkSIZvGJq0PlqAfv0F6faYAXgTiwMGHtpCs260JTHgyU6NhuugifNH+mWnwPQokRS0sxJQo42/TJyQ2BL3S0DQ==
UgXw3mQoP/W00NmsyWI3mE09y4BfsXEuGi5DFjGWv/IwTyaHhmfa356ADGR7zSb+/9gnCuow1w5JXZMHAQlS1LsY0eU9jTd4tAE=
WkusNnewyKWCUH4KisUPRgbv0F6faYAXgTiwMGHtpCs260JTHgyU6NhuugifNH+mWnwPQogRS0sxJQo42/TJyQ2BL3S0DQ==
yHbfeD+kT0/NtYPWiLeqLk09y4BfsXEuGi5DFjGXv/IwTyaHhmfa356ADGR7zSb+/9gnCuow1w5IXZMHAQlS1LsY0eU9jTd4tAE=
IcscOfW9kp/X9H9BpHOJpQ/u0F6faYAXgTiwMGHtpCs260JTHgyU6NhuugifNH+mWnwPQogRS0sxJQo42/TJyQ2BL3S0DQ==
b/V6p4zvEwXGG8N4oY/Jhk09y4BfsXEuGi5DFjGevvIwTyaHhmfa356ADGR7zSb+/9gnCuow1w5IXZMHAQlS1LsY0eU9jTd4tAE=
vcCxOCgTpLBauVv2hZYJwQ7u0F6faYAXgTiwMGHtpCs260JTHgyU6NhuugifNH+mWnwPQo8RS0sxJQo42/TJyQ2BL3S0DQ==
nOrb48Q6sU4mMC7BHTEyWE09y4BfsXEuGi5DFjGfvvIwTyaHhmfa356ADGR7zSb+/9gnCuow1w5PXZMHAQlS1LsY0eU9jTd4tAE=
+sV8TY8oMvpXjVlfsMYaHA3u0F6faYAXgTiwMGHtpCs260JTHgyU6NhuugifNH+mWnwPQo4RS0sxJQo42/TJyQ2BL3S0DQ==
c97emh5M6LI/xFFFUaZqqU09y4BfsXEuGi5DFjGcvvIwTyaHhmfa356ADGR7zSb+/9gnCuow1w5OXZMHAQlS1LsY0eU9jTd4tAE=
OmRXD48lyIKDH46tZ4S8KAzu0F6faYAXgTiwMGHtpCs260JTHgyU6NhuugifNH+mWnwPQo0RS0sxJQo42/TJyQ2BL3S0DQ==
DSJ/hz+dBY6XOuRetY7S4k09y4BfsXEuGi5DFjGdvvIwTyaHhmfa356ADGR7zSb+/9gnCuow1w5NXZMHAQlS1LsY0eU9jTd4tAE=
A2hDBIVccjHSYMJOqO9Iigvu0F6faYAXgTiwMGHtpCs260JTHgyU6NhuugifNH+mWnwPQo0RS0sxJQo42/TJyQ2BL3S0DQ==
Mci116cmFsTqokEdPSTaH009y4BfsXEuGi5DFjGavvIwTyaHhmfa356ADGR7zSb+/9gnCuow1w5NXZMHAQlS1LsY0eU9jTd4tAE=
kg1Ww3t1tU4GYcnH6LpOBgru0F6faYAXgTiwMGHtpCs260JTHgyU6NhuugifNH+mWnwPQowRS0sxJQo42/TJyQ2BL3S0DQ==
KLfHPJJyNTHvUi62vmw1JU09y4BfsXEuGi5DFjGbvvIwTyaHhmfa356ADGR7zSb+/9gnCuow1w5MXZMHAQlS1LsY0eU9jTd4tAE=
zimUGRN101xO2X6laBkb8wnu0F6faYAXgTiwMGHtpCs260JTHgyU6NhuugifNH+mWnwPQooWS0sxJQo42/TJyQ2BL3S0DQ==
kg/5RRRDxriMHCHa2sIULk09y4BfsXEuGi5DFjGYvvIwTyaHhmfa356ADGR7zSb+/9gnCuow1w5KWpMHAQlS1LsY0eU9jTd4tAE=
zBEg9SPabt+L4N6/Ve1rEwju0F6faYAXgTiwMGHtpCs260JTHgyU6NhuugifNH+mWnwPQokWS0sxJQo42/TJyQ2BL3S0DQ==
ntYIgo6QQVqD8xV5MlTpAk09y4BfsXEuGi5DFjGZvvIwTyaHhmfa356ADGR7zSb+/9gnCuow1w5JWpMHAQlS1LsY0eU9jTd4tAE=
UK5LXJ2d6B95wm4YRTPvOwfu0F6faYAXgTiwMGHtpCs260JTHgyU6NhuugifNH+mWnwPQo8WS0sxJQo42/TJyQ2BL3S0DQ==
/8eh1g3r1Bh7rSU+bJokAE09y4BfsXEuGi5DFjGWvvIwTyaHhmfa356ADGR7zSb+/9gnCuow1w5PWpMHAQlS1LsY0eU9jTd4tAE=
YuzPUuQhMq8umLolJCD8dQbu0F6faYAXgTiwMGHtpCs260JTHgyU6NhuugifNH+mWnwPQo8WS0sxJQo42/TJyQ2BL3S0DQ==
iLxk2vRkmPQVE3DP/JWl/E09y4BfsXEuGi5DFjGXvvIwTyaHhmfa356ADGR7zSb+/9gnCuow1w5PWpMHAQlS1LsY0eU9jTd4tAE=
BiU7XsMw0J6bkLVT9Q5P1A/p0F6faYAXgTiwMGHtpCs260JTHgyU6NhuugifNH+mWnwPQo0WS0sxJQo42/TJyQ2BL3S0DQ==
21bWWSpAioAiF03M7Daj7009y4BfsXEuGi5DFjGeufIwTyaHhmfa356ADGR7zSb+/9gnCuow1w5NWpMHAQlS1LsY0eU9jTd4tAE=
rsbne/2/WwKhn8Cs6infIwrr3UNyQfH9qmZTB8oLUo3fvagzkTy4JEE57O9mT+rHnpg8TIiq8ty/IHeiSlgnls3H4+qhoYKseyCBDV2lB2C0GQ==
nt0rvKb2kTkN0QrdflPpDykt575qYJxcwbnb8uni9QtmDSqw4K7pJDAoA0boZn8zK8C1uWNeR5Xi6Z5ltgle6pjaEx8amO/iQ8RSUlu4LZWnHAk7DhILglVLZU8bbrQr
n0krOswxniHxD7kr/KAhHAnr3UNyQfH9qmZTB8oLUo3fvagzkTy4JEE57O9mT+rHnpg8TIiq8ty/IHeiSlgnlsvE4+qhoYKseyCBDV2lB2C0GQ==
IdtaSQ0bX577g8PWh+gi3hWUwzeopbcWfH1URoFUGzFKJM7u9aZpIW56488LpqmvYnkTYew1iZ/MuDJCOOjWvsv6+fc6fL8Hyynvvn81l9un1S/9Dngl87svcJlyZVG0Kg==
zrqp8+wPvD4K2/heZOVvqA3r3UNyQfH9qmZTB8oLUo3fvagzkTy4JEE57O9mT+rHnpg8TIiq8ty/IHeiSlgnlsPE4+qhoYKseyCBDV2lB2C0GQ==
VAsv4cmruvByy4Lcu+lQMykt575qYJxcwbnb8uni9QtmDSqw4K7pIzAoA0boZn8zK8C1uWNeR5Xi6Z5ltgle6pjaEx8amO/iQ8RSUlu4I5anHAk7DhILglVLZU8bbrQr
/qqHZBnlHkI7adg9M5spORZq66/TFsEvygnLQeQlsd8UCLqigLg+vqMqQZW8xPDW8znnnifFP1JNZXYdBmjds+Pf+DmKNXm0Ag==
3NyZ9bVB4dCN9tesAoy36gzr3UNyQfH9qmZTB8oLUo3fvagzkTy4JEE57O9mT+rHnpg8TIiq8ty/IHeiSlgnls/H4+uhoYKseyCBDV2lB2C0GQ==
NoIf9LEGTL2so1SE7/ZGtikt575qYJxcwbnb8uni9QtmDSqw4K7pIjAoA0boZn8zK8C1uWNeR5Xi6Z5ltgle6pjaEx8amO/iQ8RSUlu4L5WnHQk7DhILglVLZU8bbrQr
MaB6s11g37MCWgltn5+1rxBw7a/PDsAv1g6ODbsytelaErqigLg+vqMqQYS9yP3H8znnnifFP11PZXQdBmjds+Pf+DmKNXm0Ag==
EsaCvur2tE2MM6EhF4gy51iB0uU/SEL08m/1MRoCf2DwVvMyuesCZFz6tnR4fuXm989UoHF3ZbVhBpFp2T2pycLFQKSLgzWzHiG8OX+0BA==
vV7uwf3Bd0+ik5ukhNcrRg+cwE+faYAXgTiwMGHtpCs260JTHgyU6NhuugifNH+mWnwPQo0WS00xJQo42/TJyQ2BL3S0DQ==
epWEwbiRlJRGTY1VPFvj3nZ8opwhBvynXcp/cTlla6I5GWb84Go6/Pz+YW57X+g4lRfBDT323aEdfWuBDvUcXO+jEaviMbAxe7QA
ceISJXMLBbvhcbZ1soqG+s3u/ylA0OZyLBCKPheC7cVgnCS2B0Eb7sut6xiZzdetutBpE7cHpOnm3Q20dg==
fFp0Nml0REZMv9vah8OlGRZq663UHMAv1g6ODbsytelaErqigLg+vqMqQYS9yP3H8znnnifFP1NPZXsdBmjds+Pf+DmKNXm0Ag==
FxuKLq6mjAZw7wcbEaHTeg6u37kEH+bkvUhsF2uNhOIh2jQoL5X1G1zYgoJoyCa+u9opt4qcL4c7ib9+T1WH07f1071emJVzK48AWaIFYbQa
ttOZrA6QBfwjAeCiK6Cbvxdq663UHMAv1g6ODbsytelaErqigLg+vqMqQYS9yP3H8znnnifFP1hNZXodBmjds+Pf+DmKNXm0Ag==
DT8LU6lxDOncabRWpit+gw6u37kEH+bkvUhsF2uNhOIh2zQoL5X1G1zYgoJoyCa+u9opt4qcL4c7ib9+T1WH2LX10r1emJVzK48AWaIFYbQa
A1kKbLDLi8GdgG3D6+VdwNN4EyYSim6ZYn92V7HWAjue+QTrhBsZUl3ArYuI9BNqbW0WF+pf+UcX3imv4m+LsVBMDCJfCgnum+XaAq8nbYXw+GeqapCX7kM7U6KFqZv1u/gRhb1td1i0IQ==
3i504YilB4TIvhq0o81gpOLzo8be2KvYCjvCmdrR03SWyQ5veGEM5Z3Q3UYhcRB6Z/jdm4q9gsFdpfd4RfVagV8DARqw6Je0TazbIxY492lZVwDOO8BCTnPMb1l/uX2Hj4er7u2PtRNzWrQn
bP909SstfNBsqoAUjjq2q+Lzo8be2KjYCjvCmdrR03SWyQ5veGEM5Z3Q3UYhcRB6Z/jdm4q9gsFdpfd4RfVagV8DAhqw6Je0TazbIxY492lZVwDOO8BCTnPMYll/uX2Hj4er7u2PtRNzWrQn
a63ELEcWNDkViJ+Em4d6At7fEUthsDN6XynFlDywwRlGWltR+k0h08oHD7VxbQsrWlEma/Hd0e+8zZ6P61247icKlr9cUx4hbnInWwUb17uejM9j4NfUiFvJX/4vFWfZl7V+Of7RtHMLz6DZAkVBtDo=
kRmbHu3KmH5XEwLYzpszstN4EyYSim6ZYn92V7HWAjue+QTrhBsZUl3ArYuI9BNqbW0WF+pf+UcX3imv4m+LsVBMDCJfCgnun+zNBa8nbYXw+GeqapCX7ko7U6OFqZv1u/gRhb1td1i0IQ==
GBlJq+L98dSXFhcAsgYjIeLzo8be2KvYCjvCmdrR03SWyQ5veGEM5Z3Q3UYhcRB6Z/jdm4q9gsFdpfd4RfVagV8DARqw6Je0TazfKgE/92lZVwDOO8BCTnPMaF1/uX2Hj4er7u2PtRNzWrQn
QvFKNQ1nEFowQC1oNacR9OLzo8be2KjYCjvCmdrR03SWyQ5veGEM5Z3Q3UYhcRB6Z/jdm4q9gsFdpfd4RfVagV8DAhqw6Je0TazfKgE/92lZVwDOO8BCTnPMbl1/uX2Hj4er7u2PtRNzWrQn
zQoPc92kQO/jQ0mrR1O19t7fEUthsDN6XynFlDywwRlGWltR+k0h08oHD7VxbQsrWlEma/Hd0e+8zZ6P61247icKlr9cUx4hbnInWwUb17+Xm8hj4NfUiFvJX/4vFWfdkLV+Of7RtHMLz6DZAkVBtDo=
cVKJT2JnQ+AKHr3nmkv6s047Lhj+hsTfxepiChnZkP3lL2X1jSNJsYfe79HakYf2pUQMNUUFcCQc5l7nMAfL04zGBt2OiIHOeSNbpwl7QLCRG77rCniF9QGGcSm5OoiJZELg7aqDFfO+oRx5X7Qk
OFs1ptvOOZNovRhz0q/Qy047Lhj+hsTfxOpiChnZkP3lL2X1jSNJsYfe79HakYf2pUQMNUUFcCQc5l7nMAfL04zGBt2OiYHOeSNbpwl7QLCRG77rCniF9QGGcSm5M4iJZELg7aqDFfO+oRx5X7Qk
4EJEmOCghkRLjscWBxs01U47Lhj+hsTfx+piChnZkP3lL2X1jSNJsYfe79HakYf2pUQMNUUFcCQc5l7nMAfL04zGBt2OioHOeSNbpwl7QLCRG77rCniF9QGGcSm5OY+JZELg7aqDFfO+oRx5X7Qk
fytYvbVZIMRB7exkMxmfk4LKJzMlI3Z/0W83SDzJkhSLsl8SSQGoDHQMzrEaNHupttDqHxtpP0ADKgcRb/nzcusrftKQKTvd3ZWZ84Cw96x9tNs7JiCXMWmPwBaLmCLWw1TvxM8lHt8/X2s23dfVC0NCtD8=
dJcQ4CZLxqn8bU5EjroKS9J4EyYSiivTPHl2Ta36SiC+/wXvthtdVVrVoYi0hlxxOX1SBuFD7koL7xio8EjtpFJMDCJfCgnum+XaAq8nbYXw+GeqapCX7k4+U6SGqZv1u/gRhb1td1i0IQ==
zoHbms9kuob7ZdP2ft/3IdJ4EyYSiijTPHl2Ta36SiC+/wXvthtdVVrVoYi0hlxxOX1SBuFD7koL7xio8EjtolJMDCJfCgnum+XaAq8nbYXw+GeqapCX7kI+U6SGqZv1u/gRhb1td1i0IQ==
izh9z72p6xrBeRFSHC04Z9J4EyYSiinTPHl2Ta36SiC+/wXvthtdVVrVoYi0hlxxOX1SBuFD7koL7xio8Ejtp1JMDCJfCgnum+XaAq8nbYXw+GeqapCX7kg/U6SGqZv1u/gRhb1td1i0IQ==
zzv2vGcYtoq59nw0PEqg4E47Lhj+hsTfxepiChnZkP3lL2X1jSNJsYfe79HakYf2pUQMNUUFcCQc5l7nMAfL04zGBt2OiIHOeSNbpwl/SaeWG77rCniF9QGGcSm5PIuJZkLg7aqDFfO+oRx5X7Qk
TCVRv/F5zVGLzjgdkCBw4U47Lhj+hsTfxOpiChnZkP3lL2X1jSNJsYfe79HakYf2pUQMNUUFcCQc5l7nMAfL04zGBt2OiYHOeSNbpwl/SaeWG77rCniF9QGGcSm5MouJZkLg7aqDFfO+oRx5X7Qk
0eph0nd0nAm+NUxQO9VEOU47Lhj+hsTfx+piChnZkP3lL2X1jSNJsYfe79HakYf2pUQMNUUFcCQc5l7nMAfL04zGBt2OioHOeSNbpwl/SaeWG77rCniF9QGGcSm5O4qJZkLg7aqDFfO+oRx5X7Qk
eqOiEbgH2l/buvr3DGEaYoLKJzMlI3Z/0W83SDzJkhSLsl8SSQGoDHQMzrEaNHupttDqHxtpP0ADKgcRb/nzcusrftKQKTvd3ZWZ84Cw96x9tN8yMSeXMWmPwBaLmCLWw1Tqwc8nHt8/X2s23dfVC0NCtD8=
l8lmDnoYjKQDzUGfpH7SC9J4EyYSiinTPHl2Ta36SiC+/wXvthtdVVrVoYi0hlxxOX1SBuFD7koL7xio8Ejtp1JMDCJfCgnun+zNBa8nbYXw+GeqapCX7k0/U6WGqZv1u/gRhb1td1i0IQ==
EAG83V2Plyd/Ko/b6U1/n9J4EyYSiivTPHl2Ta36SiC+/wXvthtdVVrVoYi0hlxxOX1SBuFD7koL7xio8EjtpFJMDCJfCgnun+zNBa8nbYXw+GeqapCX7kM/U6WGqZv1u/gRhb1td1i0IQ==
IiqInT5KpVn9QyLVrpM0AdJ4EyYSiijTPHl2Ta36SiC+/wXvthtdVVrVoYi0hlxxOX1SBuFD7koL7xio8EjtolJMDCJfCgnun+zNBa8nbYXw+GeqapCX7kI/U6WGqZv1u/gRhb1td1i0IQ==
+Zl1YXaUeyXHFIWNQuuYhLvacwjs7Tgcih+fCvLwTg2lRQFUTY2inLMrTl0WM97gy127mtAJQPJUjlcdMeCUzu+GkWIbaUKOH8v1KZBUv0ba3M8ii/cL77ZFQ9nb1AlpjWFvVLQt
M6RoY9dG6N8VFDlqtgiP2rvacwjs7Tgcih+fCvLwTg2lRQFUTY2inLMrTl0WM97gy127mtAJQPJUjlcdMOCUzu+GkWIbaUKOH8v1KZBUv0ba3M8ii/ML7LZFQ9nb1AlpjWFvVLQt
kugR5Hiz4quhBfrUO5FZSbvacwjs7Tgcih+fCvLwTg2lRQFUTY2inLMrTl0WM97gy127mtAJQPJUjlcdMuCUzu+GkWIbaUKOH8v1KZBUv0ba3M8ijvAL7LZFQ9nb1AlpjWFvVLQt
mS6tMWdaHW/7NAj2JHIMQUN6IHCJwjjfyhDZs4U86gOKUTCpvZz0wpqYhf6vcUNiOnFEn8fWELhjxix+hLdeVyQxFFYFs9cvjfvEOB2LQnOuGOFN3Xa9Yf1zT0GhcryVjqPx64KxEHFbtCA=
KHuv/p+gcxkLUqArnphNeW+Y23SGvh/ckukSl+edKwyQfTzEmOGZUD8cA1nN0t7//WE38wPjsLytSBX2gfnivth0J0DVIFunnsRn/SH7oCqTnDL6qwCjHjeIrlO368vKBZOFZ2tWtCM=
kteDy8876MWEvXd+0Bxixm+Y23SGvh/ckukSl+edKwyQfTzEmOGZUD8cA1nN0t7//WE38wPjsLytSBX2gfrivth0J0DVIFunnsRn/SH7oCqTnDL6qwCoGDeIrlO368vKBZOFZ2tWtCM=
HxrP9Uu6pOW1am8KMqp/Hm+Y23SGvh/ckukSl+edKwqQfTzEmOGZUD8cA1nN0t7//WE38wPjsLytSBX2gf7ivth0J0DVIFunnsRn/SH7oCqTnDL6qwCsGTeIrlO368vKBZOFZ2tWtCM=
5PcdGfSA7RGb0OLOVWGNy2+Y23SGvh/ckukSl+edKwqQfTzEmOGZUD8cA1nN0t7//WE38wPjsLytSBX2gf7ivth0J0DVIFunnsRn/SH7oCqTnDL6qwCpHTeJrlO368vKBZOFZ2tWtCM=
pX9EeoPpHKqBG1yukymd32+Y23SGvh/ckukSl+edKwqQfTzEmOGZUD8cA1nN0t7//WE38wPjsLytSBX2gf7ivth0J0DVIFunnsRn/SH7oCqTnDL6qwCvHjeJrlO368vKBZOFZ2tWtCM=
C4QiKi85wQqD6KhDQ/Kt6RVq66/TFsEvygnLQeQlsd8UCLqigLg+vqMqQZW8xPDW8znnnifFP1JMZXcbBmHcs+Pf+DmKNXm0Ag==
E9QCbJB7e7rsaLMgYRLDUW+Y23SGvh/ckukSl+edKw2QfTzEmOGZUD8cA1nN0t7//WE38wPjsLytSBX2gf7ivth0J0DVIFunnsRn/SH7oCqTnDL6qwCpHjeEr1O368vKBZOFZ2tWtCM=
YucwHRMIUnC1mn2jsEdVFBJq66/TFsEvygnLQeQlsd8UCLqigLg+vqMqQZW8xPDW8znnnifFP1tOZXcbBmHcs+Pf+DmKNXm0Ag==
xCJ7cNq0qTV/3YiKZB2eb2+Y23SGvh/ckukSl+edKwyQfTzEmOGZUD8cA1nN0t7//WE38wPjsLytSBX2gf7ivth0J0DVIFunnsRn/SH7oCqTnDL6qwCoHzeEr1O368vKBZOFZ2tWtCM=
13Xcv3l5v/wPE3t0xQRQuG+Y23SGvh/ckukSl+edKwyQfTzEmOGZUD8cA1nN0t7//WE38wPjsLytSBX2gfzivth0J0DVIFunnsRn/SH7oCqTnDL6qwCuGTeEr1O368vKBZOFZ2tWtCM=
lhkOcyn7A1eHriVd2ChbAW+Y23SGvh/ckukSl+edKwyQfTzEmOGZUD8cA1nN0t7//WE38wPjsLytSBX2gfvivth0J0DVIFunnsRn/SH7oCqTnDL6qwCqHTeFr1O368vKBZOFZ2tWtCM=
33WiC9AvDIBBR25Pmu+LfG+Y23SGvh/ckukSl+edKwyQfTzEmOGZUD8cA1nN0t7//WE38wPjsLytSBX2gf3ivth0J0DVIFunnsRn/SH7oCqTnDL6qwCqHjeFr1O368vKBZOFZ2tWtCM=
RRydnu6wDzpoQbS+QZC4mg/r3UNyQfH9qmZTB8oLUo3fvagzkTy4JEE57O9mT+rHnpg8TIiq8ty/IHeiSlgnlsPH4+inoYuteyCBDV2lB2C0GQ==
LPaACMQbcLPs/NisiP/PnSkt575qYJxcwbnb8uni9QtmDSqw4K7pITAoA0boZn8zK8C1uWNeR5Xi6Z5ltgle6pjaEx8amO/iQ8RSUlu4I5WnHg87BxMLglVLZU8bbrQr
WVeuruSqQUAiN3hdreclkyQOrizDEANKXVfbNlqUXta86BzUw9me/VByEhEd44irtMPAUbKAQ4MVec1rIMvZ/pHDY7cBe0igqXvW29K4PaVpJunZMbgAOfujSL3Sw80DloFkaVe0LA==
9WfjvzSHQIYgNaMNHadGqyAU8xVWnf+a57mYsRWAgv1yUf6thhFewsgisZni174KU/yyGusgrDl3Zi8zd8vL6sXzBYcrdrQD
1eyeR+SovE8Y5ggR/mmnnCQOrizDEANKXVfbNlqUXsu4/gDQhtme/VByEhEd44irtMPAUbKAQ4MVec1rIMvZ/pHDY7cBe0igqXvW29K4PaVpJunZMbsDOfqjSL3Sw80DloFkaVe0LA==
GGcRF5OQKVnZHsPFOiZugiQOrizDEANKXVfbNlqUXsu4/gDQhtme/VByEhEd44irtMPAUbKAQ4MVec1rIMvZ/pHDY7cBe0igqXvW29K4PaVpJunZMbwBOfqjSL3Sw80DloFkaVe0LA==
+Veg746sNRixn7DNwoOZOCQOrizDEANKXVfbNlqUXsu4/gDQhtme/VByEhEd44irtMPAUbKAQ4MVec1rIMvZ/pHDY7cBe0igqXvW29K4PaVpJunZMbMGOfqjSL3Sw80DloFkaVe0LA==
DZf2EKONSUW62L1mviloPCQOrizDEANKXVfbNlqUXsu4/gDQhtme/VByEhEd44irtMPAUbKAQ4MVec1rIcvZ/pHDY7cBe0igqXvW29K4PaVpJunZMbgHOfSjSL3Sw80DloFkaVe0LA==
qxCnw7gEw1wHseOh9zGU2CQOrizDEANKXVfbNlqUXsu4/gDQhtme/VByEhEd44irtMPAUbKAQ4MVec1rIcvZ/pHDY7cBe0igqXvW29K4PaVpJunZMbkCOf2kSL3Sw80DloFkaVe0LA==
wk/u3UJSxnr/Y5gfq9JsACQOrizDEANKXVfbNlqUXsu4/gDQhtme/VByEhEd44irtMPAUbKAQ4MVec1rIMvZ/pHDY7cBe0igqXvW29K4PaVpJunZMbMBOf2kSL3Sw80DloFkaVe0LA==
cDFxmPzhyH3MDaGiNeBEZG+Y23SGvh/ckukSl+edKwyQfTzEmOGZUD8cA1nN0t7//WE38wPjsLytSBX2gffjvth0J0DVIFunnsRn/SH7oCqTnDL6qwCuHDeBqFO368vKBZOFZ2tWtCM=
iT0mScQjYt4PxB6hixULdm+Y23SGvh/ckukSl+edKwyQfTzEmOGZUD8cA1nN0t7//WE38wPjsLytSBX2gf/kvth0J0DVIFunnsRn/SH7oCqTnDL6qwCiHzeDqFO368vKBZOFZ2tWtCM=
MlresWQCTp1q6EEW0Fdkp2+Y23SGvh/ckukSl+edKwyQfTzEmOGZUD8cA1nN0t7//WE38wPjsLytSBX2gfbjvth0J0DVIFunnsRn/SH7oCqTnDL6qwCvHjeEqFO368vKBZOFZ2tWtCM=
XtzdUsZ74E0v9C5lqYgc0m+Y23SGvh/ckukSl+edKwyQfTzEmOGZUD8cA1nN0t7//WE38wPjsLytSBX2gfbjvth0J0DVIFunnsRn/SH7oCqTnDL6qwCjHTeGqFO368vKBZOFZ2tWtCM=
s4/usuxLC6jcq9QaEVuYwG+Y23SGvh/ckukSl+edKwyQfTzEmOGZUD8cA1nN0t7//WE38wPjsLytSBX2gfbjvth0J0DVIFunnsRn/SH7oCqTnDL6qwCrHDeBqVO368vKBZOFZ2tWtCM=
LqnJHDsQnCjs865UOH4AJ8yd7zhA0OZyLBCKPheC7cVgnCS2B0Eb7sut6xKdzdytutloE7cHpOnm3Q20dg==
b4CS4c1hg9TWnoMw2MpbJMud7zhA0OZyLBCKPheC7cVgnCS2B0Eb7sut6xuYzdututloE7cHpOnm3Q20dg==
ApAW93F50GgCRL7oDxz49cid7zhA0OZyLBCKPheC7cVgnCS2B0Eb7sut6x6YzdututloE7cHpOnm3Q20dg==
3c6NhnZ6eM1ysh7v4SysdM6d7zhA0OZyLBCKPheC7cVgnCS2B0Eb7sut6xqbzdututloE7cHpOnm3Q20dg==
XwNXlW+A9TjHNKWHGpRZtM2b7zhA0OZyLBCKPheC7cVgnCS2B0Eb7sut6x2bzdututloE7cHpOnm3Q20dg==
f8lBT1aGCa/8m0Ww71GJJcqd7zhA0OZyLBCKPheC7cVgnCS2B0Eb7sut6x+azdututloE7cHpOnm3Q20dg==
Hhp7p85EWn3eZvLQ9Jwvp8yc7zhA0OZyLBCKPheC7cVgnCS2B0Eb7sut6xOazdututloE7cHpOnm3Q20dg==
mEkCg2JGdFe2Dzj0uyN7Zs2c7zhA0OZyLBCKPheC7cVgnCS2B0Eb7sut6xidzdututloE7cHpOnm3Q20dg==
3g161AZHifXI/SZMm61GGM6c7zhA0OZyLBCKPheC7cVgnCS2B0Eb7sut6xqczdututloE7cHpOnm3Q20dg==
fnwgN5BlML2WHMVFChEVt8Wd7zhA0OZyLBCKPheC7cVgnCS2B0Eb7sut6x2czdututloE7cHpOnm3Q20dg==
jZ7cPr9kw6dD1DL8+KtUiMmc7zhA0OZyLBCKPheC7cVgnCS2B0Eb7sut6xqZzdqtutloE7cHpOnm3Q20dg==
y9Y89/VOctaSbUPJxVkf+8Sd7zhA0OZyLBCKPheC7cVgnCS2B0Eb7sut6x6ZzdqtutloE7cHpOnm3Q20dg==
7cILN5utN4META8TpkoGvMye7zhA0OZyLBCKPheC7cVgnCS2B0Eb7sut6xmazdqtutloE7cHpOnm3Q20dg==
k/mWdXXs4wnIqWUxOnLNw8ue7zhA0OZyLBCKPheC7cVgnCS2B0Eb7sut6xmdzdqtutloE7cHpOnm3Q20dg==
30yPSYAFRvkUw0gtvw/3ZM6e7zhA0OZyLBCKPheC7cVgnCS2B0Eb7sut6xydzdqtutloE7cHpOnm3Q20dg==
87Aw1fO7bt+orYey5obDVD0Q5QlS2P+a57mYsRWAgv1yUf6thhFewsgisZni174KU/yyGusgrD53aCkzd8vL6sXzBYcrdrQD
a7zPjTFUgRhHFqRz5XQh92+Y23SGvh/ckukSl+edKwyQfTzEmOGZUD8cA1nN0t7//WE38wPjsLytSBX2gfnjvth0J0DVIFunnsRn/SH7oCqTnDL6qwCrHzeIqVO368vKBZOFZ2tWtCM=
u1h08DJ4EcOvpOeqN/M9DhNq66/TFsEvygnLQeQlsd8UCLqigLg+vqMqQZW8xPDW8znnnifFP1pOZXsdBmHcs+Pf+DmKNXm0Ag==
BYtW5eVlKLwYokFMpoPjEw7r3UNyQfH9qmZTB8oLUo3fvagzkTy4JEE57O9mT+rHnpg8TIiq8ty/IHeiSlgnlszH4+ehoYuteyCBDV2lB2C0GQ==
TPO7h1FzGJFJoedvxq2HqCkt575qYJxcwbnb8uni9QtmDSqw4K7pIDAoA0boZn8zK8C1uWNeR5Xi6Z5ltgle6pjaEx8amO/iQ8RSUlu4LJWnEQk7BxMLglVLZU8bbrQr
MGj2X5PPXu5Xuwfs/u+roG+Y23SGvh/ckukSl+edKw6QfTzEmOGZUD8cA1nN0t7//WE38wPjsLytSBX2gfbjvth0J0DVIFunnsRn/SH7oCqTnDL6qwCqHjeJqVO368vKBZOFZ2tWtCM=
7Krv5GipYuhLSzkEaY5q0G+Y23SGvh/ckukSl+edKw6QfTzEmOGZUD8cA1nN0t7//WE38wPjsLytSBX2gffjvth0J0DVIFunnsRn/SH7oCqTnDL6qwCqHjeJqVO368vKBZOFZ2tWtCM=
Y//A38XzLnPaBiP8QWMzbW+Y23SGvh/ckukSl+edKw6QfTzEmOGZUD8cA1nN0t7//WE38wPjsLytSBX2gfnjvth0J0DVIFunnsRn/SH7oCqTnDL6qwCqHjeJqVO368vKBZOFZ2tWtCM=
aB4NJdOqpME9bT9YMWi/fSQOrizDEANKXVfbNlqUXpOv6QbAnavM4Ud2GwAA2P/kr5eITamAWJIFYOMJNsjZ/pHDY7cBe0igqXvW29K4PaVpJunZMboBOfSlSL3Sw80DloFkaVe0LA==
ogzClGJAZe2Rh0P3MYv942+Y23SGvh/ckukSl+edKw6QfTzEmOGZUD8cA1nN0t7//WE38wPjsLytSBX2gf3ivth0J0DVIFunnsRn/SH7oCqTnDL6qwCqHjeJqVO368vKBZOFZ2tWtCM=
mgzpdd+8djmTyV/6xomPmW+Y23SGvh/ckukSl+edKw6QfTzEmOGZUD8cA1nN0t7//WE38wPjsLytSBX2gfvivth0J0DVIFunnsRn/SH7oCqTnDL6qwCqHjeJqVO368vKBZOFZ2tWtCM=
Ntru9AO/9NQj2HV1wppb8CQOrizDEANKXVfbNlqUXpOv6QbAnavM4Ud2GwAA2P/kr5eITamAWJIFYOMJNsnZ/pHDY7cBe0igqXvW29K4PaVpJunZMboBOfSlSL3Sw80DloFkaVe0LA==
nPsKUv0pvTLUvQhlEa7dMyQOrizDEANKXVfbNlqUXpOv6QbAnavM4Ud2GwAA2P/kr5eITamAWJIFYOMJNsrZ/pHDY7cBe0igqXvW29K4PaVpJunZMboBOfSlSL3Sw80DloFkaVe0LA==
Cx4irKVkqIt36HjBWtdexuvzo8be2OmLGzLJmdbuhwbEwx9oZVZYtpza1UI2bCgIKOOJi8m6gsNKsvZbILFbhW1NWSuw6Je0TazbIxY492lZVwDOO8BCTnPMalp/tXmHj4er7u2PtRNzWrQn
VivclljPB88GDlIaNTfQsG+Y23SGvh/ckukSl+edKw6QfTzEmOGZUD8cA1nN0t7//WE38wPjsLytSBX2gfjjvth0J0DVIFunnsRn/SH7oCqTnDL6qwCqHjeJqVO368vKBZOFZ2tWtCM=
AXeKK9z38UKESFt/OIQ5xxFq66/TFsEvygnLQeQlsd8UCLqigLg+vqMqQZW8xPDW8znnnifFP1pOZXodBmHcs+Pf+DmKNXm0Ag==
8vuodCrQx9OV7SLf0eQt4C4tOgi4IEO1ogkexXZpXsrYOpGx0u/+wgMk0vKb2C6x5/GJm8dzC6IVq+Xv2w60Cw==
jBilgbIexfUiOvAsIQBTGlC44XzactRfwna8KlOjvis260JTHgyU6MlvtgWONH+mWnwPQo4XS0MxJQM52/TJyQ2BL3S0DQ==
hOG0+WHomUh6TZq4UBrxRc2e7zhA0OZyLBCKPheC7cVgnCS2B0Eb7sut6x6czdatutloE7cHpOnm3Q20dg==
qxb0ru5Ih81B1eQBedb7d0mw4Ck6nY5J/u3eNqDO4V26C54eW/CCPtMcbo3fxbm371crvg2/9ePTCrR3
/rPWwYlJSRqz71bS7uhN7Uuw4Ck6nY5J/u3eNqDO4V26C54eW/CCPtMcbo3fxbm371crvg2/9ePTCrR3
iLCuo/uXqnUdpVCBvtYnaMme7zhA0OZyLBCKPheC7cVgnCS2B0Eb7sut6x6czdatutloE7cHpOnm3Q20dg==
jiKP245zjZq1iTEU2awuKEiw4Ck6nY5J/u3eNqDO4V26C54eW/CCPtMcbo3fxbm371crvg2/9ePTCrR3
1JLCHaZo63nYa67Qz9Nv8QG4c/lHbnKY7HhSwpioNr6rOll11DSIFqvpTz6fdbfewBWCfe4xBPPb79AZkiVxtAo=
OBwT4vU/1KuC4rnp1naIGc+e7zhA0OZyLBCKPheC7cVgnCS2B0Eb7sut6x6czdatutloE7cHpOnm3Q20dg==
TRuc0jM6Y1qzget7L3D8y8ie7zhA0OZyLBCKPheC7cVgnCS2B0Eb7sut6x6czdatutloE7cHpOnm3Q20dg==
VD+Ez+84skiq4g5DgJZ2IsSc7zhA0OZyLBCKPheC7cVgnCS2B0Eb7sut6x6czdatutloE7cHpOnm3Q20dg==
2Jmlx1tB/V20Oty1YZ+BVSk3PAqjMkO1ogkexXZpXsrYOpGx0u/+wgMk0vKb2C6x5/GJm8dzC6IVq+Xv2w60Cw==
6/KlH9o/IPayDT3fe1ogmCg3PAqjMkO1ogkexXZpXsrYOpGx0u/+wgMk0vKb2C6x5/GJm8dzC6IVq+Xv2w60Cw==
9GnWnZb5vGWz+7924j5tgsmd7zhA0OZyLBCKPheC7cVgnCS2B0Eb7sut6x2czdatutloE7cHpOnm3Q20dg==
lFkTYwHjwfqbU6Z/Lxbh98+d7zhA0OZyLBCKPheC7cVgnCS2B0Eb7sut6x2czdatutloE7cHpOnm3Q20dg==
nFbMcZLgQrosA5sjbyNFo8Wc7zhA0OZyLBCKPheC7cVgnCS2B0Eb7sut6x2czdatutloE7cHpOnm3Q20dg==
JbJR8hDXHgCJyAs6rUuRec+c7zhA0OZyLBCKPheC7cVgnCS2B0Eb7sut6x2czdatutloE7cHpOnm3Q20dg==
DgolcjTmprSsXVPd4lr9ucic7zhA0OZyLBCKPheC7cVgnCS2B0Eb7sut6x2czdatutloE7cHpOnm3Q20dg==
suDi/upLIoCMCIMoi1I+Jcuc7zhA0OZyLBCKPheC7cVgnCS2B0Eb7sut6x2czdatutloE7cHpOnm3Q20dg==
zG2oAtd5Wg59ngGFt78VBMqc7zhA0OZyLBCKPheC7cVgnCS2B0Eb7sut6x2czdatutloE7cHpOnm3Q20dg==
paVAhv3LgSKM8090si1FGBBq66/TFsEvygnLQeQlsd8UCLqigLg+vqMqQZW8xPDW8znnnifFP11IZXodBmHcs+Pf+DmKNXm0Ag==
V+ljvNuFTHl0KBBBjsOpDA7p0F6faYAXgTiwMGHtpCs260JTHgyU6NhuugifNH+mWnwPQokQS0o0JQI52/TJyQ2BL3S0DQ==
EKOabfhCOxkvmr9zs7NcqU09y4BfsXEuGi5DFjGfufIwTyaHhmfa356ADGR7zSb+/9gnCuow1w5JXJMGBAla1bsY0eU9jTd4tAE=
K/4lQMrVsscFB3b/q33NmQ3p0F6faYAXgTiwMGHtpCs260JTHgyU6NhuugifNH+mWnwPQosRS0o0JQI52/TJyQ2BL3S0DQ==
HdkfMhQaF/bJEo8d0l5lJk09y4BfsXEuGi5DFjGcufIwTyaHhmfa356ADGR7zSb+/9gnCuow1w5LXZMGBAla1bsY0eU9jTd4tAE=
J5qPOwKg3d+AJT6lVxCKRwzp0F6faYAXgTiwMGHtpCs260JTHgyU6NhuugifNH+mWnwPQo8WS0o0JQI52/TJyQ2BL3S0DQ==
0MJuqsvLKQFJwuAwDxWcB009y4BfsXEuGi5DFjGdufIwTyaHhmfa356ADGR7zSb+/9gnCuow1w5PWpMGBAla1bsY0eU9jTd4tAE=
dXDLXVCFsR6xrh/+zpWjzCgfg7dh+DkSXyVYWzGU6NwBATyHhmfa356ADGRowiLk/9gnCuow1w5KW5MGBAla1bsY0eU9jTd4tAE=
UH3NRamzCgFf1kYGuH3HeZKp9QgdN4WUlEF8xtC2wGLkD9L8iZFdWlBIrozISiIM5P55HmN/wMjd1wld1VZlMWX60hHxkLSEpmNZmwpRqAFjtBg=
+N4QiGM4+CLhznR+Q/MTHgC4c/lHbnKY7HhSwpioNr6rOll11DSIFqvpTz6fdbfTxRWKeO4wBPPb79AZkiVxtAo=
wo58pzO3caAlWKRca4l73Myb7zhA0OZyLBCKPheC7cVgnCS2B0Eb7sut6xOZzd6outhoE7cHpOnm3Q20dg==
aNgYcSAMpMkTv9+oBius3M6b7zhA0OZyLBCKPheC7cVgnCS2B0Eb7sut6xOZzd6outhoE7cHpOnm3Q20dg==
hInh4zpc5q5iLXNv/xa6r8+b7zhA0OZyLBCKPheC7cVgnCS2B0Eb7sut6xOZzd6outhoE7cHpOnm3Q20dg==
+FGRrKlZn2QTpXkOb/4q8gvp0F6faYAXgTiwMGHtpCs260JTHgyU6NhuugifNH+mWnwPQo0QS0s0JQI52/TJyQ2BL3S0DQ==
ddyt7c03TjeQla3TqD39DU09y4BfsXEuGi5DFjGaufIwTyaHhmfa356ADGR7zSb+/9gnCuow1w5NXJMHBAla1bsY0eU9jTd4tAE=
OElkxwrim8jv6MnIG0wtKwrp0F6faYAXgTiwMGHtpCs260JTHgyU6NhuugifNH+mWnwPQoIQS0s0JQI52/TJyQ2BL3S0DQ==
Llix2X+7O9vd/eiEe4bakE09y4BfsXEuGi5DFjGbufIwTyaHhmfa356ADGR7zSb+/9gnCuow1w5CXJMHBAla1bsY0eU9jTd4tAE=
70Uq1F/mV07ssitWfJQlDQHr3UNyQfH9qmZTB8oLUo3fvagzkTy4JEE57O9mT+rHnpg8TIiq8ty/IHeiSlgnlsnG4+ykoYqteyCBDV2lB2C0GQ==
5iJEl6DHBOvePH3YeOZvnSkt575qYJxcwbnb8uni9QtmDSqw4K7pLzAoA0boZn8zK8C1uWNeR5Xi6Z5ltgle6pjaEx8amO/iQ8RSUlu4KZSnGgw7BhMLglVLZU8bbrQr
0Usn6NHHCLSXlxRxraVtZnx8pe9EE7PpEZsvXQRlYYYHOSjm4Go6/Pz+YW57TOc8jxfBDT323aEdfG2BC/AcVO6jEaviMbAxe7QA
ONNMUGgiob9I65WU/e7xoHx8pu9EE7PpEZovXQRlYYYHOSjm4Go6/Pz+YW57TOc8jxfBDT323aEdeWyBC/AcVO6jEaviMbAxe7QA
dE91HJkc6re2NxSqWgXcXRL1qjLhgBtZPZqq0zt8ODT56t5o5TwPavvzic0LUkVpyvLqYlDYLr6zyhHEbahtR4PZV97XpQ9ZOUVBWPbAbDNzfyh5WhVptBI=
IChAvcIsV4EwBM1v/tMwwQnp0F6faYAXgTiwMGHtpCs260JTHgyU6NhuugifNH+mWnwPQoIWS0k0JQI52/TJyQ2BL3S0DQ==
c9GVl1rwTcB/ks/7tNLG1009y4BfsXEuGi5DFjGYufIwTyaHhmfa356ADGR7zSb+/9gnCuow1w5CWpMFBAla1bsY0eU9jTd4tAE=
5qRWUDyrN2trX6hVMk+gyisfg7dh+DkSXyVYWzGU6NwBATyHhmfa356ADGRowiLk/9gnCuow1w5OW5MFBAla1bsY0eU9jTd4tAE=
CIksnYiAJV1bDzGBnZdVKpKp9QgdN4WUlEF8xtC2wGLkD9H8iZFdWlBIrozISiIM5P55HmN/wMjd1wld1VZlMWX+0hHykLSEpmNZmwpRqAFjtBg=
MueUJ45pddjaV/tTioHy1BFw7a/PDsAv1g6ODbsytelaErqigLg+vqMqQYS9yP3H8znnnifFP1JNZXcYBmDcs+Pf+DmKNXm0Ag==
h7FQXJZ1qdQUu3KRlbpHaQ6u36MCHf32vUhsF2uNhOIh3S4uLY7nG1zYgoJoyCa+u9opt4qcL4c7ib9+T1WH0rX137hekJRzK48AWaIFYbQa
VG55D6l4o4/37LY9E58VOgDr3UNyQfH9qmZTB8oLUo3fvagzkTy4JEE57O9mT+rHnpg8TIiq8ty/IHeiSlgnls/F4+qkoYqteyCBDV2lB2C0GQ==
/oX68pTzo6Os7xpnIDhiiCkt575qYJxcwbnb8uni9QtmDSqw4K7pLjAoA0boZn8zK8C1uWNeR5Xi6Z5ltgle6pjaEx8amO/iQ8RSUlu4L5enHAw7BhMLglVLZU8bbrQr
w4A5PqiZ74zdpq7NT7rcGhZo4a/WGN8v1g6ODbsytelaErqigLg+vqMqQYS9yP3H8znnnifFP11JZXcYBmDcs+Pf+DmKNXm0Ag==
aHep1qU3NY8FwgHZ95miyw6u37sOHeTgokhsF2uNhOIh2jYiLZfxBFzYgoJoyCa+u9opt4qcL4c7ib9+T1WH3bH137hekJRzK48AWaIFYbQa
Rzp5rMChsSGOSs2IImzeIRRq663UHMAv1g6ODbsytelaErqigLg+vqMqQYS9yP3H8znnnifFP1NIZXYYBmDcs+Pf+DmKNXm0Ag==
eIeKnVLzY8LJLL5lkafcOw6u37kEH+bkvUhsF2uNhOIh2DQoL5X1G1zYgoJoyCa+u9opt4qcL4c7ib9+T1WH07D13rhekJRzK48AWaIFYbQa
fhuEEiR0ANffIX06dlxyoSg1NgihNly1ogkexXZpXsrYOpGx0u/+wgMk0vKb2C215/CMm8ZzC6IVq+Xv2w60Cw==
fNmJwdIPGGzrd8vFSaagugjp0F6faYAXgTiwMGHtpCs260JTHgyU6NhuugifNH+mWnwPQosQS0I0JQI52/TJyQ2BL3S0DQ==
IjWJV9moDICgcc1Xy3Z2Xk09y4BfsXEuGi5DFjGZufIwTyaHhmfa356ADGR7zSb+/9gnCuow1w5LXJMOBAla1bsY0eU9jTd4tAE=
5klHULsj1dFEHYTAdCF2buVEncJnCC4ZnXRscmgIYoc5dArykmBITGNVEQ41JinP9bGshIzyZ0PuNMO8vLRyL/8qaprVmbPrkWNLOwJ0W9N0v3gotyHrrltN2xlpbUxpiviYk+fntKkWfV20Jg==
5zNl2nw4Uh+6aMd1db9mSqkeLmCZpKe7DqWtVtE9YadxqYVWW1ArzlnqfOPt0/yvfZ09BZ9TXDkAXgmGLfErJy1IN+fpGxDg7EGZ2toYtu/pMPZmW3BiXdQQT8/ORX50/N8mJWjemJjybBMk/MybXclPnMbesXgpbevmKSiN/x1TG7/rhXJxYF4GjQO4nKZtbs6A4iqHiIZAHPFQtlWfR+OZN1735a9e3YWh2taAzDMTPwj5etWJtPI=
f8Jd5WDYJ7qoZxC0aL1Y6t7fEUthsDF1GjjOiCu93SgjQU1Czghim9scAqNHOQsNWko3JbPMwO+HiM+Jy12+4DMK1b5cSxU6dXUnWwUb17uejM9j4NfUiFvJX/4vFWfckbV9Ov7QtHMLz6DZAkVBtDo=
EGLPQhNOPd1dtKX7+BOVw2aY23SGvl2AxfESi/yvY02nbDvQsZOOSy8NBkvsm+arsmFy9QXpq6aBHSuZ6In9tN90J0DVIFunnsRn/SH7oCqTnDL6qwCoGTeGrlO268vKBZOFZ2tWtCM=
r/Y1AGkUSM4aG91vYBveBH0pOx2/MjCr8A8JxXdfGtCLN4Sq1v3/wgMk0vKb2Cy05/+Om8ZzC6IVq+Xv2w60Cw==
D3DMg3frggKKsNRP7GsHxWsWx7IXWwJ7z4XtWadIz262IBCayMtZGR+rmlwTkzQWHqkfrvsgwu6z7Gl6vxv+Z07nqw6t7zWzM3q0Bw==
4N+F6s0AsZCvC7eoxA40FN7fEUthsDF1GjjOiCu93SgjQU1Czghim9scAqNHOQsNWko3JbPMwO+HiM+Jy12+4DMK1b5cSxU6dXUnWwUb17+Xm8hj4NfUiFvJX/4vFWfckbVzOv7QtHMLz6DZAkVBtDo=
LE4sv0PSxxseN33mUyTPS97fEUthsDF1GjjOiCu93SgjQU1Czghim9scAqNHOQsNWko3JbPMwO+HiM+Jy12+4DMK1b5cSxU6dXUnWwUb17uejM9j4NfUiFvJX/4vFWfYkLVzOv7QtHMLz6DZAkVBtDo=
vWotkhwOeDK+7tYgd1fBG/eUEisbot72NBcZ9ur/fmuQjGYJaGvdHb86mcm2Wn4S5ECiPj9SpTT5AJHn3zHjjgMdQ5/1PZeLguiwU0+XPEmuDWW0Hg==
i24BOaD7i51uQVcGwP5CgQLaAro6spZZpYU8LJ3ZuxY8Sl3QzoSPJhgws9ApCt0fn9UNXjNZPN6MuoaUaH71hsccCwSb9/VV0UZBSak/mqkUAzAMGgOFU05hTBlvtBQ=
QtNrnb9udxCvPXWohqCiDc7pwc3exZRbbx3m24wrbAKTy6PYeNT/24Fq0GKvEDNlgIepfac3Gsi7/+RSRlU/mvMs8srLMKktV7Jv49ZbS3plI0VXC2a0Ew==
kHJdPJ1asc3UrtyK3Yy8ABsZ/ltxbWXZhySzy2N79eUhk2pCvgz/yLRvF1xSxqHb1/24klBqYTY2tyILEJ3WSjLvis+Dy47TmXOCPhVwAHJxkZ1pT5wPHrpkX6oIeJtbUZ3ykZsc+bGtGX9ctCU=
Rp5Q3kuwSTvIWA41A/+Cg9b+uenqbVF0I/2t+LVuZRMAP72vlyqhOxNlXCo0w6CkjY3ZkIxxLEeL0exQhfXSAw7Dao1b06qJ9EBCaBrr01sUPT6sh4fcXB89ICjZDNbYmU3rG1aOdBXqqf9PTGHi2d0NUQ+Vw082o8DMggerEshkPUzaiuoAo1rGkrhb2DzBPRchzR12/eG9eA3BYHV8FE6jsWvCsVDxm7Tg
+C0+c2uXsUlQdJfpS+GIRKL7rxUvwZytSQYpnaRl1wbBBp7WoZ7l36xNTz/WOBWyLm0Vi63WYR8GzAmdQcuLMUNqh32zmaBhDgPHrEkBRTWyhoPbViItMx4wEPk6vGUQNQd6Q08n6byJ9S09a6jV+nE0ZyicPrB/FI4XnUrhtddUe36XWfdmcR4CNIOT6K9qE9wyOivAqN63SakTNqvLioXThafrlrTj
/5sTKTD8sfa9Vqk3ath3jk110lyo2g+NgUYab6pFHjX5bskl9K2XXjEuvi6xluXHnKUvBwZw1WpexbXzPV7hh7ak6SURA8tps0KnhaORoHk+66eUmUmF7cIuI6PGqq2rrljwQWp0JUjFL1q7Xy/ppLkdTQW74BUiAZzHUAy2MOek5vclGin1j6RTXm9J/2ZpLupUu0Ogb7JjdJJCu0goRgchSatmY4vSdfulX/uetPs=
CPxgtVoaVpC0AxVgOy32WRguCLefDXaump+ctHsafjbYF92IoQ/Yw2dMBTjGNI2I5cWYoycNCn7FGErzrQkhYMHlUoLBz30t+ztHFJ9f30/gO/qtb17Vh9VfFlj7GZpUzQkKPhjrxppV2nG5oiHjsWkmPZvFjzduhdCVKl8qkAiQBcBAX0/2h0Vd0IXmNbWhpqtqLBzxj+6/gDeCynhnNshkI8chgUoNe8BB7d1Fx4C0+Q==
CojRf+O9Yl3qDPKngQ48SdQ6StTk8wWjf48tIAHniHunNNUQpty9kOXdqEtHJdoGBaAaGw2h0fhBfSIqYaetlbvDFzx/N+9X4CPKxY92hX+V58YwW7HqzE2R+pa4A5YilaKhkcLJ06lpPg1zpafnFkVoxcL/gmCQEJ2w6P8nJj8FpYCtBl2FuaazWkT82d8W/zjn6mrQF65I/NNvgWkatbu4kcW9rfeYtOE=
V0rO/oaiaBcwtlQmK8n9u533s+66eVRvOuv+v691cgYAP72vlyqhOxNlXCo0w6CkjY3ZkIxxLEeL0exQhfXSAw7Dao1b06qJ9EBCaBrr01sUPT6sh4fcXB89ICjZDNbYmU3rG1aOdBXqqf9PTGHi2d0NUQ+Vw082o8DMggerEshkPUzaiuoAo1rGkrhb2DzBPRchzR12/eG9eA3BYHV8FE6jsWvCsVDxm7Tg
VuJCAx71F7D1Ul3Jaq0qY9Q6V9ji4R6qT48tIAHniHunNNUQpty9kOXdqEtHJdoGBaAaGw2h0fhBfSIqYaetlbvDFzx/N+9X4CPKxY92hX+V58YwW7HqzE2R+pa4A5YilaKhkcLJ06lpPg1zpafnFkVoxcL/gmCQEJ2w6P8nJj8FpYCtBl2FuaazWkT82d8W/zjn6mrQF65I/NNvgWkatbu4kcW9rfeYtOE=
rKLwe2TYEbnEKC5qkDDzbx+JFWLG4Vs1KGXqS6jstydGFPzxsaKZESzRd3oZws46iYrlw5SpP/MeTPUOtumFJ0WCocN+6DmRSf+rzRsuVxEbDSD9tmc34AH1JQmqgpP3PvZtb+aUoHWyCMVs7cMqr2cz6aCxEV3xo9w1Rumw94R0anCjbKonkULVlSsMP6778WPm7aZmxM/bHM9WC9giFkMU6IJP7Rmfvh9r9l0X1UvDgrT/
i0fTTKntYHlnvTki4JMit/2J3hg1wG19No/RYR9L5VTR0+Cfh1A9JLYotZTl2aC/VxEyYiVEci/d1Rk8AbnqXrETxXEbp/+I78Nn02CnQjEfwm0bNQOuhIvFIggNVTLiaDf+xrXGSaXSPdutaToFh7WTD3JljK32L/aoVFBZeJwvk07bpcFoGZapDT0mN9KwbG03cl/cj166pN9qCDgbG1FdclGb3HnxrVn/nLTl
i6FJYkSWMBu9c68NrE5UWvyAww8zwyRvZoHNaxoK0RrdyeiKh1A9JLYotZTl2aC/VxEyYiVEci/d1Rk8AbnqXrETxXEbp/+I78Nn02CnQjEfwm0bNQOuhIvFIggNVTLiaDf+xrXGSaXSPdutaToFh7WTD3JljK32L/aoVFBZeJwvk07bpcFoGZapDT0mN9KwbG03cl/cj166pN9qCDgbG1FdclGb3HnxrVn/nLTl
6Y3dp1KZnaVUY8pMJFp7yM7RUkHLkaU+ij8oliEVVX1vSIfaqgD3Pkhssz/BWfpFO4gxtf391wi0cQ==
JiXFS1Mgb3rtnd6tmk2HpI9d8kREad3BNHTEIZs7jcWZZlk5QbgxmQTleJyiQ50jhsH0yQe0fA==
iMORsBSs6RlCytIyfkNNvx+zeuFcYXO7qSFU1IL+N7/9P08j3jWEAqvpTz6fdbfYxxWCfe4wBPPb79AZkiVxtAo=
csWj0T5FJQmZNZorTSO8kZcBvR3SSuonovc+c4uISPXl7yg6kSUYe15Heb1lFrVRlfjlMahVxCQW48n72hGYIXO0CA==
/js0BcIIL9WLd18bkGdFXTYhPAqwJDDm9gMU2HBjGo/KPpSxy//twgMk0vKb2Ci25/GJm8ZzC6IVq+Xv2w60Cw==
6Y3dp1KZnaVUY8pMJFp7yM7RUkHLkaU+ij8oliEVVX1vSIfaqgD3Pkhssz/BWfpFO4gxtf391wi0cQ==
JiXFS1Mgb3rtnd6tmk2HpI9d8kREad3BNHTEIZs7jcWZZlk5QbgxmQTleJyiQ50jhsH0yQe0fA==
rWqhEr6PzFGAq7+GY+fjhw9OlSRCJvsywcbVtBJA+c0AofpkfBICcVj7mtM7Nk747lGyKMudvHIdQK6+vWhEmNBEcNSxfrAxOp3xk0yPLSo7l2DR8G8JoJo7l61eJulY6wG7ywy7xDfh9agJSQIFiLiIBfE3j5A3xY1Hx1nUel5XndTTqrv3b5AGMcyKm6ZW8vbojq25HBjCmt6wnG3iiLU4F+gv6OFpRLiZnUyEkyQ3CK6Pm4rRfzEdxmHXBWp3sk+wI97xXfqXIQcEXdIr64dJVpLeZp93wwOh8//WR2aBFV4Eqf4jW8B4xtFGN7oRm4GQ4yp1grbj7AyManqUt0N+Mv2xvE/PRbLCUvQJQ+p5eHK+EUkuZXwX9QQNBy1utsp8YmZjY73dzT0ZeMeinRV6VPH7NqVFpdbMamWNFlvvsIqyFLR4sueiqKYcjPtd6Q98Rr5xWClNK4apyM3fHTNbX2slslFgvkbtgxjchm0ODiBiikfohqBcUdAWFX9Hw1mX3hclz1//xQpdtkAsMzP/aHmalam00g==
M/rJCXFwYZigYKwbJ6g/p++5hw4cHhQRUJOXhBGxwluxKjcz2UWabI0F3R5JHxEERnjEF1h7aPYRHyp17FQTKJvDEbFoW1Nv/Q8LfcCunJlh8VtM7+tlvKK4CfV1n93w4OENeoFJPOhA+G+ePzP5jcdKkzWVzoh0IFs2cLX4XckX3ptKy24uWyZkUxGH9Rke/xuAzHDtMXeesag9aoLLJRj57PNcSzejUGaWclzQamjZrx7EwYtOokwU9puLlJjIH2rLCy2gv4vPwcE1t0GT9CrcZzr4erg644RXQ7YxVOa3OLXMX2hMxv4S+/twFjzqK+ue281BPUs5+L9lJ2UnWxZ4eoEA3QA1T/AwdylunibfTrS/bhMjEqK6pifavruX5cfhWGha3ew25eSZVhlhao226+DFP40TdbYE4XV0pDylfoCBppK3d2Mcvo+mC1ZR4ixkFdq7ZmrVapHp4tHDoWk2HWuF39feBSA1ep8a8BiQFSBwH59W98XtsFUmRZWxprtKXNwh714/8JdSikiHJs90Q/fh0er9+3ChvZ2155C06Q==
Tuf0vlnf4R6X/QP4WmZ9dvctNglVOD0TPI8UR9ypi1QRI7M1QvbE406zandPkbNOUz1zmQJdTk3SCCDT//fMCZ4tdbQO
IUG6hPvxlesfEMw504BOavo9rNjSIJz2Symh8hiI68Cfll636uyamYxM28khBVJSqCfetjV2qbWSTXt9aeql9/WD78Ll/I3m70bIBFCJmCxvg24rJXEICVZZrW0mZ3JArH1Xwt8sr076FD+6CWl7q5FNUiEbbJnh7SlfTLQ1
5Vg/xGU6th87NQ63a/rODfrAoBn2jzM/4JazGXkAHcm/smU4IR0iiWTBSwTja+IzireCFVUsDx/t9RxKWpuQjzSHUa1tNo2B7XlcYVA1zDR+I2FLUnFAEWu0EA==
aQ/HjAIpDzYC+B5t5dtzzuAhp0FhtEEthJFmFjWV/5iLRUkCE5S3hYRlwqHt6EUzNJ/8B3RZA/TJU6s1WgacQ8bDwrcngbtuq23LGXqNdi3aGAgTl0dEaUYdbbQW
awaF1LYjNXyObfuCF+lQ0ckSiGRQhmA3s5FmFjWV/5iLRUkCE5S3hYRlwqHt6EUzNJ/8B3RZA/TJU6s1WgacQ8bDwrcngbtuq23LGXqNdi3aGAgTl0dEaUYdbbQW
GGYv7xrL9KIFwBh3VtqP5Sy9lQathGIWMZ3jiGd9LSL3zJt1uC0GYamguYNYR1hn0KGvZFXbL7XejgDTartmV4PZV97XpQ9ZPkVKXfbAbDNzfyh5WhVptBI=
FjMoLBxNROuiQ69qsez+2THe5PvT8cM9bd3TNrhiRmGEUl4WDWXH+KO1gUJbRB/lHPVaIXV43ZNcTzRHPGnr1LFjUzUiNmRjrvMKd2/RU84z/VOZ4h3uzXJIwNPfN2yJfm1VtC4=
ga1xX9Of1Ww+LJ4OKWugmZyzTw1KpHa8NZdfPKyFLM6+mdZMJwQ87vO+ipIeRCnpyy1xpKqO52G5Gx9lQwDo1E201QNUR4eDlRVfhuso4ibjROnT793Zb17P66Y9Z5V7Y1K0Lw==
XnWepzkPRylvlGFgqKdfvj3aZQhjYmkb4zwOMwxOxZf8bSFcVxOtwBBoiAKCsUyX0Yf0V3m4Qdnfm/EABEJtcG5QYd3SUXww3RzyEFUtZ5Py/jDt1qnDtwgRRlFRbZ3HsdNLLv+AEBqDO/YAKB1A0u7axBsmRm4AH+jYyTE37YV55nl54bnQ2WRlWFwCQz3jZkGUiae03A==
xLjXtKkdnBwygK1EORsdgQl+bz9ce25+TeGGoEQFOva3uedQLrXOPFEuKcXx5ApvievfN0sw48mJ2Sxxv2yiBHlox3oq4LceSE1zX0H5OmU7aHFVfV0XaLQR
nOem7fC+L2eTTNX6zn+l3dPLyRgQhfdiZRSKLEWD28NihRGnB0Eb7sut6xiazdatuthoE7cHpOnm3Q20dg==
nOem7fC+L2eTTNX6zn+l3dPLyRgQhfdiZRSKLEWD28NihRGnB0Eb7sut6xiazdatuthoE7cHpOnm3Q20dg==
+gwjebSbiKbgmwPwA5161tIGpKZDWOgDVjE7XGM547vbQSj1PkilT4+FWiri9uYMYxEyI90ovseKiYwXqp+CvuDjcuEqVCVohY/aGx8P6YT5vc2l+8AVAkE8R/BMljDH5EZ3hVoJ9a/k897PCd9mSW5K1BsDgG+SI9QS4vtoKGdHgckLJkOL8jVbJf+7vrTb
