eJpwHdFTBvrBUGCP4jw8YtFZMP7an4n1pM/P0aiT1HXsxB6U4c0oKSC9yEBXhnM9rO7YB5HmsNw8WOR4LtLxrq6+KuCdbS/Dyh7Y3c6p24fg8X4BGS1VN2lzI75HAOiKK1uusODdiIKW+uzrPkZ2cDfIIBl5d6U1oQbR6Zk/a0mMxQAqSoPwM14h/Lmzs9Y=
Jg+kVQNEMXy27TtnrWNqKh17bEUmOpy05/sVGMslVGXXCz7yZ4SucJiW0vrpPN+ys8wwKP9hTLGijINk7CxL3XmvrIZuUUgpXQtWaRhtT52D+6+rFZIhYI6mHUOovPbtnu7woton+IawvIGQRnXvxzO5J55nRf9fDeU6HcbmnLOmXzg5yrW1s9A=
SIEqA5KuxDQlI4m0GkyVwTMxitYmsbOGGnA1o7245kdhVAtqw9HMT9YdLVl9WQHk37mUh5umq3MLJv6n3HPjM9U4lPM6V2fie8zK8HxezuogwVnS99Q8GIPpqHGGhL+UYLQP/X2X4BbymWwpecPK+VRVS73HYyNbKZoFoGouYXOkpLKNGhY8ssbvHAbU9J2ACg1rJ/ehK66bzZsfKe0GbUp+WJOiZ/SpVv2Rs/Q=
NmCQSIHNhUkP3X0leuCHjp6J9Rkkj1A1L9dYebbYNgeQc2AvdmeiTwoQYmV8sCM14fmqrljbJkrVilFJYrGDgWkWXQsFfxc+BQB1Gh+6MPiQdWDQn3+W18WN8PWmpVWRppuKvFyBrz4/0FeyCujHRs+Wg1dhsazd+5VhHR3Vp7yz2w==
N//7XdwLieiRgQwb/ThwsI3uWxVO/DwBWSZBGhBLJyt9xkhVT6YMFAZ0rosQ//iDxiL7I2p8emlMnPv5ITVyAuhXvia15gkFUp2bjWkaRSc1M09SZWztlq8W6DRQubj8r3OOu6XhqLkWCc0dJhcSEOzN91JfvE++OsQfig9aW/vRPTSxm/k5US35v7Cz1w==
3+NgtazUQsIuLVmaJns+nI3uWxVO/DwBWSZBGhBLJyt910BbSakNRgZ0rosQ//iDxiP7I2p8emlMnPv5ITVyAuhXvia15gkFUp2bjWkaRSc1M09SZWztlq8W6DRQubj8r3OOu6XhqLkWCc0dJhcSEOzN91JfvE++OsQfig9aW/vRPTSxm/k5US35v7Cz1w==
YqfdMNXwMVJs2Btx3K+QpZgRqrpkBHcBrrWrI/ePpID42vQZPQLDmS6w5O1tOldw0OO0pYw73VB75EGqNjj2J5BToM/2zOMvCjCihfwQY1XhGWoO2LtmatVqkeni0cOhaTYda4Xf194FIDV6nxrwGJAVIHAfn1b3xe2wVSZFlbGmu0pc3CHvXj/wl1KKSIcmz3ZD9+HR7P37daG9nbXnnLP7
3fxWqx3i7cHQQY/1+4Apzivw9Id4spTlu6WZ9PW4SLNx5PXzc+fjYhsMKvAcHi5qRoF60teUnJgjqYhxZsTfFIB0b/2dV0CWUllMKVkDann0lau9p6PD20na5aBKbsHzBOSSjTpWXDImr3wGNDT9AOrNSyfXYYsuOw27H0kt5u0qPriTwidUKfa9sbPU
YCteCP1SJ7zIbYHFFoseTr2wzlb76gwRpmkEXSpnf9PWk4UnQZrzkr4/4dp26BYXkGNAH7a6Q7+KoMI1PMBDJeHpSl6YC4b6VfoxGSKBo5FpBn07RS93ToWw1crfStDokGUAoN8vNmdFfRAlZpV1gaaLqoycUU/Ov2D34kqYp1bPhmOnoWEMbXvlAU1d5Yess8s=
muRvHY4L0PN12DiVupfyA4xKOu7Gl4qmvs3RwbvUyFbsyR77h6NBMymq0UhosF5a5KKKVciCpcA2MMlNKtHEoLW8KuCdbS/Dyh7Y3c6p24fg8X4BGS1VN2lzI75HAOiKK1uusODdiIKW+uzrPkZ2cDfIIBl5d6U1oQbR6Zk/a0mMxQAqSoPwM14h/Lmzs9Y=
oWhnXeQ7prOboZ8Y/JseiWeR1PWKDw9LVgt1z/447bi7TDEylsAmD5B7cDdWUJOHytiSnZwos71hcTo2OKNWApXCYXFCqZOJaR5NEyVHJ3ZFSAVifyKgcBD98Eh/h2YfBUXAzYa9RZmmk5qkfLmf9v8Yp0rqcFfOTx4TzwHJ3JW73VElPc23tLPT
8GPC9kXy4Lq5y7mlM/V7tBlDAzpYTf3VAprg5gxlWoLzHCLwFA5GCh/QQhIPZGR4ixkA8e60t7Q4xLc9ZYeYtnpJRClRE0JZLEVTfX8Te3shqm0gwt5pE/wUSk0CBgRSTr90BjwkFeAyHXNnjxHzTpO9M5/B3Q5Nko7g07p3DAnerbmz3A==
tEjpAkEAXjPaWGmsRS+J9yfx+Iph892tpLLA+bnnF+Fz/bTzc+fjYhsMKvAcHi5qQYB60teUnJgjqYhxZsTfFIB0b/2dV0CWUllMKVkDann0lau9p6PD20na5aBKbsHzBOSSjTpWXDImr3wGNDT9AOrNSyfXYYsuOw27H0kt5u0qPriTwidUKfa9sbPU
tdTufe5WMVNoHakEz+d4+o+o1iKfURqigngR3hyFzndXIHDtbJrE6OID/3/ywQkyH4Lk7PJnH4zLchd88UNk4n556mGf3CGWSbiXDaHLze0nNieWQiuhR+ds5EHDnSfAikamj5Hb6tfuR2yUERoFMLQwAqKwEl08JSKJKELg/RXWkfh4wWweSHENA2ue7oxlEqkHP7QBKqk1TbmfXaNXZntAFNIfi9pYzH1k6kJKuBNixqoI43h08RXXiV1VVuUx5f9XEXiVNIImY9ybilEoAe+zig==
ehqyCS9LIwZKl1kOpSOfqWvo9wEkhcui7diHf5p1j9ilZPrQwp+8CB4KDdArh0lNf33e7lYQBh+Qa1Dnlu4y9kpocm1ceNOtYWHa5njTNrIVMsHBAvmzmWkObUNl94eGxfhlEj/yQGAQ7ZAYv3eGr4U1YH1GbWWJpoO6dLwJP4Z/qEe6KiA33k8O8x9BubwlOy3xlX2dl6Szww==
C8a7pTM1rAdSWMB2IlWkbpx5Dh5LjN8VNJHDpu3cj2uKYae8hYDShJJLdExeTsUEe9Phqd8ZdnrGhI6bEO/YcwZ6mpLqjNo5DKwb6SElEjIohx5WNVbp1RLtu51pCmVXdeOv4uUcTUZvJogkUKlYzO8jLkslUcjp1vntDSYHMuAsnZfi30zv7nr0/5oPSjvLEe2UwRtJ2YFtiZ+gs8c=
EFrTrixtutSgYdB7ESvEDgkE75aL0wVVmrgURSVtXQ3sDuwpNw0ZSBsO3uLfzj9388+uX1JncNyVauEoeLBOutTi1/Q5AjWghvAZbVrR9EBl/FpADe2fo5reKP3eqcunEDEuYamtxZcZM/NedwCYqvubHtBwXXgixrrcCy5GZhAHCPC5Cfc11RFGgclpP1sp3AXwitoDQNOOYYyZo7PG
zsKKWMYsnRX2Z4Jk6OiSDtOFiWcQA1uC0x88l8ek7eLzUXJX0451rr6uem0Qbr6QmV6jBbX7D9c6MA5CytnQEWQJvowu4FpidlOkSr+LgbuOqLARisSl2GVfmms/H+m0me0NVVtQlbKh7AeAbIYw94QWt3X6mXUfBCOevynPZnkOGhTroxDvIsMEUpLbeC9UJ9EJ+4DTC0fVi2WPm6Kz+Q==
kf51Xxp+GLPGsarCyeVJWTRIkjIk0thnlJqgvc3rt2AEaeKxBYoQB9FaBdKPdLZwgOa62tjrF3J7fGhIl/H0MVocK8S0XAOdsX9UZkZhUClFO36J4L2H3cuL9wu9AtngNjZ1I/AMPi1WPsiCslfghqhMabB+JaeHewn/fo/VR991dZK9HhZUc+4PQFniha2zyA==
TTlZ3fMqSKpKcmF+ZZCcuiJsHvmadSwTJ243cTyV0RxtCS7OSBzevmJNUL28zY6ZIdu6rs43NPZXX8HXlqxAzcKwBVSd+8oXFwvpmMGpvcnT5PX+mQgXvATS8BsckscpMm1VE3wHTkOBW+bV1t4k96skD+57YMIuM6xvOD/V+SfIp6vLLS8187O2s9U=
qAkir72dwUNh2YNwUxYlL4Vxf+BhBz+2NTyO4go50DEkaT4m6Q9aQjYzJOp/a4GbzsgwsUokpfglPxrL///plNmNjfWbsJWS4YyHIKxmMNfEdjfVOnl1P0RDHh/pL2ZZTnqUS2Pw7wKDZNIyG5gvdGexiVtAMwtnlevlL1tCs9k=
EXZjdwynLuU2XidPJmkKsRwTmgh4S9FTWeqBaFiwbno0YnyzVgIVYGZwuS060dSAhXz6AG3tv2N6Xoi9vqmr57CxzqGJraXXubMTnlcA+OpbG/4QUF0YYmY6PMsORkZQZ4hQeen3FZVxxiEJiT97abyFUEo6A2CT7uEsWUOzJg==
jysUa4Uy3Ehso8JHdiPiW4dxf/FjETu2NTyO4go50DEkaT4g6Q9aQjYzJOp/a4GbzsgwsUokpfglPxrL///plNmNjfWbsJWS4YyHIKxmMNfEdjfVOnl1P0RDHh/pL2ZZTnqUS2Pw7wKDZNIyG5gvdGexiVtAMwtnlevlL1tCs9k=
pWVvHZ07dkI9kcJk18jmyhwTnB5kVtFTWeqBaFiwbno0YnqzVgIVYGZwuS060dSAhXz6AG3tv2N6Xoi9vqmr57CxzqGJraXXubMTnlcA+OpbG/4QUF0YYmY6PMsORkZQZ4hQeen3FZVxxiEJiT97abyFUEo6A2CT7uEsWUOzJg==
fBAls3PMhEOWOBR+Di2EaBwTnQh2U9FTWeqBaFiwbno0YnmzVgIVYGZwuS060dSAhXz6AG3tv2N6Xoi9vqmr57CxzqGJraXXubMTnlcA+OpbG/4QUF0YYmY6PMsORkZQZ4hQeen3FZVxxiEJiT97abyFUEo6A2CT7uEsWUOzJg==
u2rRXvfPeGa5WZhJUAcFKGsRwSEuzN9igtPuudHt8WYEZ7LiE4ILFNBdJ9KPdLZwgOa62tnqGXJ7fGhIl/H0MVocK8S0XAOdsX9UZkZhUClFO36J4L2H3cuL9wu9AtngNjZ1I/AMPi1WPsiCslfghqhMabB+JaeHewn/fo/VR9x1dZK9HhZUc+4PQFniha2zyA==
1V1s4plzjL0RgfIKj1f0B9Lb4Z9YEdHudwppfmkF5AfbXn4LFFF/EDuT/qfAftbmCoYRIaITwCIr7DrwDH4eqpEj5VJndGxYc8m4cZbkj1Qw1J99DTcQVqJ5XClJI5q5pPU7PVcDc5sZ+hWgeg6RM/QEIg2q9ozyFs9sBiTUzUC6bdunZwH7buvtixw5DTYtmp7IE1LHhGmGnaGzxA==
MPyZbBYKTA72FGPSMQZdMIzefQtx1FnJTpyPlT4K80D2OudCNBddaVouxtHzVq6vc+/CnhZ0LfGep7W3eDpxfUX+mGjDXTUFnu84MFc87dlgIHDWeJRosvdCeOZMbGvdWe/MBo6RaCl9y7bpeC1vnaO7Dyv1UkFgrma9w8h8Fu3+rlAiemeYhlB8IRDmtQ/HU/nHHscF31ztpVqdZia8s4af2Lmq9ZWz8A==
MPyZbBYKTA72FGPSMQZdMIzefQtx1FnJTpyPlT4K80D2OudCNBddaVouxtHzVq6vc+/CnhZ0LfGep7W3eDpxfUX+mGjDXTUFnu84MFc87dlgIHDWeJRosvdCeOZMbGvdWe/MBo6RaCl9y7bpeC1vnaO7Dyv1UkFgrma9w8h8Fu3+rlAiemeYhlB8IRDmtQ/HU/nHHscF31ztpVqdZia8s4af2Lmq9ZWz8A==
x+MJy4a7Laiau+TQ4dpGO6YKvgqREZJsx/RdTPxAzLaYHUDsCx6GVq+dT1iEEA0iXjcOikEaUvBR/fBVmYvioznh1Kq18iaXMC7a7CNUrbcBoG214d1FpPC3ze7Y4uVchOduODuZMy6q+X6xyq+C7kATMvHK5KW4pf8ai38/6dRZTY21G3CV0mFMh2AspjCXRLY3lbq5dX/Egx5fae9mGc66lAvjMO9CA6TScptYIjTncYkbwPMLJxUr5W/bgrOZ
TajNWPeg1PfY1Fo2zCoAGlFP9bj1LbeRmde+LoclrSHPIEIYnMBf5FXsna7cDDtp8/7VIQTr9z5V3Xm4RvKNUwd6w280pIrzfmIor0B4HXe//vTeV97jOXGdiEdxMVKTIM03bh55URK3BTdy5mIvGbQL7eQgGl6wKhJ15qKOthi5Tctb9g6UVQqpHw+s4UKZ/Q1xz/VDL/bDwOxCpyuyiIQ9rJpqaqDjesayePtYXAFdF0ENvfZdoZ1y74GA9ZxSbqOUq2IxMDH3s5I=
vOSNA9/aSO8wnPEmr7ks72ciLFTLKC/LI3C0jpWQ4UBUWm4b0dXrWj9KozK9F0jf/TjFUWMIGbljIsmoguA9lZaRuPiBbN7IsQ1D697uzOXSqce/9AFqKXVNeR+doxfmO0BUUt+LGtiMfSRqAkp4k6LG6oijeLRx1ddJ3RVWpbEl+5aRuJV0AmZjHBtKUeiBr7PK
X7kNYErVn6B7jfOf7C0ltNxM7+AQWPMNEHQ0Rio56r3tCGm0GHqCaPyMQz+FwNgmd0pvdot22tKWg+Q6n5uBi+74cOEqVCVohY/aGx8P6YT5vc2l+8AVAkE8R/BMljDH5EZ3hVoJ9a/k897PCd9mSW5K1BsDgG+SI9QS4vtoK2VHgckLIEOL9zVbJf+7srPJ
zVenpO2+0Egv/mw0yg6rKxHwceNAc3KpuDEXxJ2rN7XGfkhz0iuOF6vpTz6fdbfYxBWCfe42BPPe79AZkiV9sxg=
ukjkSWmRODMFOsJysdOZ4mPs+wkhsZi44+XIb4A87Nr2Xsb+84qvGh1PS889xANNd2nVzTtJVjmkRkqe47FoqBZoa3wRZeapYlTU/XrTNrIVMsHBAvmzmWkObUNl94eGxfhlEj/yQGAQ7ZAYv3eGr4U1YH1GbWWJpoO6dLwJP4Z/qEe6KiA33kgP8x9BubwlOy3xlX2dl6Szww==
7Lz3KsJQhiWdaAGi0eU2iqgYI3yLrPX5ec+lHswmd+J3uIFER3wz0mW8btjMmqL8V7gQLYUeCHhJSwumI6tuAT1kG4quR0q8/UWJn9EFjsfkPtl3VmZ4RdUae/DocH128fUwNWTLnp3ybBMk/MybXclPnMbesXgpbevmKSiN/x1TG7/rhXJxYF4GjQO4nKZtbs6A4iqHiIZAHPFQtlWfR+OZN1735a9f3IWq3daGzDMWPwj5etWFs+A=
tV5u29pj+i9/7Ym3hERgLKGW7p5HQQJuNSdchFRluZigtafz1wW2RIukhaRXS/EDDGx80ZGGhkpxnFeFVYrTHzX2WtGgqa6tX6KBzTGZd4h6febI3d3bN5E6b77yV0KDF2kV+6u5kMU3vizuL/4rSdkd7vO7UWpjeI3P/oaZGUJfBV+iLgK3iczLNZQY+hYAwpLdFuquTijhjXPLbq7chSKpN9/kQdoJRc0p/w1jZwZrQATy78uK+Fz91AryCmgzEsZaKLO4xJGlVxn9hZaVEfX+RvFI1eRituMsO/qR+GHfs7o=
212ebuAZkgf/bANE1iLjBGCd7nT4dSBz7JjXBrZ02+HtO2iYQSuaxaVPauArBO/gOjwEVM6A6IctPjT3crK7l1q9+gxGDNPkSiinpgXqHunNF3qiaS65GqL2JHXbzwWU6ZR5JD0VW6w2pWTYQlb/Ko1/YSTF/w3TdXaEIXW0JPylvgBBplI3t2PcPk+my9aR4mzkVdr75irVKhGp4pFD4Wl2nSuFn1eeBWC1Op9acFiQ1aCwH1/WN8UtMJUmhRVxpnvKnNzhb54/MBeSiogH5s43w7fhkWy9+zUh/Z31Z9yzuw==
MSlkualg2b+15JXt5JSqXyld1vo8sT8wEDoMD3CO6dQUHX2Wli7e34zSDVJ/wTfc/9gnCuow1w5OX5MPAQlc1bsd0eU9jTd0sxM=
LiyYny45fPcqrXmhl25Gp5yzTw1KpHa8NZdfPKyFLM6+mdZMJwQ87vO+ipIeRCnpyy1xpKqO52G9GRFlQwDo1E201QNUR4eDlRVfhuso4ibjRO7R793Zb1jP66M9Z5V7Y16zPQ==
TG2HT5PTkS1qNPom1006uTHe5PvT8cM9bd3TNrhiRmGEUl4WDWXH+KO1gUJbRB/lHPVaIXV43ZNcSzZJPGnr1LFjUzUiNmRjrvMKd2/RU84z/VOe4B3uzXJOwNPaN2yJfm1Zszw=
sJ18MHmisQXiIY8c39DU8iy9lQathGIWMZ3jiGd9LSL3zJt1uC0GYamguYNYQ1pp0KGvZFXbL7XejgDTartmV4PZV97XpQ9ePEVKXfbGbDN2fyh5WhVlswA=
1pWay54SxSPxZS5bFIiCV8kSiGRQhmA3s5FmFjWV/5iLRUkCE5S3hYRlwqHt6EUzNJv+CXRZA/TJU6s1WgacQ8bDwrcngbtuq23LHniNdi3aHggTkkdEaUYdYbME
C8+j+fuqd4SwVvURQFUhD+Ahp0FhtEEthJFmFjWV/5iLRUkCE5S3hYRlwqHt6EUzNJv+CXRZA/TJU6s1WgacQ8bDwrcngbtuq23LHniNdi3aHggTkkdEaUYdYbME
GEhe+DY3v5xQGRImG1BqUfrAoBn2jzM/4JazGXkAHcm/smU4IR0iiWTBSwTja+I3iLmCFVUsDx/t9RxKWpuQjzSHUa1tNo2B7X1eYVA1zDJ+I2RLUnFAEWezAg==
sCBi09USGusv0QkoqB4+L4zefQtx1FnJTpyPlT4K80D2OudCNBddaVouxtHzVq6vc+/CnhZ0LfGep7W3eDpxfUX+mGjDXTUFnu84MFc87dlgIHDWeJRosvdCeOZMbGvdWe/MBo6RaCl9y7bpeC1vnaO7Dyv1UkFgrma9w8h8Fu3+rlAiemeYhlB8IRDmtQ/HU/nHHscF313spVqdZia8s4af2Lmq9ZWz8A==
jkk+9HhXZCEP0vqjjj/yHyld1vs8sT8wEDoMD3CO6dQUHX2Wli7e34zSDVJ/wTfc/9gnCuow1w5NX5MPAQlc1bsd0eU9jTd0sxM=
4xPIT1CQQOZxFykRnJbosngvVA8xVSLDRMw4k/ABfdIN9uC5IGyBbSL6bJpaGZ7DlFrSSeZQBm35OgN8QNaT/XRlJqN3bD8DV74Mro9+S4n5HQW2HNEKI5iN7z7mGbkCvwU/Yo6CV8nsy1VU+Hq2wKKS/VYKLu7owY2Ti84uvEUCqRcfhMF6SaXNCT+t44dGS0BkMk9Lajg8/fRKEorI83LGumgTOKRRhVf5veUWNVEV/WYxKFVEIpbjTPtaERgh/7Oa
xlzvYiBjzqoBy+e1tb8X6x6xsbMxk8X0llc8/2MlUXl3fXP9THkp7egC7kp9dG9cOznVK8yPX5lxa4nLsdMMWMnZKbw5TJ+y59rgqOpUivZxYuZWuJumkslJNExlzJKMAJvD3QmS6Z5tOhX3Z9pmf6CXLusNjC0c1NpNfZFFhczgj61maLrldNQfznDLgXPGOkGeufp3AkaQaxI5unxl0LXHegPPZ+n8CbUt/eto1Trx9GdoHH6wP5TOF13KIbUX1Lt+19m3ZjGeQjRDEyivqpMcMnqrgK2dNwmp07Bry08FE4Xna9qzsQ==
lgpvb3JtUDQEd0NEhQ1gwx6xsbMxk8X0llc8/2MlUXl3fXP9THkp7egC7kp9dG9cOznVK8yPX5l2aYnLsdMMWMnZKLw5TJ+y59rgqOpUivZxYuZWuJumkslJNExlzJKMAJvD3QmS6Z5tOhX3Z9pmf6CXLusNjC0c1NpNfZFFhczgj61maLrldNQfznDLgXPGOkGeufp3AkaQaxI5unxl0LXHegPPZ+n8CbUt/eto1Trx9GdoHH6wP5TOF13KIbUX1Lt+19m3ZjGeQjRDEyivqpMcMnqrgK2dNwmp07Bry08FE4Xna9qzsQ==
FN9an8GFWTSmqVm0mwvL1R6xsbMxk8X0llc8/2MlUXl3fXP9THkp7egC7kp9dG9cOznVK8yPX5lxa4nLsdMMWMnZJ7w5TJ+y59rgqOpUivZxYuZWuJumkslJNExlzJKMAJvD3QmS6Z5tOhX3Z9pmf6CXLusNjC0c1NpNfZFFhczgj61maLrldNQfznDLgXPGOkGeufp3AkaQaxI5unxl0LXHegPPZ+n8CbUt/eto1Trx9GdoHH6wP5TOF13KIbUX1Lt+19m3ZjGeQjRDEyivqpMcMnqrgK2dNwmp07Bry08FE4Xna9qzsQ==
4p/XMjKWoQ+bMFqau06JpR6xsbMxk8X0llc8/2MlUXl3fXP9THkp7egC7kp9dG9cOznVK8yPX5l2aYnLsdMMWMnZJrw5TJ+y59rgqOpUivZxYuZWuJumkslJNExlzJKMAJvD3QmS6Z5tOhX3Z9pmf6CXLusNjC0c1NpNfZFFhczgj61maLrldNQfznDLgXPGOkGeufp3AkaQaxI5unxl0LXHegPPZ+n8CbUt/eto1Trx9GdoHH6wP5TOF13KIbUX1Lt+19m3ZjGeQjRDEyivqpMcMnqrgK2dNwmp07Bry08FE4Xna9qzsQ==
VZUtHJbEKmGQSRIwm+Kj8h6xsbMxk8X0llc8/2MlUXl3fXP9THkp7egC7kp9dG9cOznVK8yPX5lxa4nLsdMMWMnZJbw5TJ+y59rgqOpUivZxYuZWuJumkslJNExlzJKMAJvD3QmS6Z5tOhX3Z9pmf6CXLusNjC0c1NpNfZFFhczgj61maLrldNQfznDLgXPGOkGeufp3AkaQaxI5unxl0LXHegPPZ+n8CbUt/eto1Trx9GdoHH6wP5TOF13KIbUX1Lt+19m3ZjGeQjRDEyivqpMcMnqrgK2dNwmp07Bry08FE4Xna9qzsQ==
a73g0Z6NOVN8Q+OYUl3ghx6xsbMxk8X0llc8/2MlUXl3fXP9THkp7egC7kp9dG9cOznVK8yPX5l2aYnLsdMMWMnZJLw5TJ+y59rgqOpUivZxYuZWuJumkslJNExlzJKMAJvD3QmS6Z5tOhX3Z9pmf6CXLusNjC0c1NpNfZFFhczgj61maLrldNQfznDLgXPGOkGeufp3AkaQaxI5unxl0LXHegPPZ+n8CbUt/eto1Trx9GdoHH6wP5TOF13KIbUX1Lt+19m3ZjGeQjRDEyivqpMcMnqrgK2dNwmp07Bry08FE4Xna9qzsQ==
PT6NPyWdp6YXRuUzIo+V9x6xsbMxk8X0llc8/2MlUXl3fXP9THkp7egC7kp9dG9cOznVK8yPX5lxa4nLsdMMWMnZI7w5TJ+y59rgqOpUivZxYuZWuJumkslJNExlzJKMAJvD3QmS6Z5tOhX3Z9pmf6CXLusNjC0c1NpNfZFFhczgj61maLrldNQfznDLgXPGOkGeufp3AkaQaxI5unxl0LXHegPPZ+n8CbUt/eto1Trx9GdoHH6wP5TOF13KIbUX1Lt+19m3ZjGeQjRDEyivqpMcMnqrgK2dNwmp07Bry08FE4Xna9qzsQ==
F1FYchZPt/FZzUV0VcrBIh6xsbMxk8X0llc8/2MlUXl3fXP9THkp7egC7kp9dG9cOznVK8yPX5l2aYnLsdMMWMnZIrw5TJ+y59rgqOpUivZxYuZWuJumkslJNExlzJKMAJvD3QmS6Z5tOhX3Z9pmf6CXLusNjC0c1NpNfZFFhczgj61maLrldNQfznDLgXPGOkGeufp3AkaQaxI5unxl0LXHegPPZ+n8CbUt/eto1Trx9GdoHH6wP5TOF13KIbUX1Lt+19m3ZjGeQjRDEyivqpMcMnqrgK2dNwmp07Bry08FE4Xna9qzsQ==
kpBaDrdpOWMPklS3p/iQxR6xsbMxk8X0llc8/2MlUXl3fXP9THkp7egC7kp9dG9cOznVK8yPX5lxa4nLsdMMWMnZIbw5TJ+y59rgqOpUivZxYuZWuJumkslJNExlzJKMAJvD3QmS6Z5tOhX3Z9pmf6CXLusNjC0c1NpNfZFFhczgj61maLrldNQfznDLgXPGOkGeufp3AkaQaxI5unxl0LXHegPPZ+n8CbUt/eto1Trx9GdoHH6wP5TOF13KIbUX1Lt+19m3ZjGeQjRDEyivqpMcMnqrgK2dNwmp07Bry08FE4Xna9qzsQ==
ARB1wv4w92sAbaGRTvHRWB6xsbMxk8X0llc8/2MlUXl3fXP9THkp7egC7kp9dG9cOznVK8yPX5l2aYnLsdMMWMnZILw5TJ+y59rgqOpUivZxYuZWuJumkslJNExlzJKMAJvD3QmS6Z5tOhX3Z9pmf6CXLusNjC0c1NpNfZFFhczgj61maLrldNQfznDLgXPGOkGeufp3AkaQaxI5unxl0LXHegPPZ+n8CbUt/eto1Trx9GdoHH6wP5TOF13KIbUX1Lt+19m3ZjGeQjRDEyivqpMcMnqrgK2dNwmp07Bry08FE4Xna9qzsQ==
3s5cCNDPW8nYIG58n68v0x6xsbMxk8X0llc8/2MlUXl3fXP9THkp7egC7kp9dG9cOznVK8yPX5lxa4nLsdMMWMnZKb05TJ+y59rgqOpUivZxYuZWuJumkslJNExlzJKMAJvD3QmS6Z5tOhX3Z9pmf6CXLusNjC0c1NpNfZFFhczgj61maLrldNQfznDLgXPGOkGeufp3AkaQaxI5unxl0LXHegPPZ+n8CbUt/eto1Trx9GdoHH6wP5TOF13KIbUX1Lt+19m3ZjGeQjRDEyivqpMcMnqrgK2dNwmp07Bry08FE4Xna9qzsQ==
9k2l5HVJry/WHEVyLvRgUB6xsbMxk8X0llc8/2MlUXl3fXP9THkp7egC7kp9dG9cOznVK8yPX5l2aYnLsdMMWMnZKL05TJ+y59rgqOpUivZxYuZWuJumkslJNExlzJKMAJvD3QmS6Z5tOhX3Z9pmf6CXLusNjC0c1NpNfZFFhczgj61maLrldNQfznDLgXPGOkGeufp3AkaQaxI5unxl0LXHegPPZ+n8CbUt/eto1Trx9GdoHH6wP5TOF13KIbUX1Lt+19m3ZjGeQjRDEyivqpMcMnqrgK2dNwmp07Bry08FE4Xna9qzsQ==
A7inmJSThs73UtLY/wkTKB6xsbMxk8X0llc8/2MlUXl3fXP9THkp7egC7kp9dG9cOznVK8yPX5lxa4nLsdMMWMnZJ705TJ+y59rgqOpUivZxYuZWuJumkslJNExlzJKMAJvD3QmS6Z5tOhX3Z9pmf6CXLusNjC0c1NpNfZFFhczgj61maLrldNQfznDLgXPGOkGeufp3AkaQaxI5unxl0LXHegPPZ+n8CbUt/eto1Trx9GdoHH6wP5TOF13KIbUX1Lt+19m3ZjGeQjRDEyivqpMcMnqrgK2dNwmp07Bry08FE4Xna9qzsQ==
IgWP9VfuHqkYW30FV0qL0B6xsbMxk8X0llc8/2MlUXl3fXP9THkp7egC7kp9dG9cOznVK8yPX5l2aYnLsdMMWMnZJr05TJ+y59rgqOpUivZxYuZWuJumkslJNExlzJKMAJvD3QmS6Z5tOhX3Z9pmf6CXLusNjC0c1NpNfZFFhczgj61maLrldNQfznDLgXPGOkGeufp3AkaQaxI5unxl0LXHegPPZ+n8CbUt/eto1Trx9GdoHH6wP5TOF13KIbUX1Lt+19m3ZjGeQjRDEyivqpMcMnqrgK2dNwmp07Bry08FE4Xna9qzsQ==
3Q+AA1U/jwpTycBpDY+DsQyWxxoKVKZa9MzR/CUay//VUbhuCEVDd5ASGbjrQWOHrdav0fsRDeI1Jibsn1OnNrmA2aeuR6Ft75IIUITgDWa08DQ30CfRYYGeMgJ5Ll5q3lbJj22IGZwCFCWxoUUkaL0wcjiI97OZMY7pikV2RZP/ZsaLaLoK4GvQbcE9Vt3ZyTnl+OhjXaLQJmXgfNMelNO9U7Jy7S49AqvCEvhnAh1igIVkPasKR/d76egh+X2Zc9R1zjnYV2xkIvDrfEKH+ZJd1SPcV44TYSvmpTaO5KcLFI/e27CC/lNcbclfBbn3aJcr+41/9aNTxrOl
e4TeLvBWFs1V+yeemOFsZx6xsbMxk8X0llc8/2MlUXl3fXP9THkp7egC7kp9dG9cOznVK8yPX5l2aYnLsdMMWMnZJb05TJ+y59rgqOpUivZxYuZWuJumkslJNExlzJKMAJvD3QmS6Z5tOhX3Z9pmf6CXLusNjC0c1NpNfZFFhczgj61maLrldNQfznDLgXPGOkGeufp3AkaQaxI5unxl0LXHegPPZ+n8CbUt/eto1Trx9GdoHH6wP5TOF13KIbUX1Lt+19m3ZjGeQjRDEyivqpMcMnqrgK2dNwmp07Bry08FE4Xna9qzsQ==
rpglaZYJTIqYMLppmTKUQJLXMJHT68Xs3AbJP96BRj7rbVRSCknGnoEeNTJzcO7wMtSN0rS/7TfoE2fVRZbZIWCanbCYUd8s9FugeJWHiYCs9FPH5hfTtTmck9UQEwZwFas/SiFiPG8snxlpG+fFgV4Zec6CcsFGpdV3/UCv9WmEv1b9weKIoXcekcWR/kC6ORVCu5tI9kJYXOxy8wrklqA0z/09F6AWshmsKblDivkU1Qu9B+PjW2kaRaAqrqFzZCTyjVqWfLIGb9wGlHTdgMqNqyc3IWuu201bHehtxm0K/hiTYuc0qZZ90bO0
3Q+AA1U/jwpTycBpDY+DsQyWxxoKVKZa9MzR/CUay//VUbhuCEVDd5ASGbjrQWOHrdav0fsRDeI1Jibsn1OnNrmA2aeuR6Ft75IIUITgDWa08DQ30CfRYYGeMgJ5Ll5q3lbJj22IGZwCFCWxoUUkaL0wcjiI97OZMY7pikV2RZP/ZsaLaLoK4GvQbcE9Vt3ZyTnl+OhjXaLQJmXgfNMelNO9U7Jy7S49AqvCEvhnAh1igIVkPasKR/d76egh+X2Zc9R1zjnYV2xkIvDrfEKH+ZJd1SPcV44TYSvmpTaO5KcLFI/e27CC/lNcbclfBbn3aJcr+41/9aNTxrOl
rpglaZYJTIqYMLppmTKUQJLXMJHT68Xs3AbJP96BRj7rbVRSCknGnoEeNTJzcO7wMtSN0rS/7TfoE2fVRZbZIWCanbCYUd8s9FugeJWHiYCs9FPH5hfTtTmck9UQEwZwFas/SiFiPG8snxlpG+fFgV4Zec6CcsFGpdV3/UCv9WmEv1b9weKIoXcekcWR/kC6ORVCu5tI9kJYXOxy8wrklqA0z/09F6AWshmsKblDivkU1Qu9B+PjW2kaRaAqrqFzZCTyjVqWfLIGb9wGlHTdgMqNqyc3IWuu201bHehtxm0K/hiTYuc0qZZ90bO0
3Q+AA1U/jwpTycBpDY+DsQyWxxoKVKZa9MzR/CUay//VUbhuCEVDd5ASGbjrQWOHrdav0fsRDeI1Jibsn1OnNrmA2aeuR6Ft75IIUITgDWa08DQ30CfRYYGeMgJ5Ll5q3lbJj22IGZwCFCWxoUUkaL0wcjiI97OZMY7pikV2RZP/ZsaLaLoK4GvQbcE9Vt3ZyTnl+OhjXaLQJmXgfNMelNO9U7Jy7S49AqvCEvhnAh1igIVkPasKR/d76egh+X2Zc9R1zjnYV2xkIvDrfEKH+ZJd1SPcV44TYSvmpTaO5KcLFI/e27CC/lNcbclfBbn3aJcr+41/9aNTxrOl
rpglaZYJTIqYMLppmTKUQJLXMJHT68Xs3AbJP96BRj7rbVRSCknGnoEeNTJzcO7wMtSN0rS/7TfoE2fVRZbZIWCanbCYUd8s9FugeJWHiYCs9FPH5hfTtTmck9UQEwZwFas/SiFiPG8snxlpG+fFgV4Zec6CcsFGpdV3/UCv9WmEv1b9weKIoXcekcWR/kC6ORVCu5tI9kJYXOxy8wrklqA0z/09F6AWshmsKblDivkU1Qu9B+PjW2kaRaAqrqFzZCTyjVqWfLIGb9wGlHTdgMqNqyc3IWuu201bHehtxm0K/hiTYuc0qZZ90bO0
3Q+AA1U/jwpTycBpDY+DsQyWxxoKVKZa9MzR/CUay//VUbhuCEVDd5ASGbjrQWOHrdav0fsRDeI1Jibsn1OnNrmA2aeuR6Ft75IIUITgDWa08DQ30CfRYYGeMgJ5Ll5q3lbJj22IGZwCFCWxoUUkaL0wcjiI97OZMY7pikV2RZP/ZsaLaLoK4GvQbcE9Vt3ZyTnl+OhjXaLQJmXgfNMelNO9U7Jy7S49AqvCEvhnAh1igIVkPasKR/d76egh+X2Zc9R1zjnYV2xkIvDrfEKH+ZJd1SPcV44TYSvmpTaO5KcLFI/e27CC/lNcbclfBbn3aJcr+41/9aNTxrOl
rpglaZYJTIqYMLppmTKUQJLXMJHT68Xs3AbJP96BRj7rbVRSCknGnoEeNTJzcO7wMtSN0rS/7TfoE2fVRZbZIWCanbCYUd8s9FugeJWHiYCs9FPH5hfTtTmck9UQEwZwFas/SiFiPG8snxlpG+fFgV4Zec6CcsFGpdV3/UCv9WmEv1b9weKIoXcekcWR/kC6ORVCu5tI9kJYXOxy8wrklqA0z/09F6AWshmsKblDivkU1Qu9B+PjW2kaRaAqrqFzZCTyjVqWfLIGb9wGlHTdgMqNqyc3IWuu201bHehtxm0K/hiTYuc0qZZ90bO0
3Q+AA1U/jwpTycBpDY+DsQyWxxoKVKZa9MzR/CUay//VUbhuCEVDd5ASGbjrQWOHrdav0fsRDeI1Jibsn1OnNrmA2aeuR6Ft75IIUITgDWa08DQ30CfRYYGeMgJ5Ll5q3lbJj22IGZwCFCWxoUUkaL0wcjiI97OZMY7pikV2RZP/ZsaLaLoK4GvQbcE9Vt3ZyTnl+OhjXaLQJmXgfNMelNO9U7Jy7S49AqvCEvhnAh1igIVkPasKR/d76egh+X2Zc9R1zjnYV2xkIvDrfEKH+ZJd1SPcV44TYSvmpTaO5KcLFI/e27CC/lNcbclfBbn3aJcr+41/9aNTxrOl
rpglaZYJTIqYMLppmTKUQJLXMJHT68Xs3AbJP96BRj7rbVRSCknGnoEeNTJzcO7wMtSN0rS/7TfoE2fVRZbZIWCanbCYUd8s9FugeJWHiYCs9FPH5hfTtTmck9UQEwZwFas/SiFiPG8snxlpG+fFgV4Zec6CcsFGpdV3/UCv9WmEv1b9weKIoXcekcWR/kC6ORVCu5tI9kJYXOxy8wrklqA0z/09F6AWshmsKblDivkU1Qu9B+PjW2kaRaAqrqFzZCTyjVqWfLIGb9wGlHTdgMqNqyc3IWuu201bHehtxm0K/hiTYuc0qZZ90bO0
3Q+AA1U/jwpTycBpDY+DsQyWxxoKVKZa9MzR/CUay//VUbhuCEVDd5ASGbjrQWOHrdav0fsRDeI1Jibsn1OnNrmA2aeuR6Ft75IIUITgDWa08DQ30CfRYYGeMgJ5Ll5q3lbJj22IGZwCFCWxoUUkaL0wcjiI97OZMY7pikV2RZP/ZsaLaLoK4GvQbcE9Vt3ZyTnl+OhjXaLQJmXgfNMelNO9U7Jy7S49AqvCEvhnAh1igIVkPasKR/d76egh+X2Zc9R1zjnYV2xkIvDrfEKH+ZJd1SPcV44TYSvmpTaO5KcLFI/e27CC/lNcbclfBbn3aJcr+41/9aNTxrOl
rpglaZYJTIqYMLppmTKUQJLXMJHT68Xs3AbJP96BRj7rbVRSCknGnoEeNTJzcO7wMtSN0rS/7TfoE2fVRZbZIWCanbCYUd8s9FugeJWHiYCs9FPH5hfTtTmck9UQEwZwFas/SiFiPG8snxlpG+fFgV4Zec6CcsFGpdV3/UCv9WmEv1b9weKIoXcekcWR/kC6ORVCu5tI9kJYXOxy8wrklqA0z/09F6AWshmsKblDivkU1Qu9B+PjW2kaRaAqrqFzZCTyjVqWfLIGb9wGlHTdgMqNqyc3IWuu201bHehtxm0K/hiTYuc0qZZ90bO0
3Q+AA1U/jwpTycBpDY+DsQyWxxoKVKZa9MzR/CUay//VUbhuCEVDd5ASGbjrQWOHrdav0fsRDeI1Jibsn1OnNrmA2aeuR6Ft75IIUITgDWa08DQ30CfRYYGeMgJ5Ll5q3lbJj22IGZwCFCWxoUUkaL0wcjiI97OZMY7pikV2RZP/ZsaLaLoK4GvQbcE9Vt3ZyTnl+OhjXaLQJmXgfNMelNO9U7Jy7S49AqvCEvhnAh1igIVkPasKR/d76egh+X2Zc9R1zjnYV2xkIvDrfEKH+ZJd1SPcV44TYSvmpTaO5KcLFI/e27CC/lNcbclfBbn3aJcr+41/9aNTxrOl
rpglaZYJTIqYMLppmTKUQJLXMJHT68Xs3AbJP96BRj7rbVRSCknGnoEeNTJzcO7wMtSN0rS/7TfoE2fVRZbZIWCanbCYUd8s9FugeJWHiYCs9FPH5hfTtTmck9UQEwZwFas/SiFiPG8snxlpG+fFgV4Zec6CcsFGpdV3/UCv9WmEv1b9weKIoXcekcWR/kC6ORVCu5tI9kJYXOxy8wrklqA0z/09F6AWshmsKblDivkU1Qu9B+PjW2kaRaAqrqFzZCTyjVqWfLIGb9wGlHTdgMqNqyc3IWuu201bHehtxm0K/hiTYuc0qZZ90bO0
rpglaZYJTIqYMLppmTKUQJLXMJHT68Xs3AbJP96BRj7rbVRSCknGnoEeNTJzcO7wMtSN0rS/7TfoE2fVRZbZIWCanbCYUd8s9FugeJWHiYCs9FPH5hfTtTmck9UQEwZwFas/SiFiPG8snxlpG+fFgV4Zec6CcsFGpdV3/UCv9WmEv1b9weKIoXcekcWR/kC6ORVCu5tI9kJYXOxy8wrklqA0z/09F6AWshmsKblDivkU1Qu9B+PjW2kaRaAqrqFzZCTyjVqWfLIGb9wGlHTdgMqNqyc3IWuu201bHehtxm0K/hiTYuc0qZZ90bO0
Ip/S4YZfjEeonznIVThczcvM6Du3WBFbDtSMSjD9V8yP8KqqUho5NVF4bVkzcTDZfbJ5zB53cBzLnV0hlLZYZPvQOKo7Tqnof2/tSALMQTGlu7XE4NVlXlGNdJzgDOcar5cROYd+exGFyoCAAC9+tGVcNX2XavPuG6pmLwaQWxWX0fEqv69oaOBpuYM+xeD5uqajERjNhNeMj3/X8JIe9sx0gtyZm/bg0Y9GVmxgvl9bMPB8n96jr/1k9//vNckxp2V7wGpoj55o/jDOQ/Afh2YVPNK3DN3oj6wEsl7mc3/gstRea992/91FNb8ZjPeh98FP75bMEiXQGUhBbwQ4czlKdhKf+lwb/per5gLO7uMKmtOj5fOJfLielZiWEWwdxr2J3s2CA8TVO4XnVcJMJaXQzIglyugldlb/A0Potou2L75lopiMsUo/7p51HtktMvWrlWkCdU9VG5+qpdS9/g++GKzQIchUD5teA+WZ+JH24f0FJg8i+AzlpyofBJ9WmmxvEo3Dq1NxVWQJWwHpeU2Rj6izzw==
Y78z1l68Gl2bS9FFkPjTZA9OlSRCJvsywcbVtBJA+c0AofpkfBICcVj7mtM7Nk747lGyKMudvHIdQK6+vWhEmdBEcNSxfrAxOp3xk0yPLSo7l2DR8G8JoJo7l61eJulY6wG7ywy7xDfh9agJSQIFiLiIBfE3j5A3xY1Hx1nUel5XndTTqrv3b5AGMcyKm6ZW8vbojq25HBjCmt6wnG3iiLU4F+gv6OFpRLiZnUyEkyQ3CK6Pm4rRfzEdxmHXBWp3sk+wI97xXfqXIQcEXdIr64dJVpLeZp93wwOh8//WR2aBFV4Eqf4jW8B4xtFGN7oRm4GQ4yp1grbj7AyManqUt0N+Mv2xvE/PRbLCUvQJQ+p5eHK+EUkuZXwX9QQNBy1utsp8YmZjY73dzT0ZeMeinRV6VPH7NqVFpdbMamWNFlvvsIqyFLR4sueiqKYcjPtd6Q98Rr5xWClNK4apyM3fHTNbX2slslFgvkbtgxjchm0ODiBiikfohqBcUdAWFX9Hw1mX3hclz138xQpdtkYsMzb/aHmalaWzwA==
SSyAgxAV51vd1IWXsyM1exPCAhZ7VcBaahAThn/V1p2+rFQFDPYxDc1Q5yF90eE0A7L96zHczIyibqDvsZWbLjABElMhd817hDcJVxpNmaye5UF+tsajsiSuVx9maLH1AYZy5kUH3flJemBvkRg5v3iysMYDjDc1zWenZG93zRgsDrDFusJdXgkDV5BHaLNYKkEWmn9DTzNttF91PE7oe9XNzm9kT0Jk3y8Y9/ARZD3zeSDYeuDUVt4COQFiBhndalhcCvqp47JMgt+kl6nVFjsRf79t5/8HZ94KMls44GzcADPaG7EeV8BsN7YprueeCJwOLJfpeBAIAEvFYpmVl5kxqWYz18/Dc5FWNqajeOsEL38OHCXhqOqMfyAIPfaFx6jyZGpV8livneXJ/bpQLBk2RlsIC96f1QBtGJciHWmp6WWoCNMdUnB2ZbDcI14kM+3TYhJd7k2ie8LCWBfCrQJQBTTdG0q3VyvpuIEJPSmThPUeWWiXHMTy8DvcMkdJ8o1VczznzuPBe+b1ln6kF+tEDw67AEKO84xtGf91eUcIR6urbc+1U/OWs/U=
PUWPrxm5+ODdscrX3pCOyxgueL9qpfLhmIeEtTflKEFHTDejkIdF98da1zD35k5j24Z2PCLMXUF3PY0MBQMN8PbWbsr7QO4xVmuYvrO+5GPxOAopx2ytD2daeedutNvlOLfZiq8P/IG8hz2grtPb/cK+ffgfOcf7AJOQ9zWdJPn1ejForJAZIXsnZLexJYuXRcxuPmNlaKMmU6MvRC49/Haj0vZmbnReYdEoGPbyEmAA9XYowQDr2CPANSkQUBXt8HynRCMQst9XIqX/xbWKscsdfpeGNwzTUpmJOsMJCzQh6t9LE9HKwpKOq3f36+2jY07TxnUtIjSl1nebFBBKIfpPjvGPmYwzZt12NpdEwNx2YoDXd4aOjT1UG4+Rms5iCDE3Su3g7m7dIRplSH851JGfuc7C8oBSaku3/YklsWnEP5b9AWJIoTee0cVRfoC6eZUCu9vINkKY3Kxys4qklmC0D/19l+AW8plsKXnDyvlUVUu9x2MjWymaBaBqLmFzpKSyjRoWPLLG7xwG1PSdgAoNayf3oSuum82bHSjtBm1KfliTomf0qVb9kbP0
E2k5O3u3q3AQ6P/heaeaepcBvR3SSuonovc+c4uISPXl7yg6kSUYe15Heb1lFrVRlfrjMaJUxC0W48z72hGYIX+zGg==
d1KWTkb+M7qq9tK9etT9YzYhPAqwJDDm9gMU2HBjGo/KPpSxy//twgMk0vKb2Cqw5/uIm89zC6cVq+Xv2wKzGQ==
5jPyDjYPsF9htsYonmtRgs7RUkHLkaU+ij8oliEVVX1vSIfaqgD3PkpqszXAWfNFO40xtf391wSzYw==
YWkLq1uJh2MkcsEfbjU8EY9d8kREad3BNHTEIZs7jcWZZlk5Qbo3mQ7keJWiQ5gjhsH0yQuzbg==
oLjWyOCObi2rDorldSkldQ9OlSRCJvsywcbVtBJA+c0AofpkfBICcVj7mtM7Nk747lGyKMudvHIdQK6+vWhEmNBEcNSxfrAxOp3xk0yPLSo7l2DR8G8JoJo7l61eJulY6wG7ywy7xDfh9agJSQIFiLiIBfE3j5A3xY1Hx1nUel5XndTTqrv3b5AGMcyKm6ZW8vbojq25HBjCmt6wnG3iiLU4F+gv6OFpRLiZnUyEkyQ3CK6Pm4rRfzEdxmHXBWp3sk+wI97xXfqXIQcEXdIr64dJVpLeZp93wwOh8//WR2aBFV4Eqf4jW8B4xtFGN7oRm4GQ4yp1grbj7AyManqUt0N+Mv2xvE/PRbLCUvQJQ+p5eHK+EUkuZXwX9QQNBy1utsp8YmZjY73dzT0ZeMeinRV6VPH7NqVFpdbMamWNFlvvsIqyFLR4sueiqKYcjPtd6Q98Rr5xWClNK4apyM3fHTNbX2slslFgvkbtgxjchm0ODiBiikfohqBcUdAWFX9Hw1mX3hclz1n5xQBctkksMzb/aHmalaWzwA==
aM0ZoHOtgIU8Iksxrqf3t3EEjoXFgsWPSxpflT5O2WattflJyxi/WodD1IqRn5OkiDkrtIPYjrf10CQzs7pScmVxF4T0OcYFtHXANBnuKLGiDZkztD9lavNHOLHYnzGgosu/zQb2IRijsUNrZCtct3llAOnxck1IcNhd0d+/6Dc9vS/ngQQyHp9tbLMCK2/vCJbZbPIrbpa6pjBuhckkGPrq9lBEPapIfYhvSMd4eencKDH99HRbZH/Ydq/zuil/SS0uQY9Vorf6PwjDdmHFeg+xb6SlYmOrT5kO8vaWp3f784mTpwaPJsmlpqTBbrvbWOhuMf5H8tFT0cjDwkX6thvcZKyyqtz3i46KnRks10/dIiryjLmLKjEoql45ORZlRGfd5NVXZa5+egTCjvP7PUVdlXnAN2rdXaqM0ZMGXUXd5iRKPd3em6fAMlK8JOAyfzLABuQ8sx0h3yQmloFgKXXbrsmQHRdde+uny00iyeAm1kVjoKzOrcZeeEJid5CGWGw58M7FNwcLqS++v7VX2WFV6PzO+eTzfq+wmbLlnbP4
ab0dzZ5oGSCWB4etf9FSevctNglVOD0TPI8UR9ypi1QRI7M1QvbE406zandPkbNOUz1zkwVdREzSASDT+vfMCZ4tebMc
cG/K+xEpJNm6YJ9AeM0C2vo9rNjSIJz2Symh8hiI68Cfll636uyamYxM28khBVJSqCfetjV2qbWSTXt9aeql9/WD78Ll/I3m70bIBFCJmCxvg24rJXEICVZZrW0mZ3JArH1Xwt8sr076FD+6A257oZBNWyEbaZnh7SlfQLMn
TLDHTtHX7DNUxmDoOCwgl/rAoBn2jzM/4JazGXkAHcm/smU4IR0iiWTBSwTja+IzireCFVUsDx/t9RxKWpuQjzSHUa1tNo2B7XNbYVo0zD1+I2RLUnFAEWezAg==
hZ6XJAtya2/ud+Iopi2SnOAhp0FhtEEthJFmFjWV/5iLRUkCE5S3hYRlwqHt6EUzNJ/8B3RZA/TJU6s1WgacQ8bDwrcngbtuq23LE32NfCzaEQgTkkdEaUYdYbME
eKn/LgEmzSe1jhs7as/mIskSiGRQhmA3s5FmFjWV/5iLRUkCE5S3hYRlwqHt6EUzNJ/8B3RZA/TJU6s1WgacQ8bDwrcngbtuq23LE32NfCzaEQgTkkdEaUYdYbME
jr5htd9rQakLqT3dWH4z5Sy9lQathGIWMZ3jiGd9LSL3zJt1uC0GYamguYNYR1hn0KGvZFXbL7XejgDTartmV4PZV97XpQ9TOUVAXPbJbDN2fyh5WhVlswA=
knnEU8o+h8k0qMHzoqDhODHe5PvT8cM9bd3TNrhiRmGEUl4WDWXH+KO1gUJbRB/lHPVaIXV43ZNcTzRHPGnr1LFjUzUiNmRjrvMKd2/RU84z/VOT5R3kzHJBwNPaN2yJfm1Zszw=
PNtYiTnUchL5h9daql03NpyzTw1KpHa8NZdfPKyFLM6+mdZMJwQ87vO+ipIeRCnpyy1xpKqO52G5Gx9lQwDo1E201QNUR4eDlRVfhuso4ibjROPU79fYb1fP66M9Z5V7Y16zPQ==
GydfHwGZmKCxlK+rvSf1YD3aZQhjYmkb4zwOMwxOxZf8bSFcVxOtwBBoiAKCsUyX0Yf0V3m4Qdnfm/EABEJtcG5QYd3SUXww3RzyEFUtZ5Py/jDt1qnDtwgRRlFRbZ3HsdNLLv+AEBqDO/YAKB1A0u7axBsmRm4AH+jYyTE37YV55nl54bPX2W5kWFUCQzjjZkGUiauzzg==
37mEe2nthwG7Z7alUwi7ygl+bz9ce25+TeGGoEQFOva3uedQLrXOPFEuKcXx5ApvievfN0sw48mJ2Sxxv2yiBHlox3oq4LceQ0pzVUD5M2U7bXFVfV0XZLMD
krzaycDXTIAF/n7D8YDj29PLyRgQhfdiZRSKLEWD28NihRGnB0Eb7sut6xOdzdysutFoE7IHpOnm3QGzZA==
krzaycDXTIAF/n7D8YDj29PLyRgQhfdiZRSKLEWD28NihRGnB0Eb7sut6xOdzdysutFoE7IHpOnm3QGzZA==
