SWt60/wG9zaruGlzt+RxutFZMP7an4n1pM/P0aiT1HXsxB6U4c0oKSC9yEBXhnM9rO7YB5HmsNw8WOR4LtLxrq6+KuCdbS/Dyh7Y3c6p24fg8X4BGS1VN2lzI75HAOiKK1uusODdiIKW+uzrPkZ2cDfIIBl5d6U1oQbR6Zk/aUmCwAAkS4P1M14h/Lm/tMQ=
khM/0uMqHmHSV9s6gb/2Vh17bEUmOpy05/sVGMslVGXXCz7yZ4SucJiW0vrpPN+ys8wwKP9hTLGijINk7CxL3XmvrIZuUUgpXQtWaRhtT52D+6+rFZIhYI6mHUOovPbtnu7woton+IawvIGQRnXvxzO5J55nRf9fD+U0GMbonbOjXzg5yrW5tMI=
7dT9IyTvWu71rHcDTOcmezMxitYmsbOGGnA1o7245kdhVAtqw9HMT9YdLVl9WQHk37mUh5umq3MLJv6n3HPjM9U4lPM6V2fie8zK8HxezuogwVnS99Q8GIPpqHGGhL+UYLQP/X2X4BbymWwpecPK+VRVS73HYyNbKZoFoGouYXOkpLKNGhY8ssbvHAbU9J2ACg1rJ/ehK66bzZsfK+0IaEpwWZOnZ/SpVv2dtOY=
srvL1OMpHNKuui9uV8Q8HJ6J9Rkkj1A1L9dYebbYNgeQc2AvdmeiTwoQYmV8sCM14fmqrljbJkrVilFJYrGDgWkWXQsFfxc+BQB1Gh+6MPiQdWDQn3+W18WN8PWmpVWRppuKvFyBrz4/0FeyCujHRs+Ug1lksaLc+5BhHR3Vp7C0yQ==
Kv5K3/oEG0rwQAu6cmqlbI3uWxVO/DwBWSZBGhBLJyt9xkhVT6YMFAZ0rosQ//iDxiL7I2p8emlMnPv5ITVyAuhXvia15gkFUp2bjWkaRSc1M09SZWztlq8W6DRQubj8r3OOu6XhqLkWCc0dJhcSEOzN91JfvE++OsQfig9YW/XUPTqwm/w5US35v7y0xQ==
CVQf3r0kpVhZHUSVwhjYLI3uWxVO/DwBWSZBGhBLJyt910BbSakNRgZ0rosQ//iDxiP7I2p8emlMnPv5ITVyAuhXvia15gkFUp2bjWkaRSc1M09SZWztlq8W6DRQubj8r3OOu6XhqLkWCc0dJhcSEOzN91JfvE++OsQfig9YW/XUPTqwm/w5US35v7y0xQ==
R5Gn9O6qLbAr2P+a5UPnHZgRqrpkBHcBrrWrI/ePpID42vQZPQLDmS6w5O1tOldw0OO0pYw73VB75EGqNjj2J5BToM/2zOMvCjCihfwQY1XhGWoO2LtmatVqkeni0cOhaTYda4Xf194FIDV6nxrwGJAVIHAfn1b3xe2wVSZFlbGmu0pc3CHvXj/wl1KKSIcmz3RD+eTR4vz7cKG9nbXnkLTp
B5HK+K3w46q5J6ROYnhXGivw9Id4spTlu6WZ9PW4SLNx5PXzc+fjYhsMKvAcHi5qRoF60teUnJgjqYhxZsTfFIB0b/2dV0CWUllMKVkDann0lau9p6PD20na5aBKbsHzBOSSjTpWXDImr3wGNDT9AOrNSyfXYYsuOw27H0st6OgqMLmTxydUKfa9vbTG
bkTaHi9CYL4FbOxP6nMYRL2wzlb76gwRpmkEXSpnf9PWk4UnQZrzkr4/4dp26BYXkGNAH7a6Q7+KoMI1PMBDJeHpSl6YC4b6VfoxGSKBo5FpBn07RS93ToWw1crfStDokGUAoN8vNmdFfRAlZpV1gaaLqoycUU/Ov2D34kqYp1bPhGOppGECbHvgAU1d5YegtNk=
PblOeEgwYqmeIFfg/wqxg4xKOu7Gl4qmvs3RwbvUyFbsyR77h6NBMymq0UhosF5a5KKKVciCpcA2MMlNKtHEoLW8KuCdbS/Dyh7Y3c6p24fg8X4BGS1VN2lzI75HAOiKK1uusODdiIKW+uzrPkZ2cDfIIBl5d6U1oQbR6Zk/aUmCwAAkS4P1M14h/Lm/tMQ=
TPQLMwnWyXA8InEbDu8gYGeR1PWKDw9LVgt1z/447bi7TDEylsAmD5B7cDdWUJOHytiSnZwos71hcTo2OKNWApXCYXFCqZOJaR5NEyVHJ3ZFSAVifyKgcBD98Eh/h2YfBUXAzYa9RZmmk5qkfLmf9v8Yp0rqcFfOTxwTwQTJ0pS72FElPc23uLTB
DRpZt4nc9111eBW9vmjksxlDAzpYTf3VAprg5gxlWoLzHCLwFA5GCh/QQhIPZGR4ixkA8e60t7Q4xLc9ZYeYtnpJRClRE0JZLEVTfX8Te3shqm0gwt5pE/wUSk0CBgRSTr90BjwkFeAyHXNnjxHzTpO9M5/D3QBIkoDh0793DAnerbW0zg==
hiALb96TpeIAJtVCIncbRwqr1rLp9N1iuJL5qMVZPjT7jq7JyZIBwt0sh+VbkAlu5pyekxDnyGsmDqpbKsSqgew0i2GhrYKqSD/unnUe2S0y9auVaQJ1T1Ubn6ql1L3+D74YrNAhyFQPm14D5Zn4kfbh/QUmDyL4DOWnKh8En1aabG8Sj8CrXXRVaghbBOl5TZGPpLTd
woJj7tc8nTiyYiOTADr3qSfx+Iph892tpLLA+bnnFOFz/bTzc+fjYhsMKvAcHi5qQYB60teUnJgjqYhxZsTfFIB0b/2dV0CWUllMKVkDann0lau9p6PD20na5aBKbsHzBOSSjTpWXDImr3wGNDT9AOrNSyfXYYsuOw27H0st6OgqMLmTxydUKfa9vbTG
//U4T8CUzpZFwNmrZKk/X4+o1iKfURqigngR3hyFzndXIHDtbJrE6OID/3/ywQkyH4Lk7PJnH4zLchd88UNk4n556mGf3CGWSbiXDaHLze0nNieWQiuhR+ds5EHDnSfAikamj5Hb6tfuR2yUERoFMLQwAqKwEl08JSKJKELg/RXWkfh4wWweSHENA2ue7oxlEqkHP7QBKqk1TbmfXaNXZntAFNIfi9pYzH1k6kJKuBNixqoI43h08RXXiV1VVuUx5f9VEXaQNIwnY9mbilEoAeO0mA==
ASouxiYpxaY49Q3/ZhVFgmvo9wEkhcui7diHf5p1j9ilZPrQwp+8CB4KDdArh0lNf33e7lYQBh+Qa1Dnlu4y9kpocm1ceNOtYWHa5njTNrIVMsHBAvmzmWkObUNl94eGxfhlEj/yQGAQ7ZAYv3eGr4U1YH1GbWWJpoO6dLwJP4Z/qEe6KiA33k8M8xFEubIkOyjxlX2dl6i00Q==
n0o4S+UCeDwRRLNAMzSQIDRIkjIk0thnlJqgvc3rt2AEaeKxBYoQB9FaBdKPdLZwgOa62tjrF3J7fGhIl/H0MVocK8S0XAOdsX9UZkZhUClFO36J4L2H3cuL9wu9AtngNjZ1I/AMPi1WPsiCslfghqhMabB+JaeHewn/fo/VR993dZy4HhhVc+sPQFnihaG02g==
ZsCJcxm671bBssgGQ/R4GCJsHvmadSwTJ243cTyV0RxtCS7OSBzevmJNUL28zY6ZIdu6rs43NPZXX8HXlqxAzcKwBVSd+8oXFwvpmMGpvcnT5PX+mQgXvATS8BsckscpMm1VE3wHTkOBW+bV1t4k96skD+57YMIuM6xvOj/b/CfGpqvOLS8187O6tMc=
KrUpS6cOgpWELh0kV10sQIVxf+BhBz+2NTyO4go50DEkaT4m6Q9aQjYzJOp/a4GbzsgwsUokpfglPxrL///plNmNjfWbsJWS4YyHIKxmMNfEdjfVOnl1P0RDHh/pL2ZZTnqUS2Pw7wKDZNIyG5gvdme/jFtOMgtilevlL1tOtMs=
QP5x7ym+iq8sTTZrPmuLnhwTmgh4S9FTWeqBaFiwbno0YnyzVgIVYGZwuS060dSAhXz6AG3tv2N6Xoi9vqmr57CxzqGJraXXubMTnlcA+OpbG/4QUF0YYmY6PMsORkZQZ4hQeen3FZVxxiEJiT95abKAUEQ7A2WT7uEsWU+0NA==
7gEYDjtA8GENjg79oyzGcIdxf/FjETu2NTyO4go50DEkaT4g6Q9aQjYzJOp/a4GbzsgwsUokpfglPxrL///plNmNjfWbsJWS4YyHIKxmMNfEdjfVOnl1P0RDHh/pL2ZZTnqUS2Pw7wKDZNIyG5gvdme/jFtOMgtilevlL1tOtMs=
Ya86AAhYiZvoxGjvkWzU5RwTnB5kVtFTWeqBaFiwbno0YnqzVgIVYGZwuS060dSAhXz6AG3tv2N6Xoi9vqmr57CxzqGJraXXubMTnlcA+OpbG/4QUF0YYmY6PMsORkZQZ4hQeen3FZVxxiEJiT95abKAUEQ7A2WT7uEsWU+0NA==
xwR/ugRv9DrTDjsp+5+J/BwTnQh2U9FTWeqBaFiwbno0YnmzVgIVYGZwuS060dSAhXz6AG3tv2N6Xoi9vqmr57CxzqGJraXXubMTnlcA+OpbG/4QUF0YYmY6PMsORkZQZ4hQeen3FZVxxiEJiT95abKAUEQ7A2WT7uEsWU+0NA==
xkQdhXrWrjhazZ0E4iyLHur3UKzBuOXljXOVj66A5lAF386/yeZ2PWW51g5kJEyhF+QuWtrR0CkUIV5ffqaamsY7BNIvAwEDfgDQSVoM5aBVt7pzLxfpjOnF7Y0LGFVKEYSnGPwOsE90vtctKlE1ZzTLvqc5x2ZBfjL0M/NYL9pzbPIKS/Cv7td3bKNeGks65WNFl4umtNM=
3cga2YDJvYBmPdudvth23EVMJGVoFc0iEsBySqKmooFTYTUbZwMXW5VmKCszx9sBAK4c9DlUaRH6K/bqrOg5edg9Pt8eVGf0aKQnvdVnaHZKaVQpQTNymdyl4/3vcys78UqdIPL+OVOstNrN8qa0Ej7fZAYsxOUggr0D5x+xI45DnQOds71QiEJgcVMPF3xJ7o2ltN4=
w7IdblIfujM9FZ1QVV1h/0VMJGVoFc0iEsBySqKmooFTYTUbZwMXW5VmKCszx9sBAK4c9DlUaRH6K/bqrOg5edg9Pt8eVGf0aKQnvdVnaHZKaVQpQTNymdyl4/3vcys78UqdIPL+OVOstNrN8qa0Ej7fZAYsxOUggr0D5x+xI45DnQOStL1UiUJocFMPF3xJ7o2ltN4=
NzhfkU/ukpoAUu39gIlQ9EVMJGVoFc0iEsBySqKmooFTYTUbZwMXW5VmKCszx9sBAK4c9DlUaRH6K/bqrOg5edg9Pt8eVGf0aKQnvdVnaHZKaVQpQTNymdyl4/3vcys78UqdIPL+OVOstNrN8qa0Ej7fZAYsxOUggr0D5x+xI45DnQOfs71ejUJocFMPF3xJ7o2ltN4=
KTSn1HSueO0KCyRNoBmadEVMJGVoFc0iEsBySqKmooFTYTUbZwMXW5VmKCszx9sBAK4c9DlUaRH6K/bqrOg5edg9Pt8eVGf0aKQnvdVnaHZKaVQpQTNymdyl4/3vcys78UqdIPL+OVOstNrN8qa0Ej7fZAYsxOUggr0D5x+xI45DnQOfsr1ejUJocFMPF3xJ7o2ltN4=
anwAqE7k9UN/CQIZOmX/QtIGpKZDWOgDVjE7XGM547vbQSj1PkilT4+FWiri9uYMYxEyI90ovseKiYwXqp+CvuDjcuEqVCVohY/aGx8P6YT5vc2l+8AVAkE8R/BMljDH5EZ3hVoJ9a/k897PCd9mSW5K1BsDgG+SI9QS4vtoImBHgckLJkOL8jVbJf+7vrTb
