bX4AQRZGNLBdkdJcssjLEtFZMP7an4n1pM/P0aiT1HXsxB6U4c0oKSC9yEBXhnM9rO7YB5HmsNw8WOR4LtLxrq6+KuCdbS/Dyh7Y3c6p24fg8X4BGS1VN2lzI75HAOiKK1uusODdiIKW+uzrPkZ2cDfIIBl5d6U1oQbR6ZkzbkmGwQAsSoP1M14h/Lm/tMQ=
FbD5qVV0KS1Pus391mviIB17bEUmOpy05/sVGMslVGXXCz7yZ4SucJiW0vrpPN+ys8wwKP9hTLGijINk7CxL3XmvrIZuUUgpXQtWaRhtT52D+6+rFZIhYI6mHUOovPbtnu7woton+IawvIGQRnXvxzO5J55nRf9TCOUwGcbgnLOjXzg5yrW5tMI=
GnnE5pvdBNhoI8Gn3u044zMxitYmsbOGGnA1o7245kdhVAtqw9HMT9YdLVl9WQHk37mUh5umq3MLJv6n3HPjM9U4lPM6V2fie8zK8HxezuogwVnS99Q8GIPpqHGGhL+UYLQP/X2X4BbymWwpecPK+VRVS73HYyNbKZoFoGouYXOkpLKNGhY8ssbvHAbU9J2ACg1rJ/ehK66bzZsTLO0MaUp4WJOnZ/SpVv2dtOY=
VoK62wu+Zov7QgEUYzopk56J9Rkkj1A1L9dYebbYNgeQc2AvdmeiTwoQYmV8sCM14fmqrljbJkrVilFJYrGDgWkWXQsFfxc+BQB1Gh+6MPiQdWDQn3+W18WN8PWmpVWRppuKvFyBrz4/0FeyCujHRsOTg11lsard+5BhHR3Vp7C0yQ==
mS2Hug1F/CtW7ewwKxj5Jo3uWxVO/DwBWSZBGhBLJyt9xkhVT6YMFAZ0rosQ//iDxiL7I2p8emlMnPv5ITVyAuhXvia15gkFUp2bjWkaRSc1M09SZWztlq8W6DRQubj8r3OOu6XhqLkWCc0dJhcSEOzN91JfvE++OsQfigNfW/HVPTKxm/w5US35v7y0xQ==
fgafnVlUc6q3Rsgn49+qoo3uWxVO/DwBWSZBGhBLJyt910BbSakNRgZ0rosQ//iDxiP7I2p8emlMnPv5ITVyAuhXvia15gkFUp2bjWkaRSc1M09SZWztlq8W6DRQubj8r3OOu6XhqLkWCc0dJhcSEOzN91JfvE++OsQfigNfW/HVPTKxm/w5US35v7y0xQ==
FMUsiLW3HA6udqMAFU9Kj5gRqrpkBHcBrrWrI/ePpID42vQZPQLDmS6w5O1tOldw0OO0pYw73VB75EGqNjj2J5BToM/2zOMvCjCihfwQY1XhGWoO2LtmatVqkeni0cOhaTYda4Xf194FIDV6nxrwGJAVIHAfn1b3xe2wVSZFlbGmu0pc3CHvXj/wl1KKSIcmw3ND/eXR6v37cKG9nbXnkLTp
Q4LRqUU5OPFCgoPv++pLcSvw9Id4spTlu6WZ9PW4SLNx5PXzc+fjYhsMKvAcHi5qRoF60teUnJgjqYhxZsTfFIB0b/2dV0CWUllMKVkDann0lau9p6PD20na5aBKbsHzBOSSjTpWXDImr3wGNDT9AOrNSyfXYYsuOw27E0wt7OkqOLiTxydUKfa9vbTG
ySNQxjV/E0QVO9bTziNnt72wzlb76gwRpmkEXSpnf9PWk4UnQZrzkr4/4dp26BYXkGNAH7a6Q7+KoMI1PMBDJeHpSl6YC4b6VfoxGSKBo5FpBn07RS93ToWw1crfStDokGUAoN8vNmdFfRAlZpV1gaaLqoycUU/Ov2D34kqYp1bDg2OtpWEKbXvgAU1d5YegtNk=
5L/qjAWQ17NN1ii1y+UxPYxKOu7Gl4qmvs3RwbvUyFbsyR77h6NBMymq0UhosF5a5KKKVciCpcA2MMlNKtHEoLW8KuCdbS/Dyh7Y3c6p24fg8X4BGS1VN2lzI75HAOiKK1uusODdiIKW+uzrPkZ2cDfIIBl5d6U1oQbR6ZkzbkmGwQAsSoP1M14h/Lm/tMQ=
/NyOpQrlooCVtS23b6QxKWeR1PWKDw9LVgt1z/447bi7TDEylsAmD5B7cDdWUJOHytiSnZwos71hcTo2OKNWApXCYXFCqZOJaR5NEyVHJ3ZFSAVifyKgcBD98Eh/h2YfBUXAzYa9RZmmk5qkfLmf9v8Yp0rqcFfOQxsTxQXJ2pW72FElPc23uLTB
QxmPAFNt+oH0WMc6XTe2uhlDAzpYTf3VAprg5gxlWoLzHCLwFA5GCh/QQhIPZGR4ixkA8e60t7Q4xLc9ZYeYtnpJRClRE0JZLEVTfX8Te3shqm0gwt5pE/wUSk0CBgRSTr90BjwkFeAyHXNnjxHzTpO9M5PE3QRJkojg0793DAnerbW0zg==
o7HvN+9n2XFUHg3iDhTvWiFdZbGebwRKQyw2k61Xgtsmi2s/ePqrpEncS+x8AX09bMo0nuhNm5/l6PSdAM5tuoqDprpXRZryZz6ZLu0gnyk7HNEi1nDGP5BLkIcWQnLXSgiyjdzYE81hgZpG+LN2UhUSAWGCGfO5aS4to+VXR6bFGCVyv1IAgBCNULg/l0bPhRUg3cYNpammo3oUPKl/pn/Ih1qqgPe+Q+uztcXZ+sU7CDE1/X3XiLTx
bi7L6KD5WNAwJLjfSEdilyfx+Iph892tpLLA+bnnFOFz/bTzc+fjYhsMKvAcHi5qQYB60teUnJgjqYhxZsTfFIB0b/2dV0CWUllMKVkDann0lau9p6PD20na5aBKbsHzBOSSjTpWXDImr3wGNDT9AOrNSyfXYYsuOw27E0wt7OkqOLiTxydUKfa9vbTG
0bPv5AdfUOg4vH1Vfu43ko+o1iKfURqigngR3hyFzndXIHDtbJrE6OID/3/ywQkyH4Lk7PJnH4zLchd88UNk4n556mGf3CGWSbiXDaHLze0nNieWQiuhR+ds5EHDnSfAikamj5Hb6tfuR2yUERoFMLQwAqKwEl08JSKJKELg/RXWkfh4wWweSHENA2ue7oxlEqkHP7QBKqk1TbmfXaNXZntAFNIfi9pYzH1k6kJKuBNixqoI43h08RXXiV1VVuUx5fNSEXKRNIQmY9mbilEoAeO0mA==
qxywAcePCkwMQaMHUaqa2mvo9wEkhcui7diHf5p1j9ilZPrQwp+8CB4KDdArh0lNf33e7lYQBh+Qa1Dnlu4y9kpocm1ceNOtYWHa5njTNrIVMsHBAvmzmWkObUNl94eGxfhlEj/yQGAQ7ZAYv3eGr4U1YH1GbWWJpoO6dLwJP4Z/qEe6KiA33kML8xVFubolOyjxlX2dl6i00Q==
8nfwDUNypiWKAScIS7dec5x5Dh5LjN8VNJHDpu3cj2uKYae8hYDShJJLdExeTsUEe9Phqd8ZdnrGhI6bEO/YcwZ6mpLqjNo5DKwb6SElEjIohx5WNVbp1RLtu51pCmVXdeOv4uUcTUZvJogkUKlYzO8jLkslUcjp1vntDSYHMuAsnZfi30zv7nr0/5oDTzvBFe2SwRtM2YFtiZ+stNU=
Hs8L/WroEojS93HhMbtcJQkE75aL0wVVmrgURSVtXQ3sDuwpNw0ZSBsO3uLfzj9388+uX1JncNyVauEoeLBOutTi1/Q5AjWghvAZbVrR9EBl/FpADe2fo5reKP3eqcunEDEuYamtxZcZM/NedwCYqvubHtBwXXgixrrcCy5GZhAHCPC5Cfc11RFGgclpM14p1gHwjNoDRdOOYYyZr7TU
Rxi2BM/gVy6Ommqo0D7YkNOFiWcQA1uC0x88l8ek7eLzUXJX0451rr6uem0Qbr6QmV6jBbX7D9c6MA5CytnQEWQJvowu4FpidlOkSr+LgbuOqLARisSl2GVfmms/H+m0me0NVVtQlbKh7AeAbIYw94QWt3X6mXUfBCOevynPZnkOGhTroxDvIsMEUpLbeCNRJ9sN+4bTC0LVi2WPm6606w==
QybcexHkqVu73Os/z+DSzDRIkjIk0thnlJqgvc3rt2AEaeKxBYoQB9FaBdKPdLZwgOa62tjrF3J7fGhIl/H0MVocK8S0XAOdsX9UZkZhUClFO36J4L2H3cuL9wu9AtngNjZ1I/AMPi1WPsiCslfghqhMabB+JaeHewn/fo/VR9NwdZi5HhBUc+sPQFnihaG02g==
AWm0eCM+kKiZMO765m1NuiJsHvmadSwTJ243cTyV0RxtCS7OSBzevmJNUL28zY6ZIdu6rs43NPZXX8HXlqxAzcKwBVSd+8oXFwvpmMGpvcnT5PX+mQgXvATS8BsckscpMm1VE3wHTkOBW+bV1t4k96skD+57YMIuM6xjPT/f/SfOp6vOLS8187O6tMc=
yyQQ2bUMhrExphuO1Q1Oc4Vxf+BhBz+2NTyO4go50DEkaT4m6Q9aQjYzJOp/a4GbzsgwsUokpfglPxrL///plNmNjfWbsJWS4YyHIKxmMNfEdjfVOnl1P0RDHh/pL2ZZTnqUS2Pw7wKDZNIyG5gjcWe7jVtGMwtilevlL1tOtMs=
8OYXKgJbIrSdgoorjtWmbBwTmgh4S9FTWeqBaFiwbno0YnyzVgIVYGZwuS060dSAhXz6AG3tv2N6Xoi9vqmr57CxzqGJraXXubMTnlcA+OpbG/4QUF0YYmY6PMsORkZQZ4hQeen3FZVxxiEJiTN+abaBUEw6A2WT7uEsWU+0NA==
rVsJjVC4afLwrbaeJG4XjIdxf/FjETu2NTyO4go50DEkaT4g6Q9aQjYzJOp/a4GbzsgwsUokpfglPxrL///plNmNjfWbsJWS4YyHIKxmMNfEdjfVOnl1P0RDHh/pL2ZZTnqUS2Pw7wKDZNIyG5gjcWe7jVtGMwtilevlL1tOtMs=
ygNNlLC7J8tY3y3bSJ9l2BwTnB5kVtFTWeqBaFiwbno0YnqzVgIVYGZwuS060dSAhXz6AG3tv2N6Xoi9vqmr57CxzqGJraXXubMTnlcA+OpbG/4QUF0YYmY6PMsORkZQZ4hQeen3FZVxxiEJiTN+abaBUEw6A2WT7uEsWU+0NA==
naGRyfKVSiSeDwmjduOUvBwTnQh2U9FTWeqBaFiwbno0YnmzVgIVYGZwuS060dSAhXz6AG3tv2N6Xoi9vqmr57CxzqGJraXXubMTnlcA+OpbG/4QUF0YYmY6PMsORkZQZ4hQeen3FZVxxiEJiTN+abaBUEw6A2WT7uEsWU+0NA==
TFOzP6r78hIiSG2tRefCA2sRwSEuzN9igtPuudHt8WYEZ7LiE4ILFNBdJ9KPdLZwgOa62tnqGXJ7fGhIl/H0MVocK8S0XAOdsX9UZkZhUClFO36J4L2H3cuL9wu9AtngNjZ1I/AMPi1WPsiCslfghqhMabB+JaeHewn/fo/VR9JwdZi5HhBUc+sPQFnihaG02g==
yfgGjNtdrXSzImQ6V5F1BtLb4Z9YEdHudwppfmkF5AfbXn4LFFF/EDuT/qfAftbmCoYRIaITwCIr7DrwDH4eqpEj5VJndGxYc8m4cZbkj1Qw1J99DTcQVqJ5XClJI5q5pPU7PVcDc5sZ+hWgeg6RM/QEIg2q9ozyFs9sBiTUzUC6bdunZwH7buvtixI8DTwpmpjIE1fHhGmGna201g==
sIYIRKEjFlv/GVvYeEMUsYzefQtx1FnJTpyPlT4K80D2OudCNBddaVouxtHzVq6vc+/CnhZ0LfGep7W3eDpxfUX+mGjDXTUFnu84MFc87dlgIHDWeJRosvdCeOZMbGvdWe/MBo6RaCl9y7bpeC1vnaO7Dyv1UkFgrma9w8h8Fu3+rlAiemeYhlB8IRDmtQ/HU/nHHscF31LopVCZZiC8s4Of2Lmq9Zm04g==
sIYIRKEjFlv/GVvYeEMUsYzefQtx1FnJTpyPlT4K80D2OudCNBddaVouxtHzVq6vc+/CnhZ0LfGep7W3eDpxfUX+mGjDXTUFnu84MFc87dlgIHDWeJRosvdCeOZMbGvdWe/MBo6RaCl9y7bpeC1vnaO7Dyv1UkFgrma9w8h8Fu3+rlAiemeYhlB8IRDmtQ/HU/nHHscF31LopVCZZiC8s4Of2Lmq9Zm04g==
wit51tOy3t/SnuUrwFNm7aYKvgqREZJsx/RdTPxAzLaYHUDsCx6GVq+dT1iEEA0iXjcOikEaUvBR/fBVmYvioznh1Kq18iaXMC7a7CNUrbcBoG214d1FpPC3ze7Y4uVchOduODuZMy6q+X6xyq+C7kATMvHK5KW4pf8ai38/6dRZTY21G3CV0mFMh2AspjCXRLY3lbq5dX/Egx5fae9mGc66lAvjMO9CA6TScptYKzTnfI0bxvMLIhUr5W/bjrSL
8orsa/af5Wob4Dp8TtNCHFFP9bj1LbeRmde+LoclrSHPIEIYnMBf5FXsna7cDDtp8/7VIQTr9z5V3Xm4RvKNUwd6w280pIrzfmIor0B4HXe//vTeV97jOXGdiEdxMVKTIM03bh55URK3BTdy5mIvGbQL7eQgGl6wKhJ15qKOthi5Tctb9g6UVQqpHw+s4UKZ/Q1xz/VDL/bDwOxCpyuyiIQ9rJpqaqDjesayePtYXAFdF0ENvfZdoZ1774GN8ZxUbqORq2IxMDH7tIA=
9FofQtgbDO1BZDiQz2ZuemciLFTLKC/LI3C0jpWQ4UBUWm4b0dXrWj9KozK9F0jf/TjFUWMIGbljIsmoguA9lZaRuPiBbN7IsQ1D697uzOXSqce/9AFqKXVNeR+doxfmO0BUUt+LGtiMfSRqAkp4k6LG6oijeLRx1ddJ3RVWpbEl+5eRtZF0BGZjGRtKUeiBo7TY
Mui8rHQf3BxgyZLXDPx/RdxM7+AQWPMNEHQ0Rio56r3tCGm0GHqCaPyMQz+FwNgmd0pvdot22tKWg+Q6n5uBi+74cOEqVCVohY/aGx8P6YT5vc2l+8AVAkE8R/BMljDH5EZ3hVoJ9a/k897PCd9mSW5K1BsDgG+SI9QS4vtoK2RHjM0LJkOL8jVbJf+7vrTb
Oli1anN+MynLy40RaSYHUBHwceNAc3KpuDEXxJ2rN7XGfkhz0iuOF6vpTz6fdbfaxRWPee4wBPPb79AZkiVxtAo=
67uti7e5V4bYC4JwqC6bi2Ps+wkhsZi44+XIb4A87Nr2Xsb+84qvGh1PS889xANNd2nVzTtJVjmkRkqe47FoqBZoa3wRZeapYlTU/XrTNrIVMsHBAvmzmWkObUNl94eGxfhlEj/yQGAQ7ZAYv3eGr4U1YH1GbWWJpoO6dLwJP4Z/qEe6KiA33koO8xJFubolOyjxlX2dl6i00Q==
uuZYtMxq1U+XFlkoR6ZI5qgYI3yLrPX5ec+lHswmd+J3uIFER3wz0mW8btjMmqL8V7gQLYUeCHhJSwumI6tuAT1kG4quR0q8/UWJn9EFjsfkPtl3VmZ4RdUae/DocH128fUwNWTLnp3ybBMk/MybXclPnMbesXgpbevmKSiN/x1TG7/rhXJxYF4GjQO4nKZtbs6A4iqHiIZAHPFQtlWfR+OZN1735a9a3YWn2daAzDMTPwj5etWJtPI=
Z/z5QpGjOQMeuviycLTF8GFXr5KwTE+nk3mhbVo+82OT+glcMVO+d9SUoa1h2jn28xDcGpZO0b+RbucFc0e8rDqd4d+fhu4I280rPBMEfWJVrnPP9YUeNal/MXffmvYp49M6yo0ly0O8yFXpW7/vQI9LFy1kUDO5fwp9A3WbPkyrzRKwje0C6kh/bl513lntMrUr1WlC9Q9V2x9qpRQ9vg/+mOzQ4UiUD1veQ+XZeNH2IX3FJs+iOAylJ2ofRB+Wmqzv0omCKx51FeLJW8RpuU3RD+S0nQ==
G2iYyJ8rHqKcAVd8+OBxIvnop4pMl5MuU2EWx1NsjUQbX7lv8Lprk3dTCbuzm81eF3JuVE8cKvSL/usCjnY+PSSm62mC0swfO1wHOcw1XPq7oU7A+ipjcuM0kgI7iCmEh2xN6+ajixL1u6Ufe160Ow==
jQF5mRHa/d4wTe5Csfh1nemycBh4/4OZ5dGPviA0wkMuw0rN+1NKyZRAoqh6a3ObND0ebGcHvBz/PQBoeYx2mPlNC9s2DtTVyqnfj+zhghk9DTFPNUPvdoPALMJnK/IIRD1sGipqYGO6xvL4u1icgR0XAY199h0h3XkvAc3x3NSuo9ErIjHwsbu0wA==
TaqCqr1fkOQKHQ1DlIWrdNFWJ+XfipjIpM/P0auV1HXsxB77iqMuVUfDxkEQwCYg9vvPA9DdutQ7d/BUO/3EoLW8KuCdbS/Dyh7Y3c6p24fg8X4BGS1VN2lzI75HAOiKK1uusODdiIKW+uzrPkZ2cDfIIBl5d6U1oQbR6Zk5a0mBwQAsSoP1M14h/Lm/tMQ=
mSCWVREiA3NmGJQmT7yBu6gYI3yLrPX5ec+lHswmd+J3uIFER3wz0mW8btjMmqL8V7gQLYUeCHhJSwumI6tuAT1kG4quR0q8/UWJn9EFjsfkPtl3VmZ4RdUae/DocH128fUwNWTLnp3ybBMk/MybXclPnMbesXgpbevmKSiN/x1TG7/rhXJxYF4GjQO4nKZtbs6A4iqHiIZAHPFQtlWfR+OZN1735a9Z3YWn2daAzDMTPwj5etWJtPI=
Fq9myjtvXLnsHGkESK/7N5erYUQX6XUbUzpHGAVFB3twgwURG4c/KG9jp/Ngh4KRn2KtOzVjbmQLpeLoDTVyAuhXvia15gkFUp2bjWkaRSc1M09SZWztlq8W6DRQubj8r3OOu6XhqLkWCc0dJhcSEOzN91JfvE++OsQfiglaW/bVPTKxm/w5US35v7y0xQ==
1XKy+7FW8R/7zJmoB0C06IzecwN1ilzOU8vbmnFz0mjMEtRtBz5daFZvida2Rbe4bu7Clxk9LfWSmfrceDd8E1j5gRvQTTYAgKxgIwkvpu1MGF3vZrh9ncJMY+RMbGvdWe/MBo6RaCl9y7bpeC1vnaO7Dyv1UkFgrma9w8h8Fu3+rlAiemeYhlB8IRDmtQ/HU/nHHscF31ntpVeZZiC8s4Of2Lmq9Zm04g==
IsIwUf9e61R2/u1+w/hOoHd4crw2UT9jf071BAAvHTfzmhJXSV099YK5Khwol+yTKFlx26BtxgDwjJBjeY9Wbdy4ja82mG2d0qyzpByM+13pD3xGvnFYKU0rhqnIzd8dM1tfayWyUWC+Ru2DGNyGbQ4OIGKKR+iGoFxR0BYVf0fDWZfeFyXPWf3FB1m2QCwzM/9oeZqVqbTS
9X8TBnpD8AxWGkMu+mPqgTOHLkUqemMWtzYfNRdK0Jj8bydBExWs5UQkxkvC42aFv+PuMQjAPtDe27dTGB1yZGMXWMTDfXww3RzyEFUtZ5Py/jDt1qnDtwgRRlFRbZ3HsdNLLv+AEBqDO/YAKB1A0u7axBsmRm4AH+jYyTE37YV55nl54bnT2WlhWFwCQz3jZkGUiae03A==
HFzh6e1of2UBFE2BiA+w9KICD28adnpdb5oJScb6zlIUILI+L7LV9EmgYWdPkbNOUz1zmQFdQ0nSCCDT//fMCZ4tdbQO
gO8pyLo+e1uwUjG2lhFwRKMCD28adnpdb5oJScb6zlIUILI+L7LV9EmgYWdPkbNOUz1zmQFdQ0nSCCDT//fMCZ4tdbQO
Rx6VwuLol8KT9zWxpDB71qACD28adnpdb5oJScb6zlIUILI+L7LV9EmgYWdPkbNOUz1zmQFdQ0nSCCDT//fMCZ4tdbQO
xp/WCe+d3tzFLfsM5OmYERZw7a/PDsAv1g6ODbsytelaErqigLg+vqMqQYS9yP3H8znnnifFP1lNZXcZBmDcs+Pf+DmKNXm0Ag==
UvJ7dl/ACb/xULl0rIeOEiYziATcsfy14eDQY1E31oqTlEAPOuvCCKCgv1OUcUmK3L7RR2B9Duk+jd5WYG5wvPYmjz6bkAKek/xpaJ9oPdcudyueTV91QxNqtBc=
w57jZUJAn8GlM1dQi8BakRdw7a/PDsAv1g6ODbsytelaErqigLg+vqMqQYS9yP3H8znnnifFP1lNZXcZBmDcs+Pf+DmKNXm0Ag==
9kySxrzdv+3kpRAWeTMrJqECD28adnpdb5oJScb6zlIUILI+L7LV9EmgYWdPkbNOUz1zmQFdQ0nSCCDT//fMCZ4tdbQO
Ma2ih+WBnfUwghWnYceD4BRw7a/PDsAv1g6ODbsytelaErqigLg+vqMqQYS9yP3H8znnnifFP1lNZXcZBmDcs+Pf+DmKNXm0Ag==
pn3pgvCwUlyKUl02efOnfg2r4X2faYAXgTiwMGHtpCs260JTHgyU6NhuugifNH+mWnwPQokSS041JQI52/TJyQ2BL3S0DQ==
R4GUJfBvPQFLXlR+PdJ0Mg6r4X2faYAXgTiwMGHtpCs260JTHgyU6NhuugifNH+mWnwPQokSS041JQI52/TJyQ2BL3S0DQ==
6mFsqAw1+F7rFKKKzbrBDRdq66/TFsEv1g6ODbsytelaErqigLg+vqMqQYS9yP3H8znnnifFP1lNZXcZBmDcs+Pf+DmKNXm0Ag==
GzOvaw3y6S1PPui1CBkyUqYCD28adnpdb5oJScb6zlIUILI+L7LV9EmgYWdPkbNOUz1zmQFdQ0nSCCDT//fMCZ4tdbQO
ch2NinyNLRERat3h9cOcEBVw7a/PDsAv1g6ODbsytelaErqigLg+vqMqQYS9yP3H8znnnifFP1lNZXcZBmDcs+Pf+DmKNXm0Ag==
VMUzpQ1G/wYeawTAjJew3hRq66/TFsEv1g6ODbsytelaErqigLg+vqMqQYS9yP3H8znnnifFP1lNZXcZBmDcs+Pf+DmKNXm0Ag==
7t7arvfLaj36tX9tZImGPxVq66/TFsEv1g6ODbsytelaErqigLg+vqMqQYS9yP3H8znnnifFP1lNZXcZBmDcs+Pf+DmKNXm0Ag==
vPfk9Of83O4cx9b+vE/cfRJq66/TFsEv1g6ODbsytelaErqigLg+vqMqQYS9yP3H8znnnifFP1lNZXcZBmDcs+Pf+DmKNXm0Ag==
XB4VlSVbieISepJc5Z1+SBNq66/TFsEv1g6ODbsytelaErqigLg+vqMqQYS9yP3H8znnnifFP1lNZXcZBmDcs+Pf+DmKNXm0Ag==
NzBZ5ExuJc/yN2ozHIwrKxBq66/TFsEv1g6ODbsytelaErqigLg+vqMqQYS9yP3H8znnnifFP1lNZXcZBmDcs+Pf+DmKNXm0Ag==
Q83zQi7v7DPjlSNSH9yRIBJw7a/PDsAv1g6ODbsytelaErqigLg+vqMqQYS9yP3H8znnnifFP1lNZXcZBmDcs+Pf+DmKNXm0Ag==
kxwkpW0FSlCHhsxZelli2RBw7a/PDsAv1g6ODbsytelaErqigLg+vqMqQYS9yP3H8znnnifFP1lNZXcZBmDcs+Pf+DmKNXm0Ag==
z7uXLMfCy1e5M7mp/ItbtCcziATcsfy14eDQY1E31oqTlEAPOuvCCKCgv1OUcUmK3L7RR2B9Duk+jd5WYG5wvPYmjz6bkAKek/xpaJ9oPdcudyueTV91QxNqtBc=
OfxS99/sJDSV0V52bRb776cCD28adnpdb5oJScb6zlIUILI+L7LV9EmgYWdPkbNOUz1zmQFdQ0nSCCDT//fMCZ4tdbQO
qI86dGRqBHvI+CeRE0HnX6QCD28adnpdb5oJScb6zlIUILI+L7LV9EmgYWdPkbNOUz1zmQFdQ0nSCCDT//fMCZ4tdbQO
Gbh3wFl0YtTFB36lT2moYy4Njiw519hrgMm6t9HttXUKSbK8QMdUU/BpGbuYfc4A+Jyog5G/Di1kaGUPrujlHVocK8S0XAOdsX9UZkZhUClFO36J4L2H3cuL9wu9AtngNjZ1I/AMPi1WPsiCslfghqhMabB+JaeHewn/fo/VR9l1dZ+5HhBUc+sPQFnihaG02g==
41ef+Y9JCuSDfzRV6Wkr6GlibROfPSjQJ220ytCf+wlXVWgtmJSqE2YDgj3Tc1K5jEC6WGJLW+t8fda8j6cEjIe9uPiBbN7IsQ1D697uzOXSqce/9AFqKXVNeR+doxfmO0BUUt+LGtiMfSRqAkp4k6LG6oijeLRx1ddJ3RVWpbEl+ZeRtZF0BGZjGRtKUeiBo7TY
C1PcIBHVcKmTwaE5I7MiKla9xaz5459d+YSkssRfH3PzkreAhd1309Br1alb/28Aj4uX62Cfsnl/Sv1Dddu+jKsNknCNrYKqSD/unnUe2S0y9auVaQJ1T1Ubn6ql1L3+D74YrNAhyFQPm14D5Zn4kfbh/QUmDyL4DOWnKh8En1aabG8SicKrXnVVYglbBOl5TZGPpLTd
yGWjtNyVj5p+5vh8/RzvKIKh4uyAHbSuCKjCIRtdC4ib5qX/kw34AYmfqy1bTtexWy0g3fbHt4BBFSVpamITV/7WbU8mNCCVcmjFjK2jqg8nE+mA8bHdkeM8NSYpUHcktEpwg6wKp3GCtZXLTF8uW7FD5s3mxkSvm/zPNss4oraDNOmgj0Cdf35/axYdd1Xrg6K03w==
FgnNsXf4lx5z9LwkxGWalV0JGz2fEjCr8A8JxXdfGtCON4Sq1v3/wgMk0vKb2Cm05/yNm8ZzC6IVq+Xv2w60Cw==
iitxThUlSUynTXb8YXLbjmsWx7IXWwJ7z4XtWadIz262IBCayMtZGR+rmlwWkzQWHqkfrvsgwu6z7Gl4vxj9Z07nqw6t7zWzM3q0Bw==
gQqkuHKMBOKXv7AhfcOdmid52E3esdbn6ufNUlAm3p7HgkoqfOvCC6GZvx/JNgDW17zTASh7Gek/u5pMNmN0pv45nz6bkAKek/xpaJ9oPdcudyueTV91QxNqtBc=
qESCnrZYMv3e7ZL/S22bE7/IvBnriHYoqpa9SmQRXN22snAlMwAs3ijJAhPjbO0tlbveDhY9Ch3aumtYRoiNlCCHUa1tNo2B7XlfYV0xzDR+I2FLUnFAEWu0EA==
tqYYrqp4kYoTHPhMt9matN7jDA1OvXH5A5hCIbuCeMaRwstbdBktr+e3iocDVjTnnGF57b2O4G6nBBM5WEP50U+DmnRGW5SejgFfhuso4ibjROnQ79Ddb17P66Y9Z5V7Y1K0Lw==
FBqwk3gnyLZMUcCYd9nxalJx9r6GWrpp0FfJROc5t+scWry1gLkI+rl8TICnwOLX8znnnifFP1lNZXcZBmDcs+Pf+DmKNXm0Ag==
TtO5it8A5zTRDEZR/x+QBEu062ufJd1QyGS7MmOr7C0h60NlWhbC5dx0shePNH+mWnwPQokSS041JQI52/TJyQ2BL3S0DQ==
xpXmjhPgJi8tPsNh6bKB8X0pOx2/MjCr6gkJ2W9eGtCNLYKqyuX+wgMk0vKb2Cm05/yNm8ZzC6IVq+Xv2w60Cw==
wSAfYz1UPnTV2GGFxHBxIWsWx7IXWwJ7z4XtWadIz262IBCa0s1ZBQeqmlwViTIWArEervsgwu6z7Gl4vxj9Z07nqw6t7zWzM3q0Bw==
7q7Ax9jw2pfh9QXxS4/3cyZ5203esdbn6ufNUlAm3p7HgkoqfOvCC6GZvx/JNgDW17zTATJ9GfUnuppMNXlypuIhnj6bkAKek/xpaJ9oPdcudyueTV91QxNqtBc=
p/dvf89IPvsQKEAVJEWKaFLG4MBbJiHUgnJZ44QNORkVEnDK38jzLUq5yYmPLhrArR3CeqoVflKjlBKie6gppMfMzUumg4sytRslvzt+tBs=
ObIUAkG7a9ihyP/wZd5cd1Jx9r6GWrpp0FfJROc5t+scQLq1nKEJ+rl/Voan3PrW8znnnifFP1lNZXcZBmDcs+Pf+DmKNXm0Ag==
qisCMm3zzgiKlzhvZag3rmCqaMRUs5YA4IIoIKKNkRZvEkmV35KBEkomtNssT4xfr5xRVTFbeoyMrZqNXzrv09AeERCc5vVV0UZBSak5m6kRATAMGgOFU05hTBlvtBQ=
x8WKmL4DyNxA6V7oHiRecn8qivFqi1EuAHFsYE30zK5EEhoS19yOxDbzCvRK7amY6GyrCiNTZqPBv2t8Wg7xtzr8PvfODG+uerR/2gmKuwYVLRIBG4xZQW1JH2y0FQ==
eBG2qpE/M6A97syW7l2+T+Ltp8vM2q/NTHCZ3o2ZlR+HiFMrOypK/N6fylQhdxtMJrfZ0prqzslGoup/LeZAhndMU3GSrdmlR4qafFUpsnZCUR7OO8BCTnPMaVh/uH2Hjoer7u2PtRNzWrQn
HFMBGzjoWXJUieN5toUe4HMe0b5aCk5phoLqX+1GwGa3LFOR0s1ZBQeqmlwViTIWArEervsgwu6z7Gl4vxj9Z07nqw6t7zWzM3q0Bw==
c1vL79i+PydrnwiDbiSfQng1mo9r30ovTm1mYU3Q1KhWBFsU2tjIlXrhDf8fva2Y6GyrCiNTZqPBv2t8Wg7xtzr8PvfODG+uerR/2gmKuwYVLRIBG4xZQW1JH2y0FQ==
KY+xvoy+MG2QBl4KgLgldptAuCJQj2tEvq4hDTeK44jVQEsPF8Dxwsx4xbq+/0U0O4HjCyhYRuXQSZ16LReaVtvEzrYngbtuq23LGXmNeynaGAgTl0dEaUYdbbQW
iu8OpqGCB+/rHByzE5KC0OLtp8vM2q/NTHCZ3o2Zlh+GiFMrOypK/N6fylQhdxtMJrfZ0prqzslGoup/LeZAhndMU3GSrdmlR4qafFUpsnZCUR7OO8BCTnPMaVh/uH2Hjoer7u2PtRNzWrQn
HFMBGzjoWXJUieN5toUe4HMe0b5aCk5phoLqX+1GwGa3LFOR0s1ZBQeqmlwViTIWArEervsgwu6z7Gl4vxj9Z07nqw6t7zWzM3q0Bw==
c8/TAqc7BaIa5s7aL+/Ok30pOx2/MjCr8A8JxXdfGtCON4Sq1v3/wgMk0vKb2Cm05/yNm8ZzC6IVq+Xv2w60Cw==
iitxThUlSUynTXb8YXLbjmsWx7IXWwJ7z4XtWadIz262IBCayMtZGR+rmlwWkzQWHqkfrvsgwu6z7Gl4vxj9Z07nqw6t7zWzM3q0Bw==
ldpOVe99/v1xu0DKIz+KcR+KgaoHSfHijw4kHnqHgq8iwyEkP4n/K1SKhJVoyRD6oYwkoJ+QKpc7ib9+T1WH2bX137lekJRzK48AWaIFYbQa
l3je8r6OVR9xc6hTsH7DEoxRxiAElGoKoqQgDROS5ZrDAU0CE4agjt5/zu/u+0U0O4HjCyhCQOXMUZx6LRSAUNvY1rcngbtuq23LGXmNeynaGAgTl0dEaUYdbbQW
qESCnrZYMv3e7ZL/S22bE7/IvBnriHYoqpa9SmQRXN22snAlMwAs3ijJAhPjbO0tlbveDhY9Ch3aumtYRoiNlCCHUa1tNo2B7XlfYV0xzDR+I2FLUnFAEWu0EA==
shXqM3zddG9GZHfQtFyxkdvnDA1OvXH5A5hCIbuCeMaRwstbdBktr+e3iocDVjTnnGF57b2O4G6nBBM5WEP50U+DmnRGW5SejgFfhuso4ibjROnQ79Ddb17P66Y9Z5V7Y1K0Lw==
FBqwk3gnyLZMUcCYd9nxalJx9r6GWrpp0FfJROc5t+scWry1gLkI+rl8TICnwOLX8znnnifFP1lNZXcZBmDcs+Pf+DmKNXm0Ag==
ZLHFPbyeUUaCD62KGqvGGkAw+No0RLP1Qo84NzMsPY0FO26u5n06/cq6ezh2SP00kAfBDT323aEdeW+BDfEcVO6jEaviMbAxe7QA
BFKZ3cZuZoCoT42V8K3aO4YPsEfbTOU9vfs2fp6dUu3CunMonigFZEhHeb1lFrVRlfnnMaVRxCQW48n72hGYIXO0CA==
uQgs72WaCFW9UDz5okeU6TgZyLcMCRBgh5O/D+lGwGa3LFORyMtZGR+rmlwWkzQWHqkfrvsgwu6z7Gl4vxj9Z07nqw6t7zWzM3q0Bw==
05+YFBVgmY3L57sGqCNIBh8NaYmLz/SPZ/xJZVmb0gZyDc5lRjr3oAK4aZwspx1lyaYJGVG5I3lZISh8MsPtw/YBhCl3tAw=
oOBoANvjyb4fnsxhwoIGblZxrqzJEeAvmlPJROc5t+scWry1gLkI+rl8TICnwOLX8znnnifFP1lNZXcZBmDcs+Pf+DmKNXm0Ag==
TtO5it8A5zTRDEZR/x+QBEu062ufJd1QyGS7MmOr7C0h60NlWhbC5dx0shePNH+mWnwPQokSS041JQI52/TJyQ2BL3S0DQ==
1DlqZexcjkcUqj3LQz5Pj9dO/xicUuw7obg9fp6dUu3CunMonigFZEhHeb1lFrVRlfnnMaVRxCQW48n72hGYIXO0CA==
KGnkallamw9S4E7UplrOmwfdiqd+UQOxq2L2JxAbMT+4QugzvZgBNlrttnVOOv+w+thBrHRnZbVhBpFp2TmrycHBQKyKgzWzHiG8OX+0BA==
Ibb/6nlFsgPfwm1CKpFBb1Ut2Y9rLRDODhGyvYjVm/tDYF/Is+IQJfwxjHo99LAQC3hGN5fhSy77jfsZia0r6Wq4+JMHpxQptj19tAY=
KBILjPIM+j8sS8emauGh2Cd5203esdbn6ufNUlAm3p7HgkoqfOvCC6GZvx/JNgDW17zTASh7Gek/u5pMNmN0pv45nz6bkAKek/xpaJ9oPdcudyueTV91QxNqtBc=
qESCnrZYMv3e7ZL/S22bE7/IvBnriHYoqpa9SmQRXN22snAlMwAs3ijJAhPjbO0tlbveDhY9Ch3aumtYRoiNlCCHUa1tNo2B7XlfYV0xzDR+I2FLUnFAEWu0EA==
shXqM3zddG9GZHfQtFyxkdvnDA1OvXH5A5hCIbuCeMaRwstbdBktr+e3iocDVjTnnGF57b2O4G6nBBM5WEP50U+DmnRGW5SejgFfhuso4ibjROnQ79Ddb17P66Y9Z5V7Y1K0Lw==
FBqwk3gnyLZMUcCYd9nxalJx9r6GWrpp0FfJROc5t+scWry1gLkI+rl8TICnwOLX8znnnifFP1lNZXcZBmDcs+Pf+DmKNXm0Ag==
oYEV7dmHci0gxdoFuR4t230pOx2/MjCr8A8JxXdfGtCNN4Sq1v3/wgMk0vKb2Cm05/yNm8ZzC6IVq+Xv2w60Cw==
M3uw35qMccVR3Fhk30gQ12sWx7IXWwJ7z4XtWadIz262IBCayMtZGR+rmlwVkzQWHqkfrvsgwu6z7Gl4vxj9Z07nqw6t7zWzM3q0Bw==
C681APe+MCG3wBHjQ7OsKid52E3esdbn6ufNUlAm3p7HgkoqfOvCC6GZvx/JNgDW17zTASh7Gek/u5pMNWN0pv45nz6bkAKek/xpaJ9oPdcudyueTV91QxNqtBc=
DX2p722WhbtOsuMey0Abnr/IvBnriHYoqpa9SmQRXN22snAlMwAs3ijJAhPjbO0tlbveDhY9Ch3aumtbRoiNlCCHUa1tNo2B7XlfYV0xzDR+I2FLUnFAEWu0EA==
D2BifYyK1xVJlMaO58IT+dvnDA1OvXH5A5hCIbuCeMaRwstbdBktr+e3iocDVjTnnGF57b2O4G6nBBM5WEP50U+DmnRFW5SejgFfhuso4ibjROnQ79Ddb17P66Y9Z5V7Y1K0Lw==
G5hM845I8sFsCFcQOw5FJFJx9r6GWrpp0FfJROc5t+scWry1gLkI+rl/TICnwOLX8znnnifFP1lNZXcZBmDcs+Pf+DmKNXm0Ag==
sq5Ciw4lsHgoPGLEb8ry5Eu062ufJd1QyGS7MmOr7C0h60NlWhbB5dx0shePNH+mWnwPQokSS041JQI52/TJyQ2BL3S0DQ==
N2zgrUovMGUsaVrPK+S2Nwfdiqd+UQOxq2L2JxAbMT+4QugzvZgBNlrttnVOOv+z+thBrHRnZbVhBpFp2TmrycHBQKyKgzWzHiG8OX+0BA==
b+B02/HTdjOC2Le3wvV3/TcZ9RpZyf/LobqQsg+As/UgV+mthyca2J4vpILmxb8KU/yyGusgqTx3ZC0zdsvL6sXzBYcrdrQD
MumG+qtS6yFBy5Ys7JBP0Ez2sZoqFB21pnfjOh1PfH//XOE1odsKNlrttnVOOv+w+thBrHRnZbVhBpFp2TmrycHBQKyKgzWzHiG8OX+0BA==
2qegB3FLFghqxMMHTtJIG6VhMS4ZdHpefJgNTsa1yBk4GJh6NeTY8FOofndPkbNOUz1zmQFdQ0nSCCDT//fMCZ4tdbQO
vK5zHM2yHM9KbBINI5NIAkQX6rIiJQ/KFBH05pPTnusAaFWO/uUQedAIkHo99LAQC3hGN5fhSy77jfsZia0r6Wq4+JMHpxQptj19tAY=
+fOrSMeGhRQxwDK+5HaahyYc7x4Xj/aG6bGP+QaGtrMnV7WBvjsa2J4vpILmxb8KU/yyGusgqTx3ZC0zdsvL6sXzBYcrdrQD
2qegB3FLFghqxMMHTtJIG6VhMS4ZdHpefJgNTsa1yBk4GJh6NeTY8FOofndPkbNOUz1zmQFdQ0nSCCDT//fMCZ4tdbQO
hd45qKoC318G5yG8F0c470cX6rIiJQ/KFBH05pPTnusAaFWO/uUQedAIkHo99LAQC3hGN5fhSy77jfsZia0r6Wq4+JMHpxQptj19tAY=
+fOrSMeGhRQxwDK+5HaahyYc7x4Xj/aG6bGP+QaGtrMnV7WBvjsa2J4vpILmxb8KU/yyGusgqTx3ZC0zdsvL6sXzBYcrdrQD
vVRRHSNF3AO8TVoqcWIWrQ/ss2DeaoIXgiuyNGbt6y19x3p5WhbC5dx0shePNH+mWnwPQokSS041JQI52/TJyQ2BL3S0DQ==
vK5zHM2yHM9KbBINI5NIAkQX6rIiJQ/KFBH05pPTnusAaFWO/uUQedAIkHo99LAQC3hGN5fhSy77jfsZia0r6Wq4+JMHpxQptj19tAY=
+fOrSMeGhRQxwDK+5HaahyYc7x4Xj/aG6bGP+QaGtrMnV7WBvjsa2J4vpILmxb8KU/yyGusgqTx3ZC0zdsvL6sXzBYcrdrQD
fsZUXT3+9L0rG443YtSgJXH30VS4rCILN4b+jj1qLSe23Z168CsGe+fz/s4YUEFuyr3sKXzgBPqpnBzAd6ByV4PZV97XpQ9ZPUVHWfbAbDNzfyh5WhVptBI=
EHYZUPjv+z/9CVDv4g1ezvHb7eL04pl2SCbCrKt5Zh+axqPCYM//24Fr0CmmFjYjh4f1UZ4rGsi+/+RSRlU/mvMs8srLMKksV7Rt49ZbS3plI0VXC2a0Ew==
QOr9CbHJJ90L2DPLT+ni6kw7eD9cfSt+SvTLrEZWJ+f2re5QO6jcIV95Zc248wpohvHTMQ0bwuXaino5rGiKC29ox3oq4LceSU5zUkX5OmU7aHFVfV0XaLQR
TqEdvQHqu3ippjEp6SaCb0u062ufJd1RyC+yNGbt6y19x3p5WhbC5dx0shePNH+mWnwPQokSS041JQI52/TJyQ2BL3S0DQ==
OTtCq3uPfu+HEvwFoxwvX3H30lS4rCILN4b+rj1qLSe23Z168CsGe+fz/s4YUEFuyr3sKXzgBPqpnBzAd6ByV4PZV97XpQ9ZPUVHWfbAbDNzfyh5WhVptBI=
7I7b8ZnFpNX/IikfpnnJSFcs9+NfXr1RwbPN+uTqmU44DiL0+7GmZyouA1rwR39jccOw8XZedtu379VJjiMa8M7XBAoWnf/iQ8RSUlu4KZSnHA07BhMLglVLZU8bbrQr
EHYZUPjv+z/9CVDv4g1ezvHb7eL04pl2SCbCrKt5Zh+axqPCYM//24Fr0CmmFjYjh4f1UZ4rGsi+/+RSRlU/mvMs8srLMKksV7Rt49ZbS3plI0VXC2a0Ew==
EwXKScrIuvbE6lETqpUsV6+S8gL4kCBtvYq1CXMCE9msvnQkJwdlinKPSBfibKYkk76YCRZhJiTGumtYRoiNlCCHUa1tNo2B7XlfYV0xzDR+I2FLUnFAEWu0EA==
TqEdvQHqu3ippjEp6SaCb0u062ufJd1RyC+yNGbt6y19x3p5WhbC5dx0shePNH+mWnwPQokSS041JQI52/TJyQ2BL3S0DQ==
e0pp6QnrE1ga+jRmd5K2ic1G6wucBqo0u/5weZ7BftTeunMonigFZEhHeb1lFrVRlfnnMaVRxCQW48n72hGYIXO0CA==
e04+WvLXxzdggauvkbD3jnYkNQrxIH/960xe6U5DGtCON4Sq1v3/wgMk0vKb2Cm05/yNm8ZzC6IVq+Xv2w60Cw==
nFO4lCs/gwd753SYL1WqdQfdiqd+UQOxq2L2JxAbMT+4QugzvZgcNlrttnVOOv+z+thBrHRnZbVhBpFp2TmrycHBQKyKgzWzHiG8OX+0BA==
xhPKGnFACm5IY41pa1p0r2sWx7IXWwJ7z4XtWadIz262IBCHyMtZGR+rmlwVkzQWHqkfrvsgwu6z7Gl4vxj9Z07nqw6t7zWzM3q0Bw==
oYEV7dmHci0gxdoFuR4t230pOx2/MjCr8A8JxXdfGtCNN4Sq1v3/wgMk0vKb2Cm05/yNm8ZzC6IVq+Xv2w60Cw==
M3uw35qMccVR3Fhk30gQ12sWx7IXWwJ7z4XtWadIz262IBCayMtZGR+rmlwVkzQWHqkfrvsgwu6z7Gl4vxj9Z07nqw6t7zWzM3q0Bw==
gkOsMj8TgTSH5FU2w98wpRYprrXHFeUvmlPJROc5t+scWry1gLkI+rl/TICnwOLX8znnnifFP1lNZXcZBmDcs+Pf+DmKNXm0Ag==
4LJvOLBh/Yvjx3xhUD9azQ3n3fcPNiTGzD0U6slFMwYVEnDK38jzLVC/yZWXLxrArQfEerYNf1KjlBKie6gppMfMzUumg4sytRslvzt+tBs=
LRO3v+yMTM//k2Q2udysz1o47Mk0EPXzUMNtMzMsPY0FO26u5n06/cq6ezt2SP00kAfBDT323aEdeW+BDfEcVO6jEaviMbAxe7QA
Q2gkHT1DU5oMEj/Jrg4SjWVV+Rpb2v/LobqQsg+As/UgV+mthyca2J0vpILmxb8KU/yyGusgqTx3ZC0zdsvL6sXzBYcrdrQD
u/6rbc6SVmU5X2D0CAlWNg7n3fcPNiTGzD0U6slFMwYVEnDK38jzLVC/yZWXLxrArQfEerYNf1KjlBKie6gppMfMzUumg4sytRslvzt+tBs=
LRO3v+yMTM//k2Q2udysz1o47Mk0EPXzUMNtMzMsPY0FO26u5n06/cq6ezt2SP00kAfBDT323aEdeW+BDfEcVO6jEaviMbAxe7QA
nx0TfwGU0xpB0zZydMywrCd52U3esdbn6ufNUlAm3p7HgkoqfOvCC6GZvx/JNgDW17zTASh7Gek/u5pMNWN0pv45nz6bkAKek/xpaJ9oPdcudyueTV91QxNqtBc=
2Y3Ot3Ws6JMXS7Ie9fgXERB1YyxEK25pVvyIu1UZI/36qe9EPOGIexkzYcy4uANug7fUMVE3+/naink5rGiKC29ox3oq4LceSU5zUkX5OmU7aHFVfV0XaLQR
Xl0GpwEUVgbA06CA1+Gcrnoqis46k0hqU2xmalr0gK9FDQsZ2s3HkGy1QL9Z96mY6GyrCiNTfKXBo3N9Wg7xrTz8Iu/PDG+uerR/2gmKuwYVLRIBG4xZQW1JH2y0FQ==
G5hM845I8sFsCFcQOw5FJFJx9r6GWrpp0FfJROc5t+scWry1gLkI+rl/TICnwOLX8znnnifFP1lNZXcZBmDcs+Pf+DmKNXm0Ag==
nx0TfwGU0xpB0zZydMywrCd52U3esdbn6ufNUlAm3p7HgkoqfOvCC6GZvx/JNgDW17zTASh7Gek/u5pMNWN0pv45nz6bkAKek/xpaJ9oPdcudyueTV91QxNqtBc=
2Y3Ot3Ws6JMXS7Ie9fgXERB1YyxEK25pVvyIu1UZI/36qe9EPOGIexkzYcy4uANug7fUMVE3+/naink5rGiKC29ox3oq4LceSU5zUkX5OmU7aHFVfV0XaLQR
D2BifYyK1xVJlMaO58IT+dvnDA1OvXH5A5hCIbuCeMaRwstbdBktr+e3iocDVjTnnGF57b2O4G6nBBM5WEP50U+DmnRFW5SejgFfhuso4ibjROnQ79Ddb17P66Y9Z5V7Y1K0Lw==
G5hM845I8sFsCFcQOw5FJFJx9r6GWrpp0FfJROc5t+scWry1gLkI+rl/TICnwOLX8znnnifFP1lNZXcZBmDcs+Pf+DmKNXm0Ag==
GAVCzo/QmPAAswxO3qvc4pIPsEfbTOU9vfs2fp6dUu3CunMrnigFZEhHeb1lFrVRlfnnMaVRxCQW48n72hGYIXO0CA==
yej7trT5l1/SCqU/22qAQvYvOm9WKz0UM5ELS4CyyEUUIYR6NefY8FOofndPkbNOUz1zmQFdQ0nSCCDT//fMCZ4tdbQO
Q4oWK5sFn3sMSlfCuSYj+FdV8qdXJm2auMtq6FH7Fu+2tQ1m4OgcdQHTU21aHtHd/CxCX098z346hJ/KCZrbNtV9svGbPLkRLbk/fLQF
+ibZPLlTWqW0/NGV6vSsJlUt2Y9rLRDODhGyvYjVm/tDYF/Is+IQJfwxjHo997AQC3hGN5fhSy77jfsZia0r6Wq4+JMHpxQptj19tAY=
nx0TfwGU0xpB0zZydMywrCd52U3esdbn6ufNUlAm3p7HgkoqfOvCC6GZvx/JNgDW17zTASh7Gek/u5pMNWN0pv45nz6bkAKek/xpaJ9oPdcudyueTV91QxNqtBc=
IA3OOfaaVqVdSUXkn6xXzTxoz8M4nh4vRHBuKU3nz6tfAQ8YzsqOiHG1QL9Z96mY6GyrCiNTfKXBo3N9Wg7xrTz8Iu/PDG+uerR/2gmKuwYVLRIBG4xZQW1JH2y0FQ==
7trOTvYYYDy7CJ0UUo1/8GPkzg2Z5LNTe3ted4dYVA0YcdLj8r1tdi0o6dVe6tLpeCcRZO8pj6vE6jRVOOng+tGv9OAvcLoXyynvvn81l9ml1S/5DnAk87svcJlyZVG0Kg==
p63HornMCu7mzN1Q4EXDsTYb8lsUhbmBpbqQsg+As/UgV+mthyca2J0vpILmxb8KU/yyGusgqTx3ZC0zdsvL6sXzBYcrdrQD
Q4oWK5sFn3sMSlfCuSYj+FdV8qdXJm2auMtq6FH7Fu+2tQ1m4OgcdQHTU21aHtHd/CxCX098z346hJ/KCZrbNtV9svGbPLkRLbk/fLQF
+ibZPLlTWqW0/NGV6vSsJlUt2Y9rLRDODhGyvYjVm/tDYF/Is+IQJfwxjHo997AQC3hGN5fhSy77jfsZia0r6Wq4+JMHpxQptj19tAY=
nx0TfwGU0xpB0zZydMywrCd52U3esdbn6ufNUlAm3p7HgkoqfOvCC6GZvx/JNgDW17zTASh7Gek/u5pMNWN0pv45nz6bkAKek/xpaJ9oPdcudyueTV91QxNqtBc=
DX2p722WhbtOsuMey0Abnr/IvBnriHYoqpa9SmQRXN22snAlMwAs3ijJAhPjbO0tlbveDhY9Ch3aumtbRoiNlCCHUa1tNo2B7XlfYV0xzDR+I2FLUnFAEWu0EA==
p63HornMCu7mzN1Q4EXDsTYb8lsUhbmBpbqQsg+As/UgV+mthyca2J0vpILmxb8KU/yyGusgqTx3ZC0zdsvL6sXzBYcrdrQD
Q4oWK5sFn3sMSlfCuSYj+FdV8qdXJm2auMtq6FH7Fu+2tQ1m4OgcdQHTU21aHtHd/CxCX098z346hJ/KCZrbNtV9svGbPLkRLbk/fLQF
M3uw35qMccVR3Fhk30gQ12sWx7IXWwJ7z4XtWadIz262IBCayMtZGR+rmlwVkzQWHqkfrvsgwu6z7Gl4vxj9Z07nqw6t7zWzM3q0Bw==
hpJYOUR7CyF7zFQ17IL/Mid52k3esdbn6ufNUlAm3p7HgkoqfOvCC6GZvx/JNgDW17zTASh7Gek/u5pMNWN0pv45nz6bkAKek/xpaJ9oPdcudyueTV91QxNqtBc=
CZh3DxEmKi2CJfkW5ZnlDezQtw/6nXYoqpa9SmQRXN22snAlMwAs3ijJAhPjbO0tlbveDhY9Ch3aumtbRoiNlCCHUa1tNo2B7XlfYV0xzDR+I2FLUnFAEWu0EA==
SfhHO0a5jNQwqgZre+NOKn8qis46k0hqU2xmalr0gK9FDQsZ2s3HkGy1QL9Z96mY6GyrCiNTfKXBo3N9Wg7xrTz8Iu/PDG+uerR/2gmKuwYVLRIBG4xZQW1JH2y0FQ==
G5hM845I8sFsCFcQOw5FJFJx9r6GWrpp0FfJROc5t+scWry1gLkI+rl/TICnwOLX8znnnifFP1lNZXcZBmDcs+Pf+DmKNXm0Ag==
sq5Ciw4lsHgoPGLEb8ry5Eu062ufJd1QyGS7MmOr7C0h60NlWhbB5dx0shePNH+mWnwPQokSS041JQI52/TJyQ2BL3S0DQ==
Q4oWK5sFn3sMSlfCuSYj+FdV8qdXJm2auMtq6FH7Fu+2tQ1m4OgcdQHTU21aHtHd/CxCX098z346hJ/KCZrbNtV9svGbPLkRLbk/fLQF
M3uw35qMccVR3Fhk30gQ12sWx7IXWwJ7z4XtWadIz262IBCayMtZGR+rmlwVkzQWHqkfrvsgwu6z7Gl4vxj9Z07nqw6t7zWzM3q0Bw==
5LP2d09h5e66IqRj1tSsYCd5203esdbn6ufNUlAm3p7HgkoqfOvCC6GZvx/JNgDW17zTASh7Gek/u5pMNWN0pv45nz6bkAKek/xpaJ9oPdcudyueTV91QxNqtBc=
CZh3DxEmKi2CJfkW5ZnlDezQtw/6nXYoqpa9SmQRXN22snAlMwAs3ijJAhPjbO0tlbveDhY9Ch3aumtbRoiNlCCHUa1tNo2B7XlfYV0xzDR+I2FLUnFAEWu0EA==
CL/Po01HGfe1bmzwZ66sRJtAh3JIli8Xo6QrGjfG4onKUUACG5SlmIoyjqmk/0U0O4HjCyhCQOXMUZx6LReAUNvY1rcngbtuq23LGXmNeynaGAgTl0dEaUYdbbQW
PkJEqXjryrzgM3XvJyCPM5tAh3JIli8Xo6QrGjfG4onKUUACBomlmIoyjqmk/0U0O4HjCyhCQOXMUZx6LReAUNvY1rcngbtuq23LGXmNeynaGAgTl0dEaUYdbbQW
G5hM845I8sFsCFcQOw5FJFJx9r6GWrpp0FfJROc5t+scWry1gLkI+rl/TICnwOLX8znnnifFP1lNZXcZBmDcs+Pf+DmKNXm0Ag==
sq5Ciw4lsHgoPGLEb8ry5Eu062ufJd1QyGS7MmOr7C0h60NlWhbB5dx0shePNH+mWnwPQokSS041JQI52/TJyQ2BL3S0DQ==
hWKGEvq778/i1ZSFRAIDHBIo3o9tI0LMFFi5oYjA0upCZ0/Is+IQJfwxjHo997AQC3hGN5fhSy77jfsZia0r6Wq4+JMHpxQptj19tAY=
Q4oWK5sFn3sMSlfCuSYj+FdV8qdXJm2auMtq6FH7Fu+2tQ1m4OgcdQHTU21aHtHd/CxCX098z346hJ/KCZrbNtV9svGbPLkRLbk/fLQF
Q4oWK5sFn3sMSlfCuSYj+FdV8qdXJm2auMtq6FH7Fu+2tQ1m4OgcdQHTU21aHtHd/CxCX098z346hJ/KCZrbNtV9svGbPLkRLbk/fLQF
Q4oWK5sFn3sMSlfCuSYj+FdV8qdXJm2auMtq6FH7Fu+2tQ1m4OgcdQHTU21aHtHd/CxCX098z346hJ/KCZrbNtV9svGbPLkRLbk/fLQF
iM3BQU5GRkC49GU5lv2BO10JGz2fEjCr8A8JxXdfGtCMN4Sq1v3/wgMk0vKb2Cm05/yNm8ZzC6IVq+Xv2w60Cw==
xi+jUNg6yQYjEDScsEnswmsWx7IXWwJ7z4XtWadIz262IBCayMtZGR+rmlwUkzQWHqkfrvsgwu6z7Gl4vxj9Z07nqw6t7zWzM3q0Bw==
FyiKhcvDqXhC73Rc8zidDhYprrXHFeUvmlPJROc5t+scWry1gLkI+rl+TICnwOLX8znnnifFP1lNZXcZBmDcs+Pf+DmKNXm0Ag==
DuqTPMiMczpuUa1VRw8SBWvepJkySfHsjwZ2WCeHiuN3xyEkP4n/K1SKhJVoyRD6oY4koJ+QKpc7ib9+T1WH2bX137lekJRzK48AWaIFYbQa
UixKyUga/LZPlzvYF+EIFFo47Mk0EPXzUMNtMzMsPY0FO26u5n06/cq6ezp2SP00kAfBDT323aEdeW+BDfEcVO6jEaviMbAxe7QA
Oj4SKCck1DmBkOr88vHt7mVV+Rpb2v/LobqQsg+As/UgV+mthyca2JwvpILmxb8KU/yyGusgqTx3ZC0zdsvL6sXzBYcrdrQD
Lesaqbd3NMMerRkl8KY/hw7n3fcPNiTGzD0U6slFMwYVEnDK38jzLVC/yZWXLxrArAfEerYNf1KjlBKie6gppMfMzUumg4sytRslvzt+tBs=
UixKyUga/LZPlzvYF+EIFFo47Mk0EPXzUMNtMzMsPY0FO26u5n06/cq6ezp2SP00kAfBDT323aEdeW+BDfEcVO6jEaviMbAxe7QA
FyiKhcvDqXhC73Rc8zidDhYprrXHFeUvmlPJROc5t+scWry1gLkI+rl+TICnwOLX8znnnifFP1lNZXcZBmDcs+Pf+DmKNXm0Ag==
JIypFocpq8I4h1tSLjRgVg3n3fcPNiTGzD0U6slFMwYVEnDK38jzLVC/yZWXLxrArAfEerYNf1KjlBKie6gppMfMzUumg4sytRslvzt+tBs=
UixKyUga/LZPlzvYF+EIFFo47Mk0EPXzUMNtMzMsPY0FO26u5n06/cq6ezp2SP00kAfBDT323aEdeW+BDfEcVO6jEaviMbAxe7QA
ho64PJFPIoSoDccqi84+toxRxiEElGoKoqQgDROS5ZrDAU0CE4agjt5/zu/u+0U0O4HjCyhCQOXMUZx6LRaAUNvY1rcngbtuq23LGXmNeynaGAgTl0dEaUYdbbQW
Xr0OXbaOOxo02fFODUdOyRB1YyxEK25pVvyIu1UZI/36qe9EPOGIexkzYcy4uANug7fUMVE3+/naing5rGiKC29ox3oq4LceSU5zUkX5OmU7aHFVfV0XaLQR
0B/co1h1k6xJQaciMLSYRdvnDA1OvXH5A5hCIbuCeMaRwstbdBktr+e3iocDVjTnnGF57b2O4G6nBBM5WEP50U+DmnREW5SejgFfhuso4ibjROnQ79Ddb17P66Y9Z5V7Y1K0Lw==
QjGwDVcInv26zsWKvWFuJFJx9r6GWrpp0FfJROc5t+scWry1gLkI+rl+TICnwOLX8znnnifFP1lNZXcZBmDcs+Pf+DmKNXm0Ag==
kVtnKkjaHkHB1wQ+oWojh0u062ufJd1QyGS7MmOr7C0h60NlWhbA5dx0shePNH+mWnwPQokSS041JQI52/TJyQ2BL3S0DQ==
wxBj2pQE3HoMt/Z7BcysxVdV8qdXJm2auMtq6FH7Fu+2tQ1m4OgcdQHTU21aHtDd/CxCX098z346hJ/KCZrbNtV9svGbPLkRLbk/fLQF
xi+jUNg6yQYjEDScsEnswmsWx7IXWwJ7z4XtWadIz262IBCayMtZGR+rmlwUkzQWHqkfrvsgwu6z7Gl4vxj9Z07nqw6t7zWzM3q0Bw==
9AF3qldL/tSkJrzxvY2Aryd52k3esdbn6ufNclAm3p7HgkoqfOvCC6GZvx/JNgDW17zTASh7Gek/u5pMNGN0pv45nz6bkAKek/xpaJ9oPdcudyueTV91QxNqtBc=
YfPL0Rx6EgTW7CUGt/FpwuzQtw/6nXYoqpa9SmQRXN22snAlMwAs3ijJAhPjbO0tlbveDhY9Ch3aumtaRoiNlCCHUa1tNo2B7XlfYV0xzDR+I2FLUnFAEWu0EA==
PDqEBJtHvSgkCAj1NearPX8qis46k0hqU2xmalr0gK9FDQsZ2s3HkGy1QL9Z96mY6GyrCiNTfKXBo3N9Wg7wrTz8Iu/PDG+uerR/2gmKuwYVLRIBG4xZQW1JH2y0FQ==
QjGwDVcInv26zsWKvWFuJFJx9r6GWrpp0FfJROc5t+scWry1gLkI+rl+TICnwOLX8znnnifFP1lNZXcZBmDcs+Pf+DmKNXm0Ag==
D7Y9CHXVidJzbolPI9Qhyyd5203esdbn6ufNclAm3p7HgkoqfOvCC6GZvx/JNgDW17zTASh7Gek/u5pMNGN0pv45nz6bkAKek/xpaJ9oPdcudyueTV91QxNqtBc=
YfPL0Rx6EgTW7CUGt/FpwuzQtw/6nXYoqpa9SmQRXN22snAlMwAs3ijJAhPjbO0tlbveDhY9Ch3aumtaRoiNlCCHUa1tNo2B7XlfYV0xzDR+I2FLUnFAEWu0EA==
+zlAtSOWVPJkmmbjdfa9gZtAh3JIli8Xo6QrGjfG4onKUUACBomlmIoyjqmk/0U0O4HjCyhCQOXMUZx6LRaAUNvY1rcngbtuq23LGXmNeynaGAgTl0dEaUYdbbQW
QjGwDVcInv26zsWKvWFuJFJx9r6GWrpp0FfJROc5t+scWry1gLkI+rl+TICnwOLX8znnnifFP1lNZXcZBmDcs+Pf+DmKNXm0Ag==
kVtnKkjaHkHB1wQ+oWojh0u062ufJd1QyGS7MmOr7C0h60NlWhbA5dx0shePNH+mWnwPQokSS041JQI52/TJyQ2BL3S0DQ==
wxBj2pQE3HoMt/Z7BcysxVdV8qdXJm2auMtq6FH7Fu+2tQ1m4OgcdQHTU21aHtDd/CxCX098z346hJ/KCZrbNtV9svGbPLkRLbk/fLQF
nICv40rpU7WVP181HKpqKX0pOx2/MjCr6gkJ2W9eGtCOLYKqyuX+wgMk0vKb2Cm05/yNm8ZzC6IVq+Xv2w60Cw==
DCrYlOsWTy4JDNPbwaQNbmsWx7IXWwJ7z4XtWadIz262IBCa0s1ZBQeqmlwWiTIWArEervsgwu6z7Gl4vxj9Z07nqw6t7zWzM3q0Bw==
O5pDvqPSgm/+N+vZZNscIiZ5203esdbn6ufNUlAm3p7HgkoqfOvCC6GZvx/JNgDW17zTATJ9GfUnuppMNnlypuIhnj6bkAKek/xpaJ9oPdcudyueTV91QxNqtBc=
1nBzrNx60wptm76ESe3LNuLtp8vM2q/NTHCZ3o2ZlwCYllssJDxO9MGNgBZkdgxNNfPN2pq5jo8M6fllLeZAhndMU3GSrdmlR4qafFYpsnZCUR7OO8BCTnPMaVh/uH2Hjoer7u2PtRNzWrQn
HdicccwT34BGJDrxkrRjZ1LG4MBbJiHUgnJZ44QNORkVEnDK38jzLUq5yYmPLhrArh3CeqoVflKjlBKie6gppMfMzUumg4sytRslvzt+tBs=
/pBQIGirqzCgEZJbKaCirXD30VSgqCULN52qjip4KjPzzJBytnpKaeC3uYRXWUdrjKDqdUzBGfqpnAbGd7xqVoPZV97XpQ9ZPUVHWfbAbDNzfyh5WhVptBI=
uy8YLVXZnErES0GYq5xQvi0QqiHREkUMChWLcQHjT4rtokKbwsneskdgEhcW1cnksIqIBvSJXssHfOkleZuy3NSNcr0nOhfguD7JwNSmPaVpJunZMbkDOfmhSLzSw80DloFkaVe0LA==
HdicccwT34BGJDrxkrRjZ1LG4MBbJiHUgnJZ44QNORkVEnDK38jzLUq5yYmPLhrArh3CeqoVflKjlBKie6gppMfMzUumg4sytRslvzt+tBs=
nICv40rpU7WVP181HKpqKX0pOx2/MjCr6gkJ2W9eGtCOLYKqyuX+wgMk0vKb2Cm05/yNm8ZzC6IVq+Xv2w60Cw==
DCrYlOsWTy4JDNPbwaQNbmsWx7IXWwJ7z4XtWadIz262IBCa0s1ZBQeqmlwWiTIWArEervsgwu6z7Gl4vxj9Z07nqw6t7zWzM3q0Bw==
0UxVIlN1FOrygINnEFipuDAoICFV/Nmxcmlr3JqQOC0aeZ13nzU9AAjU28LjG1Zb4ad7dFoG4q8aBA6/DsQfFpos71KJAiuedZXiSVtEaTlNUQ9ktB0=
N3CiNHW2cMFphr2OCZOhKy0QqiHREkUMChWLcQHjT4rtokKbwMneskdgEhcW1cnksIqIBvSJXssHfOkleZuy3NSNcr0nOhfguD7JwNSmPaVpJunZMbkDOfmhSLzSw80DloFkaVe0LA==
HdicccwT34BGJDrxkrRjZ1LG4MBbJiHUgnJZ44QNORkVEnDK38jzLUq5yYmPLhrArh3CeqoVflKjlBKie6gppMfMzUumg4sytRslvzt+tBs=
Z/1DTWrysl/gSIigeaI7vVJx9r6GWrpp0FfJROc5t+scQLq1nKEJ+rl8Voan3PrW8znnnifFP1lNZXcZBmDcs+Pf+DmKNXm0Ag==
tzbUi7wRsnYkqymi95mcWn0pOx2/MjCr6gkJ2W9eGtCPLYKqyuX+wgMk0vKb2Cm05/yNm8ZzC6IVq+Xv2w60Cw==
KQsTyozR9l7HH+yAfBzzwmsWx7IXWwJ7z4XtWadIz262IBCa0s1ZBQeqmlwXiTIWArEervsgwu6z7Gl4vxj9Z07nqw6t7zWzM3q0Bw==
Pf8ux9ldPoys8fF0V7dsEjAoISFV/Nmxcmlr3JqQOC0aeZ13nzU9AAjU28LjG1Zb4ad7dFoG468aBA6/DsQfFpos71KJAiuedZXiSVtEaTlNUQ9ktB0=
AdzVQrSaU8O1zXDd5BWE8S0QqiHREkUMChWLcQHjTIrtokKbwsneskdgEhcW1cnksIqIBvSJXssHfOkleZuy3NSNcr0nOhfhuD7JwNSmPaVpJunZMbkDOfmhSLzSw80DloFkaVe0LA==
r4NJuvjVzrP20UhkNX4sTlJx9r6GWrpp0FfJROc5t+scQLq1nKEJ+rl9Voan3PrW8znnnifFP1lNZXcZBmDcs+Pf+DmKNXm0Ag==
VEms7GPFjdokfPgKiMaBBTAoICFV/Nmxcmlr3JqQOC0aeZ13nzU9AAjU28LjG1Zb4ad7dFoG468aBA6/DsQfFpos71KJAiuedZXiSVtEaTlNUQ9ktB0=
Z0LLUmtuPnXxyaccMyDGny0QqiHREkUMChWLcQHjT4rtokKbw8neskdgBAAW1cnksIqIBvSJXssHfOkleZuy3NSNcr0nOhfhuD7JwNSmPaVpJunZMbkDOfmhSLzSw80DloFkaVe0LA==
6ONACFnvpEyj9uR0ISpoty0QqiHREkUMChWLcQHjT4rtokKbw8neskdgEhcW1cnksIqIBvSJXssHfOkleZuy3NSNcr0nOhfhuD7JwNSmPaVpJunZMbkDOfmhSLzSw80DloFkaVe0LA==
r4NJuvjVzrP20UhkNX4sTlJx9r6GWrpp0FfJROc5t+scQLq1nKEJ+rl9Voan3PrW8znnnifFP1lNZXcZBmDcs+Pf+DmKNXm0Ag==
Pf8ux9ldPoys8fF0V7dsEjAoISFV/Nmxcmlr3JqQOC0aeZ13nzU9AAjU28LjG1Zb4ad7dFoG468aBA6/DsQfFpos71KJAiuedZXiSVtEaTlNUQ9ktB0=
AdzVQrSaU8O1zXDd5BWE8S0QqiHREkUMChWLcQHjTIrtokKbwsneskdgEhcW1cnksIqIBvSJXssHfOkleZuy3NSNcr0nOhfhuD7JwNSmPaVpJunZMbkDOfmhSLzSw80DloFkaVe0LA==
3Scbui3nFLjgnsSPo6dodlLG4MBbJiHUgnJZ44QNORkVEnDK38jzLUq5yYmPLhrArx3CeqoVflKjlBKie6gppMfMzUumg4sytRslvzt+tBs=
r4NJuvjVzrP20UhkNX4sTlJx9r6GWrpp0FfJROc5t+scQLq1nKEJ+rl9Voan3PrW8znnnifFP1lNZXcZBmDcs+Pf+DmKNXm0Ag==
VEms7GPFjdokfPgKiMaBBTAoICFV/Nmxcmlr3JqQOC0aeZ13nzU9AAjU28LjG1Zb4ad7dFoG468aBA6/DsQfFpos71KJAiuedZXiSVtEaTlNUQ9ktB0=
6ONACFnvpEyj9uR0ISpoty0QqiHREkUMChWLcQHjT4rtokKbw8neskdgEhcW1cnksIqIBvSJXssHfOkleZuy3NSNcr0nOhfhuD7JwNSmPaVpJunZMbkDOfmhSLzSw80DloFkaVe0LA==
3Scbui3nFLjgnsSPo6dodlLG4MBbJiHUgnJZ44QNORkVEnDK38jzLUq5yYmPLhrArx3CeqoVflKjlBKie6gppMfMzUumg4sytRslvzt+tBs=
r4NJuvjVzrP20UhkNX4sTlJx9r6GWrpp0FfJROc5t+scQLq1nKEJ+rl9Voan3PrW8znnnifFP1lNZXcZBmDcs+Pf+DmKNXm0Ag==
RdtrTXH3z1yu92LxmoWvn30pOx2/MjCr6gkJ2W9eGtCILYKqyuX+wgMk0vKb2Cm05/yNm8ZzC6IVq+Xv2w60Cw==
LzBE7XyeEicRN31sXfoKo2sWx7IXWwJ7z4XtWadIz262IBCa0s1ZBQeqmlwQiTIWArEervsgwu6z7Gl4vxj9Z07nqw6t7zWzM3q0Bw==
SpEcyZXGZSVrHxEMkHnMXjAoICFV/Nmxcmlr3JqQOC0aeZ13nzU9AAjU28LjG1Zb4ad7dFoG5K8aBA6/DsQfFpos71KJAiuedZXiSVtEaTlNUQ9ktB0=
dfN6WHIrEcF9axoTi9cuZC0QqiHREkUMChWLcQHjTIrtokKbwMneskdgEhcW1cnksIqIBvSJXssHfOkleZuy3NSNcr0nOhfmuD7JwNSmPaVpJunZMbkDOfmhSLzSw80DloFkaVe0LA==
sw/ux4iv+Q5fH8MKzI8XEVLG4MBbJiHUgnJZ44QNORkVEnDK38jzLUq5yYmPLhrAqB3CeqoVflKjlBKie6gppMfMzUumg4sytRslvzt+tBs=
ReRK4oyNP3Ca4zfcM0ysklJx9r6GWrpp0FfJROc5t+scQLq1nKEJ+rl6Voan3PrW8znnnifFP1lNZXcZBmDcs+Pf+DmKNXm0Ag==
wI3h4Iq57KcCIEoZRZ6majAoISFV/Nmxcmlr3JqQOC0aeZ13nzU9AAjU28LjG1Zb4ad7dFoG5K8aBA6/DsQfFpos71KJAiuedZXiSVtEaTlNUQ9ktB0=
xC8BiQbc5VJghc3XtfflwS0QqiHREkUMChWLcQHjT4rtokKbwcneskdgEhcW1cnksIqIBvSJXssHfOkleZuy3NSNcr0nOhfmuD7JwNSmPaVpJunZMbkDOfmhSLzSw80DloFkaVe0LA==
BCS6mPRz389hCE/U5XbBoXqQhaQFHeHpnUg5FS7KwuloxyEkP4n/K1SQgpV00RH6oYo+pp+MMpY7ib9+T1WH2bX137lekJRzK48AWaIFYbQa
ReRK4oyNP3Ca4zfcM0ysklJx9r6GWrpp0FfJROc5t+scQLq1nKEJ+rl6Voan3PrW8znnnifFP1lNZXcZBmDcs+Pf+DmKNXm0Ag==
nXs69MaoaJoDEJRF/thxrH0pOx2/MjCr6gkJ2W9eGtCJLYKqyuX+wgMk0vKb2Cm05/yNm8ZzC6IVq+Xv2w60Cw==
c6dkSOxKBl5DAccnqRmr2msWx7IXWwJ7z4XtWadIz262IBCa0s1ZBQeqmlwRiTIWArEervsgwu6z7Gl4vxj9Z07nqw6t7zWzM3q0Bw==
/Ol8oGeCl8clWrFRfcQ70zAoISFV/Nmxcmlr3JqQOC0aeZ13nzU9AAjU28LjG1Zb4ad7dFoG5a8aBA6/DsQfFpos71KJAiuedZXiSVtEaTlNUQ9ktB0=
+Ssgy1Y1Hcu5MSp7CKpPdC0QqiHREkUMChWLcQHjTIrtokKbw8neskdgEhcW1cnksIqIBvSJXssHfOkleZuy3NSNcr0nOhfnuD7JwNSmPaVpJunZMbkDOfmhSLzSw80DloFkaVe0LA==
ZtOE1KQrZTNeM6wLHH9+LVLG4MBbJiHUgnJZ44QNORkVEnDK38jzLUq5yYmPLhrAqR3CeqoVflKjlBKie6gppMfMzUumg4sytRslvzt+tBs=
UOLRTcgm3QxaKJLcHt7eklJx9r6GWrpp0FfJROc5t+scQLq1nKEJ+rl7Voan3PrW8znnnifFP1lNZXcZBmDcs+Pf+DmKNXm0Ag==
rP1CqcZ3miRVr71edz8gDzAoICFV/Nmxcmlr3JqQOC0aeZ13nzU9AAjU28LjG1Zb4ad7dFoG5a8aBA6/DsQfFpos71KJAiuedZXiSVtEaTlNUQ9ktB0=
3UnrhNHtK8s3gqPt3OZQ3S0QqiHREkUMChWLcQHjTIrtokKbwcneskdgEhcW1cnksIqIBvSJXssHfOkleZuy3NSNcr0nOhfnuD7JwNSmPaVpJunZMbkDOfmhSLzSw80DloFkaVe0LA==
ZtOE1KQrZTNeM6wLHH9+LVLG4MBbJiHUgnJZ44QNORkVEnDK38jzLUq5yYmPLhrAqR3CeqoVflKjlBKie6gppMfMzUumg4sytRslvzt+tBs=
UOLRTcgm3QxaKJLcHt7eklJx9r6GWrpp0FfJROc5t+scQLq1nKEJ+rl7Voan3PrW8znnnifFP1lNZXcZBmDcs+Pf+DmKNXm0Ag==
Y57tzKTf8e3ziDxL9j/nNDAoIyFV/Nmxcmlr3JqQOC0aeZ13nzU9AAjU28LjG1Zb4ad7dFoG5a8aBA6/DsQfFpos71KJAiuedZXiSVtEaTlNUQ9ktB0=
3ndF3pymKbtqQqw6LMa9ut74GVYd/zLsVMAeYOjMaYPPmYkBYF1t4OSsjIEORSbnzyE/p7mO4G6nBBM5QkX5zVeCmnRBQZKekhlehuso4ibjROnQ79Ddb17P66Y9Z5V7Y1K0Lw==
wFBCD4SgTMYld/+rgIsGN381n5Vp0Qt/EjE2PAu1kfUHTEtfjYmcx2zmBuQfva2Y6GyrCiNTZqPBv2t8Wg71tzr8PvfODG+uerR/2gmKuwYVLRIBG4xZQW1JH2y0FQ==
II7eGcqEREweLY2jZBDTKiZ5203esdbn6ufNUlAm3p7HgkoqfOvCC6GZvx/JNgDW17zTATJ9GfUnuppMMXlypuIhnj6bkAKek/xpaJ9oPdcudyueTV91QxNqtBc=
UYYH96NqTvg0UlvMRzemAi0QqiHREkUMChWLcQHjT4rtokKbxsneskdgEhcW1cnksIqIBvSJXssHfOkleZuy3NSNcr0nOhfnuD7JwNSmPaVpJunZMbkDOfmhSLzSw80DloFkaVe0LA==
ZtOE1KQrZTNeM6wLHH9+LVLG4MBbJiHUgnJZ44QNORkVEnDK38jzLUq5yYmPLhrAqR3CeqoVflKjlBKie6gppMfMzUumg4sytRslvzt+tBs=
UOLRTcgm3QxaKJLcHt7eklJx9r6GWrpp0FfJROc5t+scQLq1nKEJ+rl7Voan3PrW8znnnifFP1lNZXcZBmDcs+Pf+DmKNXm0Ag==
UnT2s4ZWlp4NceT9/ZbjpiZ52k3esdbn6ufNUlAm3p7HgkoqfOvCC6GZvx/JNgDW17zTATJ9GfUnuppMMXlypuIhnj6bkAKek/xpaJ9oPdcudyueTV91QxNqtBc=
qnY+0j9Udb7rIoN1gNWli7OGuK+nrYkiDDrc6a1vbQ7S1b6LNJW5kYVq0GKvEDNlmoGpYb82Gsi55eJSWk0+mvMs8srLMKksV7Rt49ZbS3plI0VXC2a0Ew==
QZBuor15W570urJSvg+pYLLEdwX+735a3V3PTamHX0zwGUMfCZzwgKQvWU0dAN7/1l3wx9kPGfBIhHtSY4u2i6GXm0RaNgWfWtTuL45Uv0ba3M8iifIL7rVFQtnb1AlpjWFvVLQt
tX2EWO8x6UN9u0DJOlb8z3qQhaQFHeHpnUg5FS7KwuloxyEkP4n/K1SQgpV00RH6oYs+pp+MMpY7ib9+T1WH2bX137lekJRzK48AWaIFYbQa
UOLRTcgm3QxaKJLcHt7eklJx9r6GWrpp0FfJROc5t+scQLq1nKEJ+rl7Voan3PrW8znnnifFP1lNZXcZBmDcs+Pf+DmKNXm0Ag==
xbbk0RG3OrRparMxRffAUn0pOx2/MjCr6gkJ2W9eGtCKLYKqyuX+wgMk0vKb2Cm05/yNm8ZzC6IVq+Xv2w60Cw==
xFYIs08Se+I/FrM0rq5ME2sWx7IXWwJ7z4XtWadIz262IBCa0s1ZBQeqmlwSiTIWArEervsgwu6z7Gl4vxj9Z07nqw6t7zWzM3q0Bw==
Vxlt/PKRH0WvJ1g2xL0q+iZ5203esdbn6ufNUlAm3p7HgkoqfOvCC6GZvx/JNgDW17zTATJ9GfUnuppMMnlypuIhnj6bkAKek/xpaJ9oPdcudyueTV91QxNqtBc=
YqPBeyac1Iwhgd9xFONgly0QqiHREkUMChWLcQHjTIrtokKbxsneskdgEhcW1cnksIqIBvSJXssHfOkleZuy3NSNcr0nOhfkuD7JwNSmPaVpJunZMbkDOfmhSLzSw80DloFkaVe0LA==
TpwWigvtcnL3gnKJFdpANlLG4MBbJiHUgnJZ44QNORkVEnDK38jzLUq5yYmPLhrAqh3CeqoVflKjlBKie6gppMfMzUumg4sytRslvzt+tBs=
5fJP46PtQwEhK2Yb3kiBAVJx9r6GWrpp0FfJROc5t+scQLq1nKEJ+rl4Voan3PrW8znnnifFP1lNZXcZBmDcs+Pf+DmKNXm0Ag==
8G50huurDQL0GmGQqnwPmSZ52k3esdbn6ufNUlAm3p7HgkoqfOvCC6GZvx/JNgDW17zTATJ9GfUnuppMMnlypuIhnj6bkAKek/xpaJ9oPdcudyueTV91QxNqtBc=
V0E1/8xsK+S/LqSA1yqkii0QrzrWCUIXDQ6MZAP1UJTzukObwM7dskdgEhcW1cnksIqIBvSJXssHfOkleZuy3NSNcr0nOhfkuD7JwNSmPaVpJunZMbkDOfmhSLzSw80DloFkaVe0LA==
TpwWigvtcnL3gnKJFdpANlLG4MBbJiHUgnJZ44QNORkVEnDK38jzLUq5yYmPLhrAqh3CeqoVflKjlBKie6gppMfMzUumg4sytRslvzt+tBs=
5fJP46PtQwEhK2Yb3kiBAVJx9r6GWrpp0FfJROc5t+scQLq1nKEJ+rl4Voan3PrW8znnnifFP1lNZXcZBmDcs+Pf+DmKNXm0Ag==
UnT2s4ZWlp4NceT9/ZbjpiZ52k3esdbn6ufNUlAm3p7HgkoqfOvCC6GZvx/JNgDW17zTATJ9GfUnuppMMXlypuIhnj6bkAKek/xpaJ9oPdcudyueTV91QxNqtBc=
W4yBoCFSCsWbiN0jYxK2obyrs5WPCeepieN3WOANSxsJmPiUtDtxKT3k9quGiTiDmUvRJBjQ07bD7x4fMQMTwNqyjQvKQEZLLrAXEooIB2bJtsM65RFqPfuwIX2ddWdQtCk=
ZtOE1KQrZTNeM6wLHH9+LVLG4MBbJiHUgnJZ44QNORkVEnDK38jzLUq5yYmPLhrAqR3CeqoVflKjlBKie6gppMfMzUumg4sytRslvzt+tBs=
UOLRTcgm3QxaKJLcHt7eklJx9r6GWrpp0FfJROc5t+scQLq1nKEJ+rl7Voan3PrW8znnnifFP1lNZXcZBmDcs+Pf+DmKNXm0Ag==
uKr11m8zl5RGxaKwaLExSPctNglVOD0TPI8UR9ypi1QRI7M1QvbE406zandPkbNOUz1zmQFdQ0nSCCDT//fMCZ4tdbQO
AlXTi5FRPWjCQMP2mgViiPctNglVOD0TPIsWSdypi1QRI7M1QvbE406zandPkbNOUz1zmQFdQ0nSCCDT//fMCZ4tdbQO
t6n8dkGbhadvk9ndXxVMTWPs+wkhsZi44+XIb4A87Nr2Xsb+84qvGh1PS889xANNd2nVzTtJVjmkRkqe47FoqBZoa3wRZeapYlTU/XrTNrIVMsHBAvmzmWkObUNl94eGxfhlEj/yQGAQ7ZAYv3eGr4U1YH1GbWWJpoO6dLwJP4Z/qEe6KiA33kkO8xJFubolOyjxlX2dl6i00Q==
6Flq+cghYI8OHLTedQIfztG70I+EsA6KxURPr7Y22NeUzQh2D/EfrTqQ13IKqEeGydYDmmXxKh370OHdHZUncLQJ
XM8uTkrDTWXif4+xeHzBA2QbiTYi2N9ow9T/oPCktHgMQ7K8QMdUU/BpGbuYfc4A+Jyog5G/Di1kaGUPrujlHVocK8S0XAOdsX9UZkZhUClFO36J4L2H3cuL9wu9AtngNjZ1I/AMPi1WPsiCslfghqhMabB+JaeHewn/fo/VR9l1dZ+5HhBUc+sPQFnihaG02g==
G9DPghLN5Bdite7X26O9Tihd1vo8sT8wEDoMD3CO6dQUHX2Wli7e34zSDVJ/wTfc/9gnCuow1w5JXpMCBQla1bsY0eU9jTd4tAE=
+Z5uPnDXzelsIfG0H8P0t5yzTw1KpHa8NZdfPKyFLM6+mdZMJwQ87vO+ipIeRCnpyy1xpKqO52G9GRFlQwDo1E201QNUR4eDlRVfhuso4ibjROnQ79Ddb17P66Y9Z5V7Y1K0Lw==
aYB6pbxIxruIwkeDGsZvxTHe5PvT8cM9bd3TNrhiRmGEUl4WDWXH+KO1gUJbRB/lHPVaIXV43ZNcSzZJPGnr1LFjUzUiNmRjrvMKd2/RU84z/VOZ4R3jyXJIwNPfN2yJfm1VtC4=
GKd9tYTK0P72fjxt24VZWiy9lQathGIWMZ3jiGd9LSL3zJt1uC0GYamguYNYQ1pp0KGvZFXbL7XejgDTartmV4PZV97XpQ9ZPUVHWfbAbDNzfyh5WhVptBI=
7495L5iD+HoBTSdNxc+wmckSiGRQhmA3s5FmFjWV/5iLRUkCE5S3hYRlwqHt6EUzNJv+CXRZA/TJU6s1WgacQ8bDwrcngbtuq23LGXmNeynaGAgTl0dEaUYdbbQW
Zpm1bH0zPWbpxDKrKzg49eAhp0FhtEEthJFmFjWV/5iLRUkCE5S3hYRlwqHt6EUzNJv+CXRZA/TJU6s1WgacQ8bDwrcngbtuq23LGXmNeynaGAgTl0dEaUYdbbQW
Q+PcEZR4TyJbgxNCfUmKLfrAoBn2jzM/4JazGXkAHcm/smU4IR0iiWTBSwTja+I3iLmCFVUsDx/t9RxKWpuQjzSHUa1tNo2B7XlfYV0xzDR+I2FLUnFAEWu0EA==
izgTxJsqzx+gf+gXZdwKFozefQtx1FnJTpyPlT4K80D2OudCNBddaVouxtHzVq6vc+/CnhZ0LfGep7W3eDpxfUX+mGjDXTUFnu84MFc87dlgIHDWeJRosvdCeOZMbGvdWe/MBo6RaCl9y7bpeC1vnaO7Dyv1UkFgrma9w8h8Fu3+rlAiemeYhlB8IRDmtQ/HU/nHHscF31ntpVeZZiC8s4Of2Lmq9Zm04g==
tT8scEKCcfNclHUghrChBShd1vs8sT8wEDoMD3CO6dQUHX2Wli7e34zSDVJ/wTfc/9gnCuow1w5JXpMCBQla1bsY0eU9jTd4tAE=
rNeh4WCvI5j9m+LNyOBbnaGW7p5HQQJuNSdchFRluZigtafz1wW2RIukhaRXS/EDDGx80ZGGhkpxnFeFVYrTHzX2WtGgqa6tX6KBzTGZd4h6febI3d3bN5E6b77yV0KDF2kV+6u5kMU3vizuL/4rSdkd7vO7UWpjeI3P/oaZGUJfBV+iLgK3iczLNZQY+hYAwpLdFuquTijhjXPLbq7chSKpN9/kQdoJRc0p/w1jZwZrQATy78uK+Fz91AryCmgzEsZaKLO4xJGlVxn9hZaVEfX5R/FF0eRktuMpO/qR+GHTtKg=
s+CvQ8o5Lhj2TLvT4KtYVWCd7nT4dSBz7JjXBrZ02+HtO2iYQSuaxaVPauArBO/gOjwEVM6A6IctPjT3crK7l1q9+gxGDNPkSiinpgXqHunNF3qiaS65GqL2JHXbzwWU6ZR5JD0VW6w2pWTYQlb/Ko1/YSTF/w3TdXaEIXW0JPylvgBBplI3t2PcPk+my9aR4mzkVdr75irVKhGp4pFD4Wl2nSuFn1eeBWC1Op9acFiQ1aCwH1/WN8UtMJUmhRVxpnvKnNzhb54/MBeSiogH5sk2w7rlkWq9+zAh/Z31Z9C0qQ==
8epSDd5Dg7sE1PWhqmrBQsvM6Du3WBFbDtSMSjD9V8yP8KqqUho5NVF4bVkzcTDZfbJ5zB53cBzLnV0hlLZYZPvQOKo7Tqnof2/tSALMQTGlu7XE4NVlXlGNdJzgDOcar5cROYd+exGFyoCAAC9+tGVcNX2XavPuG6pmLwaQWxWX0fEqv69oaOBpuYM+xeD5uqajERjNhNeMj3/X8JIe9sx0gtyZm/bg0Y9GVmxgvl9bMPB8n96jr/1k9//vNckxp2V7wGpoj55o/jDOQ/Afh2YVPNK3DN3oj6wEsl7mc3/gstRea992/91FNb8ZjPeh98FP75bMEiXQGUhBbwQ4czlKdhKf+lwb/per5gLO7uMKmtOj5fOJfLielZiWEWwdxr2J3s2CA8TVO4XnVcJMJaXQzIglyugldlb/A0Potou2L75lopiMsUo/7p51HtktMvWrlWkCdU9VG5+qpdS9/g++GKzQIchUD5teA+WZ+JH24f0FJg8i+AzlpyofBJ9WmmxvEojCq151VWIJWwTpeU2Rj6S03Q==
b/ebD7otAznJNIH+n9EvcQ9OlSRCJvsywcbVtBJA+c0AofpkfBICcVj7mtM7Nk747lGyKMudvHIdQK6+vWhEmdBEcNSxfrAxOp3xk0yPLSo7l2DR8G8JoJo7l61eJulY6wG7ywy7xDfh9agJSQIFiLiIBfE3j5A3xY1Hx1nUel5XndTTqrv3b5AGMcyKm6ZW8vbojq25HBjCmt6wnG3iiLU4F+gv6OFpRLiZnUyEkyQ3CK6Pm4rRfzEdxmHXBWp3sk+wI97xXfqXIQcEXdIr64dJVpLeZp93wwOh8//WR2aBFV4Eqf4jW8B4xtFGN7oRm4GQ4yp1grbj7AyManqUt0N+Mv2xvE/PRbLCUvQJQ+p5eHK+EUkuZXwX9QQNBy1utsp8YmZjY73dzT0ZeMeinRV6VPH7NqVFpdbMamWNFlvvsIqyFLR4sueiqKYcjPtd6Q98Rr5xWClNK4apyM3fHTNbX2slslFgvkbtgxjchm0ODiBiikfohqBcUdAWFX9Hw1mX3hclz1j9xQdZtkAsMzP/aHmalam00g==
aaq7E3npzpBw5KDFqqBvpBPCAhZ7VcBaahAThn/V1p2+rFQFDPYxDc1Q5yF90eE0A7L96zHczIyibqDvsZWbLjABElMhd817hDcJVxpNmaye5UF+tsajsiSuVx9maLH1AYZy5kUH3flJemBvkRg5v3iysMYDjDc1zWenZG93zRgsDrDFusJdXgkDV5BHaLNYKkEWmn9DTzNttF91PE7oe9XNzm9kT0Jk3y8Y9/ARZD3zeSDYeuDUVt4COQFiBhndalhcCvqp47JMgt+kl6nVFjsRf79t5/8HZ94KMls44GzcADPaG7EeV8BsN7YprueeCJwOLJfpeBAIAEvFYpmVl5kxqWYz18/Dc5FWNqajeOsEL38OHCXhqOqMfyAIPfaFx6jyZGpV8livneXJ/bpQLBk2RlsIC96f1QBtGJciHWmp6WWoCNMdUnB2ZbDcI14kM+3TYhJd7k2ie8LCWBfCrQJQBTTdG0q3VyvpuIEJPSmThPUeWWiXHMTy8DvcMkdJ8o1VczznzuPBe+b1ln6kF+tEDw67AEKO84xoGP94fUcOR6uubc+1U/OatOc=
Fjmz7sdAfNaGNdop0lhbORgueL9qpfLhmIeEtTflKEFHTDejkIdF98da1zD35k5j24Z2PCLMXUF3PY0MBQMN8PbWbsr7QO4xVmuYvrO+5GPxOAopx2ytD2daeedutNvlOLfZiq8P/IG8hz2grtPb/cK+ffgfOcf7AJOQ9zWdJPn1ejForJAZIXsnZLexJYuXRcxuPmNlaKMmU6MvRC49/Haj0vZmbnReYdEoGPbyEmAA9XYowQDr2CPANSkQUBXt8HynRCMQst9XIqX/xbWKscsdfpeGNwzTUpmJOsMJCzQh6t9LE9HKwpKOq3f36+2jY07TxnUtIjSl1nebFBBKIfpPjvGPmYwzZt12NpdEwNx2YoDXd4aOjT1UG4+Rms5iCDE3Su3g7m7dIRplSH851JGfuc7C8oBSaku3/YklsWnEP5b9AWJIoTee0cVRfoC6eZUCu9vINkKY3Kxys4qklmC0D/19l+AW8plsKXnDyvlUVUu9x2MjWymaBaBqLmFzpKSyjRoWPLLG7xwG1PSdgAoNayf3oSuum82bGCntC2lKeFiTp2f0qVb9nbTm
Fjmz7sdAfNaGNdop0lhbORgueL9qpfLhmIeEtTflKEFHTDejkIdF98da1zD35k5j24Z2PCLMXUF3PY0MBQMN8PbWbsr7QO4xVmuYvrO+5GPxOAopx2ytD2daeedutNvlOLfZiq8P/IG8hz2grtPb/cK+ffgfOcf7AJOQ9zWdJPn1ejForJAZIXsnZLexJYuXRcxuPmNlaKMmU6MvRC49/Haj0vZmbnReYdEoGPbyEmAA9XYowQDr2CPANSkQUBXt8HynRCMQst9XIqX/xbWKscsdfpeGNwzTUpmJOsMJCzQh6t9LE9HKwpKOq3f36+2jY07TxnUtIjSl1nebFBBKIfpPjvGPmYwzZt12NpdEwNx2YoDXd4aOjT1UG4+Rms5iCDE3Su3g7m7dIRplSH851JGfuc7C8oBSaku3/YklsWnEP5b9AWJIoTee0cVRfoC6eZUCu9vINkKY3Kxys4qklmC0D/19l+AW8plsKXnDyvlUVUu9x2MjWymaBaBqLmFzpKSyjRoWPLLG7xwG1PSdgAoNayf3oSuum82bGCntC2lKeFiTp2f0qVb9nbTm
6UAajuQnbXZC0Y1j+sbHe3YE3SD07GfXzZsJWwOVMkePNa/6oFzIXrgcjAA+7P6hJdWiH9jL5AdT6PJsqQDyavo/tPcE+Suvn1FhsPe92RYcFk6qlskVqfr+Y+iyOVIbsyAgTzVFjGKziDElqcMOj74XG8HqQZumnxgiDJeZlXsqd/95Za9L0GBOTbkGm+gPDc/qsrNEGD98hqiyOmaPzSYY+O78WE4puFhvnIVgrVybyb4M29WeoIk0LQy857l+6z+L6WQJRYHw5yjrYmucxafa7RUFDE/28TvdDYR6fBIl93l3Axstkh22WzFMDKvKWXs6TISZlJMggQEFAouIgTj22Rgu5Hh+jqdZWuC18wi1bz8GQNpmrZk6IzygVjM9FGVGY9fs30N3vmxu7urk1xkdJ3l/UarjuI0PfkaZ2cKfBR8ibgL3CYzLdRRY+laAgpKdlqquDqghjbNLrq4cBeKp918kQRqJhc3pf01jJ4YrQERyr8vKeBz9lIqyCiizUsaaqHO4BBFlV9l9RZZVkTX4h3GF0STk9uNpu7qRuOGTtOg=
0N3mK3O/D6mz8tuEjd8BwXgvVA8xVSLDRMw4k/ABfdIN9uC5IGyBbSL6bJpaGZ7DlFrSSeZQBm35OgN8QNaT/XRlJqN3bD8DV74Mro9+S4n5HQW2HNEKI5iN7z7mGbkCvwU/Yo6CV8nsy1VU+Hq2wKKS/VYKLu7owY2Ti84uvEUCqRcfhMF6SaXNCT+t44dGS0BkMk9Lajg8/fRKEorI83LGumgTOKRRhVf5veUWNVEV+GcxJVFEJJbjSftaERgh87SI
1LBDKBBhl1Ytrcc5zK1rCR6xsbMxk8X0llc8/2MlUXl3fXP9THkp7egC7kp9dG9cOznVK8yPX5lxa4nLsdMMWMnZKbw5TJ+y59rgqOpUivZxYuZWuJumkslJNExlzJKMAJvD3QmS6Z5tOhX3Z9pmf6CXLusNjC0c1NpNfZFFhczgj61maLrldNQfznDLgXPGOkGeufp3AkaQaxI5unxl0LXHegPPZ+n8CbUt/eto1Trx9GdoHH6wP5TOF13KIbUX1Lt+19m3ZjGeQjRDEyivqpMcMnqrgKicNwSt07Zry0oFE4Xna9a0ow==
ZEnayDwgEJUTH93BEZb0DB6xsbMxk8X0llc8/2MlUXl3fXP9THkp7egC7kp9dG9cOznVK8yPX5l2aYnLsdMMWMnZKLw5TJ+y59rgqOpUivZxYuZWuJumkslJNExlzJKMAJvD3QmS6Z5tOhX3Z9pmf6CXLusNjC0c1NpNfZFFhczgj61maLrldNQfznDLgXPGOkGeufp3AkaQaxI5unxl0LXHegPPZ+n8CbUt/eto1Trx9GdoHH6wP5TOF13KIbUX1Lt+19m3ZjGeQjRDEyivqpMcMnqrgKicNwSt07Zry0oFE4Xna9a0ow==
NSh7DFmHFHZqzcU8Oupfox6xsbMxk8X0llc8/2MlUXl3fXP9THkp7egC7kp9dG9cOznVK8yPX5lxa4nLsdMMWMnZJ7w5TJ+y59rgqOpUivZxYuZWuJumkslJNExlzJKMAJvD3QmS6Z5tOhX3Z9pmf6CXLusNjC0c1NpNfZFFhczgj61maLrldNQfznDLgXPGOkGeufp3AkaQaxI5unxl0LXHegPPZ+n8CbUt/eto1Trx9GdoHH6wP5TOF13KIbUX1Lt+19m3ZjGeQjRDEyivqpMcMnqrgKicNwSt07Zry0oFE4Xna9a0ow==
c5bs0C+k8j8lfwCyeP7Ahx6xsbMxk8X0llc8/2MlUXl3fXP9THkp7egC7kp9dG9cOznVK8yPX5l2aYnLsdMMWMnZJrw5TJ+y59rgqOpUivZxYuZWuJumkslJNExlzJKMAJvD3QmS6Z5tOhX3Z9pmf6CXLusNjC0c1NpNfZFFhczgj61maLrldNQfznDLgXPGOkGeufp3AkaQaxI5unxl0LXHegPPZ+n8CbUt/eto1Trx9GdoHH6wP5TOF13KIbUX1Lt+19m3ZjGeQjRDEyivqpMcMnqrgKicNwSt07Zry0oFE4Xna9a0ow==
P0iXOrTphHEqd+VWwRk2rx6xsbMxk8X0llc8/2MlUXl3fXP9THkp7egC7kp9dG9cOznVK8yPX5lxa4nLsdMMWMnZJbw5TJ+y59rgqOpUivZxYuZWuJumkslJNExlzJKMAJvD3QmS6Z5tOhX3Z9pmf6CXLusNjC0c1NpNfZFFhczgj61maLrldNQfznDLgXPGOkGeufp3AkaQaxI5unxl0LXHegPPZ+n8CbUt/eto1Trx9GdoHH6wP5TOF13KIbUX1Lt+19m3ZjGeQjRDEyivqpMcMnqrgKicNwSt07Zry0oFE4Xna9a0ow==
SX99KQKHktNSt7VbuPwJih6xsbMxk8X0llc8/2MlUXl3fXP9THkp7egC7kp9dG9cOznVK8yPX5l2aYnLsdMMWMnZJLw5TJ+y59rgqOpUivZxYuZWuJumkslJNExlzJKMAJvD3QmS6Z5tOhX3Z9pmf6CXLusNjC0c1NpNfZFFhczgj61maLrldNQfznDLgXPGOkGeufp3AkaQaxI5unxl0LXHegPPZ+n8CbUt/eto1Trx9GdoHH6wP5TOF13KIbUX1Lt+19m3ZjGeQjRDEyivqpMcMnqrgKicNwSt07Zry0oFE4Xna9a0ow==
K2swyrZ0/6FS2bo3vaCeXx6xsbMxk8X0llc8/2MlUXl3fXP9THkp7egC7kp9dG9cOznVK8yPX5lxa4nLsdMMWMnZI7w5TJ+y59rgqOpUivZxYuZWuJumkslJNExlzJKMAJvD3QmS6Z5tOhX3Z9pmf6CXLusNjC0c1NpNfZFFhczgj61maLrldNQfznDLgXPGOkGeufp3AkaQaxI5unxl0LXHegPPZ+n8CbUt/eto1Trx9GdoHH6wP5TOF13KIbUX1Lt+19m3ZjGeQjRDEyivqpMcMnqrgKicNwSt07Zry0oFE4Xna9a0ow==
3E8q7r17hrPT1LXqde6PiB6xsbMxk8X0llc8/2MlUXl3fXP9THkp7egC7kp9dG9cOznVK8yPX5l2aYnLsdMMWMnZIrw5TJ+y59rgqOpUivZxYuZWuJumkslJNExlzJKMAJvD3QmS6Z5tOhX3Z9pmf6CXLusNjC0c1NpNfZFFhczgj61maLrldNQfznDLgXPGOkGeufp3AkaQaxI5unxl0LXHegPPZ+n8CbUt/eto1Trx9GdoHH6wP5TOF13KIbUX1Lt+19m3ZjGeQjRDEyivqpMcMnqrgKicNwSt07Zry0oFE4Xna9a0ow==
s+k70Pxb9JOOQSBSMu+6Jh6xsbMxk8X0llc8/2MlUXl3fXP9THkp7egC7kp9dG9cOznVK8yPX5lxa4nLsdMMWMnZIbw5TJ+y59rgqOpUivZxYuZWuJumkslJNExlzJKMAJvD3QmS6Z5tOhX3Z9pmf6CXLusNjC0c1NpNfZFFhczgj61maLrldNQfznDLgXPGOkGeufp3AkaQaxI5unxl0LXHegPPZ+n8CbUt/eto1Trx9GdoHH6wP5TOF13KIbUX1Lt+19m3ZjGeQjRDEyivqpMcMnqrgKicNwSt07Zry0oFE4Xna9a0ow==
c2386+C1Iml0oU0zP6l+Fx6xsbMxk8X0llc8/2MlUXl3fXP9THkp7egC7kp9dG9cOznVK8yPX5l2aYnLsdMMWMnZILw5TJ+y59rgqOpUivZxYuZWuJumkslJNExlzJKMAJvD3QmS6Z5tOhX3Z9pmf6CXLusNjC0c1NpNfZFFhczgj61maLrldNQfznDLgXPGOkGeufp3AkaQaxI5unxl0LXHegPPZ+n8CbUt/eto1Trx9GdoHH6wP5TOF13KIbUX1Lt+19m3ZjGeQjRDEyivqpMcMnqrgKicNwSt07Zry0oFE4Xna9a0ow==
dG1d5Y3FrS3unvZkwwkNbx6xsbMxk8X0llc8/2MlUXl3fXP9THkp7egC7kp9dG9cOznVK8yPX5lxa4nLsdMMWMnZKb05TJ+y59rgqOpUivZxYuZWuJumkslJNExlzJKMAJvD3QmS6Z5tOhX3Z9pmf6CXLusNjC0c1NpNfZFFhczgj61maLrldNQfznDLgXPGOkGeufp3AkaQaxI5unxl0LXHegPPZ+n8CbUt/eto1Trx9GdoHH6wP5TOF13KIbUX1Lt+19m3ZjGeQjRDEyivqpMcMnqrgKicNwSt07Zry0oFE4Xna9a0ow==
duzjiCqza4yvrZL065I+RR6xsbMxk8X0llc8/2MlUXl3fXP9THkp7egC7kp9dG9cOznVK8yPX5l2aYnLsdMMWMnZKL05TJ+y59rgqOpUivZxYuZWuJumkslJNExlzJKMAJvD3QmS6Z5tOhX3Z9pmf6CXLusNjC0c1NpNfZFFhczgj61maLrldNQfznDLgXPGOkGeufp3AkaQaxI5unxl0LXHegPPZ+n8CbUt/eto1Trx9GdoHH6wP5TOF13KIbUX1Lt+19m3ZjGeQjRDEyivqpMcMnqrgKicNwSt07Zry0oFE4Xna9a0ow==
fTdo6HpzajVhto2x9k5ZHx6xsbMxk8X0llc8/2MlUXl3fXP9THkp7egC7kp9dG9cOznVK8yPX5lxa4nLsdMMWMnZJ705TJ+y59rgqOpUivZxYuZWuJumkslJNExlzJKMAJvD3QmS6Z5tOhX3Z9pmf6CXLusNjC0c1NpNfZFFhczgj61maLrldNQfznDLgXPGOkGeufp3AkaQaxI5unxl0LXHegPPZ+n8CbUt/eto1Trx9GdoHH6wP5TOF13KIbUX1Lt+19m3ZjGeQjRDEyivqpMcMnqrgKicNwSt07Zry0oFE4Xna9a0ow==
5de7dae38UjREQxdu5BbER6xsbMxk8X0llc8/2MlUXl3fXP9THkp7egC7kp9dG9cOznVK8yPX5l2aYnLsdMMWMnZJr05TJ+y59rgqOpUivZxYuZWuJumkslJNExlzJKMAJvD3QmS6Z5tOhX3Z9pmf6CXLusNjC0c1NpNfZFFhczgj61maLrldNQfznDLgXPGOkGeufp3AkaQaxI5unxl0LXHegPPZ+n8CbUt/eto1Trx9GdoHH6wP5TOF13KIbUX1Lt+19m3ZjGeQjRDEyivqpMcMnqrgKicNwSt07Zry0oFE4Xna9a0ow==
QvTDo/YC1bHrtgMthH20/x6xsbMxk8X0llc8/2MlUXl3fXP9THkp7egC7kp9dG9cOznVK8yPX5lxa4nLsdMMWMnZJb05TJ+y59rgqOpUivZxYuZWuJumkslJNExlzJKMAJvD3QmS6Z5tOhX3Z9pmf6CXLusNjC0c1NpNfZFFhczgj61maLrldNQfznDLgXPGOkGeufp3AkaQaxI5unxl0LXHegPPZ+n8CbUt/eto1Trx9GdoHH6wP5TOF13KIbUX1Lt+19m3ZjGeQjRDEyivqpMcMnqrgKicNwSt07Zry0oFE4Xna9a0ow==
IcEDCiD6WPSbmC6GY2J/FR6xsbMxk8X0llc8/2MlUXl3fXP9THkp7egC7kp9dG9cOznVK8yPX5l2aYnLsdMMWMnZJL05TJ+y59rgqOpUivZxYuZWuJumkslJNExlzJKMAJvD3QmS6Z5tOhX3Z9pmf6CXLusNjC0c1NpNfZFFhczgj61maLrldNQfznDLgXPGOkGeufp3AkaQaxI5unxl0LXHegPPZ+n8CbUt/eto1Trx9GdoHH6wP5TOF13KIbUX1Lt+19m3ZjGeQjRDEyivqpMcMnqrgKicNwSt07Zry0oFE4Xna9a0ow==
uyYL+15Nen869GPoF5VNqR6xsbMxk8X0llc8/2MlUXl3fXP9THkp7egC7kp9dG9cOznVK8yPX5lxa4nLsdMMWMnZI705TJ+y59rgqOpUivZxYuZWuJumkslJNExlzJKMAJvD3QmS6Z5tOhX3Z9pmf6CXLusNjC0c1NpNfZFFhczgj61maLrldNQfznDLgXPGOkGeufp3AkaQaxI5unxl0LXHegPPZ+n8CbUt/eto1Trx9GdoHH6wP5TOF13KIbUX1Lt+19m3ZjGeQjRDEyivqpMcMnqrgKicNwSt07Zry0oFE4Xna9a0ow==
X0fb80dEidrHDWCRfMKySB6xsbMxk8X0llc8/2MlUXl3fXP9THkp7egC7kp9dG9cOznVK8yPX5l2aYnLsdMMWMnZIr05TJ+y59rgqOpUivZxYuZWuJumkslJNExlzJKMAJvD3QmS6Z5tOhX3Z9pmf6CXLusNjC0c1NpNfZFFhczgj61maLrldNQfznDLgXPGOkGeufp3AkaQaxI5unxl0LXHegPPZ+n8CbUt/eto1Trx9GdoHH6wP5TOF13KIbUX1Lt+19m3ZjGeQjRDEyivqpMcMnqrgKicNwSt07Zry0oFE4Xna9a0ow==
NosyiprrO5fp5i49mnGWfR6xsbMxk8X0llc8/2MlUXl3fXP9THkp7egC7kp9dG9cOznVK8yPX5lxa4nLsdMMWMnZIb05TJ+y59rgqOpUivZxYuZWuJumkslJNExlzJKMAJvD3QmS6Z5tOhX3Z9pmf6CXLusNjC0c1NpNfZFFhczgj61maLrldNQfznDLgXPGOkGeufp3AkaQaxI5unxl0LXHegPPZ+n8CbUt/eto1Trx9GdoHH6wP5TOF13KIbUX1Lt+19m3ZjGeQjRDEyivqpMcMnqrgKicNwSt07Zry0oFE4Xna9a0ow==
wEXJHWlqB4KkjQl8JsrINh6xsbMxk8X0llc8/2MlUXl3fXP9THkp7egC7kp9dG9cOznVK8yPX5l2aYnLsdMMWMnZIL05TJ+y59rgqOpUivZxYuZWuJumkslJNExlzJKMAJvD3QmS6Z5tOhX3Z9pmf6CXLusNjC0c1NpNfZFFhczgj61maLrldNQfznDLgXPGOkGeufp3AkaQaxI5unxl0LXHegPPZ+n8CbUt/eto1Trx9GdoHH6wP5TOF13KIbUX1Lt+19m3ZjGeQjRDEyivqpMcMnqrgKicNwSt07Zry0oFE4Xna9a0ow==
X9tKHAaSs9hFobk2ukgQ+bmtB+D0ALkbPizSHiD30f0QvVh+OG8k1wpKi9Vo50YoGXYpJ8CaLe3l8rGOHfx4t/G36fQZ8txZKb2BRSjim0Qf3ux8iHHCIz+SZRdLIgG0z1Eg2zWtD5CFtUZfsKjzJ7n6hw56NxqzD2kNy/PZGHXffgT+J54TmSGdVqPDcWJzkE1njg45wbJHBUfSdqI/eWSLXYQQ2u7QehKlRtJORjjJzRt75k4EtTqpL+88oVK5LY0B7wWDX1YTwLwiF+uC6DS9fPp6qjBDCsZC2GsYTOENl/HtjbbtQU14vyF9sex0niPBi3LxoFHLtLA=
dnVw3HAdbJy/sMzGqWlAsh6xsbMxk8X0llc8/2MlUXl3fXP9THkp7egC7kp9dG9cOznVK8yPX5l2aYnLsdMMWMnZKbI5TJ+y59rgqOpUivZxYuZWuJumkslJNExlzJKMAJvD3QmS6Z5tOhX3Z9pmf6CXLusNjC0c1NpNfZFFhczgj61maLrldNQfznDLgXPGOkGeufp3AkaQaxI5unxl0LXHegPPZ+n8CbUt/eto1Trx9GdoHH6wP5TOF13KIbUX1Lt+19m3ZjGeQjRDEyivqpMcMnqrgKicNwSt07Zry0oFE4Xna9a0ow==
S3ksP2A77dI0KG9VRMsAX5LXMJHT68Xs3AbJP96BRj7rbVRSCknGnoEeNTJzcO7wMtSN0rS/7TfoE2fVRZbZIWCanbCYUd8s9FugeJWHiYCs9FPH5hfTtTmck9UQEwZwFas/SiFiPG8snxlpG+fFgV4Zec6CcsFGpdV3/UCv9WmEv1b9weKIoXcekcWR/kC6ORVCu5tI9kJYXOxy8wrklqA0z/09F6AWshmsKblDivkU1Qu9B+PjW2kaRaAqrqFzZCTyjVqWfLIGb9wGlHTdgMqNqyc3IWuu201bGOlty2kK+BiTZ+c0qZZ93bSm
Dzhthb2Mw3+cuEOASrADv7mtB+D0ALkbPizSHiD30f0QvVh+OG8k1wpKi9Vo50YoGXYpJ8CaLe3l8rGOHfx4t/G36fQZ8txZKb2BRSjimkQQ2et8iHHCIz+SZRdLIgG0z1Eg2zWtD5CFtUZfsKjzJ7n6hw56NxqzD2kNy/PZGHXffgT+J54TmSGdVqPDcWJzkE1njg45wbJHBUfSdqI/eWSLXYQQ2u7QehKlRtJORjjJzRt75k4EtTqpL+88oVK5LY0B7wWDX1YTwLwiF+uC6DS9fPp6qjBDCsZC2GsYTOENl/HtjbbtQU14vyF9sex0niPBi3LxoFHLtLA=
S3ksP2A77dI0KG9VRMsAX5LXMJHT68Xs3AbJP96BRj7rbVRSCknGnoEeNTJzcO7wMtSN0rS/7TfoE2fVRZbZIWCanbCYUd8s9FugeJWHiYCs9FPH5hfTtTmck9UQEwZwFas/SiFiPG8snxlpG+fFgV4Zec6CcsFGpdV3/UCv9WmEv1b9weKIoXcekcWR/kC6ORVCu5tI9kJYXOxy8wrklqA0z/09F6AWshmsKblDivkU1Qu9B+PjW2kaRaAqrqFzZCTyjVqWfLIGb9wGlHTdgMqNqyc3IWuu201bGOlty2kK+BiTZ+c0qZZ93bSm
6uyWIOU//w/pfN1LRahh3wyWxxoKVKZa9MzR/CUay//VUbhuCEVDd5ASGbjrQWOHrdav0fsRDeI1Jibsn1OnNrmA26akR6Jq45IIUITiAGK79TE03CfRYYGeMgJ5Ll5q3lbJj22IGZwCFCWxoUUkaL0wcjiI97OZMY7pikV2RZP/ZsaLaLoK4GvQbcE9Vt3ZyTnl+OhjXaLQJmXgfNMelNO9U7Jy7S49AqvCEvhnAh1igIVkPasKR/d76egh+X2Zc9R1zjnYV2xkIvDrfEKH+ZJd1SPcV44TYSvmpTaO5KcLFI/e27CC/lNcaMhfCL33bpcr/o1/9aNTyrS3
S3ksP2A77dI0KG9VRMsAX5LXMJHT68Xs3AbJP96BRj7rbVRSCknGnoEeNTJzcO7wMtSN0rS/7TfoE2fVRZbZIWCanbCYUd8s9FugeJWHiYCs9FPH5hfTtTmck9UQEwZwFas/SiFiPG8snxlpG+fFgV4Zec6CcsFGpdV3/UCv9WmEv1b9weKIoXcekcWR/kC6ORVCu5tI9kJYXOxy8wrklqA0z/09F6AWshmsKblDivkU1Qu9B+PjW2kaRaAqrqFzZCTyjVqWfLIGb9wGlHTdgMqNqyc3IWuu201bGOlty2kK+BiTZ+c0qZZ93bSm
4Rg7OFJ5sSJ+TsvtFDNFjAyWxxoKVKZa9MzR/CUay//VUbhuCEVDd5ASGbjrQWOHrdav0fsRDeI1Jibsn1OnNrmA26akR6Jq45IIUIThDWG89zA40CDRYYGeMgJ5Ll5q3lbJj22IGZwCFCWxoUUkaL0wcjiI97OZMY7pikV2RZP/ZsaLaLoK4GvQbcE9Vt3ZyTnl+OhjXaLQJmXgfNMelNO9U7Jy7S49AqvCEvhnAh1igIVkPasKR/d76egh+X2Zc9R1zjnYV2xkIvDrfEKH+ZJd1SPcV44TYSvmpTaO5KcLFI/e27CC/lNcaMhfCL33bpcr/o1/9aNTyrS3
S3ksP2A77dI0KG9VRMsAX5LXMJHT68Xs3AbJP96BRj7rbVRSCknGnoEeNTJzcO7wMtSN0rS/7TfoE2fVRZbZIWCanbCYUd8s9FugeJWHiYCs9FPH5hfTtTmck9UQEwZwFas/SiFiPG8snxlpG+fFgV4Zec6CcsFGpdV3/UCv9WmEv1b9weKIoXcekcWR/kC6ORVCu5tI9kJYXOxy8wrklqA0z/09F6AWshmsKblDivkU1Qu9B+PjW2kaRaAqrqFzZCTyjVqWfLIGb9wGlHTdgMqNqyc3IWuu201bGOlty2kK+BiTZ+c0qZZ93bSm
WlbUXlErDfHRdDjgICWpigyWxxoKVKZa9MzR/CUay//VUbhuCEVDd5ASGbjrQWOHrdav0fsRDeI1Jibsn1OnNrmA26akR6Jq45IIUITnDW2/9zM23SzRYYGeMgJ5Ll5q3lbJj22IGZwCFCWxoUUkaL0wcjiI97OZMY7pikV2RZP/ZsaLaLoK4GvQbcE9Vt3ZyTnl+OhjXaLQJmXgfNMelNO9U7Jy7S49AqvCEvhnAh1igIVkPasKR/d76egh+X2Zc9R1zjnYV2xkIvDrfEKH+ZJd1SPcV44TYSvmpTaO5KcLFI/e27CC/lNcaMhfCL33bpcr/o1/9aNTyrS3
S3ksP2A77dI0KG9VRMsAX5LXMJHT68Xs3AbJP96BRj7rbVRSCknGnoEeNTJzcO7wMtSN0rS/7TfoE2fVRZbZIWCanbCYUd8s9FugeJWHiYCs9FPH5hfTtTmck9UQEwZwFas/SiFiPG8snxlpG+fFgV4Zec6CcsFGpdV3/UCv9WmEv1b9weKIoXcekcWR/kC6ORVCu5tI9kJYXOxy8wrklqA0z/09F6AWshmsKblDivkU1Qu9B+PjW2kaRaAqrqFzZCTyjVqWfLIGb9wGlHTdgMqNqyc3IWuu201bGOlty2kK+BiTZ+c0qZZ93bSm
65LObRIb83mKsDv7OQ9XYAyWxxoKVKZa9MzR/CUay//VUbhuCEVDd5ASGbjrQWOHrdav0fsRDeI1Jibsn1OnNrmA26akR6Jq45IIUITgC2C88DY12yLRYYGeMgJ5Ll5q3lbJj22IGZwCFCWxoUUkaL0wcjiI97OZMY7pikV2RZP/ZsaLaLoK4GvQbcE9Vt3ZyTnl+OhjXaLQJmXgfNMelNO9U7Jy7S49AqvCEvhnAh1igIVkPasKR/d76egh+X2Zc9R1zjnYV2xkIvDrfEKH+ZJd1SPcV44TYSvmpTaO5KcLFI/e27CC/lNcaMhfCL33bpcr/o1/9aNTyrS3
S3ksP2A77dI0KG9VRMsAX5LXMJHT68Xs3AbJP96BRj7rbVRSCknGnoEeNTJzcO7wMtSN0rS/7TfoE2fVRZbZIWCanbCYUd8s9FugeJWHiYCs9FPH5hfTtTmck9UQEwZwFas/SiFiPG8snxlpG+fFgV4Zec6CcsFGpdV3/UCv9WmEv1b9weKIoXcekcWR/kC6ORVCu5tI9kJYXOxy8wrklqA0z/09F6AWshmsKblDivkU1Qu9B+PjW2kaRaAqrqFzZCTyjVqWfLIGb9wGlHTdgMqNqyc3IWuu201bGOlty2kK+BiTZ+c0qZZ93bSm
FMZ7ZPUc6DSWDfGANy6IfLmtB+D0ALkbPizSHiD30f0QvVh+OG8k1wpKi9Vo50YoGXYpJ8CaLe3l8rGOHfx4t/G36fQZ8txZKb2BRSjknEMR3+58gHPCIz+SZRdLIgG0z1Eg2zWtD5CFtUZfsKjzJ7n6hw56NxqzD2kNy/PZGHXffgT+J54TmSGdVqPDcWJzkE1njg45wbJHBUfSdqI/eWSLXYQQ2u7QehKlRtJORjjJzRt75k4EtTqpL+88oVK5LY0B7wWDX1YTwLwiF+uC6DS9fPp6qjBDCsZC2GsYTOENl/HtjbbtQU14vyF9sex0niPBi3LxoFHLtLA=
S3ksP2A77dI0KG9VRMsAX5LXMJHT68Xs3AbJP96BRj7rbVRSCknGnoEeNTJzcO7wMtSN0rS/7TfoE2fVRZbZIWCanbCYUd8s9FugeJWHiYCs9FPH5hfTtTmck9UQEwZwFas/SiFiPG8snxlpG+fFgV4Zec6CcsFGpdV3/UCv9WmEv1b9weKIoXcekcWR/kC6ORVCu5tI9kJYXOxy8wrklqA0z/09F6AWshmsKblDivkU1Qu9B+PjW2kaRaAqrqFzZCTyjVqWfLIGb9wGlHTdgMqNqyc3IWuu201bGOlty2kK+BiTZ+c0qZZ93bSm
PccXin0a/UNCdP9CVteN2gyWxxoKVKZa9MzR/CUay//VUbhuCEVDd5ASGbjrQWOHrdav0fsRDeI1Jibsn1OnNrmA26akR6Jq45IIUITkCGe09jE10CbRYYGeMgJ5Ll5q3lbJj22IGZwCFCWxoUUkaL0wcjiI97OZMY7pikV2RZP/ZsaLaLoK4GvQbcE9Vt3ZyTnl+OhjXaLQJmXgfNMelNO9U7Jy7S49AqvCEvhnAh1igIVkPasKR/d76egh+X2Zc9R1zjnYV2xkIvDrfEKH+ZJd1SPcV44TYSvmpTaO5KcLFI/e27CC/lNcaMhfCL33bpcr/o1/9aNTyrS3
S3ksP2A77dI0KG9VRMsAX5LXMJHT68Xs3AbJP96BRj7rbVRSCknGnoEeNTJzcO7wMtSN0rS/7TfoE2fVRZbZIWCanbCYUd8s9FugeJWHiYCs9FPH5hfTtTmck9UQEwZwFas/SiFiPG8snxlpG+fFgV4Zec6CcsFGpdV3/UCv9WmEv1b9weKIoXcekcWR/kC6ORVCu5tI9kJYXOxy8wrklqA0z/09F6AWshmsKblDivkU1Qu9B+PjW2kaRaAqrqFzZCTyjVqWfLIGb9wGlHTdgMqNqyc3IWuu201bGOlty2kK+BiTZ+c0qZZ93bSm
eN3THB4pGg+F6MipGSvZfQyWxxoKVKZa9MzR/CUay//VUbhuCEVDd5ASGbjrQWOHrdav0fsRDeI1Jibsn1OnNrmA26akR6Jq45IIUITlD2G49jQ32SDRYYGeMgJ5Ll5q3lbJj22IGZwCFCWxoUUkaL0wcjiI97OZMY7pikV2RZP/ZsaLaLoK4GvQbcE9Vt3ZyTnl+OhjXaLQJmXgfNMelNO9U7Jy7S49AqvCEvhnAh1igIVkPasKR/d76egh+X2Zc9R1zjnYV2xkIvDrfEKH+ZJd1SPcV44TYSvmpTaO5KcLFI/e27CC/lNcaMhfCL33bpcr/o1/9aNTyrS3
S3ksP2A77dI0KG9VRMsAX5LXMJHT68Xs3AbJP96BRj7rbVRSCknGnoEeNTJzcO7wMtSN0rS/7TfoE2fVRZbZIWCanbCYUd8s9FugeJWHiYCs9FPH5hfTtTmck9UQEwZwFas/SiFiPG8snxlpG+fFgV4Zec6CcsFGpdV3/UCv9WmEv1b9weKIoXcekcWR/kC6ORVCu5tI9kJYXOxy8wrklqA0z/09F6AWshmsKblDivkU1Qu9B+PjW2kaRaAqrqFzZCTyjVqWfLIGb9wGlHTdgMqNqyc3IWuu201bGOlty2kK+BiTZ+c0qZZ93bSm
2tEU9Wv/VEB6sXAhyNADFqImOWsp3leF15Hdhfd4Cxejp825Uc9Snl4Qx9TEcy9AUtqZx6fhgI6wtllqRusa19BBbhZCszITY1c2T+nvOqKV7LjuAQ0l9a9At0LKOOd2yKWjByHByk17AMGt3QVHQLQ5
tRl2RHp2oaBqx2MrHgRlbdb+uenqbVF0I/2t+LVuZRMAP72vlyqhOxNlXCo0w6CkjY3ZkIxxLEeL0exQhfXSAw7Dao1b06qJ9EBCaBrr01sUPT6sh4fcXB89ICjZDNbYmU3rG1aOdBXqqf9PTGHi2d0NUQ+Vw082o8DMggerEshkPUzaiuoAo1rGkrhb2DzBPRchzR12/eG9eAzBYHV8FE6jsWvCsVDxm7Tg
M9w/g9TscUTc9cGJdiCnUqL7rxUvwZytSQYpnaRl1wbBBp7WoZ7l36xNTz/WOBWyLm0Vi63WYR8GzAmdQcuLMUNqh32zmaBhDgPHrEkBRTWyhoPbViItMx4wEPk6vGUQNQd6Q08n6byJ9S09a6jV+nE0ZyicPrB/FI4XnUrhtddUe36XWfdmcR4CNIOT6K9qE9wyOivAqN+3SakTNqvLioXThafrlrTj
ue052zc11ZotcKbrBLNtCU110lyo2g+NgUYab6pFHjX5bskl9K2XXjEuvi6xluXHnKUvBwZw1WpexbXzPV7hh7ak6SURA8tps0KnhaORoHk+66eUmUmF7cIuI6PGqq2rrljwQWp0JUjFL1q7Xy/ppLkdTQW74BUiAZzHUAy2MOek5vclGin1j6RTXm9J/2ZpLupUu0Ogb7JjdJJCu0goRwchSatmY4vSdfulX/uetPs=
irI51DUS3AzO7TDm8ZbVQBguCLefDXaump+ctHsafjbYF92IoQ/Yw2dMBTjGNI2I5cWYoycNCn7FGErzrQkhYMHlUoLBz30t+ztHFJ9f30/gO/qtb17Vh9VfFlj7GZpUzQkKPhjrxppV2nG5oiHjsWkmPZvFjzduhdCVKl8qkAiQBcBAX0/2h0Vd0IXmNbWhpqtqLBzxj+6/gDeCynhnNshlI8chgUoNe8BB7d1Fx4C0+Q==
aYy4P06WepGw0cyT6yKYYdQ6StTk8wWjf48tIAHniHunNNUQpty9kOXdqEtHJdoGBaAaGw2h0fhBfSIqYaetlbvDFzx/N+9X4CPKxY92hX+V58YwW7HqzE2R+pa4A5YilaKhkcLJ06lpPg1zpafnFkVoxcL/gmCQEJ2w6P8nJj8FpYCtBl2FuaazWkT82d8W/zjn6mrQF65I/dNvgWkatbu4kcW9rfeYtOE=
tnyhbZSzjJT0pRcAIVjRjp33s+66eVRvOuv+v691cgYAP72vlyqhOxNlXCo0w6CkjY3ZkIxxLEeL0exQhfXSAw7Dao1b06qJ9EBCaBrr01sUPT6sh4fcXB89ICjZDNbYmU3rG1aOdBXqqf9PTGHi2d0NUQ+Vw082o8DMggerEshkPUzaiuoAo1rGkrhb2DzBPRchzR12/eG9eAzBYHV8FE6jsWvCsVDxm7Tg
lHo32HJnmJPON7wrZ7239tQ6V9ji4R6qT48tIAHniHunNNUQpty9kOXdqEtHJdoGBaAaGw2h0fhBfSIqYaetlbvDFzx/N+9X4CPKxY92hX+V58YwW7HqzE2R+pa4A5YilaKhkcLJ06lpPg1zpafnFkVoxcL/gmCQEJ2w6P8nJj8FpYCtBl2FuaazWkT82d8W/zjn6mrQF65I/dNvgWkatbu4kcW9rfeYtOE=
lfeJeqni/+4BDtIeExjIPx+JFWLG4Vs1KGXqS6jstydGFPzxsaKZESzRd3oZws46iYrlw5SpP/MeTPUOtumFJ0WCocN+6DmRSf+rzRsuVxEbDSD9tmc34AH1JQmqgpP3PvZtb+aUoHWyCMVs7cMqr2cz6aCxEV3xo9w1Rumw94R0anCjbKonkULVlSsMP6778WPm7aZmxM/bHM9WC9giFkMU6INP7Rmfvh9r9l0X1UvDgrT/
LbiKoOUvFXNBKhMbtBRHif2J3hg1wG19No/RYR9L5VTR0+Cfh1A9JLYotZTl2aC/VxEyYiVEci/d1Rk8AbnqXrETxXEbp/+I78Nn02CnQjEfwm0bNQOuhIvFIggNVTLiaDf+xrXGSaXSPdutaToFh7WTD3JljK32L/aoVFBZeJwvk07bpcFoGZapDT0mN9KwbG03cl/cj166pN9qCDkbG1FdclGb3HnxrVn/nLTl
RR7nQqmK3bcT74KT1PeHdfyAww8zwyRvZoHNaxoK0RrdyeiKh1A9JLYotZTl2aC/VxEyYiVEci/d1Rk8AbnqXrETxXEbp/+I78Nn02CnQjEfwm0bNQOuhIvFIggNVTLiaDf+xrXGSaXSPdutaToFh7WTD3JljK32L/aoVFBZeJwvk07bpcFoGZapDT0mN9KwbG03cl/cj166pN9qCDkbG1FdclGb3HnxrVn/nLTl
g4M05rIT+idmfijIBNPn+87RUkHLkaU+ij8oliEVVX1vSIfaqgD3Pkhtsz/BWfpFO4gxtf391wi0cQ==
iaEjVj0HRqmpzK/52dI0vI9d8kREad3BNHTEIZs7jcWZZlk5QbgwmQTleJyiQ50jhsH0yQe0fA==
lO6EfKLywxDxZ89DzB0KYR+zeuFcYXO7qSFU1IL+N7/9P08j3jWEAqvpTz6fdbfYxhWCfe4wBPPb79AZkiVxtAo=
JoecNsTfrB743SBwSjQk8ZcBvR3SSuonovc+c4uISPXl7yg6kSUYe15Heb1lFrVRlfjkMahVxCQW48n72hGYIXO0CA==
mZDnAvpsNNiII++Mq0ixcDYhPAqwJDDm9gMU2HBjGo/KPpSxy//twgMk0vKb2Ci35/GJm8ZzC6IVq+Xv2w60Cw==
g4M05rIT+idmfijIBNPn+87RUkHLkaU+ij8oliEVVX1vSIfaqgD3Pkhtsz/BWfpFO4gxtf391wi0cQ==
iaEjVj0HRqmpzK/52dI0vI9d8kREad3BNHTEIZs7jcWZZlk5QbgwmQTleJyiQ50jhsH0yQe0fA==
ckAnOZYK7aqrgGHUL1mhlQ9OlSRCJvsywcbVtBJA+c0AofpkfBICcVj7mtM7Nk747lGyKMudvHIdQK6+vWhEmNBEcNSxfrAxOp3xk0yPLSo7l2DR8G8JoJo7l61eJulY6wG7ywy7xDfh9agJSQIFiLiIBfE3j5A3xY1Hx1nUel5XndTTqrv3b5AGMcyKm6ZW8vbojq25HBjCmt6wnG3iiLU4F+gv6OFpRLiZnUyEkyQ3CK6Pm4rRfzEdxmHXBWp3sk+wI97xXfqXIQcEXdIr64dJVpLeZp93wwOh8//WR2aBFV4Eqf4jW8B4xtFGN7oRm4GQ4yp1grbj7AyManqUt0N+Mv2xvE/PRbLCUvQJQ+p5eHK+EUkuZXwX9QQNBy1utsp8YmZjY73dzT0ZeMeinRV6VPH7NqVFpdbMamWNFlvvsIqyFLR4sueiqKYcjPtd6Q98Rr5xWClNK4apyM3fHTNbX2slslFgvkbtgxjchm0ODiBiikfohqBcUdAWFX9Hw1mX3hclz1/+xQpdtkAsMzP/aHmalam00g==
nBu6gzEQgMn9PcX6XXauW3EEjoXFgsWPSxpflT5O2WattflJyxi/WodD1IqRn5OkiDkrtIPYjrf10CQzs7pSeGBwF4T0OcYFtHXANBnuKLGiDZkztD9lavNHOLHYnzGgosu/zQb2IRijsUNrZCtct3llAOnxck1IcNhd0d+/6Dc9vS/ngQQyHp9tbLMCK2/vCJbZbPIrbpa6pjBuhckkGPrq9lBEPapIfYhvSMd4eencKDH99HRbZH/Ydq/zuil/SS0uQY9Vorf6PwjDdmHFeg+xb6SlYmOrT5kO8vaWp3f784mTpwaPJsmlpqTBbrvbWOhuMf5H8tFT0cjDwkX6thvcZKyyqtz3i46KnRks10/dIiryjLmLKjEoql45ORZlRGfd5NVXZa5+egTCjvP7PUVdlXnAN2rdXaqM0ZMGXUXd5iRKPd3em6fAMlK8JOAyfzLABuQ8sx0h3yQmloFgKXXbrsmQHRdde+uny00iyeAm1kVjoKzOrcZeeEJid5CGWGw58M7FNwcLqS++v7VX32ZV4v3O8OTze6+wmbLlkbTq
bf8iWVWgRSOZVAIpuVLI7vctNglVOD0TPI8UR9ypi1QRI7M1QvbE406zandPkbNOUz1zmwVdTk3SCCDT//fMCZ4tdbQO
m+Rj0jxl5W5XKHdinbjrSPo9rNjSIJz2Symh8hiI68Cfll636uyamYxM28khBVJSqCfetjV2qbWSTXt9aeql9/WD78Ll/I3m70bIBFCJmCxvg24rJXEICVZZrW0mZ3JArH1Xwt8sr076FD+6C257q5FNUiEbbJnh7SlfTLQ1
BvrEDM/2KXDm4hP9CES/hvrAoBn2jzM/4JazGXkAHcm/smU4IR0iiWTBSwTja+IzireCFVUsDx/t9RxKWpuQjzSHUa1tNo2B7XtbYVA1zDR+I2FLUnFAEWu0EA==
GJ1eDmT0NHYi0E3KxkZQnuAhp0FhtEEthJFmFjWV/5iLRUkCE5S3hYRlwqHt6EUzNJ/8B3RZA/TJU6s1WgacQ8bDwrcngbtuq23LG32Ndi3aGAgTl0dEaUYdbbQW
acV6bWGrIUw/oE6eyCHuQ8kSiGRQhmA3s5FmFjWV/5iLRUkCE5S3hYRlwqHt6EUzNJ/8B3RZA/TJU6s1WgacQ8bDwrcngbtuq23LG32Ndi3aGAgTl0dEaUYdbbQW
5WyqgEj57jD8KGqYJNlUYCy9lQathGIWMZ3jiGd9LSL3zJt1uC0GYamguYNYR1hn0KGvZFXbL7XejgDTartmV4PZV97XpQ9bOUVKXfbAbDNzfyh5WhVptBI=
JZeScLXZnKSTigQSDhoTSDHe5PvT8cM9bd3TNrhiRmGEUl4WDWXH+KO1gUJbRB/lHPVaIXV43ZNcTzRHPGnr1LFjUzUiNmRjrvMKd2/RU84z/VOb5R3uzXJIwNPfN2yJfm1VtC4=
Gf/Z1XFXstpukl9yWpW6QpyzTw1KpHa8NZdfPKyFLM6+mdZMJwQ87vO+ipIeRCnpyy1xpKqO52G5Gx9lQwDo1E201QNUR4eDlRVfhuso4ibjROvU793Zb17P66Y9Z5V7Y1K0Lw==
4OqS1Hbq4l40U5IXdUq90D3aZQhjYmkb4zwOMwxOxZf8bSFcVxOtwBBoiAKCsUyX0Yf0V3m4Qdnfm/EABEJtcG5QYd3SUXww3RzyEFUtZ5Py/jDt1qnDtwgRRlFRbZ3HsdNLLv+AEBqDO/YAKB1A0u7axBsmRm4AH+jYyTE37YV55nl54bvX2WRlWFwCQz3jZkGUiae03A==
cBIKdr2UZXVpcA7YnoXGxAl+bz9ce25+TeGGoEQFOva3uedQLrXOPFEuKcXx5ApvievfN0sw48mJ2Sxxv2yiBHlox3oq4LceSkpzX0H5OmU7aHFVfV0XaLQR
