9NT8gesYtMUG4H9pYoYK3tFZMP7an4n1pM/P0aiT1HXsxB6U4c0oKSC9yEBXhnM9rO7YB5HmsNw8WOR4LtLxrq6+KuCdbS/Dyh7Y3c6p24fg8X4BGS1VN2lzI75HAOiKK1uusODdiIKW+uzrPkZ2cDfIIBl5d6U1oQbR6Zk9akmHxQAkS4PwM14h/Lmzs9Y=
0g13OsYm7I/MVcSFfZJoLR17bEUmOpy05/sVGMslVGXXCz7yZ4SucJiW0vrpPN+ys8wwKP9hTLGijINk7CxL3XmvrIZuUUgpXQtWaRhtT52D+6+rFZIhYI6mHUOovPbtnu7woton+IawvIGQRnXvxzO5J55nRf9dDOUxHcbonbOmXzg5yrW1s9A=
xQXnn0aydGOVjkOEMVU+4DMxitYmsbOGGnA1o7245kdhVAtqw9HMT9YdLVl9WQHk37mUh5umq3MLJv6n3HPjM9U4lPM6V2fie8zK8HxezuogwVnS99Q8GIPpqHGGhL+UYLQP/X2X4BbymWwpecPK+VRVS73HYyNbKZoFoGouYXOkpLKNGhY8ssbvHAbU9J2ACg1rJ/ehK66bzZsdKO0NbUpwWZOiZ/SpVv2Rs/Q=
hIL9Ccd/RSyq376u1Ze2pZ6J9Rkkj1A1L9dYebbYNgeQc2AvdmeiTwoQYmV8sCM14fmqrljbJkrVilFJYrGDgWkWXQsFfxc+BQB1Gh+6MPiQdWDQn3+W18WN8PWmpVWRppuKvFyBrz4/0FeyCujHRs2Xg1xhsaLc+5VhHR3Vp7yz2w==
YgjfGby4YR7lKs+myX/+WI3uWxVO/DwBWSZBGhBLJyt9xkhVT6YMFAZ0rosQ//iDxiL7I2p8emlMnPv5ITVyAuhXvia15gkFUp2bjWkaRSc1M09SZWztlq8W6DRQubj8r3OOu6XhqLkWCc0dJhcSEOzN91JfvE++OsQfig1bW/DRPTqwm/k5US35v7Cz1w==
iYtmn9XOfhNRTbRtoHNqIY3uWxVO/DwBWSZBGhBLJyt910BbSakNRgZ0rosQ//iDxiP7I2p8emlMnPv5ITVyAuhXvia15gkFUp2bjWkaRSc1M09SZWztlq8W6DRQubj8r3OOu6XhqLkWCc0dJhcSEOzN91JfvE++OsQfig1bW/DRPTqwm/k5US35v7Cz1w==
zU36Ww0WmP32ipKci8lB5ZgRqrpkBHcBrrWrI/ePpID42vQZPQLDmS6w5O1tOldw0OO0pYw73VB75EGqNjj2J5BToM/2zOMvCjCihfwQY1XhGWoO2LtmatVqkeni0cOhaTYda4Xf194FIDV6nxrwGJAVIHAfn1b3xe2wVSZFlbGmu0pc3CHvXj/wl1KKSIcmzXdD/OHR4vz7daG9nbXnnLP7
Py+AXswSJQlK02JJwHPeTCvw9Id4spTlu6WZ9PW4SLNx5PXzc+fjYhsMKvAcHi5qRoF60teUnJgjqYhxZsTfFIB0b/2dV0CWUllMKVkDann0lau9p6PD20na5aBKbsHzBOSSjTpWXDImr3wGNDT9AOrNSyfXYYsuOw27HUgt7e0qMLmTwidUKfa9sbPU
gu46bPM7Z0TgZRWmTK+9Xr2wzlb76gwRpmkEXSpnf9PWk4UnQZrzkr4/4dp26BYXkGNAH7a6Q7+KoMI1PMBDJeHpSl6YC4b6VfoxGSKBo5FpBn07RS93ToWw1crfStDokGUAoN8vNmdFfRAlZpV1gaaLqoycUU/Ov2D34kqYp1bNh2OsoWECbHvlAU1d5Yess8s=
qZ0TvztlVc1ZIyZFd4f1J4xKOu7Gl4qmvs3RwbvUyFbsyR77h6NBMymq0UhosF5a5KKKVciCpcA2MMlNKtHEoLW8KuCdbS/Dyh7Y3c6p24fg8X4BGS1VN2lzI75HAOiKK1uusODdiIKW+uzrPkZ2cDfIIBl5d6U1oQbR6Zk9akmHxQAkS4PwM14h/Lmzs9Y=
W4pmDopj71M7/gNEbDJyameR1PWKDw9LVgt1z/447bi7TDEylsAmD5B7cDdWUJOHytiSnZwos71hcTo2OKNWApXCYXFCqZOJaR5NEyVHJ3ZFSAVifyKgcBD98Eh/h2YfBUXAzYa9RZmmk5qkfLmf9v8Yp0rqcFfOTR8TxAHJ0pS73VElPc23tLPT
wcsXWQy6LHl2UzZPn+mlpxlDAzpYTf3VAprg5gxlWoLzHCLwFA5GCh/QQhIPZGR4ixkA8e60t7Q4xLc9ZYeYtnpJRClRE0JZLEVTfX8Te3shqm0gwt5pE/wUSk0CBgRSTr90BjwkFeAyHXNnjxHzTpO9M53A3QVNkoDh07p3DAnerbmz3A==
7Th6pMTxtY5BGanZIMhCrifx+Iph892tpLLA+bnnF+Fz/bTzc+fjYhsMKvAcHi5qQYB60teUnJgjqYhxZsTfFIB0b/2dV0CWUllMKVkDann0lau9p6PD20na5aBKbsHzBOSSjTpWXDImr3wGNDT9AOrNSyfXYYsuOw27HUgt7e0qMLmTwidUKfa9sbPU
ZTUB/pIWj3e6LzTYlIGF/I+o1iKfURqigngR3hyFzndXIHDtbJrE6OID/3/ywQkyH4Lk7PJnH4zLchd88UNk4n556mGf3CGWSbiXDaHLze0nNieWQiuhR+ds5EHDnSfAikamj5Hb6tfuR2yUERoFMLQwAqKwEl08JSKJKELg/RXWkfh4wWweSHENA2ue7oxlEqkHP7QBKqk1TbmfXaNXZntAFNIfi9pYzH1k6kJKuBNixqoI43h08RXXiV1VVuUx5f1WEXOVNIwnY9ybilEoAe+zig==
6ynLN+PI4Ei9kkFPTEaUxmvo9wEkhcui7diHf5p1j9ilZPrQwp+8CB4KDdArh0lNf33e7lYQBh+Qa1Dnlu4y9kpocm1ceNOtYWHa5njTNrIVMsHBAvmzmWkObUNl94eGxfhlEj/yQGAQ7ZAYv3eGr4U1YH1GbWWJpoO6dLwJP4Z/qEe6KiA33k0P8xRBubIkOy3xlX2dl6Szww==
+Zttufw8JNxJY9EVWMhMaJx5Dh5LjN8VNJHDpu3cj2uKYae8hYDShJJLdExeTsUEe9Phqd8ZdnrGhI6bEO/YcwZ6mpLqjNo5DKwb6SElEjIohx5WNVbp1RLtu51pCmVXdeOv4uUcTUZvJogkUKlYzO8jLkslUcjp1vntDSYHMuAsnZfi30zv7nr0/5oNSzvAEe2awBtJ2YFtiZ+gs8c=
TyNa+47oTo89wduOOPdywgkE75aL0wVVmrgURSVtXQ3sDuwpNw0ZSBsO3uLfzj9388+uX1JncNyVauEoeLBOutTi1/Q5AjWghvAZbVrR9EBl/FpADe2fo5reKP3eqcunEDEuYamtxZcZM/NedwCYqvubHtBwXXgixrrcCy5GZhAHCPC5Cfc11RFGgclpPVop1wXwhNsDQNOOYYyZo7PG
jpmU6kRySQTeC2dUB8Txj9OFiWcQA1uC0x88l8ek7eLzUXJX0451rr6uem0Qbr6QmV6jBbX7D9c6MA5CytnQEWQJvowu4FpidlOkSr+LgbuOqLARisSl2GVfmms/H+m0me0NVVtQlbKh7AeAbIYw94QWt3X6mXUfBCOevynPZnkOGhTroxDvIsMEUpLbeC1VJ9oJ+47SC0fVi2WPm6Kz+Q==
VN5oCzKeP7z5JWaYomYh/jRIkjIk0thnlJqgvc3rt2AEaeKxBYoQB9FaBdKPdLZwgOa62tjrF3J7fGhIl/H0MVocK8S0XAOdsX9UZkZhUClFO36J4L2H3cuL9wu9AtngNjZ1I/AMPi1WPsiCslfghqhMabB+JaeHewn/fo/VR910dZm9HhhVc+4PQFniha2zyA==
LAGkIQm3JPuAienpLR6R9yJsHvmadSwTJ243cTyV0RxtCS7OSBzevmJNUL28zY6ZIdu6rs43NPZXX8HXlqxAzcKwBVSd+8oXFwvpmMGpvcnT5PX+mQgXvATS8BsckscpMm1VE3wHTkOBW+bV1t4k96skD+57YMIuM6xtOT/e+SfGpqvLLS8187O2s9U=
IygR8vSjjVcnKP1ovFvQUYVxf+BhBz+2NTyO4go50DEkaT4m6Q9aQjYzJOp/a4GbzsgwsUokpfglPxrL///plNmNjfWbsJWS4YyHIKxmMNfEdjfVOnl1P0RDHh/pL2ZZTnqUS2Pw7wKDZNIyG5gtdWe6iVtOMgtnlevlL1tCs9k=
kzLia40VMG6RTZ1nXZyAPxwTmgh4S9FTWeqBaFiwbno0YnyzVgIVYGZwuS060dSAhXz6AG3tv2N6Xoi9vqmr57CxzqGJraXXubMTnlcA+OpbG/4QUF0YYmY6PMsORkZQZ4hQeen3FZVxxiEJiT16abeFUEQ7A2CT7uEsWUOzJg==
nc+5x2HYdbTpJfV8WeRC5Idxf/FjETu2NTyO4go50DEkaT4g6Q9aQjYzJOp/a4GbzsgwsUokpfglPxrL///plNmNjfWbsJWS4YyHIKxmMNfEdjfVOnl1P0RDHh/pL2ZZTnqUS2Pw7wKDZNIyG5gtdWe6iVtOMgtnlevlL1tCs9k=
K4K6ENY7LSy4P69RHNRUUxwTnB5kVtFTWeqBaFiwbno0YnqzVgIVYGZwuS060dSAhXz6AG3tv2N6Xoi9vqmr57CxzqGJraXXubMTnlcA+OpbG/4QUF0YYmY6PMsORkZQZ4hQeen3FZVxxiEJiT16abeFUEQ7A2CT7uEsWUOzJg==
D8C86Oq+ipecDH1yllh9ohwTnQh2U9FTWeqBaFiwbno0YnmzVgIVYGZwuS060dSAhXz6AG3tv2N6Xoi9vqmr57CxzqGJraXXubMTnlcA+OpbG/4QUF0YYmY6PMsORkZQZ4hQeen3FZVxxiEJiT16abeFUEQ7A2CT7uEsWUOzJg==
EuE1CRMH2v68X1Jj7/aZ3GsRwSEuzN9igtPuudHt8WYEZ7LiE4ILFNBdJ9KPdLZwgOa62tnqGXJ7fGhIl/H0MVocK8S0XAOdsX9UZkZhUClFO36J4L2H3cuL9wu9AtngNjZ1I/AMPi1WPsiCslfghqhMabB+JaeHewn/fo/VR9J0dZm9HhhVc+4PQFniha2zyA==
MxIxkuj+rMv1CNPA6wUgeNLb4Z9YEdHudwppfmkF5AfbXn4LFFF/EDuT/qfAftbmCoYRIaITwCIr7DrwDH4eqpEj5VJndGxYc8m4cZbkj1Qw1J99DTcQVqJ5XClJI5q5pPU7PVcDc5sZ+hWgeg6RM/QEIg2q9ozyFs9sBiTUzUC6bdunZwH7buvtixI4DT0tmpDJE1LHhGmGnaGzxA==
RD2yBZ7CdsgeG2h5RvljLIzefQtx1FnJTpyPlT4K80D2OudCNBddaVouxtHzVq6vc+/CnhZ0LfGep7W3eDpxfUX+mGjDXTUFnu84MFc87dlgIHDWeJRosvdCeOZMbGvdWe/MBo6RaCl9y7bpeC1vnaO7Dyv1UkFgrma9w8h8Fu3+rlAiemeYhlB8IRDmtQ/HU/nHHscF31LspVGdZii9s4af2Lmq9ZWz8A==
RD2yBZ7CdsgeG2h5RvljLIzefQtx1FnJTpyPlT4K80D2OudCNBddaVouxtHzVq6vc+/CnhZ0LfGep7W3eDpxfUX+mGjDXTUFnu84MFc87dlgIHDWeJRosvdCeOZMbGvdWe/MBo6RaCl9y7bpeC1vnaO7Dyv1UkFgrma9w8h8Fu3+rlAiemeYhlB8IRDmtQ/HU/nHHscF31LspVGdZii9s4af2Lmq9ZWz8A==
bgPkWbFBwF6Z8z9CY9NcoqYKvgqREZJsx/RdTPxAzLaYHUDsCx6GVq+dT1iEEA0iXjcOikEaUvBR/fBVmYvioznh1Kq18iaXMC7a7CNUrbcBoG214d1FpPC3ze7Y4uVchOduODuZMy6q+X6xyq+C7kATMvHK5KW4pf8ai38/6dRZTY21G3CV0mFMh2AspjCXRLY3lbq5dX/Egx5fae9mGc66lAvjMO9CA6TScptYKTbneokbzvILJxUr5W/bgrOZ
oUuMVt5jDhCJWqq++x7c7FFP9bj1LbeRmde+LoclrSHPIEIYnMBf5FXsna7cDDtp8/7VIQTr9z5V3Xm4RvKNUwd6w280pIrzfmIor0B4HXe//vTeV97jOXGdiEdxMVKTIM03bh55URK3BTdy5mIvGbQL7eQgGl6wKhJ15qKOthi5Tctb9g6UVQqpHw+s4UKZ/Q1xz/VDL/bDwOxCpyuyiIQ9rJpqaqDjesayePtYXAFdF0ENvfZdoZ157YGL9Zxcb6OUq2IxMDH3s5I=
a606ssMMMqrAykGayajqDmciLFTLKC/LI3C0jpWQ4UBUWm4b0dXrWj9KozK9F0jf/TjFUWMIGbljIsmoguA9lZaRuPiBbN7IsQ1D697uzOXSqce/9AFqKXVNeR+doxfmO0BUUt+LGtiMfSRqAkp4k6LG6oijeLRx1ddJ3RVWpbEl+ZWRs5V0DGdjHBtKUeiBr7PK
dKfOvPkhYqfZuDAwtSm2xdxM7+AQWPMNEHQ0Rio56r3tCGm0GHqCaPyMQz+FwNgmd0pvdot22tKWg+Q6n5uBi+74cOEqVCVohY/aGx8P6YT5vc2l+8AVAkE8R/BMljDH5EZ3hVoJ9a/k897PCd9mSW5K1BsDgG+SI9QS4vtoKWZHiskLLkKL9zVbJf+7srPJ
X8QV8v8XGprJFOg+CO9/kxHwceNAc3KpuDEXxJ2rN7XGfkhz0iuOF6vpTz6fdbffxxWJfe44BfPe79AZkiV9sxg=
vMXGU2ApoOoEYb6//waQ/2Ps+wkhsZi44+XIb4A87Nr2Xsb+84qvGh1PS889xANNd2nVzTtJVjmkRkqe47FoqBZoa3wRZeapYlTU/XrTNrIVMsHBAvmzmWkObUNl94eGxfhlEj/yQGAQ7ZAYv3eGr4U1YH1GbWWJpoO6dLwJP4Z/qEe6KiA33k8M8xRBubIkOy3xlX2dl6Szww==
TtUoxdNSu2yX7es++BwkB6gYI3yLrPX5ec+lHswmd+J3uIFER3wz0mW8btjMmqL8V7gQLYUeCHhJSwumI6tuAT1kG4quR0q8/UWJn9EFjsfkPtl3VmZ4RdUae/DocH128fUwNWTLnp3ybBMk/MybXclPnMbesXgpbevmKSiN/x1TG7/rhXJxYF4GjQO4nKZtbs6A4iqHiIZAHPFQtlWfR+OZN1735a9f34Wh3daIzTMWPwj5etWFs+A=
2BcF43uktbhbNbjUktjMAyld1vo8sT8wEDoMD3CO6dQUHX2Wli7e34zSDVJ/wTfc/9gnCuow1w5PXJMEAQlS1Lsd0eU9jTd0sxM=
jXWkmM2ZEM14p/BI5/sMdpyzTw1KpHa8NZdfPKyFLM6+mdZMJwQ87vO+ipIeRCnpyy1xpKqO52G9GRFlQwDo1E201QNUR4eDlRVfhuso4ibjRO/S79bZb1bO66M9Z5V7Y16zPQ==
k/vmaAt2DW/PGjJ0+d0tWzHe5PvT8cM9bd3TNrhiRmGEUl4WDWXH+KO1gUJbRB/lHPVaIXV43ZNcSzZJPGnr1LFjUzUiNmRjrvMKd2/RU84z/VOf4x3lzXJAwdPaN2yJfm1Zszw=
9lJ/CZGT4MlDifyLfdLTYyy9lQathGIWMZ3jiGd9LSL3zJt1uC0GYamguYNYQ1pp0KGvZFXbL7XejgDTartmV4PZV97XpQ9fP0VBXfbIbTN2fyh5WhVlswA=
TGAhvXO7Tgb0Y+uBe/teA8kSiGRQhmA3s5FmFjWV/5iLRUkCE5S3hYRlwqHt6EUzNJv+CXRZA/TJU6s1WgacQ8bDwrcngbtuq23LH3uNfS3aEAkTkkdEaUYdYbME
sR0KNcLfnqcMT8JZXSRIG+Ahp0FhtEEthJFmFjWV/5iLRUkCE5S3hYRlwqHt6EUzNJv+CXRZA/TJU6s1WgacQ8bDwrcngbtuq23LH3uNfS3aEAkTkkdEaUYdYbME
rrD/YKFIW3PHZpTIHTGQ5vrAoBn2jzM/4JazGXkAHcm/smU4IR0iiWTBSwTja+I3iLmCFVUsDx/t9RxKWpuQjzSHUa1tNo2B7X5dYVs1zDx/I2RLUnFAEWezAg==
ejnCq12LqfNc8Tu/TF9pKIzefQtx1FnJTpyPlT4K80D2OudCNBddaVouxtHzVq6vc+/CnhZ0LfGep7W3eDpxfUX+mGjDXTUFnu84MFc87dlgIHDWeJRosvdCeOZMbGvdWe/MBo6RaCl9y7bpeC1vnaO7Dyv1UkFgrma9w8h8Fu3+rlAiemeYhlB8IRDmtQ/HU/nHHscF317vpVGdZii9s4af2Lmq9ZWz8A==
Y7Q+NgIEJat4Tzp7+tmMYSld1vs8sT8wEDoMD3CO6dQUHX2Wli7e34zSDVJ/wTfc/9gnCuow1w5OXJMEAQlS1Lsd0eU9jTd0sxM=
tIcC5rU1xJaALZefy7+I26GW7p5HQQJuNSdchFRluZigtafz1wW2RIukhaRXS/EDDGx80ZGGhkpxnFeFVYrTHzX2WtGgqa6tX6KBzTGZd4h6febI3d3bN5E6b77yV0KDF2kV+6u5kMU3vizuL/4rSdkd7vO7UWpjeI3P/oaZGUJfBV+iLgK3iczLNZQY+hYAwpLdFuquTijhjXPLbq7chSKpN9/kQdoJRc0p/w1jZwZrQATy78uK+Fz91AryCmgzEsZaKLO4xJGlVxn9hZaVEfX+RfFD1eRst+MsO/qR+GHfs7o=
6gVJPGwEdnvZONd/TWAXw2Cd7nT4dSBz7JjXBrZ02+HtO2iYQSuaxaVPauArBO/gOjwEVM6A6IctPjT3crK7l1q9+gxGDNPkSiinpgXqHunNF3qiaS65GqL2JHXbzwWU6ZR5JD0VW6w2pWTYQlb/Ko1/YSTF/w3TdXaEIXW0JPylvgBBplI3t2PcPk+my9aR4mzkVdr75irVKhGp4pFD4Wl2nSuFn1eeBWC1Op9acFiQ1aCwH1/WN8UtMJUmhRVxpnvKnNzhb54/MBeSiogH5s40w7zhkWK8+zUh/Z31Z9yzuw==
pBaT2RnRp0UOQkHFeF9TcngvVA8xVSLDRMw4k/ABfdIN9uC5IGyBbSL6bJpaGZ7DlFrSSeZQBm35OgN8QNaT/XRlJqN3bD8DV74Mro9+S4n5HQW2HNEKI5iN7z7mGbkCvwU/Yo6CV8nsy1VU+Hq2wKKS/VYKLu7owY2Ti84uvEUCqRcfhMF6SaXNCT+t44dGS0BkMk9Lajg8/fRKEorI83LGumgTOKRRhVf5veUWNVEV/mUxI1VELJfjTPtaERgh/7Oa
zCbbE+grVVZb2H+iuoQXXh6xsbMxk8X0llc8/2MlUXl3fXP9THkp7egC7kp9dG9cOznVK8yPX5lxa4nLsdMMWMnZKbw5TJ+y59rgqOpUivZxYuZWuJumkslJNExlzJKMAJvD3QmS6Z5tOhX3Z9pmf6CXLusNjC0c1NpNfZFFhczgj61maLrldNQfznDLgXPGOkGeufp3AkaQaxI5unxl0LXHegPPZ+n8CbUt/eto1Trx9GdoHH6wP5TOF13KIbUX1Lt+19m3ZjGeQjRDEyivqpMcMnqrgK6eNwKp075qy08FE4Xna9qzsQ==
1WWC4Tn9w9DUWSm426lNoR6xsbMxk8X0llc8/2MlUXl3fXP9THkp7egC7kp9dG9cOznVK8yPX5l2aYnLsdMMWMnZKLw5TJ+y59rgqOpUivZxYuZWuJumkslJNExlzJKMAJvD3QmS6Z5tOhX3Z9pmf6CXLusNjC0c1NpNfZFFhczgj61maLrldNQfznDLgXPGOkGeufp3AkaQaxI5unxl0LXHegPPZ+n8CbUt/eto1Trx9GdoHH6wP5TOF13KIbUX1Lt+19m3ZjGeQjRDEyivqpMcMnqrgK6eNwKp075qy08FE4Xna9qzsQ==
6MTRiaoYp/c6L157Lm9Lyh6xsbMxk8X0llc8/2MlUXl3fXP9THkp7egC7kp9dG9cOznVK8yPX5lxa4nLsdMMWMnZJ7w5TJ+y59rgqOpUivZxYuZWuJumkslJNExlzJKMAJvD3QmS6Z5tOhX3Z9pmf6CXLusNjC0c1NpNfZFFhczgj61maLrldNQfznDLgXPGOkGeufp3AkaQaxI5unxl0LXHegPPZ+n8CbUt/eto1Trx9GdoHH6wP5TOF13KIbUX1Lt+19m3ZjGeQjRDEyivqpMcMnqrgK6eNwKp075qy08FE4Xna9qzsQ==
aPihovZmIMWo3NR/ktdduB6xsbMxk8X0llc8/2MlUXl3fXP9THkp7egC7kp9dG9cOznVK8yPX5l2aYnLsdMMWMnZJrw5TJ+y59rgqOpUivZxYuZWuJumkslJNExlzJKMAJvD3QmS6Z5tOhX3Z9pmf6CXLusNjC0c1NpNfZFFhczgj61maLrldNQfznDLgXPGOkGeufp3AkaQaxI5unxl0LXHegPPZ+n8CbUt/eto1Trx9GdoHH6wP5TOF13KIbUX1Lt+19m3ZjGeQjRDEyivqpMcMnqrgK6eNwKp075qy08FE4Xna9qzsQ==
O08oFRLDO2TBeJK2He36HR6xsbMxk8X0llc8/2MlUXl3fXP9THkp7egC7kp9dG9cOznVK8yPX5lxa4nLsdMMWMnZJbw5TJ+y59rgqOpUivZxYuZWuJumkslJNExlzJKMAJvD3QmS6Z5tOhX3Z9pmf6CXLusNjC0c1NpNfZFFhczgj61maLrldNQfznDLgXPGOkGeufp3AkaQaxI5unxl0LXHegPPZ+n8CbUt/eto1Trx9GdoHH6wP5TOF13KIbUX1Lt+19m3ZjGeQjRDEyivqpMcMnqrgK6eNwKp075qy08FE4Xna9qzsQ==
rczui3cX8qylWlAX479p6h6xsbMxk8X0llc8/2MlUXl3fXP9THkp7egC7kp9dG9cOznVK8yPX5l2aYnLsdMMWMnZJLw5TJ+y59rgqOpUivZxYuZWuJumkslJNExlzJKMAJvD3QmS6Z5tOhX3Z9pmf6CXLusNjC0c1NpNfZFFhczgj61maLrldNQfznDLgXPGOkGeufp3AkaQaxI5unxl0LXHegPPZ+n8CbUt/eto1Trx9GdoHH6wP5TOF13KIbUX1Lt+19m3ZjGeQjRDEyivqpMcMnqrgK6eNwKp075qy08FE4Xna9qzsQ==
U8ozTjbkB+BjZN1baRY4Ax6xsbMxk8X0llc8/2MlUXl3fXP9THkp7egC7kp9dG9cOznVK8yPX5lxa4nLsdMMWMnZI7w5TJ+y59rgqOpUivZxYuZWuJumkslJNExlzJKMAJvD3QmS6Z5tOhX3Z9pmf6CXLusNjC0c1NpNfZFFhczgj61maLrldNQfznDLgXPGOkGeufp3AkaQaxI5unxl0LXHegPPZ+n8CbUt/eto1Trx9GdoHH6wP5TOF13KIbUX1Lt+19m3ZjGeQjRDEyivqpMcMnqrgK6eNwKp075qy08FE4Xna9qzsQ==
JB/xQwR/IPvvSbNiZUATnh6xsbMxk8X0llc8/2MlUXl3fXP9THkp7egC7kp9dG9cOznVK8yPX5l2aYnLsdMMWMnZIrw5TJ+y59rgqOpUivZxYuZWuJumkslJNExlzJKMAJvD3QmS6Z5tOhX3Z9pmf6CXLusNjC0c1NpNfZFFhczgj61maLrldNQfznDLgXPGOkGeufp3AkaQaxI5unxl0LXHegPPZ+n8CbUt/eto1Trx9GdoHH6wP5TOF13KIbUX1Lt+19m3ZjGeQjRDEyivqpMcMnqrgK6eNwKp075qy08FE4Xna9qzsQ==
J9FzuXOUDUlRj4M2lUqTCx6xsbMxk8X0llc8/2MlUXl3fXP9THkp7egC7kp9dG9cOznVK8yPX5lxa4nLsdMMWMnZIbw5TJ+y59rgqOpUivZxYuZWuJumkslJNExlzJKMAJvD3QmS6Z5tOhX3Z9pmf6CXLusNjC0c1NpNfZFFhczgj61maLrldNQfznDLgXPGOkGeufp3AkaQaxI5unxl0LXHegPPZ+n8CbUt/eto1Trx9GdoHH6wP5TOF13KIbUX1Lt+19m3ZjGeQjRDEyivqpMcMnqrgK6eNwKp075qy08FE4Xna9qzsQ==
QAXOdyfwptvAhe2jKh2Hhh6xsbMxk8X0llc8/2MlUXl3fXP9THkp7egC7kp9dG9cOznVK8yPX5l2aYnLsdMMWMnZILw5TJ+y59rgqOpUivZxYuZWuJumkslJNExlzJKMAJvD3QmS6Z5tOhX3Z9pmf6CXLusNjC0c1NpNfZFFhczgj61maLrldNQfznDLgXPGOkGeufp3AkaQaxI5unxl0LXHegPPZ+n8CbUt/eto1Trx9GdoHH6wP5TOF13KIbUX1Lt+19m3ZjGeQjRDEyivqpMcMnqrgK6eNwKp075qy08FE4Xna9qzsQ==
oT33LPEC00RaWjQ2R4c3/h6xsbMxk8X0llc8/2MlUXl3fXP9THkp7egC7kp9dG9cOznVK8yPX5lxa4nLsdMMWMnZKb05TJ+y59rgqOpUivZxYuZWuJumkslJNExlzJKMAJvD3QmS6Z5tOhX3Z9pmf6CXLusNjC0c1NpNfZFFhczgj61maLrldNQfznDLgXPGOkGeufp3AkaQaxI5unxl0LXHegPPZ+n8CbUt/eto1Trx9GdoHH6wP5TOF13KIbUX1Lt+19m3ZjGeQjRDEyivqpMcMnqrgK6eNwKp075qy08FE4Xna9qzsQ==
QAIn/dBHnGGhV7NFWDknAh6xsbMxk8X0llc8/2MlUXl3fXP9THkp7egC7kp9dG9cOznVK8yPX5l2aYnLsdMMWMnZKL05TJ+y59rgqOpUivZxYuZWuJumkslJNExlzJKMAJvD3QmS6Z5tOhX3Z9pmf6CXLusNjC0c1NpNfZFFhczgj61maLrldNQfznDLgXPGOkGeufp3AkaQaxI5unxl0LXHegPPZ+n8CbUt/eto1Trx9GdoHH6wP5TOF13KIbUX1Lt+19m3ZjGeQjRDEyivqpMcMnqrgK6eNwKp075qy08FE4Xna9qzsQ==
bUVgo6zXUHA1IeXaqpC8ux6xsbMxk8X0llc8/2MlUXl3fXP9THkp7egC7kp9dG9cOznVK8yPX5lxa4nLsdMMWMnZJ705TJ+y59rgqOpUivZxYuZWuJumkslJNExlzJKMAJvD3QmS6Z5tOhX3Z9pmf6CXLusNjC0c1NpNfZFFhczgj61maLrldNQfznDLgXPGOkGeufp3AkaQaxI5unxl0LXHegPPZ+n8CbUt/eto1Trx9GdoHH6wP5TOF13KIbUX1Lt+19m3ZjGeQjRDEyivqpMcMnqrgK6eNwKp075qy08FE4Xna9qzsQ==
6KcsNzXxlPFmJBVivixB5x6xsbMxk8X0llc8/2MlUXl3fXP9THkp7egC7kp9dG9cOznVK8yPX5l2aYnLsdMMWMnZJr05TJ+y59rgqOpUivZxYuZWuJumkslJNExlzJKMAJvD3QmS6Z5tOhX3Z9pmf6CXLusNjC0c1NpNfZFFhczgj61maLrldNQfznDLgXPGOkGeufp3AkaQaxI5unxl0LXHegPPZ+n8CbUt/eto1Trx9GdoHH6wP5TOF13KIbUX1Lt+19m3ZjGeQjRDEyivqpMcMnqrgK6eNwKp075qy08FE4Xna9qzsQ==
xiFqEpLCuFfXgTdcIR9esgyWxxoKVKZa9MzR/CUay//VUbhuCEVDd5ASGbjrQWOHrdav0fsRDeI1Jibsn1OnNrmA2aeuR6Ft75IIUITgDWa08DQ30CfRYYGeMgJ5Ll5q3lbJj22IGZwCFCWxoUUkaL0wcjiI97OZMY7pikV2RZP/ZsaLaLoK4GvQbcE9Vt3ZyTnl+OhjXaLQJmXgfNMelNO9U7Jy7S49AqvCEvhnAh1igIVkPasKR/d76egh+X2Zc9R1zjnYV2xkIvDrfEKH+ZJd1SPcV44TYSvmpTaO5KcLFI/e27CC/lNcbspfDrn3ZpYr+41/9aNTxrOl
ajV6xxHaHuiTeZCCteU+Ah6xsbMxk8X0llc8/2MlUXl3fXP9THkp7egC7kp9dG9cOznVK8yPX5l2aYnLsdMMWMnZJb05TJ+y59rgqOpUivZxYuZWuJumkslJNExlzJKMAJvD3QmS6Z5tOhX3Z9pmf6CXLusNjC0c1NpNfZFFhczgj61maLrldNQfznDLgXPGOkGeufp3AkaQaxI5unxl0LXHegPPZ+n8CbUt/eto1Trx9GdoHH6wP5TOF13KIbUX1Lt+19m3ZjGeQjRDEyivqpMcMnqrgK6eNwKp075qy08FE4Xna9qzsQ==
EHZOEJg/x6vcnyf1HO4qNpLXMJHT68Xs3AbJP96BRj7rbVRSCknGnoEeNTJzcO7wMtSN0rS/7TfoE2fVRZbZIWCanbCYUd8s9FugeJWHiYCs9FPH5hfTtTmck9UQEwZwFas/SiFiPG8snxlpG+fFgV4Zec6CcsFGpdV3/UCv9WmEv1b9weKIoXcekcWR/kC6ORVCu5tI9kJYXOxy8wrklqA0z/09F6AWshmsKblDivkU1Qu9B+PjW2kaRaAqrqFzZCTyjVqWfLIGb9wGlHTdgMqNqyc3IWuu201bHuttzW0K8BmTYuc0qZZ90bO0
xiFqEpLCuFfXgTdcIR9esgyWxxoKVKZa9MzR/CUay//VUbhuCEVDd5ASGbjrQWOHrdav0fsRDeI1Jibsn1OnNrmA2aeuR6Ft75IIUITgDWa08DQ30CfRYYGeMgJ5Ll5q3lbJj22IGZwCFCWxoUUkaL0wcjiI97OZMY7pikV2RZP/ZsaLaLoK4GvQbcE9Vt3ZyTnl+OhjXaLQJmXgfNMelNO9U7Jy7S49AqvCEvhnAh1igIVkPasKR/d76egh+X2Zc9R1zjnYV2xkIvDrfEKH+ZJd1SPcV44TYSvmpTaO5KcLFI/e27CC/lNcbspfDrn3ZpYr+41/9aNTxrOl
mNJmyLs60rKTAOBaSxhSzsvM6Du3WBFbDtSMSjD9V8yP8KqqUho5NVF4bVkzcTDZfbJ5zB53cBzLnV0hlLZYZPvQOKo7Tqnof2/tSALMQTGlu7XE4NVlXlGNdJzgDOcar5cROYd+exGFyoCAAC9+tGVcNX2XavPuG6pmLwaQWxWX0fEqv69oaOBpuYM+xeD5uqajERjNhNeMj3/X8JIe9sx0gtyZm/bg0Y9GVmxgvl9bMPB8n96jr/1k9//vNckxp2V7wGpoj55o/jDOQ/Afh2YVPNK3DN3oj6wEsl7mc3/gstRea992/91FNb8ZjPeh98FP75bMEiXQGUhBbwQ4czlKdhKf+lwb/per5gLO7uMKmtOj5fOJfLielZiWEWwdxr2J3s2CA8TVO4XnVcJMJaXQzIglyugldlb/A0Potou2L75lopiMsUo/7p51HtktMvWrlWkCdU9VG5+qpdS9/g++GKzQIchUD5teA+WZ+JH24f0FJg8i+AzlpyofBJ9WmmxvEo7Aq1hxVWoIWwHpeU2Rj6izzw==
bKLAMsv3MQCtFCcz53xHGQ9OlSRCJvsywcbVtBJA+c0AofpkfBICcVj7mtM7Nk747lGyKMudvHIdQK6+vWhEmdBEcNSxfrAxOp3xk0yPLSo7l2DR8G8JoJo7l61eJulY6wG7ywy7xDfh9agJSQIFiLiIBfE3j5A3xY1Hx1nUel5XndTTqrv3b5AGMcyKm6ZW8vbojq25HBjCmt6wnG3iiLU4F+gv6OFpRLiZnUyEkyQ3CK6Pm4rRfzEdxmHXBWp3sk+wI97xXfqXIQcEXdIr64dJVpLeZp93wwOh8//WR2aBFV4Eqf4jW8B4xtFGN7oRm4GQ4yp1grbj7AyManqUt0N+Mv2xvE/PRbLCUvQJQ+p5eHK+EUkuZXwX9QQNBy1utsp8YmZjY73dzT0ZeMeinRV6VPH7NqVFpdbMamWNFlvvsIqyFLR4sueiqKYcjPtd6Q98Rr5xWClNK4apyM3fHTNbX2slslFgvkbtgxjchm0ODiBiikfohqBcUdAWFX9Hw1mX3hclz17/xQFdtkgtMzb/aHmalaWzwA==
KWLyPLw8mgspq0HtsjMqbxPCAhZ7VcBaahAThn/V1p2+rFQFDPYxDc1Q5yF90eE0A7L96zHczIyibqDvsZWbLjABElMhd817hDcJVxpNmaye5UF+tsajsiSuVx9maLH1AYZy5kUH3flJemBvkRg5v3iysMYDjDc1zWenZG93zRgsDrDFusJdXgkDV5BHaLNYKkEWmn9DTzNttF91PE7oe9XNzm9kT0Jk3y8Y9/ARZD3zeSDYeuDUVt4COQFiBhndalhcCvqp47JMgt+kl6nVFjsRf79t5/8HZ94KMls44GzcADPaG7EeV8BsN7YprueeCJwOLJfpeBAIAEvFYpmVl5kxqWYz18/Dc5FWNqajeOsEL38OHCXhqOqMfyAIPfaFx6jyZGpV8livneXJ/bpQLBk2RlsIC96f1QBtGJciHWmp6WWoCNMdUnB2ZbDcI14kM+3TYhJd7k2ie8LCWBfCrQJQBTTdG0q3VyvpuIEJPSmThPUeWWiXHMTy8DvcMkdJ8o1VczznzuPBe+b1ln6kF+tEDw67AEKO84xuGv9+eUcGRqurbc+1U/OWs/U=
g/mzBVGboZdwU6/QzgjHzRgueL9qpfLhmIeEtTflKEFHTDejkIdF98da1zD35k5j24Z2PCLMXUF3PY0MBQMN8PbWbsr7QO4xVmuYvrO+5GPxOAopx2ytD2daeedutNvlOLfZiq8P/IG8hz2grtPb/cK+ffgfOcf7AJOQ9zWdJPn1ejForJAZIXsnZLexJYuXRcxuPmNlaKMmU6MvRC49/Haj0vZmbnReYdEoGPbyEmAA9XYowQDr2CPANSkQUBXt8HynRCMQst9XIqX/xbWKscsdfpeGNwzTUpmJOsMJCzQh6t9LE9HKwpKOq3f36+2jY07TxnUtIjSl1nebFBBKIfpPjvGPmYwzZt12NpdEwNx2YoDXd4aOjT1UG4+Rms5iCDE3Su3g7m7dIRplSH851JGfuc7C8oBSaku3/YklsWnEP5b9AWJIoTee0cVRfoC6eZUCu9vINkKY3Kxys4qklmC0D/19l+AW8plsKXnDyvlUVUu9x2MjWymaBaBqLmFzpKSyjRoWPLLG7xwG1PSdgAoNayf3oSuum82bHivtDW1KcFmTomf0qVb9kbP0
EHZOEJg/x6vcnyf1HO4qNpLXMJHT68Xs3AbJP96BRj7rbVRSCknGnoEeNTJzcO7wMtSN0rS/7TfoE2fVRZbZIWCanbCYUd8s9FugeJWHiYCs9FPH5hfTtTmck9UQEwZwFas/SiFiPG8snxlpG+fFgV4Zec6CcsFGpdV3/UCv9WmEv1b9weKIoXcekcWR/kC6ORVCu5tI9kJYXOxy8wrklqA0z/09F6AWshmsKblDivkU1Qu9B+PjW2kaRaAqrqFzZCTyjVqWfLIGb9wGlHTdgMqNqyc3IWuu201bHuttzW0K8BmTYuc0qZZ90bO0
xiFqEpLCuFfXgTdcIR9esgyWxxoKVKZa9MzR/CUay//VUbhuCEVDd5ASGbjrQWOHrdav0fsRDeI1Jibsn1OnNrmA2aeuR6Ft75IIUITgDWa08DQ30CfRYYGeMgJ5Ll5q3lbJj22IGZwCFCWxoUUkaL0wcjiI97OZMY7pikV2RZP/ZsaLaLoK4GvQbcE9Vt3ZyTnl+OhjXaLQJmXgfNMelNO9U7Jy7S49AqvCEvhnAh1igIVkPasKR/d76egh+X2Zc9R1zjnYV2xkIvDrfEKH+ZJd1SPcV44TYSvmpTaO5KcLFI/e27CC/lNcbspfDrn3ZpYr+41/9aNTxrOl
EHZOEJg/x6vcnyf1HO4qNpLXMJHT68Xs3AbJP96BRj7rbVRSCknGnoEeNTJzcO7wMtSN0rS/7TfoE2fVRZbZIWCanbCYUd8s9FugeJWHiYCs9FPH5hfTtTmck9UQEwZwFas/SiFiPG8snxlpG+fFgV4Zec6CcsFGpdV3/UCv9WmEv1b9weKIoXcekcWR/kC6ORVCu5tI9kJYXOxy8wrklqA0z/09F6AWshmsKblDivkU1Qu9B+PjW2kaRaAqrqFzZCTyjVqWfLIGb9wGlHTdgMqNqyc3IWuu201bHuttzW0K8BmTYuc0qZZ90bO0
xiFqEpLCuFfXgTdcIR9esgyWxxoKVKZa9MzR/CUay//VUbhuCEVDd5ASGbjrQWOHrdav0fsRDeI1Jibsn1OnNrmA2aeuR6Ft75IIUITgDWa08DQ30CfRYYGeMgJ5Ll5q3lbJj22IGZwCFCWxoUUkaL0wcjiI97OZMY7pikV2RZP/ZsaLaLoK4GvQbcE9Vt3ZyTnl+OhjXaLQJmXgfNMelNO9U7Jy7S49AqvCEvhnAh1igIVkPasKR/d76egh+X2Zc9R1zjnYV2xkIvDrfEKH+ZJd1SPcV44TYSvmpTaO5KcLFI/e27CC/lNcbspfDrn3ZpYr+41/9aNTxrOl
EHZOEJg/x6vcnyf1HO4qNpLXMJHT68Xs3AbJP96BRj7rbVRSCknGnoEeNTJzcO7wMtSN0rS/7TfoE2fVRZbZIWCanbCYUd8s9FugeJWHiYCs9FPH5hfTtTmck9UQEwZwFas/SiFiPG8snxlpG+fFgV4Zec6CcsFGpdV3/UCv9WmEv1b9weKIoXcekcWR/kC6ORVCu5tI9kJYXOxy8wrklqA0z/09F6AWshmsKblDivkU1Qu9B+PjW2kaRaAqrqFzZCTyjVqWfLIGb9wGlHTdgMqNqyc3IWuu201bHuttzW0K8BmTYuc0qZZ90bO0
xiFqEpLCuFfXgTdcIR9esgyWxxoKVKZa9MzR/CUay//VUbhuCEVDd5ASGbjrQWOHrdav0fsRDeI1Jibsn1OnNrmA2aeuR6Ft75IIUITgDWa08DQ30CfRYYGeMgJ5Ll5q3lbJj22IGZwCFCWxoUUkaL0wcjiI97OZMY7pikV2RZP/ZsaLaLoK4GvQbcE9Vt3ZyTnl+OhjXaLQJmXgfNMelNO9U7Jy7S49AqvCEvhnAh1igIVkPasKR/d76egh+X2Zc9R1zjnYV2xkIvDrfEKH+ZJd1SPcV44TYSvmpTaO5KcLFI/e27CC/lNcbspfDrn3ZpYr+41/9aNTxrOl
EHZOEJg/x6vcnyf1HO4qNpLXMJHT68Xs3AbJP96BRj7rbVRSCknGnoEeNTJzcO7wMtSN0rS/7TfoE2fVRZbZIWCanbCYUd8s9FugeJWHiYCs9FPH5hfTtTmck9UQEwZwFas/SiFiPG8snxlpG+fFgV4Zec6CcsFGpdV3/UCv9WmEv1b9weKIoXcekcWR/kC6ORVCu5tI9kJYXOxy8wrklqA0z/09F6AWshmsKblDivkU1Qu9B+PjW2kaRaAqrqFzZCTyjVqWfLIGb9wGlHTdgMqNqyc3IWuu201bHuttzW0K8BmTYuc0qZZ90bO0
xiFqEpLCuFfXgTdcIR9esgyWxxoKVKZa9MzR/CUay//VUbhuCEVDd5ASGbjrQWOHrdav0fsRDeI1Jibsn1OnNrmA2aeuR6Ft75IIUITgDWa08DQ30CfRYYGeMgJ5Ll5q3lbJj22IGZwCFCWxoUUkaL0wcjiI97OZMY7pikV2RZP/ZsaLaLoK4GvQbcE9Vt3ZyTnl+OhjXaLQJmXgfNMelNO9U7Jy7S49AqvCEvhnAh1igIVkPasKR/d76egh+X2Zc9R1zjnYV2xkIvDrfEKH+ZJd1SPcV44TYSvmpTaO5KcLFI/e27CC/lNcbspfDrn3ZpYr+41/9aNTxrOl
EHZOEJg/x6vcnyf1HO4qNpLXMJHT68Xs3AbJP96BRj7rbVRSCknGnoEeNTJzcO7wMtSN0rS/7TfoE2fVRZbZIWCanbCYUd8s9FugeJWHiYCs9FPH5hfTtTmck9UQEwZwFas/SiFiPG8snxlpG+fFgV4Zec6CcsFGpdV3/UCv9WmEv1b9weKIoXcekcWR/kC6ORVCu5tI9kJYXOxy8wrklqA0z/09F6AWshmsKblDivkU1Qu9B+PjW2kaRaAqrqFzZCTyjVqWfLIGb9wGlHTdgMqNqyc3IWuu201bHuttzW0K8BmTYuc0qZZ90bO0
xiFqEpLCuFfXgTdcIR9esgyWxxoKVKZa9MzR/CUay//VUbhuCEVDd5ASGbjrQWOHrdav0fsRDeI1Jibsn1OnNrmA2aeuR6Ft75IIUITgDWa08DQ30CfRYYGeMgJ5Ll5q3lbJj22IGZwCFCWxoUUkaL0wcjiI97OZMY7pikV2RZP/ZsaLaLoK4GvQbcE9Vt3ZyTnl+OhjXaLQJmXgfNMelNO9U7Jy7S49AqvCEvhnAh1igIVkPasKR/d76egh+X2Zc9R1zjnYV2xkIvDrfEKH+ZJd1SPcV44TYSvmpTaO5KcLFI/e27CC/lNcbspfDrn3ZpYr+41/9aNTxrOl
EHZOEJg/x6vcnyf1HO4qNpLXMJHT68Xs3AbJP96BRj7rbVRSCknGnoEeNTJzcO7wMtSN0rS/7TfoE2fVRZbZIWCanbCYUd8s9FugeJWHiYCs9FPH5hfTtTmck9UQEwZwFas/SiFiPG8snxlpG+fFgV4Zec6CcsFGpdV3/UCv9WmEv1b9weKIoXcekcWR/kC6ORVCu5tI9kJYXOxy8wrklqA0z/09F6AWshmsKblDivkU1Qu9B+PjW2kaRaAqrqFzZCTyjVqWfLIGb9wGlHTdgMqNqyc3IWuu201bHuttzW0K8BmTYuc0qZZ90bO0
EHZOEJg/x6vcnyf1HO4qNpLXMJHT68Xs3AbJP96BRj7rbVRSCknGnoEeNTJzcO7wMtSN0rS/7TfoE2fVRZbZIWCanbCYUd8s9FugeJWHiYCs9FPH5hfTtTmck9UQEwZwFas/SiFiPG8snxlpG+fFgV4Zec6CcsFGpdV3/UCv9WmEv1b9weKIoXcekcWR/kC6ORVCu5tI9kJYXOxy8wrklqA0z/09F6AWshmsKblDivkU1Qu9B+PjW2kaRaAqrqFzZCTyjVqWfLIGb9wGlHTdgMqNqyc3IWuu201bHuttzW0K8BmTYuc0qZZ90bO0
B6AeBa2YRa1BtmKS+xqHLs7RUkHLkaU+ij8oliEVVX1vSIfaqgD3PkJsszTBWfJEO40xtf391wSzYw==
FtkEJomQGOe2PO7NUx1uu49d8kREad3BNHTEIZs7jcWZZlk5QbIxmQ/leJSjQ5gjhsH0yQuzbg==
PSQA8fxvuOyPHfIIitwLXqao4tDNtcaLGyjNmOOLiQOYnktvb2cZt7ufzUIvZh54Z/jKyNOKu85Gsv5hXPJbhWp2bGOj6Je1RLHcZgM1vmxSTgPOO8BCTnPMYlp/vnmHhoar6+2PtRNzVrM1
Q0V4/PJFZ7rd8VxrxtUuPOmycBh4/4OZ5dGPviA0wkMuw0rN+1NKyZRAoqh6a3ObND0ebGcHvBz/PQBoeYx2mPlNC9s2DtTVyqnfj+zhghk9DTFPNUPvdoPALMJnK/IIRD1sGipqYGO6xvL4u1icgR0XAY199h0h3XItAcv13Nyvo9QrIjHwsbez0g==
Qj/Em6EaVY5IAACkmfdJF9FWJ+XfipjIpM/P0auV1HXsxB77iqMuVUfDxkEQwCYg9vvPA9DdutQ7d/BUO/3EoLW8KuCdbS/Dyh7Y3c6p24fg8X4BGS1VN2lzI75HAOiKK1uusODdiIKW+uzrPkZ2cDfIIBl5d6U1oQbR6ZkyaUmHxQAkS4PwM14h/Lmzs9Y=
7M+19s/Az0/Oc3Mx2kLdm6gYI3yLrPX5ec+lHswmd+J3uIFER3wz0mW8btjMmqL8V7gQLYUeCHhJSwumI6tuAT1kG4quR0q8/UWJn9EFjsfkPtl3VmZ4RdUae/DocH128fUwNWTLnp3ybBMk/MybXclPnMbesXgpbevmKSiN/x1TG7/rhXJxYF4GjQO4nKZtbs6A4iqHiIZAHPFQtlWfR+OZN1735a9S34Wh3daIzTMWPwj5etWFs+A=
0iHFybjrNow9Oe+m2GNVdZerYUQX6XUbUzpHGAVFB3twgwURG4c/KG9jp/Ngh4KRn2KtOzVjbmQLpeLoDTVyAuhXvia15gkFUp2bjWkaRSc1M09SZWztlq8W6DRQubj8r3OOu6XhqLkWCc0dJhcSEOzN91JfvE++OsQfigJYW/DRPTqwm/k5US35v7Cz1w==
D81R/GkAJosa6XnVof6r94zecwN1ilzOU8vbmnFz0mjMEtRtBz5daFZvida2Rbe4bu7Clxk9LfWSmfrceDd8E1j5gRvQTTYAgKxgIwkvpu1MGF3vZrh9ncJMY+RMbGvdWe/MBo6RaCl9y7bpeC1vnaO7Dyv1UkFgrma9w8h8Fu3+rlAiemeYhlB8IRDmtQ/HU/nHHscF31LvpVGdZii9s4af2Lmq9ZWz8A==
wF6XzgdI8t/uIA6++13XgXd4crw2UT9jf071BAAvHTfzmhJXSV099YK5Khwol+yTKFlx26BtxgDwjJBjeY9Wbdy4ja82mG2d0qyzpByM+13pD3xGvnFYKU0rhqnIzd8dM1tfayWyUWC+Ru2DGNyGbQ4OIGKKR+iGoFxR0BYVf0fDWZfeFyXPUv/FAV22SC0zNv9oeZqVpbPA
t/hXW7siYjX9I1tPDMO9AjOHLkUqemMWtzYfNRdK0Jj8bydBExWs5UQkxkvC42aFv+PuMQjAPtDe27dTGB1yZGMXWMTDfXww3RzyEFUtZ5Py/jDt1qnDtwgRRlFRbZ3HsdNLLv+AEBqDO/YAKB1A0u7axBsmRm4AH+jYyTE37YV55nl54bvQ2W9lWFQDQzjjZkGUiauzzg==
6f7ikRYrQUVZJpUgAaw/rqICD28adnpdb5oJScb6zlIUILI+L7LV9EmgYWdPkbNOUz1zmwJdRU3SACHT+vfMCZ4tebMc
fqbBa0Gm74HPBD0WhP2PCqMCD28adnpdb5oJScb6zlIUILI+L7LV9EmgYWdPkbNOUz1zmwJdRU3SACHT+vfMCZ4tebMc
qX6hBEqlS/llC4SCXPKWGqACD28adnpdb5oJScb6zlIUILI+L7LV9EmgYWdPkbNOUz1zmwJdRU3SACHT+vfMCZ4tebMc
NOhtsbKJOyZJFPlh73KY4aECD28adnpdb5oJScb6zlIUILI+L7LV9EmgYWdPkbNOUz1zmwJdRU3SACHT+vfMCZ4tebMc
4Tzje/0OVr7FHsfKhnxov6YCD28adnpdb5oJScb6zlIUILI+L7LV9EmgYWdPkbNOUz1zmwJdRU3SACHT+vfMCZ4tebMc
mOiyP8/CO7sqvBxGMBLOgKcCD28adnpdb5oJScb6zlIUILI+L7LV9EmgYWdPkbNOUz1zmwJdRU3SACHT+vfMCZ4tebMc
dtV0Fn07wtxwBIXUAyawLaQCD28adnpdb5oJScb6zlIUILI+L7LV9EmgYWdPkbNOUz1zmwJdRU3SACHT+vfMCZ4tebMc
U3h80AH3FR++UPiGGoXDgKUCD28adnpdb5oJScb6zlIUILI+L7LV9EmgYWdPkbNOUz1zmwJdRU3SACHT+vfMCZ4tebMc
mMKYMv3F9+i5Ch4G1OKMAqoCD28adnpdb5oJScb6zlIUILI+L7LV9EmgYWdPkbNOUz1zmwJdRU3SACHT+vfMCZ4tebMc
+QTZ6tx8RZwNf8hENigNXBZq66/TFsEv1g6ODbsytelaErqigLg+vqMqQYS9yP3H8znnnifFP1tOZXEdBmjds+bf+DmKNXWzEA==
MnKvDc+KT2HfKI5IjJrEJiYziATcsfy14eDQY1E31oqTlEAPOuvCCKCgv1OUcUmK3L7RR2B9Duk+jd5WYG5wvPYmjz6bkAKek/xra59uOdcmdiubTV91QxNmswU=
YYHJjeMHW0KLmo8yZuQUfC4Njiw519hrgMm6t9HttXUKSbK8QMdUU/BpGbuYfc4A+Jyog5G/Di1kaGUPrujlHVocK8S0XAOdsX9UZkZhUClFO36J4L2H3cuL9wu9AtngNjZ1I/AMPi1WPsiCslfghqhMabB+JaeHewn/fo/VR9t2dZm9HhhVc+4PQFniha2zyA==
sqBmvkxny3pXrU1MkxzOVWlibROfPSjQJ220ytCf+wlXVWgtmJSqE2YDgj3Tc1K5jEC6WGJLW+t8fda8j6cEjIe9uPiBbN7IsQ1D697uzOXSqce/9AFqKXVNeR+doxfmO0BUUt+LGtiMfSRqAkp4k6LG6oijeLRx1ddJ3RVWpbEl+5SRs5V0DGdjHBtKUeiBr7PK
QiAq5EQFBYfPAqalwAIW8Va9xaz5459d+YSkssRfH3PzkreAhd1309Br1alb/28Aj4uX62Cfsnl/Sv1Dddu+jKsNknCNrYKqSD/unnUe2S0y9auVaQJ1T1Ubn6ql1L3+D74YrNAhyFQPm14D5Zn4kfbh/QUmDyL4DOWnKh8En1aabG8Si8GrWHFVaghbAel5TZGPqLPP
bN+7BHezejcKY3QpYTFOZoKh4uyAHbSuCKjCIRtdC4ib5qX/kw34AYmfqy1bTtexWy0g3fbHt4BBFSVpamITV/7WbU8mNCCVcmjFjK2jqg8nE+mA8bHdkeM8NSYpUHcktEpwg6wKp3GCtZXLTF8uW7FD5s3mxkSvm/zPNss4oraDNOujj0aZf3Z+axMdd1Xrg66zzQ==
2JHSQ5nJbqTSkMcLY5EQIPctNglVOD0TPI8UR9ypi1QRI7M1QvbE406zandPkbNOUz1zmwJdRU3SACHT+vfMCZ4tebMc
ApMN+OrH57jHXBJ5BYHuqfctNglVOD0TPIsWSdypi1QRI7M1QvbE406zandPkbNOUz1zmwJdRU3SACHT+vfMCZ4tebMc
AIgF7h7qctRmW0gKFvuBB2Ps+wkhsZi44+XIb4A87Nr2Xsb+84qvGh1PS889xANNd2nVzTtJVjmkRkqe47FoqBZoa3wRZeapYlTU/XrTNrIVMsHBAvmzmWkObUNl94eGxfhlEj/yQGAQ7ZAYv3eGr4U1YH1GbWWJpoO6dLwJP4Z/qEe6KiA33ksN8xRBubIkOy3xlX2dl6Szww==
t5p8iYhqeppu82pgF4EOdNG70I+EsA6KxURPr7Y22NeUzQh2D/EfrTqQ13IKqEeGy9UDnGHxIhz71eHdHZUnfLMb
lU3sBOTbqDLJb1S9WB3yH2QbiTYi2N9ow9T/oPCktHgMQ7K8QMdUU/BpGbuYfc4A+Jyog5G/Di1kaGUPrujlHVocK8S0XAOdsX9UZkZhUClFO36J4L2H3cuL9wu9AtngNjZ1I/AMPi1WPsiCslfghqhMabB+JaeHewn/fo/VR9t2dZm9HhhVc+4PQFniha2zyA==
o5Wn1A960vkUlsaKjWJkXxgueL9qpfLhmIeEtTflKEFHTDejkIdF98da1zD35k5j24Z2PCLMXUF3PY0MBQMN8PbWbsr7QO4xVmuYvrO+5GPxOAopx2ytD2daeedutNvlOLfZiq8P/IG8hz2grtPb/cK+ffgfOcf7AJOQ9zWdJPn1ejForJAZIXsnZLexJYuXRcxuPmNlaKMmU6MvRC49/Haj0vZmbnReYdEoGPbyEmAA9XYowQDr2CPANSkQUBXt8HynRCMQst9XIqX/xbWKscsdfpeGNwzTUpmJOsMJCzQh6t9LE9HKwpKOq3f36+2jY07TxnUtIjSl1nebFBBKIfpPjvGPmYwzZt12NpdEwNx2YoDXd4aOjT1UG4+Rms5iCDE3Su3g7m7dIRplSH851JGfuc7C8oBSaku3/YklsWnEP5b9AWJIoTee0cVRfoC6eZUCu9vINkKY3Kxys4qklmC0D/19l+AW8plsKXnDyvlUVUu9x2MjWymaBaBqLmFzpKSyjRoWPLLG7xwG1PSdgAoNayf3oSuum82bGirtDW1KcFmTomf0qVb9kbP0
LVkn/UYsg3rYM7ho5hygWXYE3SD07GfXzZsJWwOVMkePNa/6oFzIXrgcjAA+7P6hJdWiH9jL5AdT6PJsqQDyavo/tPcE+Suvn1FhsPe92RYcFk6qlskVqfr+Y+iyOVIbsyAgTzVFjGKziDElqcMOj74XG8HqQZumnxgiDJeZlXsqd/95Za9L0GBOTbkGm+gPDc/qsrNEGD98hqiyOmaPzSYY+O78WE4puFhvnIVgrVybyb4M29WeoIk0LQy857l+6z+L6WQJRYHw5yjrYmucxafa7RUFDE/28TvdDYR6fBIl93l3Axstkh22WzFMDKvKWXs6TISZlJMggQEFAouIgTj22Rgu5Hh+jqdZWuC18wi1bz8GQNpmrZk6IzygVjM9FGVGY9fs30N3vmxu7urk1xkdJ3l/UarjuI0PfkaZ2cKfBR8ibgL3CYzLdRRY+laAgpKdlqquDqghjbNLrq4cBeKp918kQRqJhc3pf01jJ4YrQERyr8vKeBz9lIqyCiizUsaaqHO4BBFlV9l9RZZVkTX6hHGD1STs9+Nsu7qRuOGfs/o=
gj0WdghX9aeRHuY0A9fek2CPrIiMeOSv8oBHwUhUJXMh2NWWer3UAMhn8aRNYbnbKA4t92ZSHh7+BGRUYDyqv9iq7IbWJYU53Hj25GoFUvtAiw4NL9cB9t+HyBi9fY7bTzo5g0oZOgu7IChfXWV0MutIiVVxY2Y/NpeTMUIhQxbn2Ppcr3m9ayJ392lNz3MAOA61CV57QH+FT2ICW+RAz8TGcGJCRmfdLhjw/hR4NvlgGNds3cBF7BNJNnxzNcYQcXR13ISHkW7jP4P5TOl90SgnUFu6CzQ1L1plpW2sl4ZJ+4VdfFoUAi33cWdrO9XCRXbjQZSsw3rR+7K8LPlMI1hB2VU6a6CRMPbRCAaEQK7W56HquFVbeD3vt7aoej5dIXr77Nh22y0cZU5zP8ynk6/+1J62SgxnkZ2vCdex8lNAzVeufvnx0pcFFzJG4s9ZVAsNpICa/nAKEhUmwg7W2JlN6xtWjnQV6qn/T0xh4tndDVEPlcNPNqPAzIIHqxLIZD1M2orqAKNaxpK4W9g8wT0XIc0ddv3hvX0MwWt1fBxPo7RrwrFQ8Zez8g==
gj0WdghX9aeRHuY0A9fek2CPrIiMeOSv8oBHwUhUJXMh2NWWer3UAMhn8aRNYbnbKA4t92ZSHh7+BGRUYDyqv9iq7IbWJYU53Hj25GoFUvtAiw4NL9cB9t+HyBi9fY7bTzo5g0oZOgu7IChfXWV0MutIiVVxY2Y/NpeTMUIhQxbn2Ppcr3m9ayJ392lNz3MAOA61CV57QH+FT2ICW+RAz8TGcGJCRmfdLhjw/hR4NvlgGNds3cBF7BNJNnxzNcYQcXR13ISHkW7jP4P5TOl90SgnUFu6CzQ1L1plpW2sl4ZJ+4VdfFoUAi33cWdrO9XCRXbjQZSsw3rR+7K8LPlMI1hB2VU6a6CRMPbRCAaEQK7W56HquFVbeD3vt7aoej5dIXr77Nh22y0cZU5zP8ynk6/+1J62SgxnkZ2vCdex8lNAzVeufvnx0pcFFzJG4s9ZVAsNpICa/nAKEhUmwg7W2JlN6xtWjnQV6qn/T0xh4tndDVEPlcNPNqPAzIIHqxLIZD1M2orqAKNaxpK4W9g8wT0XIc0ddv3hvX0MwWt1fBxPo7RrwrFQ8Zez8g==
oChRXC7KGUdY+gPRdpfoLbwgN/6gRZQ2YzUFxyi+/g1EWKPhMKHcBP5wcWX8IKPxhR80oSmZiYOVoRq0qNQONqJVXLeLCVxnwYpe7yD6JyE5yWCEC2xADPd5yvLJW5X04nA5jVWHzfjg6R1ioTEMIACwnyZfq2kFR8IDrXV2+LzgEwaIleBNwRfWi1Lrlh4T5qwjqWdtiZZ/kxBUEFXBP955mEVKmtstGPH863wzB2sQLmbKPEj64FknjlwhMz5qjFzGY6uMiMAfYtsTDViPww8JsY1X2QN8qlT3opjCSHKjTGc7lilE7rcwpdR/EHwOvloLQxCOrGKrYw5DLflNg/mwj50HfTdTFnBqmSAlMH2POEDPyfYOrl/GJCcOq9Na4nKWX/qmq5/lz/FASCLtJHatFCE2gfHiDT57eCWH/du1/jQZVWy0NKV2kJmGaoc/o9TON0aTxtlipPSNugOWIpWioZHCydOpaT4Nc6Wn5xZFaMXC/4JgkBCdsOj/JyY/BaWArQZdhbmms1pE/NnfFv845+pq0BeuSvvTZIFpErS7vZHFva33lLPz
oChRXC7KGUdY+gPRdpfoLbwgN/6gRZQ2YzUFxyi+/g1EWKPhMKHcBP5wcWX8IKPxhR80oSmZiYOVoRq0qNQONqJVXLeLCVxnwYpe7yD6JyE5yWCEC2xADPd5yvLJW5X04nA5jVWHzfjg6R1ioTEMIACwnyZfq2kFR8IDrXV2+LzgEwaIleBNwRfWi1Lrlh4T5qwjqWdtiZZ/kxBUEFXBP955mEVKmtstGPH863wzB2sQLmbKPEj64FknjlwhMz5qjFzGY6uMiMAfYtsTDViPww8JsY1X2QN8qlT3opjCSHKjTGc7lilE7rcwpdR/EHwOvloLQxCOrGKrYw5DLflNg/mwj50HfTdTFnBqmSAlMH2POEDPyfYOrl/GJCcOq9Na4nKWX/qmq5/lz/FASCLtJHatFCE2gfHiDT57eCWH/du1/jQZVWy0NKV2kJmGaoc/o9TON0aTxtlipPSNugOWIpWioZHCydOpaT4Nc6Wn5xZFaMXC/4JgkBCdsOj/JyY/BaWArQZdhbmms1pE/NnfFv845+pq0BeuSvvTZIFpErS7vZHFva33lLPz
w50fijVVVrMjKPzmlA51rmCPrIiMeOSv8oBHwUhUJXMh2NWWer3UAMhn8aRNYbnbKA4t92ZSHh7+BGRUYDyqv9iq7IbWJYU53Hj25GoFUvtAiw4NL9cB9t+HyBi9fY7bTzo5g0oZOgu7IChfXWV0MutIiVVxY2Y/NpeTMUIhQxbn2Ppcr3m9ayJ392lNz3MAOA61CV57QH+FT2ICW+RAz8TGcGJCRmfdLhjw/hR4NvlgGNds3cBF7BNJNnxzNcYQcXR13ISHkW7jP4P5TOl90SgnUFu6CzQ1L1plpW2sl4ZJ+4VdfFoUAi33cWdrO9XCRXbjQZSsw3rR+7K8LPlMI1hB2VU6a6CRMPbRCAaEQK7W56HquFVbeD3vt7aoej5dIXr77Nh22y0cZU5zP8ynk6/+1J62SgxnkZ2vCdex8lNAzVeufvnx0pcFFzJG4s9ZVAsNpICa/nAKEhUmwg7W2JlN6xtWjnQV6qn/T0xh4tndDVEPlcNPNqPAzIIHqxLIZD1M2orqAKNaxpK4W9g8wT0XIc0ddv3hvXMPwWp1fBxPo7RrwrFQ8Zez8g==
w50fijVVVrMjKPzmlA51rmCPrIiMeOSv8oBHwUhUJXMh2NWWer3UAMhn8aRNYbnbKA4t92ZSHh7+BGRUYDyqv9iq7IbWJYU53Hj25GoFUvtAiw4NL9cB9t+HyBi9fY7bTzo5g0oZOgu7IChfXWV0MutIiVVxY2Y/NpeTMUIhQxbn2Ppcr3m9ayJ392lNz3MAOA61CV57QH+FT2ICW+RAz8TGcGJCRmfdLhjw/hR4NvlgGNds3cBF7BNJNnxzNcYQcXR13ISHkW7jP4P5TOl90SgnUFu6CzQ1L1plpW2sl4ZJ+4VdfFoUAi33cWdrO9XCRXbjQZSsw3rR+7K8LPlMI1hB2VU6a6CRMPbRCAaEQK7W56HquFVbeD3vt7aoej5dIXr77Nh22y0cZU5zP8ynk6/+1J62SgxnkZ2vCdex8lNAzVeufvnx0pcFFzJG4s9ZVAsNpICa/nAKEhUmwg7W2JlN6xtWjnQV6qn/T0xh4tndDVEPlcNPNqPAzIIHqxLIZD1M2orqAKNaxpK4W9g8wT0XIc0ddv3hvXMPwWp1fBxPo7RrwrFQ8Zez8g==
Kc8cpn6+gdoBbGjlaNELGLwgN/6gRZQ2YzUFxyi+/g1EWKPhMKHcBP5wcWX8IKPxhR80oSmZiYOVoRq0qNQONqJVXLeLCVxnwYpe7yD6JyE5yWCEC2xADPd5yvLJW5X04nA5jVWHzfjg6R1ioTEMIACwnyZfq2kFR8IDrXV2+LzgEwaIleBNwRfWi1Lrlh4T5qwjqWdtiZZ/kxBUEFXBP955mEVKmtstGPH863wzB2sQLmbKPEj64FknjlwhMz5qjFzGY6uMiMAfYtsTDViPww8JsY1X2QN8qlT3opjCSHKjTGc7lilE7rcwpdR/EHwOvloLQxCOrGKrYw5DLflNg/mwj50HfTdTFnBqmSAlMH2POEDPyfYOrl/GJCcOq9Na4nKWX/qmq5/lz/FASCLtJHatFCE2gfHiDT57eCWH/du1/jQZVWy0NKV2kJmGaoc/o9TON0aTxtlipPSNugOWIpWioZHCydOpaT4Nc6Wn5xZFaMXC/4JgkBCdsOj/JyY/BaWArQZdhbmms1pE/NnfFv845+pq0BeuSv/TZYFpErS7vZHFva33lLPz
Kc8cpn6+gdoBbGjlaNELGLwgN/6gRZQ2YzUFxyi+/g1EWKPhMKHcBP5wcWX8IKPxhR80oSmZiYOVoRq0qNQONqJVXLeLCVxnwYpe7yD6JyE5yWCEC2xADPd5yvLJW5X04nA5jVWHzfjg6R1ioTEMIACwnyZfq2kFR8IDrXV2+LzgEwaIleBNwRfWi1Lrlh4T5qwjqWdtiZZ/kxBUEFXBP955mEVKmtstGPH863wzB2sQLmbKPEj64FknjlwhMz5qjFzGY6uMiMAfYtsTDViPww8JsY1X2QN8qlT3opjCSHKjTGc7lilE7rcwpdR/EHwOvloLQxCOrGKrYw5DLflNg/mwj50HfTdTFnBqmSAlMH2POEDPyfYOrl/GJCcOq9Na4nKWX/qmq5/lz/FASCLtJHatFCE2gfHiDT57eCWH/du1/jQZVWy0NKV2kJmGaoc/o9TON0aTxtlipPSNugOWIpWioZHCydOpaT4Nc6Wn5xZFaMXC/4JgkBCdsOj/JyY/BaWArQZdhbmms1pE/NnfFv845+pq0BeuSv/TZYFpErS7vZHFva33lLPz
X8/Fixuuhnt3YbeR+Cj1H5cBvR3SSuonovc+c4uISPXl7yg6kSUYe15Heb1lFrVRlf7mMaJVxCwX48z72hGYIX+zGg==
u3t5+8UiQjWebMgemGmwQDYhPAqwJDDm9gMU2HBjGo/KPpSxy//twgMk0vKb2C615/uJm85yC6cVq+Xv2wKzGQ==
gcC8ENJfeOeQoIOUITtYUs7RUkHLkaU+ij8oliEVVX1vSIfaqgD3Pk5vszXBWfJEO40xtf391wSzYw==
vuOt/tpvCv1UWeq1IvSKjI9d8kREad3BNHTEIZs7jcWZZlk5Qb4ymQ7leJSjQ5gjhsH0yQuzbg==
WU7ns7NP57/BJDYgNDJ9oA9OlSRCJvsywcbVtBJA+c0AofpkfBICcVj7mtM7Nk747lGyKMudvHIdQK6+vWhEmNBEcNSxfrAxOp3xk0yPLSo7l2DR8G8JoJo7l61eJulY6wG7ywy7xDfh9agJSQIFiLiIBfE3j5A3xY1Hx1nUel5XndTTqrv3b5AGMcyKm6ZW8vbojq25HBjCmt6wnG3iiLU4F+gv6OFpRLiZnUyEkyQ3CK6Pm4rRfzEdxmHXBWp3sk+wI97xXfqXIQcEXdIr64dJVpLeZp93wwOh8//WR2aBFV4Eqf4jW8B4xtFGN7oRm4GQ4yp1grbj7AyManqUt0N+Mv2xvE/PRbLCUvQJQ+p5eHK+EUkuZXwX9QQNBy1utsp8YmZjY73dzT0ZeMeinRV6VPH7NqVFpdbMamWNFlvvsIqyFLR4sueiqKYcjPtd6Q98Rr5xWClNK4apyM3fHTNbX2slslFgvkbtgxjchm0ODiBiikfohqBcUdAWFX9Hw1mX3hclz138xQBdtkgtMzb/aHmalaWzwA==
8xD9Ry/Z3/ZOplG/gspjov5967+zPm9iMThWOuFrx5rH+qZ5iPisafMlr62oXuIUXU6k871MxKNPo8q9Z67CCq58SkV49QoJfsynkpZRHHEnywpD25pNO4ZJZuOPIBy3ATW4ip/oHc39k9pX4lfHGb4RTw7zuM6k4ylhw1b3A8ERH794DO6hEVJLPFdRDzbq55TMV1BmhNoOlru1GhjElsioekGUuEP0UbD5BEcJ4lQPBcoIZZRBpEhXzcYXv/dRkLkxKRxHREO2O8gde5qxzdFcGx7dW/HlsApI6hn3RY83axl6MdZ32RhcfxIFO+aU0MlAO0wh7a12O3w5RHYloFpUjNbiB7XytGUnUOmv414UCrLFtdoPVJSmB0UoZXob4xzrK1teQAY6OrCPxd17IauB/ktULWPWsimtemOFY5qasoOhYGsZvIyqAlhe0sFOfv5aQA3tn6Oa3ij93qnLpxAxLmGprcWXGTPzXncAmKr7mx7QcF14Isa63AsuRmYQBwjwuQn3NdURRoHJaT1aKdYF8ITbA0DTjmGMmaOzxg==
899F3DlNhF/qmkzp2i/t//ctNglVOD0TPI8UR9ypi1QRI7M1QvbE406zandPkbNOUz1zmQNdRE3SACHT+vfMCZ4tebMc
9wnggl/yKZRNCBo/jF/m9fo9rNjSIJz2Symh8hiI68Cfll636uyamYxM28khBVJSqCfetjV2qbWSTXt9aeql9/WD78Ll/I3m70bIBFCJmCxvg24rJXEICVZZrW0mZ3JArH1Xwt8sr076FD+6CWh7oZFNWiAbaZnh7SlfQLMn
umO0Uk5UYiiRf3xSGN2hS/rAoBn2jzM/4JazGXkAHcm/smU4IR0iiWTBSwTja+IzireCFVUsDx/t9RxKWpuQjzSHUa1tNo2B7XldYVo1zDx/I2RLUnFAEWezAg==
m9maCSrkzQ+zUEzfgxPaOeAhp0FhtEEthJFmFjWV/5iLRUkCE5S3hYRlwqHt6EUzNJ/8B3RZA/TJU6s1WgacQ8bDwrcngbtuq23LGXuNfC3aEAkTkkdEaUYdYbME
69LbiFMyNKS65BijBFxLIckSiGRQhmA3s5FmFjWV/5iLRUkCE5S3hYRlwqHt6EUzNJ/8B3RZA/TJU6s1WgacQ8bDwrcngbtuq23LGXuNfC3aEAkTkkdEaUYdYbME
mdhMn0MdwU1MklbDLx9pUiy9lQathGIWMZ3jiGd9LSL3zJt1uC0GYamguYNYR1hn0KGvZFXbL7XejgDTartmV4PZV97XpQ9ZP0VAXfbIbTN2fyh5WhVlswA=
bysvjS25ONyLFhEIICnc4DHe5PvT8cM9bd3TNrhiRmGEUl4WDWXH+KO1gUJbRB/lHPVaIXV43ZNcTzRHPGnr1LFjUzUiNmRjrvMKd2/RU84z/VOZ4x3kzXJAwdPaN2yJfm1Zszw=
5vZ4xUOg2gPSfsRnYQvEoZyzTw1KpHa8NZdfPKyFLM6+mdZMJwQ87vO+ipIeRCnpyy1xpKqO52G5Gx9lQwDo1E201QNUR4eDlRVfhuso4ibjROnS79fZb1bO66M9Z5V7Y16zPQ==
aCJzYfchCciGAZcMfUfLsT3aZQhjYmkb4zwOMwxOxZf8bSFcVxOtwBBoiAKCsUyX0Yf0V3m4Qdnfm/EABEJtcG5QYd3SUXww3RzyEFUtZ5Py/jDt1qnDtwgRRlFRbZ3HsdNLLv+AEBqDO/YAKB1A0u7axBsmRm4AH+jYyTE37YV55nl54bnR2W5lWFQDQzjjZkGUiauzzg==
WsS6DuETMZXMAgLEtHaBdwl+bz9ce25+TeGGoEQFOva3uedQLrXOPFEuKcXx5ApvievfN0sw48mJ2Sxxv2yiBHlox3oq4LceSUxzVUH5MmQ7bXFVfV0XZLMD
SRzR0wQ7m4OxAHlmmG3gAdPLyRgQhfdiZRSKLEWD28NihRGnB0Eb7sut6xmbzdytutBpE7IHpOnm3QGzZA==
SRzR0wQ7m4OxAHlmmG3gAdPLyRgQhfdiZRSKLEWD28NihRGnB0Eb7sut6xmbzdytutBpE7IHpOnm3QGzZA==
