OhlsMyrc9S91ELydFgSpG9FZMP7an4n1pM/P0aiT1HXsxB6U4c0oKSC9yEBXhnM9rO7YB5HmsNw8WOR4LtLxrq6+KuCdbS/Dyh7Y3c6p24fg8X4BGS1VN2lzI75HAOiKK1uusODdiIKW+uzrPkZ2cDfIIBl5d6U1oQbR6Zk9a0mMxQAqSoPwM14h/Lmzs9Y=
Ap2tTR5EbgbWniyYFm37HB17bEUmOpy05/sVGMslVGXXCz7yZ4SucJiW0vrpPN+ys8wwKP9hTLGijINk7CxL3XmvrIZuUUgpXQtWaRhtT52D+6+rFZIhYI6mHUOovPbtnu7woton+IawvIGQRnXvxzO5J55nRf9dDeU6HcbmnLOmXzg5yrW1s9A=
Fqvkj/hrCHVGDQOLalREWDMxitYmsbOGGnA1o7245kdhVAtqw9HMT9YdLVl9WQHk37mUh5umq3MLJv6n3HPjM9U4lPM6V2fie8zK8HxezuogwVnS99Q8GIPpqHGGhL+UYLQP/X2X4BbymWwpecPK+VRVS73HYyNbKZoFoGouYXOkpLKNGhY8ssbvHAbU9J2ACg1rJ/ehK66bzZsdKe0GbUp+WJOiZ/SpVv2Rs/Q=
xZDSGs9eQGViyaIob+E1756J9Rkkj1A1L9dYebbYNgeQc2AvdmeiTwoQYmV8sCM14fmqrljbJkrVilFJYrGDgWkWXQsFfxc+BQB1Gh+6MPiQdWDQn3+W18WN8PWmpVWRppuKvFyBrz4/0FeyCujHRs2Wg1dhsazd+5VhHR3Vp7yz2w==
1QLeTKy+JijF55XS/4ZnRI3uWxVO/DwBWSZBGhBLJyt9xkhVT6YMFAZ0rosQ//iDxiL7I2p8emlMnPv5ITVyAuhXvia15gkFUp2bjWkaRSc1M09SZWztlq8W6DRQubj8r3OOu6XhqLkWCc0dJhcSEOzN91JfvE++OsQfig1aW/vRPTSxm/k5US35v7Cz1w==
ItgjWoru9LhbOLygH5EFaI3uWxVO/DwBWSZBGhBLJyt910BbSakNRgZ0rosQ//iDxiP7I2p8emlMnPv5ITVyAuhXvia15gkFUp2bjWkaRSc1M09SZWztlq8W6DRQubj8r3OOu6XhqLkWCc0dJhcSEOzN91JfvE++OsQfig1aW/vRPTSxm/k5US35v7Cz1w==
xHE0EbfFN4bZnsVI1hyGI5gRqrpkBHcBrrWrI/ePpID42vQZPQLDmS6w5O1tOldw0OO0pYw73VB75EGqNjj2J5BToM/2zOMvCjCihfwQY1XhGWoO2LtmatVqkeni0cOhaTYda4Xf194FIDV6nxrwGJAVIHAfn1b3xe2wVSZFlbGmu0pc3CHvXj/wl1KKSIcmzXZD9+HR7P37daG9nbXnnLP7
b3wdnyMTdWONpEmFR28mACvw9Id4spTlu6WZ9PW4SLNx5PXzc+fjYhsMKvAcHi5qRoF60teUnJgjqYhxZsTfFIB0b/2dV0CWUllMKVkDann0lau9p6PD20na5aBKbsHzBOSSjTpWXDImr3wGNDT9AOrNSyfXYYsuOw27HUkt5u0qPriTwidUKfa9sbPU
ruAkEb90lXAL0El8Xhe8xb2wzlb76gwRpmkEXSpnf9PWk4UnQZrzkr4/4dp26BYXkGNAH7a6Q7+KoMI1PMBDJeHpSl6YC4b6VfoxGSKBo5FpBn07RS93ToWw1crfStDokGUAoN8vNmdFfRAlZpV1gaaLqoycUU/Ov2D34kqYp1bNhmOnoWEMbXvlAU1d5Yess8s=
pDtZT1MhXkIoyEQIFOf+VoxKOu7Gl4qmvs3RwbvUyFbsyR77h6NBMymq0UhosF5a5KKKVciCpcA2MMlNKtHEoLW8KuCdbS/Dyh7Y3c6p24fg8X4BGS1VN2lzI75HAOiKK1uusODdiIKW+uzrPkZ2cDfIIBl5d6U1oQbR6Zk9a0mMxQAqSoPwM14h/Lmzs9Y=
d9YdtfmkRGhQgU5t+wx7FGeR1PWKDw9LVgt1z/447bi7TDEylsAmD5B7cDdWUJOHytiSnZwos71hcTo2OKNWApXCYXFCqZOJaR5NEyVHJ3ZFSAVifyKgcBD98Eh/h2YfBUXAzYa9RZmmk5qkfLmf9v8Yp0rqcFfOTR4TzwHJ3JW73VElPc23tLPT
Z9tn8NkcTqaz9PKMnWQw3BlDAzpYTf3VAprg5gxlWoLzHCLwFA5GCh/QQhIPZGR4ixkA8e60t7Q4xLc9ZYeYtnpJRClRE0JZLEVTfX8Te3shqm0gwt5pE/wUSk0CBgRSTr90BjwkFeAyHXNnjxHzTpO9M53B3Q5Nko7g07p3DAnerbmz3A==
eWDqGzba81g3iJnvgv7n3Aqr1rLp9N1iuJL5qMVZPjT7jq7JyZIBwt0sh+VbkAlu5pyekxDnyGsmDqpbKsSqgew0i2GhrYKqSD/unnUe2S0y9auVaQJ1T1Ubn6ql1L3+D74YrNAhyFQPm14D5Zn4kfbh/QUmDyL4DOWnKh8En1aabG8SjcKrU3FVZAlbAel5TZGPqLPP
PUoifcr1jDGWcHzfPo50Lifx+Iph892tpLLA+bnnFOFz/bTzc+fjYhsMKvAcHi5qQYB60teUnJgjqYhxZsTfFIB0b/2dV0CWUllMKVkDann0lau9p6PD20na5aBKbsHzBOSSjTpWXDImr3wGNDT9AOrNSyfXYYsuOw27HUkt5u0qPriTwidUKfa9sbPU
itMUs+w3NrCEFkAxJrJEe4+o1iKfURqigngR3hyFzndXIHDtbJrE6OID/3/ywQkyH4Lk7PJnH4zLchd88UNk4n556mGf3CGWSbiXDaHLze0nNieWQiuhR+ds5EHDnSfAikamj5Hb6tfuR2yUERoFMLQwAqKwEl08JSKJKELg/RXWkfh4wWweSHENA2ue7oxlEqkHP7QBKqk1TbmfXaNXZntAFNIfi9pYzH1k6kJKuBNixqoI43h08RXXiV1VVuUx5f1XEXiVNIImY9ybilEoAe+zig==
5Qun3OcThztw5P83DSKbGmvo9wEkhcui7diHf5p1j9ilZPrQwp+8CB4KDdArh0lNf33e7lYQBh+Qa1Dnlu4y9kpocm1ceNOtYWHa5njTNrIVMsHBAvmzmWkObUNl94eGxfhlEj/yQGAQ7ZAYv3eGr4U1YH1GbWWJpoO6dLwJP4Z/qEe6KiA33k0O8x9BubwlOy3xlX2dl6Szww==
TrQ0wBtJ71vQVVTdc3YgADRIkjIk0thnlJqgvc3rt2AEaeKxBYoQB9FaBdKPdLZwgOa62tjrF3J7fGhIl/H0MVocK8S0XAOdsX9UZkZhUClFO36J4L2H3cuL9wu9AtngNjZ1I/AMPi1WPsiCslfghqhMabB+JaeHewn/fo/VR911dZK9HhZUc+4PQFniha2zyA==
jmhxUND/+yOUJUPVpRvGVCJsHvmadSwTJ243cTyV0RxtCS7OSBzevmJNUL28zY6ZIdu6rs43NPZXX8HXlqxAzcKwBVSd+8oXFwvpmMGpvcnT5PX+mQgXvATS8BsckscpMm1VE3wHTkOBW+bV1t4k96skD+57YMIuM6xtOD/V+SfIp6vLLS8187O2s9U=
RvsvcA0Zd2vrMn7UrVKrD4Vxf+BhBz+2NTyO4go50DEkaT4m6Q9aQjYzJOp/a4GbzsgwsUokpfglPxrL///plNmNjfWbsJWS4YyHIKxmMNfEdjfVOnl1P0RDHh/pL2ZZTnqUS2Pw7wKDZNIyG5gtdGexiVtAMwtnlevlL1tCs9k=
UqlSTttcNkeYYtWJX4ZUYhwTmgh4S9FTWeqBaFiwbno0YnyzVgIVYGZwuS060dSAhXz6AG3tv2N6Xoi9vqmr57CxzqGJraXXubMTnlcA+OpbG/4QUF0YYmY6PMsORkZQZ4hQeen3FZVxxiEJiT17abyFUEo6A2CT7uEsWUOzJg==
gvwlfUbsNVhOywqk+BheLodxf/FjETu2NTyO4go50DEkaT4g6Q9aQjYzJOp/a4GbzsgwsUokpfglPxrL///plNmNjfWbsJWS4YyHIKxmMNfEdjfVOnl1P0RDHh/pL2ZZTnqUS2Pw7wKDZNIyG5gtdGexiVtAMwtnlevlL1tCs9k=
XhJQ1glu5iPC5E2eLXNu4BwTnB5kVtFTWeqBaFiwbno0YnqzVgIVYGZwuS060dSAhXz6AG3tv2N6Xoi9vqmr57CxzqGJraXXubMTnlcA+OpbG/4QUF0YYmY6PMsORkZQZ4hQeen3FZVxxiEJiT17abyFUEo6A2CT7uEsWUOzJg==
pomxfcS+YaVgAFK+d6RuBxwTnQh2U9FTWeqBaFiwbno0YnmzVgIVYGZwuS060dSAhXz6AG3tv2N6Xoi9vqmr57CxzqGJraXXubMTnlcA+OpbG/4QUF0YYmY6PMsORkZQZ4hQeen3FZVxxiEJiT17abyFUEo6A2CT7uEsWUOzJg==
TOGHrkv7H5zNu64d1TDqp+r3UKzBuOXljXOVj66A5lAF386/yeZ2PWW51g5kJEyhF+QuWtrR0CkUIV5ffqaamsY7BNIvAwEDfgDQSVoM5aBVt7pzLxfpjOnF7Y0LGFVKEYSnGPwOsE90vtctKlE1ZzTLvqc5x2ZBfjL0M/NYL9pzbPIKS/Ct7Nd5aaNQG0s/5WNFl4uqs8E=
JLfNH3jtaA43F+0Ub1KglEVMJGVoFc0iEsBySqKmooFTYTUbZwMXW5VmKCszx9sBAK4c9DlUaRH6K/bqrOg5edg9Pt8eVGf0aKQnvdVnaHZKaVQpQTNymdyl4/3vcys78UqdIPL+OVOstNrN8qa0Ej7fZAYsxOUggr0D5x+xI45DnQOcsb1ejUJucFMKF3xJ7o2ps8w=
yvKjzMr3KfhQYQOGRvp15EVMJGVoFc0iEsBySqKmooFTYTUbZwMXW5VmKCszx9sBAK4c9DlUaRH6K/bqrOg5edg9Pt8eVGf0aKQnvdVnaHZKaVQpQTNymdyl4/3vcys78UqdIPL+OVOstNrN8qa0Ej7fZAYsxOUggr0D5x+xI45DnQOZtb1UjEJhcFMKF3xJ7o2ps8w=
BfbZPBYx/QMIhMRgS1kjrtIGpKZDWOgDVjE7XGM547vbQSj1PkilT4+FWiri9uYMYxEyI90ovseKiYwXqp+CvuDjcuEqVCVohY/aGx8P6YT5vc2l+8AVAkE8R/BMljDH5EZ3hVoJ9a/k897PCd9mSW5K1BsDgG+SI9QS4vtoLGFHi8gLL0OL9zVbJf+7srPJ
